#-----------------------------------------------------------
# Vivado v2019.2 (64-bit)
# SW Build 2708876 on Wed Nov  6 21:40:23 MST 2019
# IP Build 2700528 on Thu Nov  7 00:09:20 MST 2019
# Start of session at: Thu Mar 19 01:04:37 2020
# Process ID: 14120
# Current directory: C:/Users/Pedro/Documents/UA/CR/Labs/Lab3/CountDownTimerDemo
# Command line: vivado.exe -gui_launcher_event rodinguilauncherevent7872 C:\Users\Pedro\Documents\UA\CR\Labs\Lab3\CountDownTimerDemo\CountDownTimerDemo.xpr
# Log file: C:/Users/Pedro/Documents/UA/CR/Labs/Lab3/CountDownTimerDemo/vivado.log
# Journal file: C:/Users/Pedro/Documents/UA/CR/Labs/Lab3/CountDownTimerDemo\vivado.jou
#-----------------------------------------------------------
start_gui
open_project C:/Users/Pedro/Documents/UA/CR/Labs/Lab3/CountDownTimerDemo/CountDownTimerDemo.xpr
Scanning sources...
Finished scanning sources
INFO: [IP_Flow 19-234] Refreshing IP repositories
INFO: [IP_Flow 19-1704] No user IP repositories specified
INFO: [IP_Flow 19-2313] Loaded Vivado IP repository 'C:/Xilinx/Vivado/2019.2/data/ip'.
open_project: Time (s): cpu = 00:00:16 ; elapsed = 00:00:08 . Memory (MB): peak = 724.539 ; gain = 104.984
update_compile_order -fileset sources_1
synth_design -rtl -name rtl_1
Command: synth_design -rtl -name rtl_1
Starting synth_design
Using part: xc7a100tcsg324-1
Top: CountDownTimer
INFO: [Device 21-403] Loading part xc7a100tcsg324-1
---------------------------------------------------------------------------------
Starting RTL Elaboration : Time (s): cpu = 00:00:06 ; elapsed = 00:00:06 . Memory (MB): peak = 1229.949 ; gain = 211.172
---------------------------------------------------------------------------------
ERROR: [Synth 8-1031] pulsedisplay is not declared [C:/Users/Pedro/Documents/UA/CR/Labs/Lab3/CountDownTimerDemo/CountDownTimerDemo.srcs/sources_1/new/PulseGenerator.vhd:56]
INFO: [Synth 8-2810] unit behavioral ignored due to previous errors [C:/Users/Pedro/Documents/UA/CR/Labs/Lab3/CountDownTimerDemo/CountDownTimerDemo.srcs/sources_1/new/PulseGenerator.vhd:44]
---------------------------------------------------------------------------------
Finished RTL Elaboration : Time (s): cpu = 00:00:08 ; elapsed = 00:00:08 . Memory (MB): peak = 1274.480 ; gain = 255.703
---------------------------------------------------------------------------------
RTL Elaboration failed
2 Infos, 0 Warnings, 0 Critical Warnings and 2 Errors encountered.
synth_design failed
ERROR: [Vivado_Tcl 4-5] Elaboration failed - please see the console for details
