12:23:45 INFO  : Launching XSCT server: xsct.bat -n  -interactive C:\Users\Pedro\Dropbox\UA\CR\Labs\Lab5\CountDownTimerCustomHwPartIVWorkspace\temp_xsdb_launch_script.tcl
12:23:48 INFO  : XSCT server has started successfully.
12:23:48 INFO  : Successfully done setting XSCT server connection channel  
12:23:48 INFO  : plnx-install-location is set to ''
12:23:48 INFO  : Successfully done setting workspace for the tool. 
12:23:48 INFO  : Successfully done query RDI_DATADIR 
12:23:49 INFO  : Registering command handlers for Vitis TCF services
12:25:21 INFO  : Checking for BSP changes to sync application flags for project 'CountDownTimerCustomHwPartIVApp'...
12:25:34 INFO  : Connected to target on host '127.0.0.1' and port '3121'.
12:25:34 INFO  : Jtag cable 'Digilent Nexys4 210274664038A' is selected.
12:25:34 INFO  : 'jtag frequency' command is executed.
12:25:34 INFO  : 'targets -set -filter {jtag_cable_name =~ "Digilent Nexys4 210274664038A" && level==0} -index 0' command is executed.
12:25:37 INFO  : FPGA configured successfully with bitstream "C:/Users/Pedro/Dropbox/UA/CR/Labs/Lab5/CountDownTimerCustomHwPartIVWorkspace/CountDownTimerCustomHwPartIVApp/_ide/bitstream/CountDownTimerCustomHwPartIV.bit"
12:25:37 INFO  : 'configparams mdm-detect-bscan-mask 2' command is executed.
12:25:37 INFO  : Context for processor 'microblaze_0' is selected.
12:25:37 INFO  : System reset is completed.
12:25:40 INFO  : 'after 3000' command is executed.
12:25:40 INFO  : Context for processor 'microblaze_0' is selected.
12:25:40 INFO  : The application 'C:/Users/Pedro/Dropbox/UA/CR/Labs/Lab5/CountDownTimerCustomHwPartIVWorkspace/CountDownTimerCustomHwPartIVApp/Debug/CountDownTimerCustomHwPartIVApp.elf' is downloaded to processor 'microblaze_0'.
12:25:40 INFO  : ----------------XSDB Script----------------
connect -url tcp:127.0.0.1:3121
targets -set -filter {jtag_cable_name =~ "Digilent Nexys4 210274664038A" && level==0} -index 0
fpga -file C:/Users/Pedro/Dropbox/UA/CR/Labs/Lab5/CountDownTimerCustomHwPartIVWorkspace/CountDownTimerCustomHwPartIVApp/_ide/bitstream/CountDownTimerCustomHwPartIV.bit
configparams mdm-detect-bscan-mask 2
targets -set -nocase -filter {name =~ "*microblaze*#0" && bscan=="USER2" }
rst -system
after 3000
targets -set -nocase -filter {name =~ "*microblaze*#0" && bscan=="USER2" }
dow C:/Users/Pedro/Dropbox/UA/CR/Labs/Lab5/CountDownTimerCustomHwPartIVWorkspace/CountDownTimerCustomHwPartIVApp/Debug/CountDownTimerCustomHwPartIVApp.elf
----------------End of Script----------------

12:25:40 INFO  : Memory regions updated for context MicroBlaze #0
12:25:40 INFO  : Memory regions updated for context MicroBlaze #0
12:25:40 INFO  : Context for processor 'microblaze_0' is selected.
12:25:40 INFO  : 'con' command is executed.
12:25:40 INFO  : ----------------XSDB Script (After Launch)----------------
targets -set -nocase -filter {name =~ "*microblaze*#0" && bscan=="USER2" }
con
----------------End of Script----------------

12:25:40 INFO  : Launch script is exported to file 'C:\Users\Pedro\Dropbox\UA\CR\Labs\Lab5\CountDownTimerCustomHwPartIVWorkspace\.sdk\launch_scripts\single_application_debug\debugger_countdowntimercustomhwpartivapp-default.tcl'
12:25:51 INFO  : Checking for BSP changes to sync application flags for project 'CountDownTimerCustomHwPartIVApp'...
12:26:33 INFO  : Checking for BSP changes to sync application flags for project 'CountDownTimerCustomHwPartIVApp'...
12:26:38 INFO  : Disconnected from the channel tcfchan#2.
12:26:39 INFO  : Connected to target on host '127.0.0.1' and port '3121'.
12:26:39 INFO  : Jtag cable 'Digilent Nexys4 210274664038A' is selected.
12:26:39 INFO  : 'jtag frequency' command is executed.
12:26:39 INFO  : 'targets -set -filter {jtag_cable_name =~ "Digilent Nexys4 210274664038A" && level==0} -index 0' command is executed.
12:26:41 INFO  : FPGA configured successfully with bitstream "C:/Users/Pedro/Dropbox/UA/CR/Labs/Lab5/CountDownTimerCustomHwPartIVWorkspace/CountDownTimerCustomHwPartIVApp/_ide/bitstream/CountDownTimerCustomHwPartIV.bit"
12:26:41 INFO  : 'configparams mdm-detect-bscan-mask 2' command is executed.
12:26:41 INFO  : Context for processor 'microblaze_0' is selected.
12:26:41 INFO  : System reset is completed.
12:26:44 INFO  : 'after 3000' command is executed.
12:26:44 INFO  : Context for processor 'microblaze_0' is selected.
12:26:45 INFO  : The application 'C:/Users/Pedro/Dropbox/UA/CR/Labs/Lab5/CountDownTimerCustomHwPartIVWorkspace/CountDownTimerCustomHwPartIVApp/Debug/CountDownTimerCustomHwPartIVApp.elf' is downloaded to processor 'microblaze_0'.
12:26:45 INFO  : ----------------XSDB Script----------------
connect -url tcp:127.0.0.1:3121
targets -set -filter {jtag_cable_name =~ "Digilent Nexys4 210274664038A" && level==0} -index 0
fpga -file C:/Users/Pedro/Dropbox/UA/CR/Labs/Lab5/CountDownTimerCustomHwPartIVWorkspace/CountDownTimerCustomHwPartIVApp/_ide/bitstream/CountDownTimerCustomHwPartIV.bit
configparams mdm-detect-bscan-mask 2
targets -set -nocase -filter {name =~ "*microblaze*#0" && bscan=="USER2" }
rst -system
after 3000
targets -set -nocase -filter {name =~ "*microblaze*#0" && bscan=="USER2" }
dow C:/Users/Pedro/Dropbox/UA/CR/Labs/Lab5/CountDownTimerCustomHwPartIVWorkspace/CountDownTimerCustomHwPartIVApp/Debug/CountDownTimerCustomHwPartIVApp.elf
----------------End of Script----------------

12:26:45 INFO  : Memory regions updated for context MicroBlaze #0
12:26:45 INFO  : Memory regions updated for context MicroBlaze #0
12:26:45 INFO  : Context for processor 'microblaze_0' is selected.
12:26:45 INFO  : 'con' command is executed.
12:26:45 INFO  : ----------------XSDB Script (After Launch)----------------
targets -set -nocase -filter {name =~ "*microblaze*#0" && bscan=="USER2" }
con
----------------End of Script----------------

12:26:45 INFO  : Launch script is exported to file 'C:\Users\Pedro\Dropbox\UA\CR\Labs\Lab5\CountDownTimerCustomHwPartIVWorkspace\.sdk\launch_scripts\single_application_debug\debugger_countdowntimercustomhwpartivapp-default.tcl'
12:33:49 INFO  : Hardware specification for platform project 'CountDownTimerCustomHwPartIV' is updated.
12:34:03 INFO  : Checking for BSP changes to sync application flags for project 'CountDownTimerCustomHwPartIVApp'...
12:34:08 INFO  : Disconnected from the channel tcfchan#3.
12:34:09 INFO  : The hardware specfication used by project 'CountDownTimerCustomHwPartIVApp' is out of sync with the platform. Resource files extracted from the hardware specfiication will be updated.
12:34:09 INFO  : The file 'C:\Users\Pedro\Dropbox\UA\CR\Labs\Lab5\CountDownTimerCustomHwPartIVWorkspace\CountDownTimerCustomHwPartIVApp\_ide\bitstream\CountDownTimerCustomHwPartIV.bit' stored in project is removed.
12:34:09 INFO  : The file 'C:\Users\Pedro\Dropbox\UA\CR\Labs\Lab5\CountDownTimerCustomHwPartIVWorkspace\CountDownTimerCustomHwPartIVApp\_ide\bitstream\CountDownTimerCustomHwPartIV.mmi' stored in project is removed.
12:34:09 INFO  : The updated bitstream files are copied from platform to folder 'C:\Users\Pedro\Dropbox\UA\CR\Labs\Lab5\CountDownTimerCustomHwPartIVWorkspace\CountDownTimerCustomHwPartIVApp\_ide\bitstream' in project 'CountDownTimerCustomHwPartIVApp'.
12:34:10 INFO  : Connected to target on host '127.0.0.1' and port '3121'.
12:34:10 INFO  : Jtag cable 'Digilent Nexys4 210274664038A' is selected.
12:34:10 INFO  : 'jtag frequency' command is executed.
12:34:10 INFO  : 'targets -set -filter {jtag_cable_name =~ "Digilent Nexys4 210274664038A" && level==0} -index 0' command is executed.
12:34:13 INFO  : FPGA configured successfully with bitstream "C:/Users/Pedro/Dropbox/UA/CR/Labs/Lab5/CountDownTimerCustomHwPartIVWorkspace/CountDownTimerCustomHwPartIVApp/_ide/bitstream/CountDownTimerCustomHwPartIV.bit"
12:34:13 INFO  : 'configparams mdm-detect-bscan-mask 2' command is executed.
12:34:13 INFO  : Context for processor 'microblaze_0' is selected.
12:34:13 INFO  : System reset is completed.
12:34:16 INFO  : 'after 3000' command is executed.
12:34:16 INFO  : Context for processor 'microblaze_0' is selected.
12:34:16 INFO  : The application 'C:/Users/Pedro/Dropbox/UA/CR/Labs/Lab5/CountDownTimerCustomHwPartIVWorkspace/CountDownTimerCustomHwPartIVApp/Debug/CountDownTimerCustomHwPartIVApp.elf' is downloaded to processor 'microblaze_0'.
12:34:16 INFO  : ----------------XSDB Script----------------
connect -url tcp:127.0.0.1:3121
targets -set -filter {jtag_cable_name =~ "Digilent Nexys4 210274664038A" && level==0} -index 0
fpga -file C:/Users/Pedro/Dropbox/UA/CR/Labs/Lab5/CountDownTimerCustomHwPartIVWorkspace/CountDownTimerCustomHwPartIVApp/_ide/bitstream/CountDownTimerCustomHwPartIV.bit
configparams mdm-detect-bscan-mask 2
targets -set -nocase -filter {name =~ "*microblaze*#0" && bscan=="USER2" }
rst -system
after 3000
targets -set -nocase -filter {name =~ "*microblaze*#0" && bscan=="USER2" }
dow C:/Users/Pedro/Dropbox/UA/CR/Labs/Lab5/CountDownTimerCustomHwPartIVWorkspace/CountDownTimerCustomHwPartIVApp/Debug/CountDownTimerCustomHwPartIVApp.elf
----------------End of Script----------------

12:34:16 INFO  : Memory regions updated for context MicroBlaze #0
12:34:16 INFO  : Memory regions updated for context MicroBlaze #0
12:34:16 INFO  : Context for processor 'microblaze_0' is selected.
12:34:16 INFO  : 'con' command is executed.
12:34:16 INFO  : ----------------XSDB Script (After Launch)----------------
targets -set -nocase -filter {name =~ "*microblaze*#0" && bscan=="USER2" }
con
----------------End of Script----------------

12:34:16 INFO  : Launch script is exported to file 'C:\Users\Pedro\Dropbox\UA\CR\Labs\Lab5\CountDownTimerCustomHwPartIVWorkspace\.sdk\launch_scripts\single_application_debug\debugger_countdowntimercustomhwpartivapp-default.tcl'
12:43:56 INFO  : Hardware specification for platform project 'CountDownTimerCustomHwPartIV' is updated.
12:44:09 INFO  : Checking for BSP changes to sync application flags for project 'CountDownTimerCustomHwPartIVApp'...
12:44:13 INFO  : Disconnected from the channel tcfchan#5.
12:44:14 INFO  : The hardware specfication used by project 'CountDownTimerCustomHwPartIVApp' is out of sync with the platform. Resource files extracted from the hardware specfiication will be updated.
12:44:14 INFO  : The file 'C:\Users\Pedro\Dropbox\UA\CR\Labs\Lab5\CountDownTimerCustomHwPartIVWorkspace\CountDownTimerCustomHwPartIVApp\_ide\bitstream\CountDownTimerCustomHwPartIV.bit' stored in project is removed.
12:44:14 INFO  : The file 'C:\Users\Pedro\Dropbox\UA\CR\Labs\Lab5\CountDownTimerCustomHwPartIVWorkspace\CountDownTimerCustomHwPartIVApp\_ide\bitstream\CountDownTimerCustomHwPartIV.mmi' stored in project is removed.
12:44:14 INFO  : The updated bitstream files are copied from platform to folder 'C:\Users\Pedro\Dropbox\UA\CR\Labs\Lab5\CountDownTimerCustomHwPartIVWorkspace\CountDownTimerCustomHwPartIVApp\_ide\bitstream' in project 'CountDownTimerCustomHwPartIVApp'.
12:44:14 INFO  : Connected to target on host '127.0.0.1' and port '3121'.
12:44:15 INFO  : Jtag cable 'Digilent Nexys4 210274664038A' is selected.
12:44:15 INFO  : 'jtag frequency' command is executed.
12:44:15 INFO  : 'targets -set -filter {jtag_cable_name =~ "Digilent Nexys4 210274664038A" && level==0} -index 0' command is executed.
12:44:17 INFO  : FPGA configured successfully with bitstream "C:/Users/Pedro/Dropbox/UA/CR/Labs/Lab5/CountDownTimerCustomHwPartIVWorkspace/CountDownTimerCustomHwPartIVApp/_ide/bitstream/CountDownTimerCustomHwPartIV.bit"
12:44:17 INFO  : 'configparams mdm-detect-bscan-mask 2' command is executed.
12:44:17 INFO  : Context for processor 'microblaze_0' is selected.
12:44:17 INFO  : System reset is completed.
12:44:20 INFO  : 'after 3000' command is executed.
12:44:20 INFO  : Context for processor 'microblaze_0' is selected.
12:44:20 INFO  : The application 'C:/Users/Pedro/Dropbox/UA/CR/Labs/Lab5/CountDownTimerCustomHwPartIVWorkspace/CountDownTimerCustomHwPartIVApp/Debug/CountDownTimerCustomHwPartIVApp.elf' is downloaded to processor 'microblaze_0'.
12:44:20 INFO  : ----------------XSDB Script----------------
connect -url tcp:127.0.0.1:3121
targets -set -filter {jtag_cable_name =~ "Digilent Nexys4 210274664038A" && level==0} -index 0
fpga -file C:/Users/Pedro/Dropbox/UA/CR/Labs/Lab5/CountDownTimerCustomHwPartIVWorkspace/CountDownTimerCustomHwPartIVApp/_ide/bitstream/CountDownTimerCustomHwPartIV.bit
configparams mdm-detect-bscan-mask 2
targets -set -nocase -filter {name =~ "*microblaze*#0" && bscan=="USER2" }
rst -system
after 3000
targets -set -nocase -filter {name =~ "*microblaze*#0" && bscan=="USER2" }
dow C:/Users/Pedro/Dropbox/UA/CR/Labs/Lab5/CountDownTimerCustomHwPartIVWorkspace/CountDownTimerCustomHwPartIVApp/Debug/CountDownTimerCustomHwPartIVApp.elf
----------------End of Script----------------

12:44:20 INFO  : Memory regions updated for context MicroBlaze #0
12:44:20 INFO  : Memory regions updated for context MicroBlaze #0
12:44:20 INFO  : Context for processor 'microblaze_0' is selected.
12:44:20 INFO  : 'con' command is executed.
12:44:20 INFO  : ----------------XSDB Script (After Launch)----------------
targets -set -nocase -filter {name =~ "*microblaze*#0" && bscan=="USER2" }
con
----------------End of Script----------------

12:44:20 INFO  : Launch script is exported to file 'C:\Users\Pedro\Dropbox\UA\CR\Labs\Lab5\CountDownTimerCustomHwPartIVWorkspace\.sdk\launch_scripts\single_application_debug\debugger_countdowntimercustomhwpartivapp-default.tcl'
12:45:39 INFO  : Checking for BSP changes to sync application flags for project 'CountDownTimerCustomHwPartIVApp'...
12:45:44 INFO  : Disconnected from the channel tcfchan#7.
12:45:45 INFO  : Connected to target on host '127.0.0.1' and port '3121'.
12:45:45 INFO  : Jtag cable 'Digilent Nexys4 210274664038A' is selected.
12:45:45 INFO  : 'jtag frequency' command is executed.
12:45:45 INFO  : 'targets -set -filter {jtag_cable_name =~ "Digilent Nexys4 210274664038A" && level==0} -index 0' command is executed.
12:45:47 INFO  : FPGA configured successfully with bitstream "C:/Users/Pedro/Dropbox/UA/CR/Labs/Lab5/CountDownTimerCustomHwPartIVWorkspace/CountDownTimerCustomHwPartIVApp/_ide/bitstream/CountDownTimerCustomHwPartIV.bit"
12:45:47 INFO  : 'configparams mdm-detect-bscan-mask 2' command is executed.
12:45:47 INFO  : Context for processor 'microblaze_0' is selected.
12:45:47 INFO  : System reset is completed.
12:45:50 INFO  : 'after 3000' command is executed.
12:45:50 INFO  : Context for processor 'microblaze_0' is selected.
12:45:50 INFO  : The application 'C:/Users/Pedro/Dropbox/UA/CR/Labs/Lab5/CountDownTimerCustomHwPartIVWorkspace/CountDownTimerCustomHwPartIVApp/Debug/CountDownTimerCustomHwPartIVApp.elf' is downloaded to processor 'microblaze_0'.
12:45:50 INFO  : ----------------XSDB Script----------------
connect -url tcp:127.0.0.1:3121
targets -set -filter {jtag_cable_name =~ "Digilent Nexys4 210274664038A" && level==0} -index 0
fpga -file C:/Users/Pedro/Dropbox/UA/CR/Labs/Lab5/CountDownTimerCustomHwPartIVWorkspace/CountDownTimerCustomHwPartIVApp/_ide/bitstream/CountDownTimerCustomHwPartIV.bit
configparams mdm-detect-bscan-mask 2
targets -set -nocase -filter {name =~ "*microblaze*#0" && bscan=="USER2" }
rst -system
after 3000
targets -set -nocase -filter {name =~ "*microblaze*#0" && bscan=="USER2" }
dow C:/Users/Pedro/Dropbox/UA/CR/Labs/Lab5/CountDownTimerCustomHwPartIVWorkspace/CountDownTimerCustomHwPartIVApp/Debug/CountDownTimerCustomHwPartIVApp.elf
----------------End of Script----------------

12:45:51 INFO  : Memory regions updated for context MicroBlaze #0
12:45:51 INFO  : Memory regions updated for context MicroBlaze #0
12:45:51 INFO  : Context for processor 'microblaze_0' is selected.
12:45:51 INFO  : 'con' command is executed.
12:45:51 INFO  : ----------------XSDB Script (After Launch)----------------
targets -set -nocase -filter {name =~ "*microblaze*#0" && bscan=="USER2" }
con
----------------End of Script----------------

12:45:51 INFO  : Launch script is exported to file 'C:\Users\Pedro\Dropbox\UA\CR\Labs\Lab5\CountDownTimerCustomHwPartIVWorkspace\.sdk\launch_scripts\single_application_debug\debugger_countdowntimercustomhwpartivapp-default.tcl'
12:56:55 INFO  : Checking for BSP changes to sync application flags for project 'CountDownTimerCustomHwPartIVApp'...
12:57:00 INFO  : Disconnected from the channel tcfchan#8.
12:57:01 INFO  : Connected to target on host '127.0.0.1' and port '3121'.
12:57:01 INFO  : Jtag cable 'Digilent Nexys4 210274664038A' is selected.
12:57:01 INFO  : 'jtag frequency' command is executed.
12:57:01 INFO  : 'targets -set -filter {jtag_cable_name =~ "Digilent Nexys4 210274664038A" && level==0} -index 0' command is executed.
12:57:03 INFO  : FPGA configured successfully with bitstream "C:/Users/Pedro/Dropbox/UA/CR/Labs/Lab5/CountDownTimerCustomHwPartIVWorkspace/CountDownTimerCustomHwPartIVApp/_ide/bitstream/CountDownTimerCustomHwPartIV.bit"
12:57:03 INFO  : 'configparams mdm-detect-bscan-mask 2' command is executed.
12:57:03 INFO  : Context for processor 'microblaze_0' is selected.
12:57:03 INFO  : System reset is completed.
12:57:06 INFO  : 'after 3000' command is executed.
12:57:06 INFO  : Context for processor 'microblaze_0' is selected.
12:57:06 INFO  : The application 'C:/Users/Pedro/Dropbox/UA/CR/Labs/Lab5/CountDownTimerCustomHwPartIVWorkspace/CountDownTimerCustomHwPartIVApp/Debug/CountDownTimerCustomHwPartIVApp.elf' is downloaded to processor 'microblaze_0'.
12:57:06 INFO  : ----------------XSDB Script----------------
connect -url tcp:127.0.0.1:3121
targets -set -filter {jtag_cable_name =~ "Digilent Nexys4 210274664038A" && level==0} -index 0
fpga -file C:/Users/Pedro/Dropbox/UA/CR/Labs/Lab5/CountDownTimerCustomHwPartIVWorkspace/CountDownTimerCustomHwPartIVApp/_ide/bitstream/CountDownTimerCustomHwPartIV.bit
configparams mdm-detect-bscan-mask 2
targets -set -nocase -filter {name =~ "*microblaze*#0" && bscan=="USER2" }
rst -system
after 3000
targets -set -nocase -filter {name =~ "*microblaze*#0" && bscan=="USER2" }
dow C:/Users/Pedro/Dropbox/UA/CR/Labs/Lab5/CountDownTimerCustomHwPartIVWorkspace/CountDownTimerCustomHwPartIVApp/Debug/CountDownTimerCustomHwPartIVApp.elf
----------------End of Script----------------

12:57:06 INFO  : Memory regions updated for context MicroBlaze #0
12:57:06 INFO  : Memory regions updated for context MicroBlaze #0
12:57:07 INFO  : Context for processor 'microblaze_0' is selected.
12:57:07 INFO  : 'con' command is executed.
12:57:07 INFO  : ----------------XSDB Script (After Launch)----------------
targets -set -nocase -filter {name =~ "*microblaze*#0" && bscan=="USER2" }
con
----------------End of Script----------------

12:57:07 INFO  : Launch script is exported to file 'C:\Users\Pedro\Dropbox\UA\CR\Labs\Lab5\CountDownTimerCustomHwPartIVWorkspace\.sdk\launch_scripts\single_application_debug\debugger_countdowntimercustomhwpartivapp-default.tcl'
12:57:25 INFO  : Disconnected from the channel tcfchan#9.
12:57:26 INFO  : Connected to target on host '127.0.0.1' and port '3121'.
12:57:26 INFO  : Jtag cable 'Digilent Nexys4 210274664038A' is selected.
12:57:26 INFO  : 'jtag frequency' command is executed.
12:57:27 INFO  : 'targets -set -filter {jtag_cable_name =~ "Digilent Nexys4 210274664038A" && level==0} -index 0' command is executed.
12:57:29 INFO  : FPGA configured successfully with bitstream "C:/Users/Pedro/Dropbox/UA/CR/Labs/Lab5/CountDownTimerCustomHwPartIVWorkspace/CountDownTimerCustomHwPartIVApp/_ide/bitstream/CountDownTimerCustomHwPartIV.bit"
12:57:29 INFO  : 'configparams mdm-detect-bscan-mask 2' command is executed.
12:57:29 INFO  : Context for processor 'microblaze_0' is selected.
12:57:29 INFO  : System reset is completed.
12:57:32 INFO  : 'after 3000' command is executed.
12:57:32 INFO  : Context for processor 'microblaze_0' is selected.
12:57:32 INFO  : The application 'C:/Users/Pedro/Dropbox/UA/CR/Labs/Lab5/CountDownTimerCustomHwPartIVWorkspace/CountDownTimerCustomHwPartIVApp/Debug/CountDownTimerCustomHwPartIVApp.elf' is downloaded to processor 'microblaze_0'.
12:57:32 INFO  : ----------------XSDB Script----------------
connect -url tcp:127.0.0.1:3121
targets -set -filter {jtag_cable_name =~ "Digilent Nexys4 210274664038A" && level==0} -index 0
fpga -file C:/Users/Pedro/Dropbox/UA/CR/Labs/Lab5/CountDownTimerCustomHwPartIVWorkspace/CountDownTimerCustomHwPartIVApp/_ide/bitstream/CountDownTimerCustomHwPartIV.bit
configparams mdm-detect-bscan-mask 2
targets -set -nocase -filter {name =~ "*microblaze*#0" && bscan=="USER2" }
rst -system
after 3000
targets -set -nocase -filter {name =~ "*microblaze*#0" && bscan=="USER2" }
dow C:/Users/Pedro/Dropbox/UA/CR/Labs/Lab5/CountDownTimerCustomHwPartIVWorkspace/CountDownTimerCustomHwPartIVApp/Debug/CountDownTimerCustomHwPartIVApp.elf
----------------End of Script----------------

12:57:32 INFO  : Memory regions updated for context MicroBlaze #0
12:57:32 INFO  : Memory regions updated for context MicroBlaze #0
12:57:32 INFO  : Context for processor 'microblaze_0' is selected.
12:57:32 INFO  : 'con' command is executed.
12:57:32 INFO  : ----------------XSDB Script (After Launch)----------------
targets -set -nocase -filter {name =~ "*microblaze*#0" && bscan=="USER2" }
con
----------------End of Script----------------

12:57:32 INFO  : Launch script is exported to file 'C:\Users\Pedro\Dropbox\UA\CR\Labs\Lab5\CountDownTimerCustomHwPartIVWorkspace\.sdk\launch_scripts\single_application_debug\debugger_countdowntimercustomhwpartivapp-default.tcl'
18:51:22 INFO  : Launching XSCT server: xsct.bat -n  -interactive C:\Users\Pedro\Dropbox\UA\CR\Labs\Lab5\CountDownTimerCustomHwPartIVWorkspace\temp_xsdb_launch_script.tcl
18:51:31 INFO  : XSCT server has started successfully.
18:51:31 INFO  : Registering command handlers for Vitis TCF services
18:51:38 INFO  : plnx-install-location is set to ''
18:51:38 INFO  : Successfully done setting XSCT server connection channel  
18:51:38 INFO  : Successfully done query RDI_DATADIR 
18:51:39 INFO  : Successfully done setting workspace for the tool. 
