12:42:02 INFO  : Launching XSCT server: xsct.bat -n  -interactive C:\Users\Pedro\Dropbox\UA\CR\Labs\Lab5\CountDownTimerCustomHwPartIVWorkspace\temp_xsdb_launch_script.tcl
12:42:06 INFO  : XSCT server has started successfully.
12:42:06 INFO  : Successfully done setting XSCT server connection channel  
12:42:06 INFO  : plnx-install-location is set to ''
12:42:06 INFO  : Successfully done query RDI_DATADIR 
12:42:06 INFO  : Successfully done setting workspace for the tool. 
12:42:07 INFO  : Registering command handlers for Vitis TCF services
12:44:08 INFO  : Checking for BSP changes to sync application flags for project 'CountDownTimerCustomHwPartIVApp'...
12:44:16 INFO  : Checking for BSP changes to sync application flags for project 'CountDownTimerCustomHwPartIVApp'...
12:44:48 INFO  : Connected to target on host '127.0.0.1' and port '3121'.
12:44:49 INFO  : Jtag cable 'Digilent Nexys4 210274664038A' is selected.
12:44:49 INFO  : 'jtag frequency' command is executed.
12:44:49 INFO  : 'targets -set -filter {jtag_cable_name =~ "Digilent Nexys4 210274664038A" && level==0} -index 0' command is executed.
12:44:52 INFO  : FPGA configured successfully with bitstream "C:/Users/Pedro/Dropbox/UA/CR/Labs/Lab5/CountDownTimerCustomHwPartIVWorkspace/CountDownTimerCustomHwPartIVApp/_ide/bitstream/CountDownTimerCustomHwPartIV.bit"
12:44:52 INFO  : 'configparams mdm-detect-bscan-mask 2' command is executed.
12:44:52 INFO  : Context for processor 'microblaze_0' is selected.
12:44:52 INFO  : System reset is completed.
12:44:55 INFO  : 'after 3000' command is executed.
12:44:55 INFO  : Context for processor 'microblaze_0' is selected.
12:44:55 INFO  : The application 'C:/Users/Pedro/Dropbox/UA/CR/Labs/Lab5/CountDownTimerCustomHwPartIVWorkspace/CountDownTimerCustomHwPartIVApp/Debug/CountDownTimerCustomHwPartIVApp.elf' is downloaded to processor 'microblaze_0'.
12:44:55 INFO  : ----------------XSDB Script----------------
connect -url tcp:127.0.0.1:3121
targets -set -filter {jtag_cable_name =~ "Digilent Nexys4 210274664038A" && level==0} -index 0
fpga -file C:/Users/Pedro/Dropbox/UA/CR/Labs/Lab5/CountDownTimerCustomHwPartIVWorkspace/CountDownTimerCustomHwPartIVApp/_ide/bitstream/CountDownTimerCustomHwPartIV.bit
configparams mdm-detect-bscan-mask 2
targets -set -nocase -filter {name =~ "*microblaze*#0" && bscan=="USER2" }
rst -system
after 3000
targets -set -nocase -filter {name =~ "*microblaze*#0" && bscan=="USER2" }
dow C:/Users/Pedro/Dropbox/UA/CR/Labs/Lab5/CountDownTimerCustomHwPartIVWorkspace/CountDownTimerCustomHwPartIVApp/Debug/CountDownTimerCustomHwPartIVApp.elf
----------------End of Script----------------

12:44:55 INFO  : Memory regions updated for context MicroBlaze #0
12:44:55 INFO  : Memory regions updated for context MicroBlaze #0
12:44:55 INFO  : Context for processor 'microblaze_0' is selected.
12:44:55 INFO  : 'con' command is executed.
12:44:55 INFO  : ----------------XSDB Script (After Launch)----------------
targets -set -nocase -filter {name =~ "*microblaze*#0" && bscan=="USER2" }
con
----------------End of Script----------------

12:44:55 INFO  : Launch script is exported to file 'C:\Users\Pedro\Dropbox\UA\CR\Labs\Lab5\CountDownTimerCustomHwPartIVWorkspace\.sdk\launch_scripts\single_application_debug\debugger_countdowntimercustomhwpartivapp-default.tcl'
