
*** Running vivado
    with args -log CountDownTimer.vds -m64 -product Vivado -mode batch -messageDb vivado.pb -notrace -source CountDownTimer.tcl


****** Vivado v2019.2 (64-bit)
  **** SW Build 2708876 on Wed Nov  6 21:40:23 MST 2019
  **** IP Build 2700528 on Thu Nov  7 00:09:20 MST 2019
    ** Copyright 1986-2019 Xilinx, Inc. All Rights Reserved.

source CountDownTimer.tcl -notrace
Command: synth_design -top CountDownTimer -part xc7a100tcsg324-1
Starting synth_design
Attempting to get a license for feature 'Synthesis' and/or device 'xc7a100t'
INFO: [Common 17-349] Got license for feature 'Synthesis' and/or device 'xc7a100t'
INFO: [Device 21-403] Loading part xc7a100tcsg324-1
INFO: Launching helper process for spawning children vivado processes
INFO: Helper process launched with PID 19936 
---------------------------------------------------------------------------------
Starting RTL Elaboration : Time (s): cpu = 00:00:05 ; elapsed = 00:00:05 . Memory (MB): peak = 813.988 ; gain = 234.105
---------------------------------------------------------------------------------
INFO: [Synth 8-638] synthesizing module 'CountDownTimer' [C:/Users/Pedro/Dropbox/UA/CR/Labs/Lab3/CountDownTimerDemo/CountDownTimerDemo.srcs/sources_1/imports/CountDownTimer/CountDownTimer.vhd:17]
INFO: [Synth 8-638] synthesizing module 'ResetModule' [C:/Users/Pedro/Dropbox/UA/CR/Labs/Lab3/CountDownTimerDemo/CountDownTimerDemo.srcs/sources_1/new/ResetModule.vhd:32]
	Parameter N bound to: 5 - type: integer 
INFO: [Synth 8-256] done synthesizing module 'ResetModule' (1#1) [C:/Users/Pedro/Dropbox/UA/CR/Labs/Lab3/CountDownTimerDemo/CountDownTimerDemo.srcs/sources_1/new/ResetModule.vhd:32]
INFO: [Synth 8-638] synthesizing module 'PulseGenerator' [C:/Users/Pedro/Dropbox/UA/CR/Labs/Lab3/CountDownTimerDemo/CountDownTimerDemo.srcs/sources_1/new/PulseGenerator.vhd:36]
	Parameter N bound to: 5 - type: integer 
INFO: [Synth 8-256] done synthesizing module 'PulseGenerator' (2#1) [C:/Users/Pedro/Dropbox/UA/CR/Labs/Lab3/CountDownTimerDemo/CountDownTimerDemo.srcs/sources_1/new/PulseGenerator.vhd:36]
INFO: [Synth 8-638] synthesizing module 'DebounceUnit' [C:/Users/Pedro/Dropbox/UA/CR/Labs/Lab3/CountDownTimerDemo/CountDownTimerDemo.srcs/sources_1/new/DebounceUnit.vhd:36]
	Parameter kHzClkFreq bound to: 100000 - type: integer 
	Parameter mSecMinInWidth bound to: 100 - type: integer 
	Parameter inPolarity bound to: 1'b1 
	Parameter outPolarity bound to: 1'b1 
INFO: [Synth 8-256] done synthesizing module 'DebounceUnit' (3#1) [C:/Users/Pedro/Dropbox/UA/CR/Labs/Lab3/CountDownTimerDemo/CountDownTimerDemo.srcs/sources_1/new/DebounceUnit.vhd:36]
INFO: [Synth 8-638] synthesizing module 'ControlUnit' [C:/Users/Pedro/Dropbox/UA/CR/Labs/Lab3/CountDownTimerDemo/CountDownTimerDemo.srcs/sources_1/new/ControlUnit.vhd:46]
INFO: [Synth 8-256] done synthesizing module 'ControlUnit' (4#1) [C:/Users/Pedro/Dropbox/UA/CR/Labs/Lab3/CountDownTimerDemo/CountDownTimerDemo.srcs/sources_1/new/ControlUnit.vhd:46]
INFO: [Synth 8-638] synthesizing module 'CountDatapath' [C:/Users/Pedro/Dropbox/UA/CR/Labs/Lab3/CountDownTimerDemo/CountDownTimerDemo.srcs/sources_1/new/CountDatapath.vhd:46]
INFO: [Synth 8-638] synthesizing module 'CounterDown4' [C:/Users/Pedro/Dropbox/UA/CR/Labs/Lab3/CountDownTimerDemo/CountDownTimerDemo.srcs/sources_1/imports/CountDownTimer/CounterDown4.vhd:17]
	Parameter MAX_VAL bound to: 9 - type: integer 
INFO: [Synth 8-256] done synthesizing module 'CounterDown4' (5#1) [C:/Users/Pedro/Dropbox/UA/CR/Labs/Lab3/CountDownTimerDemo/CountDownTimerDemo.srcs/sources_1/imports/CountDownTimer/CounterDown4.vhd:17]
INFO: [Synth 8-638] synthesizing module 'CounterDown4__parameterized0' [C:/Users/Pedro/Dropbox/UA/CR/Labs/Lab3/CountDownTimerDemo/CountDownTimerDemo.srcs/sources_1/imports/CountDownTimer/CounterDown4.vhd:17]
	Parameter MAX_VAL bound to: 5 - type: integer 
INFO: [Synth 8-256] done synthesizing module 'CounterDown4__parameterized0' (5#1) [C:/Users/Pedro/Dropbox/UA/CR/Labs/Lab3/CountDownTimerDemo/CountDownTimerDemo.srcs/sources_1/imports/CountDownTimer/CounterDown4.vhd:17]
INFO: [Synth 8-256] done synthesizing module 'CountDatapath' (6#1) [C:/Users/Pedro/Dropbox/UA/CR/Labs/Lab3/CountDownTimerDemo/CountDownTimerDemo.srcs/sources_1/new/CountDatapath.vhd:46]
INFO: [Synth 8-638] synthesizing module 'Nexys4DisplayDriver' [C:/Users/Pedro/Dropbox/UA/CR/Labs/Lab3/CountDownTimerDemo/CountDownTimerDemo.srcs/sources_1/new/Nexys4DisplayDriver.vhd:31]
WARNING: [Synth 8-5640] Port 'enable' is missing in component declaration [C:/Users/Pedro/Dropbox/UA/CR/Labs/Lab3/CountDownTimerDemo/CountDownTimerDemo.srcs/sources_1/new/Nexys4DisplayDriver.vhd:33]
INFO: [Synth 8-3491] module 'binaryCounter3Bits' declared at 'C:/Users/Pedro/Dropbox/UA/CR/Labs/Lab3/CountDownTimerDemo/CountDownTimerDemo.srcs/sources_1/new/Nexys4DisplayDriver.vhd:103' bound to instance 'binCounter' of component 'binaryCounter3Bits' [C:/Users/Pedro/Dropbox/UA/CR/Labs/Lab3/CountDownTimerDemo/CountDownTimerDemo.srcs/sources_1/new/Nexys4DisplayDriver.vhd:81]
INFO: [Synth 8-638] synthesizing module 'binaryCounter3Bits_structural' [C:/Users/Pedro/Dropbox/UA/CR/Labs/Lab3/CountDownTimerDemo/CountDownTimerDemo.srcs/sources_1/new/Nexys4DisplayDriver.vhd:128]
INFO: [Synth 8-3491] module 'flipFlopDPET' declared at 'C:/Users/Pedro/Dropbox/UA/CR/Labs/Lab3/CountDownTimerDemo/CountDownTimerDemo.srcs/sources_1/new/Nexys4DisplayDriver.vhd:159' bound to instance 'ff0' of component 'flipFlopDPET' [C:/Users/Pedro/Dropbox/UA/CR/Labs/Lab3/CountDownTimerDemo/CountDownTimerDemo.srcs/sources_1/new/Nexys4DisplayDriver.vhd:141]
INFO: [Synth 8-638] synthesizing module 'flipFlopDPET' [C:/Users/Pedro/Dropbox/UA/CR/Labs/Lab3/CountDownTimerDemo/CountDownTimerDemo.srcs/sources_1/new/Nexys4DisplayDriver.vhd:165]
INFO: [Synth 8-5837] Detected dual asynchronous set and preset for register Q_reg in module flipFlopDPET. This is not a recommended register style for Xilinx devices  [C:/Users/Pedro/Dropbox/UA/CR/Labs/Lab3/CountDownTimerDemo/CountDownTimerDemo.srcs/sources_1/new/Nexys4DisplayDriver.vhd:172]
INFO: [Synth 8-5837] Detected dual asynchronous set and preset for register nQ_reg in module flipFlopDPET. This is not a recommended register style for Xilinx devices  [C:/Users/Pedro/Dropbox/UA/CR/Labs/Lab3/CountDownTimerDemo/CountDownTimerDemo.srcs/sources_1/new/Nexys4DisplayDriver.vhd:173]
INFO: [Synth 8-256] done synthesizing module 'flipFlopDPET' (7#1) [C:/Users/Pedro/Dropbox/UA/CR/Labs/Lab3/CountDownTimerDemo/CountDownTimerDemo.srcs/sources_1/new/Nexys4DisplayDriver.vhd:165]
INFO: [Synth 8-3491] module 'flipFlopDPET' declared at 'C:/Users/Pedro/Dropbox/UA/CR/Labs/Lab3/CountDownTimerDemo/CountDownTimerDemo.srcs/sources_1/new/Nexys4DisplayDriver.vhd:159' bound to instance 'ff1' of component 'flipFlopDPET' [C:/Users/Pedro/Dropbox/UA/CR/Labs/Lab3/CountDownTimerDemo/CountDownTimerDemo.srcs/sources_1/new/Nexys4DisplayDriver.vhd:142]
INFO: [Synth 8-3491] module 'flipFlopDPET' declared at 'C:/Users/Pedro/Dropbox/UA/CR/Labs/Lab3/CountDownTimerDemo/CountDownTimerDemo.srcs/sources_1/new/Nexys4DisplayDriver.vhd:159' bound to instance 'ff2' of component 'flipFlopDPET' [C:/Users/Pedro/Dropbox/UA/CR/Labs/Lab3/CountDownTimerDemo/CountDownTimerDemo.srcs/sources_1/new/Nexys4DisplayDriver.vhd:143]
INFO: [Synth 8-256] done synthesizing module 'binaryCounter3Bits_structural' (8#1) [C:/Users/Pedro/Dropbox/UA/CR/Labs/Lab3/CountDownTimerDemo/CountDownTimerDemo.srcs/sources_1/new/Nexys4DisplayDriver.vhd:128]
INFO: [Synth 8-3491] module 'sevenSegDecoder' declared at 'C:/Users/Pedro/Dropbox/UA/CR/Labs/Lab3/CountDownTimerDemo/CountDownTimerDemo.srcs/sources_1/new/Nexys4DisplayDriver.vhd:195' bound to instance 'sevSegDec' of component 'sevenSegDecoder' [C:/Users/Pedro/Dropbox/UA/CR/Labs/Lab3/CountDownTimerDemo/CountDownTimerDemo.srcs/sources_1/new/Nexys4DisplayDriver.vhd:82]
INFO: [Synth 8-638] synthesizing module 'sevenSegDecoder' [C:/Users/Pedro/Dropbox/UA/CR/Labs/Lab3/CountDownTimerDemo/CountDownTimerDemo.srcs/sources_1/new/Nexys4DisplayDriver.vhd:200]
INFO: [Synth 8-226] default block is never used [C:/Users/Pedro/Dropbox/UA/CR/Labs/Lab3/CountDownTimerDemo/CountDownTimerDemo.srcs/sources_1/new/Nexys4DisplayDriver.vhd:206]
INFO: [Synth 8-256] done synthesizing module 'sevenSegDecoder' (9#1) [C:/Users/Pedro/Dropbox/UA/CR/Labs/Lab3/CountDownTimerDemo/CountDownTimerDemo.srcs/sources_1/new/Nexys4DisplayDriver.vhd:200]
INFO: [Synth 8-3491] module 'decoder3to8' declared at 'C:/Users/Pedro/Dropbox/UA/CR/Labs/Lab3/CountDownTimerDemo/CountDownTimerDemo.srcs/sources_1/new/Nexys4DisplayDriver.vhd:238' bound to instance 'dec3to8' of component 'decoder3to8' [C:/Users/Pedro/Dropbox/UA/CR/Labs/Lab3/CountDownTimerDemo/CountDownTimerDemo.srcs/sources_1/new/Nexys4DisplayDriver.vhd:83]
INFO: [Synth 8-638] synthesizing module 'decoder3to8' [C:/Users/Pedro/Dropbox/UA/CR/Labs/Lab3/CountDownTimerDemo/CountDownTimerDemo.srcs/sources_1/new/Nexys4DisplayDriver.vhd:243]
INFO: [Synth 8-256] done synthesizing module 'decoder3to8' (10#1) [C:/Users/Pedro/Dropbox/UA/CR/Labs/Lab3/CountDownTimerDemo/CountDownTimerDemo.srcs/sources_1/new/Nexys4DisplayDriver.vhd:243]
INFO: [Synth 8-3491] module 'mux8to1' declared at 'C:/Users/Pedro/Dropbox/UA/CR/Labs/Lab3/CountDownTimerDemo/CountDownTimerDemo.srcs/sources_1/new/Nexys4DisplayDriver.vhd:348' bound to instance 'pointMux' of component 'mux8to1' [C:/Users/Pedro/Dropbox/UA/CR/Labs/Lab3/CountDownTimerDemo/CountDownTimerDemo.srcs/sources_1/new/Nexys4DisplayDriver.vhd:84]
INFO: [Synth 8-638] synthesizing module 'mux8to1' [C:/Users/Pedro/Dropbox/UA/CR/Labs/Lab3/CountDownTimerDemo/CountDownTimerDemo.srcs/sources_1/new/Nexys4DisplayDriver.vhd:354]
INFO: [Synth 8-3491] module 'mux4to1' declared at 'C:/Users/Pedro/Dropbox/UA/CR/Labs/Lab3/CountDownTimerDemo/CountDownTimerDemo.srcs/sources_1/new/Nexys4DisplayDriver.vhd:316' bound to instance 'mux0' of component 'mux4to1' [C:/Users/Pedro/Dropbox/UA/CR/Labs/Lab3/CountDownTimerDemo/CountDownTimerDemo.srcs/sources_1/new/Nexys4DisplayDriver.vhd:372]
INFO: [Synth 8-638] synthesizing module 'mux4to1' [C:/Users/Pedro/Dropbox/UA/CR/Labs/Lab3/CountDownTimerDemo/CountDownTimerDemo.srcs/sources_1/new/Nexys4DisplayDriver.vhd:322]
INFO: [Synth 8-3491] module 'mux2to1' declared at 'C:/Users/Pedro/Dropbox/UA/CR/Labs/Lab3/CountDownTimerDemo/CountDownTimerDemo.srcs/sources_1/new/Nexys4DisplayDriver.vhd:294' bound to instance 'mux0' of component 'mux2to1' [C:/Users/Pedro/Dropbox/UA/CR/Labs/Lab3/CountDownTimerDemo/CountDownTimerDemo.srcs/sources_1/new/Nexys4DisplayDriver.vhd:334]
INFO: [Synth 8-638] synthesizing module 'mux2to1' [C:/Users/Pedro/Dropbox/UA/CR/Labs/Lab3/CountDownTimerDemo/CountDownTimerDemo.srcs/sources_1/new/Nexys4DisplayDriver.vhd:300]
INFO: [Synth 8-256] done synthesizing module 'mux2to1' (11#1) [C:/Users/Pedro/Dropbox/UA/CR/Labs/Lab3/CountDownTimerDemo/CountDownTimerDemo.srcs/sources_1/new/Nexys4DisplayDriver.vhd:300]
INFO: [Synth 8-3491] module 'mux2to1' declared at 'C:/Users/Pedro/Dropbox/UA/CR/Labs/Lab3/CountDownTimerDemo/CountDownTimerDemo.srcs/sources_1/new/Nexys4DisplayDriver.vhd:294' bound to instance 'mux1' of component 'mux2to1' [C:/Users/Pedro/Dropbox/UA/CR/Labs/Lab3/CountDownTimerDemo/CountDownTimerDemo.srcs/sources_1/new/Nexys4DisplayDriver.vhd:335]
INFO: [Synth 8-3491] module 'mux2to1' declared at 'C:/Users/Pedro/Dropbox/UA/CR/Labs/Lab3/CountDownTimerDemo/CountDownTimerDemo.srcs/sources_1/new/Nexys4DisplayDriver.vhd:294' bound to instance 'mux2' of component 'mux2to1' [C:/Users/Pedro/Dropbox/UA/CR/Labs/Lab3/CountDownTimerDemo/CountDownTimerDemo.srcs/sources_1/new/Nexys4DisplayDriver.vhd:336]
INFO: [Synth 8-256] done synthesizing module 'mux4to1' (12#1) [C:/Users/Pedro/Dropbox/UA/CR/Labs/Lab3/CountDownTimerDemo/CountDownTimerDemo.srcs/sources_1/new/Nexys4DisplayDriver.vhd:322]
INFO: [Synth 8-3491] module 'mux4to1' declared at 'C:/Users/Pedro/Dropbox/UA/CR/Labs/Lab3/CountDownTimerDemo/CountDownTimerDemo.srcs/sources_1/new/Nexys4DisplayDriver.vhd:316' bound to instance 'mux1' of component 'mux4to1' [C:/Users/Pedro/Dropbox/UA/CR/Labs/Lab3/CountDownTimerDemo/CountDownTimerDemo.srcs/sources_1/new/Nexys4DisplayDriver.vhd:373]
INFO: [Synth 8-3491] module 'mux2to1' declared at 'C:/Users/Pedro/Dropbox/UA/CR/Labs/Lab3/CountDownTimerDemo/CountDownTimerDemo.srcs/sources_1/new/Nexys4DisplayDriver.vhd:294' bound to instance 'mux2' of component 'mux2to1' [C:/Users/Pedro/Dropbox/UA/CR/Labs/Lab3/CountDownTimerDemo/CountDownTimerDemo.srcs/sources_1/new/Nexys4DisplayDriver.vhd:374]
INFO: [Synth 8-256] done synthesizing module 'mux8to1' (13#1) [C:/Users/Pedro/Dropbox/UA/CR/Labs/Lab3/CountDownTimerDemo/CountDownTimerDemo.srcs/sources_1/new/Nexys4DisplayDriver.vhd:354]
INFO: [Synth 8-3491] module 'mux8to1' declared at 'C:/Users/Pedro/Dropbox/UA/CR/Labs/Lab3/CountDownTimerDemo/CountDownTimerDemo.srcs/sources_1/new/Nexys4DisplayDriver.vhd:348' bound to instance 'digitMux' of component 'mux8to1' [C:/Users/Pedro/Dropbox/UA/CR/Labs/Lab3/CountDownTimerDemo/CountDownTimerDemo.srcs/sources_1/new/Nexys4DisplayDriver.vhd:85]
INFO: [Synth 8-3491] module 'mux32to4' declared at 'C:/Users/Pedro/Dropbox/UA/CR/Labs/Lab3/CountDownTimerDemo/CountDownTimerDemo.srcs/sources_1/new/Nexys4DisplayDriver.vhd:386' bound to instance 'muxDigVal' of component 'mux32to4' [C:/Users/Pedro/Dropbox/UA/CR/Labs/Lab3/CountDownTimerDemo/CountDownTimerDemo.srcs/sources_1/new/Nexys4DisplayDriver.vhd:86]
INFO: [Synth 8-638] synthesizing module 'mux32to4' [C:/Users/Pedro/Dropbox/UA/CR/Labs/Lab3/CountDownTimerDemo/CountDownTimerDemo.srcs/sources_1/new/Nexys4DisplayDriver.vhd:392]
INFO: [Synth 8-3491] module 'mux8to1' declared at 'C:/Users/Pedro/Dropbox/UA/CR/Labs/Lab3/CountDownTimerDemo/CountDownTimerDemo.srcs/sources_1/new/Nexys4DisplayDriver.vhd:348' bound to instance 'mux0' of component 'mux8to1' [C:/Users/Pedro/Dropbox/UA/CR/Labs/Lab3/CountDownTimerDemo/CountDownTimerDemo.srcs/sources_1/new/Nexys4DisplayDriver.vhd:402]
INFO: [Synth 8-3491] module 'mux8to1' declared at 'C:/Users/Pedro/Dropbox/UA/CR/Labs/Lab3/CountDownTimerDemo/CountDownTimerDemo.srcs/sources_1/new/Nexys4DisplayDriver.vhd:348' bound to instance 'mux1' of component 'mux8to1' [C:/Users/Pedro/Dropbox/UA/CR/Labs/Lab3/CountDownTimerDemo/CountDownTimerDemo.srcs/sources_1/new/Nexys4DisplayDriver.vhd:403]
INFO: [Synth 8-3491] module 'mux8to1' declared at 'C:/Users/Pedro/Dropbox/UA/CR/Labs/Lab3/CountDownTimerDemo/CountDownTimerDemo.srcs/sources_1/new/Nexys4DisplayDriver.vhd:348' bound to instance 'mux2' of component 'mux8to1' [C:/Users/Pedro/Dropbox/UA/CR/Labs/Lab3/CountDownTimerDemo/CountDownTimerDemo.srcs/sources_1/new/Nexys4DisplayDriver.vhd:404]
INFO: [Synth 8-3491] module 'mux8to1' declared at 'C:/Users/Pedro/Dropbox/UA/CR/Labs/Lab3/CountDownTimerDemo/CountDownTimerDemo.srcs/sources_1/new/Nexys4DisplayDriver.vhd:348' bound to instance 'mux3' of component 'mux8to1' [C:/Users/Pedro/Dropbox/UA/CR/Labs/Lab3/CountDownTimerDemo/CountDownTimerDemo.srcs/sources_1/new/Nexys4DisplayDriver.vhd:405]
INFO: [Synth 8-256] done synthesizing module 'mux32to4' (14#1) [C:/Users/Pedro/Dropbox/UA/CR/Labs/Lab3/CountDownTimerDemo/CountDownTimerDemo.srcs/sources_1/new/Nexys4DisplayDriver.vhd:392]
INFO: [Synth 8-3491] module 'mux14to7' declared at 'C:/Users/Pedro/Dropbox/UA/CR/Labs/Lab3/CountDownTimerDemo/CountDownTimerDemo.srcs/sources_1/new/Nexys4DisplayDriver.vhd:417' bound to instance 'muxDigClean' of component 'mux14to7' [C:/Users/Pedro/Dropbox/UA/CR/Labs/Lab3/CountDownTimerDemo/CountDownTimerDemo.srcs/sources_1/new/Nexys4DisplayDriver.vhd:87]
INFO: [Synth 8-638] synthesizing module 'mux14to7' [C:/Users/Pedro/Dropbox/UA/CR/Labs/Lab3/CountDownTimerDemo/CountDownTimerDemo.srcs/sources_1/new/Nexys4DisplayDriver.vhd:423]
INFO: [Synth 8-3491] module 'mux2to1' declared at 'C:/Users/Pedro/Dropbox/UA/CR/Labs/Lab3/CountDownTimerDemo/CountDownTimerDemo.srcs/sources_1/new/Nexys4DisplayDriver.vhd:294' bound to instance 'mux0' of component 'mux2to1' [C:/Users/Pedro/Dropbox/UA/CR/Labs/Lab3/CountDownTimerDemo/CountDownTimerDemo.srcs/sources_1/new/Nexys4DisplayDriver.vhd:433]
INFO: [Synth 8-3491] module 'mux2to1' declared at 'C:/Users/Pedro/Dropbox/UA/CR/Labs/Lab3/CountDownTimerDemo/CountDownTimerDemo.srcs/sources_1/new/Nexys4DisplayDriver.vhd:294' bound to instance 'mux1' of component 'mux2to1' [C:/Users/Pedro/Dropbox/UA/CR/Labs/Lab3/CountDownTimerDemo/CountDownTimerDemo.srcs/sources_1/new/Nexys4DisplayDriver.vhd:434]
INFO: [Synth 8-3491] module 'mux2to1' declared at 'C:/Users/Pedro/Dropbox/UA/CR/Labs/Lab3/CountDownTimerDemo/CountDownTimerDemo.srcs/sources_1/new/Nexys4DisplayDriver.vhd:294' bound to instance 'mux2' of component 'mux2to1' [C:/Users/Pedro/Dropbox/UA/CR/Labs/Lab3/CountDownTimerDemo/CountDownTimerDemo.srcs/sources_1/new/Nexys4DisplayDriver.vhd:435]
INFO: [Synth 8-3491] module 'mux2to1' declared at 'C:/Users/Pedro/Dropbox/UA/CR/Labs/Lab3/CountDownTimerDemo/CountDownTimerDemo.srcs/sources_1/new/Nexys4DisplayDriver.vhd:294' bound to instance 'mux3' of component 'mux2to1' [C:/Users/Pedro/Dropbox/UA/CR/Labs/Lab3/CountDownTimerDemo/CountDownTimerDemo.srcs/sources_1/new/Nexys4DisplayDriver.vhd:436]
INFO: [Synth 8-3491] module 'mux2to1' declared at 'C:/Users/Pedro/Dropbox/UA/CR/Labs/Lab3/CountDownTimerDemo/CountDownTimerDemo.srcs/sources_1/new/Nexys4DisplayDriver.vhd:294' bound to instance 'mux4' of component 'mux2to1' [C:/Users/Pedro/Dropbox/UA/CR/Labs/Lab3/CountDownTimerDemo/CountDownTimerDemo.srcs/sources_1/new/Nexys4DisplayDriver.vhd:437]
INFO: [Synth 8-3491] module 'mux2to1' declared at 'C:/Users/Pedro/Dropbox/UA/CR/Labs/Lab3/CountDownTimerDemo/CountDownTimerDemo.srcs/sources_1/new/Nexys4DisplayDriver.vhd:294' bound to instance 'mux5' of component 'mux2to1' [C:/Users/Pedro/Dropbox/UA/CR/Labs/Lab3/CountDownTimerDemo/CountDownTimerDemo.srcs/sources_1/new/Nexys4DisplayDriver.vhd:438]
INFO: [Synth 8-3491] module 'mux2to1' declared at 'C:/Users/Pedro/Dropbox/UA/CR/Labs/Lab3/CountDownTimerDemo/CountDownTimerDemo.srcs/sources_1/new/Nexys4DisplayDriver.vhd:294' bound to instance 'mux6' of component 'mux2to1' [C:/Users/Pedro/Dropbox/UA/CR/Labs/Lab3/CountDownTimerDemo/CountDownTimerDemo.srcs/sources_1/new/Nexys4DisplayDriver.vhd:439]
INFO: [Synth 8-256] done synthesizing module 'mux14to7' (15#1) [C:/Users/Pedro/Dropbox/UA/CR/Labs/Lab3/CountDownTimerDemo/CountDownTimerDemo.srcs/sources_1/new/Nexys4DisplayDriver.vhd:423]
INFO: [Synth 8-256] done synthesizing module 'Nexys4DisplayDriver' (16#1) [C:/Users/Pedro/Dropbox/UA/CR/Labs/Lab3/CountDownTimerDemo/CountDownTimerDemo.srcs/sources_1/new/Nexys4DisplayDriver.vhd:31]
INFO: [Synth 8-256] done synthesizing module 'CountDownTimer' (17#1) [C:/Users/Pedro/Dropbox/UA/CR/Labs/Lab3/CountDownTimerDemo/CountDownTimerDemo.srcs/sources_1/imports/CountDownTimer/CountDownTimer.vhd:17]
WARNING: [Synth 8-3331] design binaryCounter3Bits_structural has unconnected port enable
WARNING: [Synth 8-3331] design Nexys4DisplayDriver has unconnected port enable
WARNING: [Synth 8-3331] design ControlUnit has unconnected port zeroFlag
---------------------------------------------------------------------------------
Finished RTL Elaboration : Time (s): cpu = 00:00:07 ; elapsed = 00:00:07 . Memory (MB): peak = 888.008 ; gain = 308.125
---------------------------------------------------------------------------------

Report Check Netlist: 
+------+------------------+-------+---------+-------+------------------+
|      |Item              |Errors |Warnings |Status |Description       |
+------+------------------+-------+---------+-------+------------------+
|1     |multi_driven_nets |      0|        0|Passed |Multi driven nets |
+------+------------------+-------+---------+-------+------------------+
---------------------------------------------------------------------------------
Start Handling Custom Attributes
---------------------------------------------------------------------------------
---------------------------------------------------------------------------------
Finished Handling Custom Attributes : Time (s): cpu = 00:00:07 ; elapsed = 00:00:07 . Memory (MB): peak = 888.008 ; gain = 308.125
---------------------------------------------------------------------------------
---------------------------------------------------------------------------------
Finished RTL Optimization Phase 1 : Time (s): cpu = 00:00:07 ; elapsed = 00:00:07 . Memory (MB): peak = 888.008 ; gain = 308.125
---------------------------------------------------------------------------------
Netlist sorting complete. Time (s): cpu = 00:00:00 ; elapsed = 00:00:00.009 . Memory (MB): peak = 888.008 ; gain = 0.000
INFO: [Project 1-570] Preparing netlist for logic optimization

Processing XDC Constraints
Initializing timing engine
Parsing XDC File [C:/Users/Pedro/Dropbox/UA/CR/Labs/Lab3/CountDownTimerDemo/CountDownTimerDemo.srcs/constrs_1/imports/Resources/Nexys4_Master.xdc]
Finished Parsing XDC File [C:/Users/Pedro/Dropbox/UA/CR/Labs/Lab3/CountDownTimerDemo/CountDownTimerDemo.srcs/constrs_1/imports/Resources/Nexys4_Master.xdc]
INFO: [Project 1-236] Implementation specific constraints were found while reading constraint file [C:/Users/Pedro/Dropbox/UA/CR/Labs/Lab3/CountDownTimerDemo/CountDownTimerDemo.srcs/constrs_1/imports/Resources/Nexys4_Master.xdc]. These constraints will be ignored for synthesis but will be used in implementation. Impacted constraints are listed in the file [.Xil/CountDownTimer_propImpl.xdc].
Resolution: To avoid this warning, move constraints listed in [.Xil/CountDownTimer_propImpl.xdc] to another XDC file and exclude this new file from synthesis with the used_in_synthesis property (File Properties dialog in GUI) and re-run elaboration/synthesis.
Completed Processing XDC Constraints

Netlist sorting complete. Time (s): cpu = 00:00:00 ; elapsed = 00:00:00.001 . Memory (MB): peak = 986.500 ; gain = 0.000
INFO: [Project 1-111] Unisim Transformation Summary:
No Unisim elements were transformed.

Constraint Validation Runtime : Time (s): cpu = 00:00:00 ; elapsed = 00:00:00.007 . Memory (MB): peak = 986.500 ; gain = 0.000
---------------------------------------------------------------------------------
Finished Constraint Validation : Time (s): cpu = 00:00:15 ; elapsed = 00:00:15 . Memory (MB): peak = 986.500 ; gain = 406.617
---------------------------------------------------------------------------------
---------------------------------------------------------------------------------
Start Loading Part and Timing Information
---------------------------------------------------------------------------------
Loading part: xc7a100tcsg324-1
---------------------------------------------------------------------------------
Finished Loading Part and Timing Information : Time (s): cpu = 00:00:15 ; elapsed = 00:00:15 . Memory (MB): peak = 986.500 ; gain = 406.617
---------------------------------------------------------------------------------
---------------------------------------------------------------------------------
Start Applying 'set_property' XDC Constraints
---------------------------------------------------------------------------------
---------------------------------------------------------------------------------
Finished applying 'set_property' XDC Constraints : Time (s): cpu = 00:00:15 ; elapsed = 00:00:15 . Memory (MB): peak = 986.500 ; gain = 406.617
---------------------------------------------------------------------------------
INFO: [Synth 8-802] inferred FSM for state register 's_currentState_reg' in module 'ControlUnit'
INFO: [Synth 8-5544] ROM "s_setFlags" won't be mapped to Block RAM because address size (3) smaller than threshold (5)
---------------------------------------------------------------------------------------------------
                   State |                     New Encoding |                Previous Encoding 
---------------------------------------------------------------------------------------------------
                 stopped |                           000001 |                              000
                 running |                           000010 |                              001
           change_sec_ls |                           000100 |                              010
           change_sec_ms |                           001000 |                              011
           change_min_ls |                           010000 |                              100
           change_min_ms |                           100000 |                              101
---------------------------------------------------------------------------------------------------
INFO: [Synth 8-3354] encoded FSM with state register 's_currentState_reg' using encoding 'one-hot' in module 'ControlUnit'
---------------------------------------------------------------------------------
Finished RTL Optimization Phase 2 : Time (s): cpu = 00:00:16 ; elapsed = 00:00:16 . Memory (MB): peak = 986.500 ; gain = 406.617
---------------------------------------------------------------------------------

Report RTL Partitions: 
+-+--------------+------------+----------+
| |RTL Partition |Replication |Instances |
+-+--------------+------------+----------+
+-+--------------+------------+----------+
---------------------------------------------------------------------------------
Start RTL Component Statistics 
---------------------------------------------------------------------------------
Detailed RTL Component Info : 
+---Adders : 
	   2 Input     24 Bit       Adders := 2     
	   2 Input      4 Bit       Adders := 4     
	   2 Input      3 Bit       Adders := 4     
+---Registers : 
	               24 Bit    Registers := 2     
	                5 Bit    Registers := 1     
	                4 Bit    Registers := 2     
	                3 Bit    Registers := 2     
	                1 Bit    Registers := 19    
+---Muxes : 
	   2 Input     24 Bit        Muxes := 4     
	   2 Input     23 Bit        Muxes := 2     
	   6 Input      6 Bit        Muxes := 1     
	   2 Input      6 Bit        Muxes := 6     
	   2 Input      4 Bit        Muxes := 8     
	   2 Input      3 Bit        Muxes := 8     
	   2 Input      1 Bit        Muxes := 18    
	   6 Input      1 Bit        Muxes := 1     
---------------------------------------------------------------------------------
Finished RTL Component Statistics 
---------------------------------------------------------------------------------
---------------------------------------------------------------------------------
Start RTL Hierarchical Component Statistics 
---------------------------------------------------------------------------------
Hierarchical RTL Component report 
Module CountDownTimer 
Detailed RTL Component Info : 
+---Registers : 
	                1 Bit    Registers := 2     
Module ResetModule 
Detailed RTL Component Info : 
+---Registers : 
	                5 Bit    Registers := 1     
Module PulseGenerator 
Detailed RTL Component Info : 
+---Registers : 
	                1 Bit    Registers := 5     
+---Muxes : 
	   2 Input      1 Bit        Muxes := 2     
Module DebounceUnit 
Detailed RTL Component Info : 
+---Adders : 
	   2 Input     24 Bit       Adders := 1     
+---Registers : 
	               24 Bit    Registers := 1     
	                1 Bit    Registers := 3     
+---Muxes : 
	   2 Input     24 Bit        Muxes := 2     
	   2 Input     23 Bit        Muxes := 1     
	   2 Input      1 Bit        Muxes := 2     
Module ControlUnit 
Detailed RTL Component Info : 
+---Muxes : 
	   6 Input      6 Bit        Muxes := 1     
	   2 Input      6 Bit        Muxes := 6     
	   6 Input      1 Bit        Muxes := 1     
Module CounterDown4 
Detailed RTL Component Info : 
+---Adders : 
	   2 Input      4 Bit       Adders := 2     
+---Registers : 
	                4 Bit    Registers := 1     
+---Muxes : 
	   2 Input      4 Bit        Muxes := 4     
	   2 Input      1 Bit        Muxes := 3     
Module CounterDown4__parameterized0 
Detailed RTL Component Info : 
+---Adders : 
	   2 Input      3 Bit       Adders := 2     
+---Registers : 
	                3 Bit    Registers := 1     
+---Muxes : 
	   2 Input      3 Bit        Muxes := 4     
	   2 Input      1 Bit        Muxes := 3     
Module flipFlopDPET 
Detailed RTL Component Info : 
+---Registers : 
	                1 Bit    Registers := 2     
---------------------------------------------------------------------------------
Finished RTL Hierarchical Component Statistics
---------------------------------------------------------------------------------
---------------------------------------------------------------------------------
Start Part Resource Summary
---------------------------------------------------------------------------------
Part Resources:
DSPs: 240 (col length:80)
BRAMs: 270 (col length: RAMB18 80 RAMB36 40)
---------------------------------------------------------------------------------
Finished Part Resource Summary
---------------------------------------------------------------------------------
---------------------------------------------------------------------------------
Start Cross Boundary and Area Optimization
---------------------------------------------------------------------------------
Warning: Parallel synthesis criteria is not met 
---------------------------------------------------------------------------------
Finished Cross Boundary and Area Optimization : Time (s): cpu = 00:00:20 ; elapsed = 00:00:20 . Memory (MB): peak = 986.500 ; gain = 406.617
---------------------------------------------------------------------------------

Report RTL Partitions: 
+-+--------------+------------+----------+
| |RTL Partition |Replication |Instances |
+-+--------------+------------+----------+
+-+--------------+------------+----------+
---------------------------------------------------------------------------------
Start Applying XDC Timing Constraints
---------------------------------------------------------------------------------
---------------------------------------------------------------------------------
Finished Applying XDC Timing Constraints : Time (s): cpu = 00:00:29 ; elapsed = 00:00:30 . Memory (MB): peak = 986.500 ; gain = 406.617
---------------------------------------------------------------------------------
---------------------------------------------------------------------------------
Start Timing Optimization
---------------------------------------------------------------------------------
---------------------------------------------------------------------------------
Finished Timing Optimization : Time (s): cpu = 00:00:30 ; elapsed = 00:00:30 . Memory (MB): peak = 990.543 ; gain = 410.660
---------------------------------------------------------------------------------

Report RTL Partitions: 
+-+--------------+------------+----------+
| |RTL Partition |Replication |Instances |
+-+--------------+------------+----------+
+-+--------------+------------+----------+
---------------------------------------------------------------------------------
Start Technology Mapping
---------------------------------------------------------------------------------
---------------------------------------------------------------------------------
Finished Technology Mapping : Time (s): cpu = 00:00:30 ; elapsed = 00:00:30 . Memory (MB): peak = 993.621 ; gain = 413.738
---------------------------------------------------------------------------------

Report RTL Partitions: 
+-+--------------+------------+----------+
| |RTL Partition |Replication |Instances |
+-+--------------+------------+----------+
+-+--------------+------------+----------+
---------------------------------------------------------------------------------
Start IO Insertion
---------------------------------------------------------------------------------
---------------------------------------------------------------------------------
Start Flattening Before IO Insertion
---------------------------------------------------------------------------------
---------------------------------------------------------------------------------
Finished Flattening Before IO Insertion
---------------------------------------------------------------------------------
---------------------------------------------------------------------------------
Start Final Netlist Cleanup
---------------------------------------------------------------------------------
INFO: [Synth 8-5365] Flop pulse_generator/blink1Hz_reg is being inverted and renamed to pulse_generator/blink1Hz_reg_inv.
---------------------------------------------------------------------------------
Finished Final Netlist Cleanup
---------------------------------------------------------------------------------
---------------------------------------------------------------------------------
Finished IO Insertion : Time (s): cpu = 00:00:36 ; elapsed = 00:00:36 . Memory (MB): peak = 999.402 ; gain = 419.520
---------------------------------------------------------------------------------
---------------------------------------------------------------------------------
Start Renaming Generated Instances
---------------------------------------------------------------------------------
---------------------------------------------------------------------------------
Finished Renaming Generated Instances : Time (s): cpu = 00:00:36 ; elapsed = 00:00:36 . Memory (MB): peak = 999.402 ; gain = 419.520
---------------------------------------------------------------------------------

Report RTL Partitions: 
+-+--------------+------------+----------+
| |RTL Partition |Replication |Instances |
+-+--------------+------------+----------+
+-+--------------+------------+----------+

Report Check Netlist: 
+------+------------------+-------+---------+-------+------------------+
|      |Item              |Errors |Warnings |Status |Description       |
+------+------------------+-------+---------+-------+------------------+
|1     |multi_driven_nets |      0|        0|Passed |Multi driven nets |
+------+------------------+-------+---------+-------+------------------+
---------------------------------------------------------------------------------
Start Rebuilding User Hierarchy
---------------------------------------------------------------------------------
---------------------------------------------------------------------------------
Finished Rebuilding User Hierarchy : Time (s): cpu = 00:00:36 ; elapsed = 00:00:36 . Memory (MB): peak = 999.402 ; gain = 419.520
---------------------------------------------------------------------------------
---------------------------------------------------------------------------------
Start Renaming Generated Ports
---------------------------------------------------------------------------------
---------------------------------------------------------------------------------
Finished Renaming Generated Ports : Time (s): cpu = 00:00:36 ; elapsed = 00:00:36 . Memory (MB): peak = 999.402 ; gain = 419.520
---------------------------------------------------------------------------------
---------------------------------------------------------------------------------
Start Handling Custom Attributes
---------------------------------------------------------------------------------
---------------------------------------------------------------------------------
Finished Handling Custom Attributes : Time (s): cpu = 00:00:36 ; elapsed = 00:00:36 . Memory (MB): peak = 999.402 ; gain = 419.520
---------------------------------------------------------------------------------
---------------------------------------------------------------------------------
Start Renaming Generated Nets
---------------------------------------------------------------------------------
---------------------------------------------------------------------------------
Finished Renaming Generated Nets : Time (s): cpu = 00:00:36 ; elapsed = 00:00:36 . Memory (MB): peak = 999.402 ; gain = 419.520
---------------------------------------------------------------------------------
---------------------------------------------------------------------------------
Start Writing Synthesis Report
---------------------------------------------------------------------------------

Report BlackBoxes: 
+-+--------------+----------+
| |BlackBox name |Instances |
+-+--------------+----------+
+-+--------------+----------+

Report Cell Usage: 
+------+-------+------+
|      |Cell   |Count |
+------+-------+------+
|1     |BUFG   |     1|
|2     |CARRY4 |    49|
|3     |LUT1   |    73|
|4     |LUT2   |    57|
|5     |LUT3   |    59|
|6     |LUT4   |    23|
|7     |LUT5   |    43|
|8     |LUT6   |    59|
|9     |FDCE   |     5|
|10    |FDRE   |   108|
|11    |FDSE   |     9|
|12    |IBUF   |     6|
|13    |OBUF   |    17|
+------+-------+------+

Report Instance Areas: 
+------+----------------------+-------------------------------+------+
|      |Instance              |Module                         |Cells |
+------+----------------------+-------------------------------+------+
|1     |top                   |                               |   509|
|2     |  control_unit        |ControlUnit                    |    12|
|3     |  count_datapath      |CountDatapath                  |    32|
|4     |    MIN_LS_COUNTER    |CounterDown4__parameterized0   |     7|
|5     |    MIN_MS_COUNTER    |CounterDown4__parameterized0_3 |     7|
|6     |    SEC_LS_COUNTER    |CounterDown4                   |     9|
|7     |    SEC_MS_COUNTER    |CounterDown4_4                 |     9|
|8     |  display_driver      |Nexys4DisplayDriver            |    33|
|9     |    binCounter        |binaryCounter3Bits_structural  |    33|
|10    |      ff0             |flipFlopDPET                   |     3|
|11    |      ff1             |flipFlopDPET_1                 |     8|
|12    |      ff2             |flipFlopDPET_2                 |    22|
|13    |  pulse_generator     |PulseGenerator                 |   249|
|14    |  reset_module        |ResetModule                    |     7|
|15    |  set_but_debouncer   |DebounceUnit                   |    75|
|16    |  start_but_debouncer |DebounceUnit_0                 |    75|
+------+----------------------+-------------------------------+------+
---------------------------------------------------------------------------------
Finished Writing Synthesis Report : Time (s): cpu = 00:00:36 ; elapsed = 00:00:36 . Memory (MB): peak = 999.402 ; gain = 419.520
---------------------------------------------------------------------------------
Synthesis finished with 0 errors, 0 critical warnings and 0 warnings.
Synthesis Optimization Runtime : Time (s): cpu = 00:00:26 ; elapsed = 00:00:34 . Memory (MB): peak = 999.402 ; gain = 321.027
Synthesis Optimization Complete : Time (s): cpu = 00:00:36 ; elapsed = 00:00:37 . Memory (MB): peak = 999.402 ; gain = 419.520
INFO: [Project 1-571] Translating synthesized netlist
Netlist sorting complete. Time (s): cpu = 00:00:00 ; elapsed = 00:00:00.010 . Memory (MB): peak = 999.402 ; gain = 0.000
INFO: [Netlist 29-17] Analyzing 49 Unisim elements for replacement
INFO: [Netlist 29-28] Unisim Transformation completed in 0 CPU seconds
INFO: [Project 1-570] Preparing netlist for logic optimization
INFO: [Opt 31-138] Pushed 0 inverter(s) to 0 load pin(s).
Netlist sorting complete. Time (s): cpu = 00:00:00 ; elapsed = 00:00:00 . Memory (MB): peak = 1005.605 ; gain = 0.000
INFO: [Project 1-111] Unisim Transformation Summary:
No Unisim elements were transformed.

INFO: [Common 17-83] Releasing license: Synthesis
82 Infos, 4 Warnings, 0 Critical Warnings and 0 Errors encountered.
synth_design completed successfully
synth_design: Time (s): cpu = 00:00:42 ; elapsed = 00:00:44 . Memory (MB): peak = 1005.605 ; gain = 704.070
Netlist sorting complete. Time (s): cpu = 00:00:00 ; elapsed = 00:00:00.001 . Memory (MB): peak = 1005.605 ; gain = 0.000
WARNING: [Constraints 18-5210] No constraints selected for write.
Resolution: This message can indicate that there are no constraints for the design, or it can indicate that the used_in flags are set such that the constraints are ignored. This later case is used when running synth_design to not write synthesis constraints to the resulting checkpoint. Instead, project constraints are read when the synthesized design is opened.
INFO: [Common 17-1381] The checkpoint 'C:/Users/Pedro/Dropbox/UA/CR/Labs/Lab3/CountDownTimerDemo/CountDownTimerDemo.runs/synth_1/CountDownTimer.dcp' has been generated.
INFO: [runtcl-4] Executing : report_utilization -file CountDownTimer_utilization_synth.rpt -pb CountDownTimer_utilization_synth.pb
INFO: [Common 17-206] Exiting Vivado at Fri Mar 20 20:48:06 2020...
