Exception at PC 0x000007FEFD0AA06D
Exception at PC 0x000007FEFD0AA06D
Exception at PC 0x000007FEFD0AA06D
Exception at PC 0x000007FEFD0AA06D
Exception at PC 0x000007FE7F1AE132
Attemped to write at address 0x000007FEC6104AA4
Printing stacktrace...

[0]  [0x000007FE7F1AE132]
[1]  [0x000007FE7F1AE132]
[2]  [0x000007FE7F1AE194]
[3]  [0x000007FE7EDFD0D7]
[4]  [0x000007FE7ECE2BCA]
[5]  [0x000007FE7ECE2FD1]
[6]  [0x000007FE7F1AEB2F]
[7]  [0x000007FE7F06C19D]
[8]  [0x000007FE7F065942]
[9]  [0x000007FE7F065AB5]
[10] (LdrShutdownProcess+0x1db) [0x00000000773275EB]
[11] (RtlExitUserProcess+0x90) [0x000000007732C040]
[12] (wcstoui64+0x2fa) [0x000007FEFEF999E2]
[13]  [0x00000000004014CD]
[14]  [0x000000000040151B]
[15] (BaseThreadInitThunk+0xd) [0x00000000770E59CD]
[16] (RtlUserThreadStart+0x1d) [0x000000007734383D]
Done
