#-----------------------------------------------------------
# Vivado v2017.4 (64-bit)
# SW Build 2086221 on Fri Dec 15 20:55:39 MST 2017
# IP Build 2085800 on Fri Dec 15 22:25:07 MST 2017
# Start of session at: Wed Feb 28 23:50:36 2018
# Process ID: 2604
# Current directory: C:/Users/asroliveira/CloudStation/CR/2018/CombMultDiv
# Command line: vivado.exe -gui_launcher_event rodinguilauncherevent10548 C:\Users\asroliveira\CloudStation\CR\2018\CombMultDiv\CombMultDiv.xpr
# Log file: C:/Users/asroliveira/CloudStation/CR/2018/CombMultDiv/vivado.log
# Journal file: C:/Users/asroliveira/CloudStation/CR/2018/CombMultDiv\vivado.jou
#-----------------------------------------------------------
start_gui
open_project C:/Users/asroliveira/CloudStation/CR/2018/CombMultDiv/CombMultDiv.xpr
INFO: [Project 1-313] Project file moved from 'S:/CloudStation/CR/2018/CombMultDiv' since last save.
Scanning sources...
Finished scanning sources
INFO: [IP_Flow 19-234] Refreshing IP repositories
INFO: [IP_Flow 19-1704] No user IP repositories specified
INFO: [IP_Flow 19-2313] Loaded Vivado IP repository 'C:/Xilinx/Vivado/2017.4/data/ip'.
open_project: Time (s): cpu = 00:00:10 ; elapsed = 00:00:07 . Memory (MB): peak = 811.516 ; gain = 134.242
update_compile_order -fileset sources_1
reset_run synth_1
close_project
open_project C:/Users/asroliveira/CloudStation/CR/2018/RegInputsDemo/RegInputsDemo.xpr
INFO: [Project 1-313] Project file moved from 'S:/CloudStation/CR/2018/RegInputsDemo' since last save.
Scanning sources...
Finished scanning sources
INFO: [IP_Flow 19-234] Refreshing IP repositories
INFO: [IP_Flow 19-1704] No user IP repositories specified
INFO: [IP_Flow 19-2313] Loaded Vivado IP repository 'C:/Xilinx/Vivado/2017.4/data/ip'.
update_compile_order -fileset sources_1
reset_run synth_2
set_property name synth_1 [get_runs synth_2]
set_property name impl_1 [get_runs impl_2]
exit
INFO: [Common 17-206] Exiting Vivado at Thu Mar  1 00:10:04 2018...
