TRACE::2020-04-01.19:30:00::SCWPlatform::Trying to open the hw design at C:/Users/Pedro/Documents/UA/CR/Labs/Lab4/CountDownTimerSoftware/workspace/mb_design_wrapper_1/hw/mb_design_wrapper.xsa
TRACE::2020-04-01.19:30:00::SCWPlatform::DSA given C:/Users/Pedro/Documents/UA/CR/Labs/Lab4/CountDownTimerSoftware/workspace/mb_design_wrapper_1/hw/mb_design_wrapper.xsa
TRACE::2020-04-01.19:30:00::SCWPlatform::DSA absoulate path C:/Users/Pedro/Documents/UA/CR/Labs/Lab4/CountDownTimerSoftware/workspace/mb_design_wrapper_1/hw/mb_design_wrapper.xsa
TRACE::2020-04-01.19:30:03::SCWPlatform::DSA directory C:/Users/Pedro/Documents/UA/CR/Labs/Lab4/CountDownTimerSoftware/workspace/mb_design_wrapper_1/hw
TRACE::2020-04-01.19:30:03::SCWPlatform:: Platform Path C:/Users/Pedro/Documents/UA/CR/Labs/Lab4/CountDownTimerSoftware/workspace/mb_design_wrapper_1/hw/mb_design_wrapper.xsa
TRACE::2020-04-01.19:30:03::SCWPlatform:: Unique name xilinx:nexys4::0.0
TRACE::2020-04-01.19:30:03::SCWPlatform::Do not have an existing db opened. 
TRACE::2020-04-01.19:30:03::SCWPlatform::Opened new HwDB with name mb_design_wrapper_0
TRACE::2020-04-01.19:30:03::SCWWriter::formatted JSON is {
	"platformName":	"mb_design_wrapper_1",
	"sprVersion":	"2.0",
	"mode":	"gui",
	"dsaType":	"Fixed",
	"platformDesc":	"mb_design_wrapper_1",
	"platHandOff":	"C:/Users/Pedro/Dropbox/UA/CR/Labs/Lab4/Nexys4DefaultPlatform/mb_design_wrapper.xsa",
	"platIntHandOff":	"<platformDir>/hw/mb_design_wrapper.xsa",
	"deviceType":	"FPGA",
	"platIsPrebuiltAutogen":	"false",
	"platIsNoBootBsp":	"false",
	"hasFsblMakeHasChanges":	"false",
	"hasPmufwMakeHasChanges":	"false",
	"platPreBuiltFlag":	false,
	"platformSamplesDir":	""
}
TRACE::2020-04-01.19:30:03::SCWWriter::formatted JSON is {
	"platformName":	"mb_design_wrapper_1",
	"sprVersion":	"2.0",
	"mode":	"gui",
	"dsaType":	"Fixed",
	"platformDesc":	"mb_design_wrapper_1",
	"platHandOff":	"C:/Users/Pedro/Dropbox/UA/CR/Labs/Lab4/Nexys4DefaultPlatform/mb_design_wrapper.xsa",
	"platIntHandOff":	"<platformDir>/hw/mb_design_wrapper.xsa",
	"deviceType":	"FPGA",
	"platIsPrebuiltAutogen":	"false",
	"platIsNoBootBsp":	"false",
	"hasFsblMakeHasChanges":	"false",
	"hasPmufwMakeHasChanges":	"false",
	"platPreBuiltFlag":	false,
	"platformSamplesDir":	"",
	"platActiveSys":	"mb_design_wrapper_1",
	"systems":	[{
			"systemName":	"mb_design_wrapper_1",
			"systemDesc":	"mb_design_wrapper_1",
			"sysIsBootAutoGen":	"true",
			"systemDispName":	"mb_design_wrapper_1"
		}]
}
TRACE::2020-04-01.19:30:03::SCWPlatform::Boot application domains not present, creating them
TRACE::2020-04-01.19:30:03::SCWPlatform::Pure FPGA device, no boot application will be created.
TRACE::2020-04-01.19:30:03::SCWWriter::formatted JSON is {
	"platformName":	"mb_design_wrapper_1",
	"sprVersion":	"2.0",
	"mode":	"gui",
	"dsaType":	"Fixed",
	"platformDesc":	"mb_design_wrapper_1",
	"platHandOff":	"C:/Users/Pedro/Dropbox/UA/CR/Labs/Lab4/Nexys4DefaultPlatform/mb_design_wrapper.xsa",
	"platIntHandOff":	"<platformDir>/hw/mb_design_wrapper.xsa",
	"deviceType":	"FPGA",
	"platIsPrebuiltAutogen":	"false",
	"platIsNoBootBsp":	"false",
	"hasFsblMakeHasChanges":	"false",
	"hasPmufwMakeHasChanges":	"false",
	"platPreBuiltFlag":	false,
	"platformSamplesDir":	"",
	"platActiveSys":	"mb_design_wrapper_1",
	"systems":	[{
			"systemName":	"mb_design_wrapper_1",
			"systemDesc":	"mb_design_wrapper_1",
			"sysIsBootAutoGen":	"true",
			"systemDispName":	"mb_design_wrapper_1"
		}]
}
TRACE::2020-04-01.19:30:03::SCWWriter::formatted JSON is {
	"platformName":	"mb_design_wrapper_1",
	"sprVersion":	"2.0",
	"mode":	"gui",
	"dsaType":	"Fixed",
	"platformDesc":	"mb_design_wrapper_1",
	"platHandOff":	"C:/Users/Pedro/Dropbox/UA/CR/Labs/Lab4/Nexys4DefaultPlatform/mb_design_wrapper.xsa",
	"platIntHandOff":	"<platformDir>/hw/mb_design_wrapper.xsa",
	"deviceType":	"FPGA",
	"platIsPrebuiltAutogen":	"false",
	"platIsNoBootBsp":	"false",
	"hasFsblMakeHasChanges":	"false",
	"hasPmufwMakeHasChanges":	"false",
	"platPreBuiltFlag":	false,
	"platformSamplesDir":	"",
	"platActiveSys":	"mb_design_wrapper_1",
	"systems":	[{
			"systemName":	"mb_design_wrapper_1",
			"systemDesc":	"mb_design_wrapper_1",
			"sysIsBootAutoGen":	"true",
			"systemDispName":	"mb_design_wrapper_1"
		}]
}
TRACE::2020-04-01.19:30:04::SCWPlatform::Trying to open the hw design at C:/Users/Pedro/Documents/UA/CR/Labs/Lab4/CountDownTimerSoftware/workspace/mb_design_wrapper_1/hw/mb_design_wrapper.xsa
TRACE::2020-04-01.19:30:04::SCWPlatform::DSA given C:/Users/Pedro/Documents/UA/CR/Labs/Lab4/CountDownTimerSoftware/workspace/mb_design_wrapper_1/hw/mb_design_wrapper.xsa
TRACE::2020-04-01.19:30:04::SCWPlatform::DSA absoulate path C:/Users/Pedro/Documents/UA/CR/Labs/Lab4/CountDownTimerSoftware/workspace/mb_design_wrapper_1/hw/mb_design_wrapper.xsa
TRACE::2020-04-01.19:30:04::SCWPlatform::DSA directory C:/Users/Pedro/Documents/UA/CR/Labs/Lab4/CountDownTimerSoftware/workspace/mb_design_wrapper_1/hw
TRACE::2020-04-01.19:30:04::SCWPlatform:: Platform Path C:/Users/Pedro/Documents/UA/CR/Labs/Lab4/CountDownTimerSoftware/workspace/mb_design_wrapper_1/hw/mb_design_wrapper.xsa
TRACE::2020-04-01.19:30:04::SCWPlatform:: Unique name xilinx:nexys4::0.0
TRACE::2020-04-01.19:30:04::SCWPlatform::Trying to set the existing hwdb with name mb_design_wrapper_0
TRACE::2020-04-01.19:30:04::SCWPlatform::Opened existing hwdb mb_design_wrapper_0
TRACE::2020-04-01.19:30:04::SCWPlatform::Found the Hw Db part of the input DSA
TRACE::2020-04-01.19:30:04::SCWDomain::checking for install qemu data   : 
TRACE::2020-04-01.19:30:04::SCWPlatform::Trying to open the hw design at C:/Users/Pedro/Documents/UA/CR/Labs/Lab4/CountDownTimerSoftware/workspace/mb_design_wrapper_1/hw/mb_design_wrapper.xsa
TRACE::2020-04-01.19:30:04::SCWPlatform::DSA given C:/Users/Pedro/Documents/UA/CR/Labs/Lab4/CountDownTimerSoftware/workspace/mb_design_wrapper_1/hw/mb_design_wrapper.xsa
TRACE::2020-04-01.19:30:04::SCWPlatform::DSA absoulate path C:/Users/Pedro/Documents/UA/CR/Labs/Lab4/CountDownTimerSoftware/workspace/mb_design_wrapper_1/hw/mb_design_wrapper.xsa
TRACE::2020-04-01.19:30:04::SCWPlatform::DSA directory C:/Users/Pedro/Documents/UA/CR/Labs/Lab4/CountDownTimerSoftware/workspace/mb_design_wrapper_1/hw
TRACE::2020-04-01.19:30:04::SCWPlatform:: Platform Path C:/Users/Pedro/Documents/UA/CR/Labs/Lab4/CountDownTimerSoftware/workspace/mb_design_wrapper_1/hw/mb_design_wrapper.xsa
TRACE::2020-04-01.19:30:04::SCWPlatform:: Unique name xilinx:nexys4::0.0
TRACE::2020-04-01.19:30:04::SCWPlatform::Trying to set the existing hwdb with name mb_design_wrapper_0
TRACE::2020-04-01.19:30:04::SCWPlatform::Opened existing hwdb mb_design_wrapper_0
TRACE::2020-04-01.19:30:04::SCWPlatform::Found the Hw Db part of the input DSA
TRACE::2020-04-01.19:30:04::SCWPlatform::Trying to open the hw design at C:/Users/Pedro/Documents/UA/CR/Labs/Lab4/CountDownTimerSoftware/workspace/mb_design_wrapper_1/hw/mb_design_wrapper.xsa
TRACE::2020-04-01.19:30:04::SCWPlatform::DSA given C:/Users/Pedro/Documents/UA/CR/Labs/Lab4/CountDownTimerSoftware/workspace/mb_design_wrapper_1/hw/mb_design_wrapper.xsa
TRACE::2020-04-01.19:30:04::SCWPlatform::DSA absoulate path C:/Users/Pedro/Documents/UA/CR/Labs/Lab4/CountDownTimerSoftware/workspace/mb_design_wrapper_1/hw/mb_design_wrapper.xsa
TRACE::2020-04-01.19:30:04::SCWPlatform::DSA directory C:/Users/Pedro/Documents/UA/CR/Labs/Lab4/CountDownTimerSoftware/workspace/mb_design_wrapper_1/hw
TRACE::2020-04-01.19:30:04::SCWPlatform:: Platform Path C:/Users/Pedro/Documents/UA/CR/Labs/Lab4/CountDownTimerSoftware/workspace/mb_design_wrapper_1/hw/mb_design_wrapper.xsa
TRACE::2020-04-01.19:30:04::SCWPlatform:: Unique name xilinx:nexys4::0.0
TRACE::2020-04-01.19:30:04::SCWPlatform::Trying to set the existing hwdb with name mb_design_wrapper_0
TRACE::2020-04-01.19:30:04::SCWPlatform::Opened existing hwdb mb_design_wrapper_0
TRACE::2020-04-01.19:30:04::SCWPlatform::Found the Hw Db part of the input DSA
TRACE::2020-04-01.19:30:04::SCWMssOS::Checking the sw design at  C:/Users/Pedro/Documents/UA/CR/Labs/Lab4/CountDownTimerSoftware/workspace/mb_design_wrapper_1/microblaze_0/standalone_domain/bsp/system.mss
TRACE::2020-04-01.19:30:04::SCWMssOS::DEBUG:  swdes dump  
TRACE::2020-04-01.19:30:04::SCWMssOS::No sw design opened at  C:/Users/Pedro/Documents/UA/CR/Labs/Lab4/CountDownTimerSoftware/workspace/mb_design_wrapper_1/microblaze_0/standalone_domain/bsp/system.mss
TRACE::2020-04-01.19:30:04::SCWMssOS::mss does not exists at C:/Users/Pedro/Documents/UA/CR/Labs/Lab4/CountDownTimerSoftware/workspace/mb_design_wrapper_1/microblaze_0/standalone_domain/bsp/system.mss
TRACE::2020-04-01.19:30:04::SCWMssOS::Creating sw design at  C:/Users/Pedro/Documents/UA/CR/Labs/Lab4/CountDownTimerSoftware/workspace/mb_design_wrapper_1/microblaze_0/standalone_domain/bsp/system.mss
TRACE::2020-04-01.19:30:04::SCWMssOS::Adding the swdes entry, created swdb C:/Users/Pedro/Documents/UA/CR/Labs/Lab4/CountDownTimerSoftware/workspace/mb_design_wrapper_1/microblaze_0/standalone_domain/bsp/system.mss with des name C:/Users/Pedro/Documents/UA/CR/Labs/Lab4/CountDownTimerSoftware/workspace/mb_design_wrapper_1/microblaze_0/standalone_domain/bsp/system.mss
TRACE::2020-04-01.19:30:04::SCWMssOS::updating the scw layer changes to swdes at   C:/Users/Pedro/Documents/UA/CR/Labs/Lab4/CountDownTimerSoftware/workspace/mb_design_wrapper_1/microblaze_0/standalone_domain/bsp/system.mss
TRACE::2020-04-01.19:30:04::SCWMssOS::Writing mss at C:/Users/Pedro/Documents/UA/CR/Labs/Lab4/CountDownTimerSoftware/workspace/mb_design_wrapper_1/microblaze_0/standalone_domain/bsp/system.mss
TRACE::2020-04-01.19:30:04::SCWMssOS::Completed writing the mss file at C:/Users/Pedro/Documents/UA/CR/Labs/Lab4/CountDownTimerSoftware/workspace/mb_design_wrapper_1/microblaze_0/standalone_domain/bsp
TRACE::2020-04-01.19:30:04::SCWMssOS::Picking up changes from newly written mss file into SCW Layer. 
TRACE::2020-04-01.19:30:04::SCWMssOS::Updated the changes from newly written mss file into SCW Layer. 
TRACE::2020-04-01.19:30:04::SCWPlatform::Trying to open the hw design at C:/Users/Pedro/Documents/UA/CR/Labs/Lab4/CountDownTimerSoftware/workspace/mb_design_wrapper_1/hw/mb_design_wrapper.xsa
TRACE::2020-04-01.19:30:04::SCWPlatform::DSA given C:/Users/Pedro/Documents/UA/CR/Labs/Lab4/CountDownTimerSoftware/workspace/mb_design_wrapper_1/hw/mb_design_wrapper.xsa
TRACE::2020-04-01.19:30:04::SCWPlatform::DSA absoulate path C:/Users/Pedro/Documents/UA/CR/Labs/Lab4/CountDownTimerSoftware/workspace/mb_design_wrapper_1/hw/mb_design_wrapper.xsa
TRACE::2020-04-01.19:30:04::SCWPlatform::DSA directory C:/Users/Pedro/Documents/UA/CR/Labs/Lab4/CountDownTimerSoftware/workspace/mb_design_wrapper_1/hw
TRACE::2020-04-01.19:30:04::SCWPlatform:: Platform Path C:/Users/Pedro/Documents/UA/CR/Labs/Lab4/CountDownTimerSoftware/workspace/mb_design_wrapper_1/hw/mb_design_wrapper.xsa
TRACE::2020-04-01.19:30:04::SCWPlatform:: Unique name xilinx:nexys4::0.0
TRACE::2020-04-01.19:30:04::SCWPlatform::Trying to set the existing hwdb with name mb_design_wrapper_0
TRACE::2020-04-01.19:30:04::SCWPlatform::Opened existing hwdb mb_design_wrapper_0
TRACE::2020-04-01.19:30:04::SCWPlatform::Found the Hw Db part of the input DSA
TRACE::2020-04-01.19:30:04::SCWMssOS::Checking the sw design at  C:/Users/Pedro/Documents/UA/CR/Labs/Lab4/CountDownTimerSoftware/workspace/mb_design_wrapper_1/microblaze_0/standalone_domain/bsp/system.mss
TRACE::2020-04-01.19:30:04::SCWMssOS::DEBUG:  swdes dump  C:/Users/Pedro/Documents/UA/CR/Labs/Lab4/CountDownTimerSoftware/workspace/mb_design_wrapper_1/microblaze_0/standalone_domain/bsp/system.mss|C:/Users/Pedro/Documents/UA/CR/Labs/Lab4/CountDownTimerSoftware/workspace/mb_design_wrapper_1/microblaze_0/standalone_domain/bsp/system.mss||

TRACE::2020-04-01.19:30:04::SCWMssOS::Sw design exists and opened at  C:/Users/Pedro/Documents/UA/CR/Labs/Lab4/CountDownTimerSoftware/workspace/mb_design_wrapper_1/microblaze_0/standalone_domain/bsp/system.mss
TRACE::2020-04-01.19:30:04::SCWPlatform::Trying to open the hw design at C:/Users/Pedro/Documents/UA/CR/Labs/Lab4/CountDownTimerSoftware/workspace/mb_design_wrapper_1/hw/mb_design_wrapper.xsa
TRACE::2020-04-01.19:30:04::SCWPlatform::DSA given C:/Users/Pedro/Documents/UA/CR/Labs/Lab4/CountDownTimerSoftware/workspace/mb_design_wrapper_1/hw/mb_design_wrapper.xsa
TRACE::2020-04-01.19:30:04::SCWPlatform::DSA absoulate path C:/Users/Pedro/Documents/UA/CR/Labs/Lab4/CountDownTimerSoftware/workspace/mb_design_wrapper_1/hw/mb_design_wrapper.xsa
TRACE::2020-04-01.19:30:04::SCWPlatform::DSA directory C:/Users/Pedro/Documents/UA/CR/Labs/Lab4/CountDownTimerSoftware/workspace/mb_design_wrapper_1/hw
TRACE::2020-04-01.19:30:04::SCWPlatform:: Platform Path C:/Users/Pedro/Documents/UA/CR/Labs/Lab4/CountDownTimerSoftware/workspace/mb_design_wrapper_1/hw/mb_design_wrapper.xsa
TRACE::2020-04-01.19:30:04::SCWPlatform:: Unique name xilinx:nexys4::0.0
TRACE::2020-04-01.19:30:04::SCWPlatform::Trying to set the existing hwdb with name mb_design_wrapper_0
TRACE::2020-04-01.19:30:04::SCWPlatform::Opened existing hwdb mb_design_wrapper_0
TRACE::2020-04-01.19:30:04::SCWPlatform::Found the Hw Db part of the input DSA
TRACE::2020-04-01.19:30:04::SCWMssOS::Checking the sw design at  C:/Users/Pedro/Documents/UA/CR/Labs/Lab4/CountDownTimerSoftware/workspace/mb_design_wrapper_1/microblaze_0/standalone_domain/bsp/system.mss
TRACE::2020-04-01.19:30:04::SCWMssOS::DEBUG:  swdes dump  C:/Users/Pedro/Documents/UA/CR/Labs/Lab4/CountDownTimerSoftware/workspace/mb_design_wrapper_1/microblaze_0/standalone_domain/bsp/system.mss|C:/Users/Pedro/Documents/UA/CR/Labs/Lab4/CountDownTimerSoftware/workspace/mb_design_wrapper_1/microblaze_0/standalone_domain/bsp/system.mss||

TRACE::2020-04-01.19:30:04::SCWMssOS::Sw design exists and opened at  C:/Users/Pedro/Documents/UA/CR/Labs/Lab4/CountDownTimerSoftware/workspace/mb_design_wrapper_1/microblaze_0/standalone_domain/bsp/system.mss
TRACE::2020-04-01.19:30:04::SCWPlatform::Trying to open the hw design at C:/Users/Pedro/Documents/UA/CR/Labs/Lab4/CountDownTimerSoftware/workspace/mb_design_wrapper_1/hw/mb_design_wrapper.xsa
TRACE::2020-04-01.19:30:04::SCWPlatform::DSA given C:/Users/Pedro/Documents/UA/CR/Labs/Lab4/CountDownTimerSoftware/workspace/mb_design_wrapper_1/hw/mb_design_wrapper.xsa
TRACE::2020-04-01.19:30:04::SCWPlatform::DSA absoulate path C:/Users/Pedro/Documents/UA/CR/Labs/Lab4/CountDownTimerSoftware/workspace/mb_design_wrapper_1/hw/mb_design_wrapper.xsa
TRACE::2020-04-01.19:30:04::SCWPlatform::DSA directory C:/Users/Pedro/Documents/UA/CR/Labs/Lab4/CountDownTimerSoftware/workspace/mb_design_wrapper_1/hw
TRACE::2020-04-01.19:30:04::SCWPlatform:: Platform Path C:/Users/Pedro/Documents/UA/CR/Labs/Lab4/CountDownTimerSoftware/workspace/mb_design_wrapper_1/hw/mb_design_wrapper.xsa
TRACE::2020-04-01.19:30:04::SCWPlatform:: Unique name xilinx:nexys4::0.0
TRACE::2020-04-01.19:30:04::SCWPlatform::Trying to set the existing hwdb with name mb_design_wrapper_0
TRACE::2020-04-01.19:30:04::SCWPlatform::Opened existing hwdb mb_design_wrapper_0
TRACE::2020-04-01.19:30:04::SCWPlatform::Found the Hw Db part of the input DSA
TRACE::2020-04-01.19:30:04::SCWMssOS::Checking the sw design at  C:/Users/Pedro/Documents/UA/CR/Labs/Lab4/CountDownTimerSoftware/workspace/mb_design_wrapper_1/microblaze_0/standalone_domain/bsp/system.mss
TRACE::2020-04-01.19:30:04::SCWMssOS::DEBUG:  swdes dump  C:/Users/Pedro/Documents/UA/CR/Labs/Lab4/CountDownTimerSoftware/workspace/mb_design_wrapper_1/microblaze_0/standalone_domain/bsp/system.mss|C:/Users/Pedro/Documents/UA/CR/Labs/Lab4/CountDownTimerSoftware/workspace/mb_design_wrapper_1/microblaze_0/standalone_domain/bsp/system.mss||

TRACE::2020-04-01.19:30:04::SCWMssOS::Sw design exists and opened at  C:/Users/Pedro/Documents/UA/CR/Labs/Lab4/CountDownTimerSoftware/workspace/mb_design_wrapper_1/microblaze_0/standalone_domain/bsp/system.mss
TRACE::2020-04-01.19:30:04::SCWWriter::formatted JSON is {
	"platformName":	"mb_design_wrapper_1",
	"sprVersion":	"2.0",
	"mode":	"gui",
	"dsaType":	"Fixed",
	"platformDesc":	"mb_design_wrapper_1",
	"platHandOff":	"C:/Users/Pedro/Dropbox/UA/CR/Labs/Lab4/Nexys4DefaultPlatform/mb_design_wrapper.xsa",
	"platIntHandOff":	"<platformDir>/hw/mb_design_wrapper.xsa",
	"deviceType":	"FPGA",
	"platIsPrebuiltAutogen":	"false",
	"platIsNoBootBsp":	"false",
	"hasFsblMakeHasChanges":	"false",
	"hasPmufwMakeHasChanges":	"false",
	"platPreBuiltFlag":	false,
	"platformSamplesDir":	"",
	"platActiveSys":	"mb_design_wrapper_1",
	"systems":	[{
			"systemName":	"mb_design_wrapper_1",
			"systemDesc":	"mb_design_wrapper_1",
			"sysIsBootAutoGen":	"true",
			"systemDispName":	"mb_design_wrapper_1",
			"sysActiveDom":	"standalone_domain",
			"sysDefaultDom":	"standalone_domain",
			"domains":	[{
					"domainName":	"standalone_domain",
					"domainDispName":	"standalone on microblaze_0",
					"domainDesc":	"standalone_domain",
					"processors":	"microblaze_0",
					"os":	"standalone",
					"sdxOs":	"standalone",
					"debugEnable":	"False",
					"domRuntimes":	["cpp"],
					"swRepo":	"",
					"mssOsVer":	"7.1",
					"mssFile":	"",
					"md5Digest":	"",
					"compatibleApp":	"hello_world",
					"domType":	"mssDomain",
					"arch":	"32-bit",
					"appSettings":	{
						"appCompilerFlags":	"",
						"appLinkerFlags":	""
					},
					"addedLibs":	[],
					"libOptions":	{
						"libsContainingOptions":	[]
					},
					"prebuiltLibs":	{
						"prebuiltIncPath":	[],
						"prebuiltLibPath":	[]
					},
					"isolation":	{
					}
				}]
		}]
}
TRACE::2020-04-01.19:30:04::SCWPlatform::Trying to open the hw design at C:/Users/Pedro/Documents/UA/CR/Labs/Lab4/CountDownTimerSoftware/workspace/mb_design_wrapper_1/hw/mb_design_wrapper.xsa
TRACE::2020-04-01.19:30:04::SCWPlatform::DSA given C:/Users/Pedro/Documents/UA/CR/Labs/Lab4/CountDownTimerSoftware/workspace/mb_design_wrapper_1/hw/mb_design_wrapper.xsa
TRACE::2020-04-01.19:30:04::SCWPlatform::DSA absoulate path C:/Users/Pedro/Documents/UA/CR/Labs/Lab4/CountDownTimerSoftware/workspace/mb_design_wrapper_1/hw/mb_design_wrapper.xsa
TRACE::2020-04-01.19:30:04::SCWPlatform::DSA directory C:/Users/Pedro/Documents/UA/CR/Labs/Lab4/CountDownTimerSoftware/workspace/mb_design_wrapper_1/hw
TRACE::2020-04-01.19:30:04::SCWPlatform:: Platform Path C:/Users/Pedro/Documents/UA/CR/Labs/Lab4/CountDownTimerSoftware/workspace/mb_design_wrapper_1/hw/mb_design_wrapper.xsa
TRACE::2020-04-01.19:30:04::SCWPlatform:: Unique name xilinx:nexys4::0.0
TRACE::2020-04-01.19:30:04::SCWPlatform::Trying to set the existing hwdb with name mb_design_wrapper_0
TRACE::2020-04-01.19:30:04::SCWPlatform::Opened existing hwdb mb_design_wrapper_0
TRACE::2020-04-01.19:30:04::SCWPlatform::Found the Hw Db part of the input DSA
TRACE::2020-04-01.19:30:04::SCWMssOS::Checking the sw design at  C:/Users/Pedro/Documents/UA/CR/Labs/Lab4/CountDownTimerSoftware/workspace/mb_design_wrapper_1/microblaze_0/standalone_domain/bsp/system.mss
TRACE::2020-04-01.19:30:04::SCWMssOS::DEBUG:  swdes dump  C:/Users/Pedro/Documents/UA/CR/Labs/Lab4/CountDownTimerSoftware/workspace/mb_design_wrapper_1/microblaze_0/standalone_domain/bsp/system.mss|C:/Users/Pedro/Documents/UA/CR/Labs/Lab4/CountDownTimerSoftware/workspace/mb_design_wrapper_1/microblaze_0/standalone_domain/bsp/system.mss||

TRACE::2020-04-01.19:30:04::SCWMssOS::Sw design exists and opened at  C:/Users/Pedro/Documents/UA/CR/Labs/Lab4/CountDownTimerSoftware/workspace/mb_design_wrapper_1/microblaze_0/standalone_domain/bsp/system.mss
TRACE::2020-04-01.19:30:04::SCWMssOS::Completed writing the mss file at C:/Users/Pedro/Documents/UA/CR/Labs/Lab4/CountDownTimerSoftware/workspace/mb_design_wrapper_1/microblaze_0/standalone_domain/bsp
TRACE::2020-04-01.19:30:04::SCWMssOS::Forcing BSP Sources regeneration.
LOG::2020-04-01.19:30:09::SCWPlatform::Started generating the artifacts platform mb_design_wrapper_1
TRACE::2020-04-01.19:30:09::SCWPlatform::Sanity checking of platform is completed
LOG::2020-04-01.19:30:09::SCWPlatform::Started generating the artifacts for system configuration mb_design_wrapper_1
LOG::2020-04-01.19:30:09::SCWSystem::Checking the domain standalone_domain
LOG::2020-04-01.19:30:09::SCWSystem::Not a boot domain 
LOG::2020-04-01.19:30:09::SCWSystem::Started Processing the domain standalone_domain
TRACE::2020-04-01.19:30:09::SCWDomain::Generating domain artifcats
TRACE::2020-04-01.19:30:09::SCWMssOS::Generating standalone artifcats
TRACE::2020-04-01.19:30:09::SCWMssOS:: Copying the user libraries. 
TRACE::2020-04-01.19:30:09::SCWPlatform::Trying to open the hw design at C:/Users/Pedro/Documents/UA/CR/Labs/Lab4/CountDownTimerSoftware/workspace/mb_design_wrapper_1/hw/mb_design_wrapper.xsa
TRACE::2020-04-01.19:30:09::SCWPlatform::DSA given C:/Users/Pedro/Documents/UA/CR/Labs/Lab4/CountDownTimerSoftware/workspace/mb_design_wrapper_1/hw/mb_design_wrapper.xsa
TRACE::2020-04-01.19:30:09::SCWPlatform::DSA absoulate path C:/Users/Pedro/Documents/UA/CR/Labs/Lab4/CountDownTimerSoftware/workspace/mb_design_wrapper_1/hw/mb_design_wrapper.xsa
TRACE::2020-04-01.19:30:09::SCWPlatform::DSA directory C:/Users/Pedro/Documents/UA/CR/Labs/Lab4/CountDownTimerSoftware/workspace/mb_design_wrapper_1/hw
TRACE::2020-04-01.19:30:09::SCWPlatform:: Platform Path C:/Users/Pedro/Documents/UA/CR/Labs/Lab4/CountDownTimerSoftware/workspace/mb_design_wrapper_1/hw/mb_design_wrapper.xsa
TRACE::2020-04-01.19:30:09::SCWPlatform:: Unique name xilinx:nexys4::0.0
TRACE::2020-04-01.19:30:09::SCWPlatform::Trying to set the existing hwdb with name mb_design_wrapper_0
TRACE::2020-04-01.19:30:09::SCWPlatform::Opened existing hwdb mb_design_wrapper_0
TRACE::2020-04-01.19:30:09::SCWPlatform::Found the Hw Db part of the input DSA
TRACE::2020-04-01.19:30:09::SCWMssOS::Checking the sw design at  C:/Users/Pedro/Documents/UA/CR/Labs/Lab4/CountDownTimerSoftware/workspace/mb_design_wrapper_1/microblaze_0/standalone_domain/bsp/system.mss
TRACE::2020-04-01.19:30:09::SCWMssOS::DEBUG:  swdes dump  C:/Users/Pedro/Documents/UA/CR/Labs/Lab4/CountDownTimerSoftware/workspace/mb_design_wrapper_1/microblaze_0/standalone_domain/bsp/system.mss|C:/Users/Pedro/Documents/UA/CR/Labs/Lab4/CountDownTimerSoftware/workspace/mb_design_wrapper_1/microblaze_0/standalone_domain/bsp/system.mss||

KEYINFO::2020-04-01.19:30:09::SCWMssOS::Could not open the swdb for C:/Users/Pedro/Documents/UA/CR/Labs/Lab4/CountDownTimerSoftware/workspace/mb_design_wrapper_1/microblaze_0/standalone_domain/bsp/system.mss
KEYINFO::2020-04-01.19:30:09::SCWMssOS::Could not open the sw design at  C:/Users/Pedro/Documents/UA/CR/Labs/Lab4/CountDownTimerSoftware/workspace/mb_design_wrapper_1/microblaze_0/standalone_domain/bsp/system.mss
ERROR: [Hsi 55-1558] Software Design C:/Users/Pedro/Documents/UA/CR/Labs/Lab4/CountDownTimerSoftware/workspace/mb_design_wrapper_1/microblaze_0/standalone_domain/bsp/system.mss is not found

TRACE::2020-04-01.19:30:09::SCWMssOS::Cleared the swdb table entry
TRACE::2020-04-01.19:30:09::SCWMssOS::No sw design opened at  C:/Users/Pedro/Documents/UA/CR/Labs/Lab4/CountDownTimerSoftware/workspace/mb_design_wrapper_1/microblaze_0/standalone_domain/bsp/system.mss
TRACE::2020-04-01.19:30:09::SCWMssOS::mss exists loading the mss file  C:/Users/Pedro/Documents/UA/CR/Labs/Lab4/CountDownTimerSoftware/workspace/mb_design_wrapper_1/microblaze_0/standalone_domain/bsp/system.mss
TRACE::2020-04-01.19:30:09::SCWMssOS::Opened the sw design from mss  C:/Users/Pedro/Documents/UA/CR/Labs/Lab4/CountDownTimerSoftware/workspace/mb_design_wrapper_1/microblaze_0/standalone_domain/bsp/system.mss
TRACE::2020-04-01.19:30:09::SCWMssOS::Adding the swdes entry C:/Users/Pedro/Documents/UA/CR/Labs/Lab4/CountDownTimerSoftware/workspace/mb_design_wrapper_1/microblaze_0/standalone_domain/bsp/system.mss with des name system
TRACE::2020-04-01.19:30:09::SCWMssOS::updating the scw layer about changes
TRACE::2020-04-01.19:30:09::SCWMssOS::Opened the sw design.  C:/Users/Pedro/Documents/UA/CR/Labs/Lab4/CountDownTimerSoftware/workspace/mb_design_wrapper_1/microblaze_0/standalone_domain/bsp/system.mss
TRACE::2020-04-01.19:30:09::SCWMssOS::Completed writing the mss file at C:/Users/Pedro/Documents/UA/CR/Labs/Lab4/CountDownTimerSoftware/workspace/mb_design_wrapper_1/microblaze_0/standalone_domain/bsp
TRACE::2020-04-01.19:30:09::SCWMssOS::Mss edits present, copying mssfile into export location C:/Users/Pedro/Documents/UA/CR/Labs/Lab4/CountDownTimerSoftware/workspace/mb_design_wrapper_1/microblaze_0/standalone_domain/bsp/system.mss
TRACE::2020-04-01.19:30:09::SCWMssOS::bsp generated is upto date with the mss file. Skipping bsp generation.
TRACE::2020-04-01.19:30:09::SCWMssOS::BSP is already built. skipping the bsp build ... 
TRACE::2020-04-01.19:30:09::SCWDomain::Skipping the build for domain :  standalone_domain
TRACE::2020-04-01.19:30:09::SCWMssOS::skipping the bsp build ... 
TRACE::2020-04-01.19:30:09::SCWMssOS::Copying to export directory.
TRACE::2020-04-01.19:30:09::SCWMssOS:: Checking if to create the Supporting Applications
TRACE::2020-04-01.19:30:09::SCWMssOS:: No Linux domain exists, trying to generate FSBL 
LOG::2020-04-01.19:30:09::SCWSystem::Completed Processing the domain standalone_domain
LOG::2020-04-01.19:30:09::SCWSystem::Completed Processing the sysconfig mb_design_wrapper_1
LOG::2020-04-01.19:30:09::SCWPlatform::Completed generating the artifacts for system configuration mb_design_wrapper_1
TRACE::2020-04-01.19:30:09::SCWPlatform::Started preparing the platform 
TRACE::2020-04-01.19:30:09::SCWSystem::Writing the bif file for system config mb_design_wrapper_1
TRACE::2020-04-01.19:30:09::SCWSystem::dir created 
TRACE::2020-04-01.19:30:09::SCWSystem::Writing the bif 
TRACE::2020-04-01.19:30:09::SCWPlatform::Started writing the spfm file 
TRACE::2020-04-01.19:30:09::SCWPlatform::Started writing the xpfm file 
TRACE::2020-04-01.19:30:09::SCWPlatform::Completed generating the platform
TRACE::2020-04-01.19:30:09::SCWPlatform::Trying to open the hw design at C:/Users/Pedro/Documents/UA/CR/Labs/Lab4/CountDownTimerSoftware/workspace/mb_design_wrapper_1/hw/mb_design_wrapper.xsa
TRACE::2020-04-01.19:30:09::SCWPlatform::DSA given C:/Users/Pedro/Documents/UA/CR/Labs/Lab4/CountDownTimerSoftware/workspace/mb_design_wrapper_1/hw/mb_design_wrapper.xsa
TRACE::2020-04-01.19:30:09::SCWPlatform::DSA absoulate path C:/Users/Pedro/Documents/UA/CR/Labs/Lab4/CountDownTimerSoftware/workspace/mb_design_wrapper_1/hw/mb_design_wrapper.xsa
TRACE::2020-04-01.19:30:09::SCWPlatform::DSA directory C:/Users/Pedro/Documents/UA/CR/Labs/Lab4/CountDownTimerSoftware/workspace/mb_design_wrapper_1/hw
TRACE::2020-04-01.19:30:09::SCWPlatform:: Platform Path C:/Users/Pedro/Documents/UA/CR/Labs/Lab4/CountDownTimerSoftware/workspace/mb_design_wrapper_1/hw/mb_design_wrapper.xsa
TRACE::2020-04-01.19:30:09::SCWPlatform:: Unique name xilinx:nexys4::0.0
TRACE::2020-04-01.19:30:09::SCWPlatform::Trying to set the existing hwdb with name mb_design_wrapper_0
TRACE::2020-04-01.19:30:09::SCWPlatform::Opened existing hwdb mb_design_wrapper_0
TRACE::2020-04-01.19:30:09::SCWPlatform::Found the Hw Db part of the input DSA
TRACE::2020-04-01.19:30:09::SCWMssOS::Checking the sw design at  C:/Users/Pedro/Documents/UA/CR/Labs/Lab4/CountDownTimerSoftware/workspace/mb_design_wrapper_1/microblaze_0/standalone_domain/bsp/system.mss
TRACE::2020-04-01.19:30:09::SCWMssOS::DEBUG:  swdes dump  C:/Users/Pedro/Documents/UA/CR/Labs/Lab4/CountDownTimerSoftware/workspace/mb_design_wrapper_1/microblaze_0/standalone_domain/bsp/system.mss|system||

TRACE::2020-04-01.19:30:09::SCWMssOS::Sw design exists and opened at  C:/Users/Pedro/Documents/UA/CR/Labs/Lab4/CountDownTimerSoftware/workspace/mb_design_wrapper_1/microblaze_0/standalone_domain/bsp/system.mss
TRACE::2020-04-01.19:30:09::SCWPlatform::Trying to open the hw design at C:/Users/Pedro/Documents/UA/CR/Labs/Lab4/CountDownTimerSoftware/workspace/mb_design_wrapper_1/hw/mb_design_wrapper.xsa
TRACE::2020-04-01.19:30:09::SCWPlatform::DSA given C:/Users/Pedro/Documents/UA/CR/Labs/Lab4/CountDownTimerSoftware/workspace/mb_design_wrapper_1/hw/mb_design_wrapper.xsa
TRACE::2020-04-01.19:30:09::SCWPlatform::DSA absoulate path C:/Users/Pedro/Documents/UA/CR/Labs/Lab4/CountDownTimerSoftware/workspace/mb_design_wrapper_1/hw/mb_design_wrapper.xsa
TRACE::2020-04-01.19:30:09::SCWPlatform::DSA directory C:/Users/Pedro/Documents/UA/CR/Labs/Lab4/CountDownTimerSoftware/workspace/mb_design_wrapper_1/hw
TRACE::2020-04-01.19:30:09::SCWPlatform:: Platform Path C:/Users/Pedro/Documents/UA/CR/Labs/Lab4/CountDownTimerSoftware/workspace/mb_design_wrapper_1/hw/mb_design_wrapper.xsa
TRACE::2020-04-01.19:30:09::SCWPlatform:: Unique name xilinx:nexys4::0.0
TRACE::2020-04-01.19:30:09::SCWPlatform::Trying to set the existing hwdb with name mb_design_wrapper_0
TRACE::2020-04-01.19:30:09::SCWPlatform::Opened existing hwdb mb_design_wrapper_0
TRACE::2020-04-01.19:30:09::SCWPlatform::Found the Hw Db part of the input DSA
TRACE::2020-04-01.19:30:09::SCWMssOS::Checking the sw design at  C:/Users/Pedro/Documents/UA/CR/Labs/Lab4/CountDownTimerSoftware/workspace/mb_design_wrapper_1/microblaze_0/standalone_domain/bsp/system.mss
TRACE::2020-04-01.19:30:09::SCWMssOS::DEBUG:  swdes dump  C:/Users/Pedro/Documents/UA/CR/Labs/Lab4/CountDownTimerSoftware/workspace/mb_design_wrapper_1/microblaze_0/standalone_domain/bsp/system.mss|system||

TRACE::2020-04-01.19:30:09::SCWMssOS::Sw design exists and opened at  C:/Users/Pedro/Documents/UA/CR/Labs/Lab4/CountDownTimerSoftware/workspace/mb_design_wrapper_1/microblaze_0/standalone_domain/bsp/system.mss
TRACE::2020-04-01.19:30:09::SCWPlatform::Trying to open the hw design at C:/Users/Pedro/Documents/UA/CR/Labs/Lab4/CountDownTimerSoftware/workspace/mb_design_wrapper_1/hw/mb_design_wrapper.xsa
TRACE::2020-04-01.19:30:09::SCWPlatform::DSA given C:/Users/Pedro/Documents/UA/CR/Labs/Lab4/CountDownTimerSoftware/workspace/mb_design_wrapper_1/hw/mb_design_wrapper.xsa
TRACE::2020-04-01.19:30:09::SCWPlatform::DSA absoulate path C:/Users/Pedro/Documents/UA/CR/Labs/Lab4/CountDownTimerSoftware/workspace/mb_design_wrapper_1/hw/mb_design_wrapper.xsa
TRACE::2020-04-01.19:30:09::SCWPlatform::DSA directory C:/Users/Pedro/Documents/UA/CR/Labs/Lab4/CountDownTimerSoftware/workspace/mb_design_wrapper_1/hw
TRACE::2020-04-01.19:30:09::SCWPlatform:: Platform Path C:/Users/Pedro/Documents/UA/CR/Labs/Lab4/CountDownTimerSoftware/workspace/mb_design_wrapper_1/hw/mb_design_wrapper.xsa
TRACE::2020-04-01.19:30:09::SCWPlatform:: Unique name xilinx:nexys4::0.0
TRACE::2020-04-01.19:30:09::SCWPlatform::Trying to set the existing hwdb with name mb_design_wrapper_0
TRACE::2020-04-01.19:30:09::SCWPlatform::Opened existing hwdb mb_design_wrapper_0
TRACE::2020-04-01.19:30:09::SCWPlatform::Found the Hw Db part of the input DSA
TRACE::2020-04-01.19:30:09::SCWMssOS::Checking the sw design at  C:/Users/Pedro/Documents/UA/CR/Labs/Lab4/CountDownTimerSoftware/workspace/mb_design_wrapper_1/microblaze_0/standalone_domain/bsp/system.mss
TRACE::2020-04-01.19:30:09::SCWMssOS::DEBUG:  swdes dump  C:/Users/Pedro/Documents/UA/CR/Labs/Lab4/CountDownTimerSoftware/workspace/mb_design_wrapper_1/microblaze_0/standalone_domain/bsp/system.mss|system||

TRACE::2020-04-01.19:30:09::SCWMssOS::Sw design exists and opened at  C:/Users/Pedro/Documents/UA/CR/Labs/Lab4/CountDownTimerSoftware/workspace/mb_design_wrapper_1/microblaze_0/standalone_domain/bsp/system.mss
TRACE::2020-04-01.19:30:10::SCWWriter::formatted JSON is {
	"platformName":	"mb_design_wrapper_1",
	"sprVersion":	"2.0",
	"mode":	"gui",
	"dsaType":	"Fixed",
	"platformDesc":	"mb_design_wrapper_1",
	"platHandOff":	"C:/Users/Pedro/Dropbox/UA/CR/Labs/Lab4/Nexys4DefaultPlatform/mb_design_wrapper.xsa",
	"platIntHandOff":	"<platformDir>/hw/mb_design_wrapper.xsa",
	"deviceType":	"FPGA",
	"platIsPrebuiltAutogen":	"false",
	"platIsNoBootBsp":	"false",
	"hasFsblMakeHasChanges":	"false",
	"hasPmufwMakeHasChanges":	"false",
	"platPreBuiltFlag":	false,
	"platformSamplesDir":	"",
	"platActiveSys":	"mb_design_wrapper_1",
	"systems":	[{
			"systemName":	"mb_design_wrapper_1",
			"systemDesc":	"mb_design_wrapper_1",
			"sysIsBootAutoGen":	"true",
			"systemDispName":	"mb_design_wrapper_1",
			"sysActiveDom":	"standalone_domain",
			"sysDefaultDom":	"standalone_domain",
			"domains":	[{
					"domainName":	"standalone_domain",
					"domainDispName":	"standalone on microblaze_0",
					"domainDesc":	"standalone_domain",
					"processors":	"microblaze_0",
					"os":	"standalone",
					"sdxOs":	"standalone",
					"debugEnable":	"False",
					"domRuntimes":	["cpp"],
					"swRepo":	"",
					"mssOsVer":	"7.1",
					"mssFile":	"",
					"md5Digest":	"1b97338188f161b9b05951aa1cb91d1e",
					"compatibleApp":	"hello_world",
					"domType":	"mssDomain",
					"arch":	"32-bit",
					"appSettings":	{
						"appCompilerFlags":	"",
						"appLinkerFlags":	""
					},
					"addedLibs":	[],
					"libOptions":	{
						"libsContainingOptions":	[]
					},
					"prebuiltLibs":	{
						"prebuiltIncPath":	[],
						"prebuiltLibPath":	[]
					},
					"isolation":	{
					}
				}]
		}]
}
KEYINFO::2020-04-01.19:30:10::SCWPlatform::updated the xpfm file.
TRACE::2020-04-01.19:30:10::SCWPlatform::Trying to open the hw design at C:/Users/Pedro/Documents/UA/CR/Labs/Lab4/CountDownTimerSoftware/workspace/mb_design_wrapper_1/hw/mb_design_wrapper.xsa
TRACE::2020-04-01.19:30:10::SCWPlatform::DSA given C:/Users/Pedro/Documents/UA/CR/Labs/Lab4/CountDownTimerSoftware/workspace/mb_design_wrapper_1/hw/mb_design_wrapper.xsa
TRACE::2020-04-01.19:30:10::SCWPlatform::DSA absoulate path C:/Users/Pedro/Documents/UA/CR/Labs/Lab4/CountDownTimerSoftware/workspace/mb_design_wrapper_1/hw/mb_design_wrapper.xsa
TRACE::2020-04-01.19:30:10::SCWPlatform::DSA directory C:/Users/Pedro/Documents/UA/CR/Labs/Lab4/CountDownTimerSoftware/workspace/mb_design_wrapper_1/hw
TRACE::2020-04-01.19:30:10::SCWPlatform:: Platform Path C:/Users/Pedro/Documents/UA/CR/Labs/Lab4/CountDownTimerSoftware/workspace/mb_design_wrapper_1/hw/mb_design_wrapper.xsa
TRACE::2020-04-01.19:30:10::SCWPlatform:: Unique name xilinx:nexys4::0.0
TRACE::2020-04-01.19:30:10::SCWPlatform::Trying to set the existing hwdb with name mb_design_wrapper_0
TRACE::2020-04-01.19:30:10::SCWPlatform::Opened existing hwdb mb_design_wrapper_0
TRACE::2020-04-01.19:30:10::SCWPlatform::Found the Hw Db part of the input DSA
TRACE::2020-04-01.19:30:10::SCWMssOS::Checking the sw design at  C:/Users/Pedro/Documents/UA/CR/Labs/Lab4/CountDownTimerSoftware/workspace/mb_design_wrapper_1/microblaze_0/standalone_domain/bsp/system.mss
TRACE::2020-04-01.19:30:10::SCWMssOS::DEBUG:  swdes dump  C:/Users/Pedro/Documents/UA/CR/Labs/Lab4/CountDownTimerSoftware/workspace/mb_design_wrapper_1/microblaze_0/standalone_domain/bsp/system.mss|system||

TRACE::2020-04-01.19:30:10::SCWMssOS::Sw design exists and opened at  C:/Users/Pedro/Documents/UA/CR/Labs/Lab4/CountDownTimerSoftware/workspace/mb_design_wrapper_1/microblaze_0/standalone_domain/bsp/system.mss
TRACE::2020-04-01.19:30:10::SCWPlatform::Trying to open the hw design at C:/Users/Pedro/Documents/UA/CR/Labs/Lab4/CountDownTimerSoftware/workspace/mb_design_wrapper_1/hw/mb_design_wrapper.xsa
TRACE::2020-04-01.19:30:10::SCWPlatform::DSA given C:/Users/Pedro/Documents/UA/CR/Labs/Lab4/CountDownTimerSoftware/workspace/mb_design_wrapper_1/hw/mb_design_wrapper.xsa
TRACE::2020-04-01.19:30:10::SCWPlatform::DSA absoulate path C:/Users/Pedro/Documents/UA/CR/Labs/Lab4/CountDownTimerSoftware/workspace/mb_design_wrapper_1/hw/mb_design_wrapper.xsa
TRACE::2020-04-01.19:30:10::SCWPlatform::DSA directory C:/Users/Pedro/Documents/UA/CR/Labs/Lab4/CountDownTimerSoftware/workspace/mb_design_wrapper_1/hw
TRACE::2020-04-01.19:30:10::SCWPlatform:: Platform Path C:/Users/Pedro/Documents/UA/CR/Labs/Lab4/CountDownTimerSoftware/workspace/mb_design_wrapper_1/hw/mb_design_wrapper.xsa
TRACE::2020-04-01.19:30:10::SCWPlatform:: Unique name xilinx:nexys4::0.0
TRACE::2020-04-01.19:30:10::SCWPlatform::Trying to set the existing hwdb with name mb_design_wrapper_0
TRACE::2020-04-01.19:30:10::SCWPlatform::Opened existing hwdb mb_design_wrapper_0
TRACE::2020-04-01.19:30:10::SCWPlatform::Found the Hw Db part of the input DSA
TRACE::2020-04-01.19:30:10::SCWMssOS::Checking the sw design at  C:/Users/Pedro/Documents/UA/CR/Labs/Lab4/CountDownTimerSoftware/workspace/mb_design_wrapper_1/microblaze_0/standalone_domain/bsp/system.mss
TRACE::2020-04-01.19:30:10::SCWMssOS::DEBUG:  swdes dump  C:/Users/Pedro/Documents/UA/CR/Labs/Lab4/CountDownTimerSoftware/workspace/mb_design_wrapper_1/microblaze_0/standalone_domain/bsp/system.mss|system||

TRACE::2020-04-01.19:30:10::SCWMssOS::Sw design exists and opened at  C:/Users/Pedro/Documents/UA/CR/Labs/Lab4/CountDownTimerSoftware/workspace/mb_design_wrapper_1/microblaze_0/standalone_domain/bsp/system.mss
TRACE::2020-04-01.19:30:10::SCWPlatform::Trying to open the hw design at C:/Users/Pedro/Documents/UA/CR/Labs/Lab4/CountDownTimerSoftware/workspace/mb_design_wrapper_1/hw/mb_design_wrapper.xsa
TRACE::2020-04-01.19:30:10::SCWPlatform::DSA given C:/Users/Pedro/Documents/UA/CR/Labs/Lab4/CountDownTimerSoftware/workspace/mb_design_wrapper_1/hw/mb_design_wrapper.xsa
TRACE::2020-04-01.19:30:10::SCWPlatform::DSA absoulate path C:/Users/Pedro/Documents/UA/CR/Labs/Lab4/CountDownTimerSoftware/workspace/mb_design_wrapper_1/hw/mb_design_wrapper.xsa
TRACE::2020-04-01.19:30:10::SCWPlatform::DSA directory C:/Users/Pedro/Documents/UA/CR/Labs/Lab4/CountDownTimerSoftware/workspace/mb_design_wrapper_1/hw
TRACE::2020-04-01.19:30:10::SCWPlatform:: Platform Path C:/Users/Pedro/Documents/UA/CR/Labs/Lab4/CountDownTimerSoftware/workspace/mb_design_wrapper_1/hw/mb_design_wrapper.xsa
TRACE::2020-04-01.19:30:10::SCWPlatform:: Unique name xilinx:nexys4::0.0
TRACE::2020-04-01.19:30:10::SCWPlatform::Trying to set the existing hwdb with name mb_design_wrapper_0
TRACE::2020-04-01.19:30:10::SCWPlatform::Opened existing hwdb mb_design_wrapper_0
TRACE::2020-04-01.19:30:10::SCWPlatform::Found the Hw Db part of the input DSA
TRACE::2020-04-01.19:30:10::SCWMssOS::Checking the sw design at  C:/Users/Pedro/Documents/UA/CR/Labs/Lab4/CountDownTimerSoftware/workspace/mb_design_wrapper_1/microblaze_0/standalone_domain/bsp/system.mss
TRACE::2020-04-01.19:30:10::SCWMssOS::DEBUG:  swdes dump  C:/Users/Pedro/Documents/UA/CR/Labs/Lab4/CountDownTimerSoftware/workspace/mb_design_wrapper_1/microblaze_0/standalone_domain/bsp/system.mss|system||

TRACE::2020-04-01.19:30:10::SCWMssOS::Sw design exists and opened at  C:/Users/Pedro/Documents/UA/CR/Labs/Lab4/CountDownTimerSoftware/workspace/mb_design_wrapper_1/microblaze_0/standalone_domain/bsp/system.mss
TRACE::2020-04-01.19:30:10::SCWPlatform::Trying to open the hw design at C:/Users/Pedro/Documents/UA/CR/Labs/Lab4/CountDownTimerSoftware/workspace/mb_design_wrapper_1/hw/mb_design_wrapper.xsa
TRACE::2020-04-01.19:30:10::SCWPlatform::DSA given C:/Users/Pedro/Documents/UA/CR/Labs/Lab4/CountDownTimerSoftware/workspace/mb_design_wrapper_1/hw/mb_design_wrapper.xsa
TRACE::2020-04-01.19:30:10::SCWPlatform::DSA absoulate path C:/Users/Pedro/Documents/UA/CR/Labs/Lab4/CountDownTimerSoftware/workspace/mb_design_wrapper_1/hw/mb_design_wrapper.xsa
TRACE::2020-04-01.19:30:10::SCWPlatform::DSA directory C:/Users/Pedro/Documents/UA/CR/Labs/Lab4/CountDownTimerSoftware/workspace/mb_design_wrapper_1/hw
TRACE::2020-04-01.19:30:10::SCWPlatform:: Platform Path C:/Users/Pedro/Documents/UA/CR/Labs/Lab4/CountDownTimerSoftware/workspace/mb_design_wrapper_1/hw/mb_design_wrapper.xsa
TRACE::2020-04-01.19:30:10::SCWPlatform:: Unique name xilinx:nexys4::0.0
TRACE::2020-04-01.19:30:10::SCWPlatform::Trying to set the existing hwdb with name mb_design_wrapper_0
TRACE::2020-04-01.19:30:10::SCWPlatform::Opened existing hwdb mb_design_wrapper_0
TRACE::2020-04-01.19:30:10::SCWPlatform::Found the Hw Db part of the input DSA
TRACE::2020-04-01.19:30:10::SCWMssOS::Checking the sw design at  C:/Users/Pedro/Documents/UA/CR/Labs/Lab4/CountDownTimerSoftware/workspace/mb_design_wrapper_1/microblaze_0/standalone_domain/bsp/system.mss
TRACE::2020-04-01.19:30:10::SCWMssOS::DEBUG:  swdes dump  C:/Users/Pedro/Documents/UA/CR/Labs/Lab4/CountDownTimerSoftware/workspace/mb_design_wrapper_1/microblaze_0/standalone_domain/bsp/system.mss|system||

TRACE::2020-04-01.19:30:10::SCWMssOS::Sw design exists and opened at  C:/Users/Pedro/Documents/UA/CR/Labs/Lab4/CountDownTimerSoftware/workspace/mb_design_wrapper_1/microblaze_0/standalone_domain/bsp/system.mss
TRACE::2020-04-01.19:30:10::SCWWriter::formatted JSON is {
	"platformName":	"mb_design_wrapper_1",
	"sprVersion":	"2.0",
	"mode":	"gui",
	"dsaType":	"Fixed",
	"platformDesc":	"mb_design_wrapper_1",
	"platHandOff":	"C:/Users/Pedro/Dropbox/UA/CR/Labs/Lab4/Nexys4DefaultPlatform/mb_design_wrapper.xsa",
	"platIntHandOff":	"<platformDir>/hw/mb_design_wrapper.xsa",
	"deviceType":	"FPGA",
	"platIsPrebuiltAutogen":	"false",
	"platIsNoBootBsp":	"false",
	"hasFsblMakeHasChanges":	"false",
	"hasPmufwMakeHasChanges":	"false",
	"platPreBuiltFlag":	false,
	"platformSamplesDir":	"",
	"platActiveSys":	"mb_design_wrapper_1",
	"systems":	[{
			"systemName":	"mb_design_wrapper_1",
			"systemDesc":	"mb_design_wrapper_1",
			"sysIsBootAutoGen":	"true",
			"systemDispName":	"mb_design_wrapper_1",
			"sysActiveDom":	"standalone_domain",
			"sysDefaultDom":	"standalone_domain",
			"domains":	[{
					"domainName":	"standalone_domain",
					"domainDispName":	"standalone on microblaze_0",
					"domainDesc":	"standalone_domain",
					"processors":	"microblaze_0",
					"os":	"standalone",
					"sdxOs":	"standalone",
					"debugEnable":	"False",
					"domRuntimes":	["cpp"],
					"swRepo":	"",
					"mssOsVer":	"7.1",
					"mssFile":	"",
					"md5Digest":	"1b97338188f161b9b05951aa1cb91d1e",
					"compatibleApp":	"hello_world",
					"domType":	"mssDomain",
					"arch":	"32-bit",
					"appSettings":	{
						"appCompilerFlags":	"",
						"appLinkerFlags":	""
					},
					"addedLibs":	[],
					"libOptions":	{
						"libsContainingOptions":	[]
					},
					"prebuiltLibs":	{
						"prebuiltIncPath":	[],
						"prebuiltLibPath":	[]
					},
					"isolation":	{
					}
				}]
		}]
}
TRACE::2020-04-01.19:30:10::SCWPlatform::Trying to open the hw design at C:/Users/Pedro/Documents/UA/CR/Labs/Lab4/CountDownTimerSoftware/workspace/mb_design_wrapper_1/hw/mb_design_wrapper.xsa
TRACE::2020-04-01.19:30:10::SCWPlatform::DSA given C:/Users/Pedro/Documents/UA/CR/Labs/Lab4/CountDownTimerSoftware/workspace/mb_design_wrapper_1/hw/mb_design_wrapper.xsa
TRACE::2020-04-01.19:30:10::SCWPlatform::DSA absoulate path C:/Users/Pedro/Documents/UA/CR/Labs/Lab4/CountDownTimerSoftware/workspace/mb_design_wrapper_1/hw/mb_design_wrapper.xsa
TRACE::2020-04-01.19:30:10::SCWPlatform::DSA directory C:/Users/Pedro/Documents/UA/CR/Labs/Lab4/CountDownTimerSoftware/workspace/mb_design_wrapper_1/hw
TRACE::2020-04-01.19:30:10::SCWPlatform:: Platform Path C:/Users/Pedro/Documents/UA/CR/Labs/Lab4/CountDownTimerSoftware/workspace/mb_design_wrapper_1/hw/mb_design_wrapper.xsa
TRACE::2020-04-01.19:30:10::SCWPlatform:: Unique name xilinx:nexys4::0.0
TRACE::2020-04-01.19:30:10::SCWPlatform::Trying to set the existing hwdb with name mb_design_wrapper_0
TRACE::2020-04-01.19:30:10::SCWPlatform::Opened existing hwdb mb_design_wrapper_0
TRACE::2020-04-01.19:30:10::SCWPlatform::Found the Hw Db part of the input DSA
TRACE::2020-04-01.19:30:10::SCWMssOS::Checking the sw design at  C:/Users/Pedro/Documents/UA/CR/Labs/Lab4/CountDownTimerSoftware/workspace/mb_design_wrapper_1/microblaze_0/standalone_domain/bsp/system.mss
TRACE::2020-04-01.19:30:10::SCWMssOS::DEBUG:  swdes dump  C:/Users/Pedro/Documents/UA/CR/Labs/Lab4/CountDownTimerSoftware/workspace/mb_design_wrapper_1/microblaze_0/standalone_domain/bsp/system.mss|system||

TRACE::2020-04-01.19:30:10::SCWMssOS::Sw design exists and opened at  C:/Users/Pedro/Documents/UA/CR/Labs/Lab4/CountDownTimerSoftware/workspace/mb_design_wrapper_1/microblaze_0/standalone_domain/bsp/system.mss
TRACE::2020-04-01.19:30:10::SCWPlatform::Trying to open the hw design at C:/Users/Pedro/Documents/UA/CR/Labs/Lab4/CountDownTimerSoftware/workspace/mb_design_wrapper_1/hw/mb_design_wrapper.xsa
TRACE::2020-04-01.19:30:10::SCWPlatform::DSA given C:/Users/Pedro/Documents/UA/CR/Labs/Lab4/CountDownTimerSoftware/workspace/mb_design_wrapper_1/hw/mb_design_wrapper.xsa
TRACE::2020-04-01.19:30:10::SCWPlatform::DSA absoulate path C:/Users/Pedro/Documents/UA/CR/Labs/Lab4/CountDownTimerSoftware/workspace/mb_design_wrapper_1/hw/mb_design_wrapper.xsa
TRACE::2020-04-01.19:30:10::SCWPlatform::DSA directory C:/Users/Pedro/Documents/UA/CR/Labs/Lab4/CountDownTimerSoftware/workspace/mb_design_wrapper_1/hw
TRACE::2020-04-01.19:30:10::SCWPlatform:: Platform Path C:/Users/Pedro/Documents/UA/CR/Labs/Lab4/CountDownTimerSoftware/workspace/mb_design_wrapper_1/hw/mb_design_wrapper.xsa
TRACE::2020-04-01.19:30:10::SCWPlatform:: Unique name xilinx:nexys4::0.0
TRACE::2020-04-01.19:30:10::SCWPlatform::Trying to set the existing hwdb with name mb_design_wrapper_0
TRACE::2020-04-01.19:30:10::SCWPlatform::Opened existing hwdb mb_design_wrapper_0
TRACE::2020-04-01.19:30:10::SCWPlatform::Found the Hw Db part of the input DSA
TRACE::2020-04-01.19:30:10::SCWMssOS::Checking the sw design at  C:/Users/Pedro/Documents/UA/CR/Labs/Lab4/CountDownTimerSoftware/workspace/mb_design_wrapper_1/microblaze_0/standalone_domain/bsp/system.mss
TRACE::2020-04-01.19:30:10::SCWMssOS::DEBUG:  swdes dump  C:/Users/Pedro/Documents/UA/CR/Labs/Lab4/CountDownTimerSoftware/workspace/mb_design_wrapper_1/microblaze_0/standalone_domain/bsp/system.mss|system||

TRACE::2020-04-01.19:30:10::SCWMssOS::Sw design exists and opened at  C:/Users/Pedro/Documents/UA/CR/Labs/Lab4/CountDownTimerSoftware/workspace/mb_design_wrapper_1/microblaze_0/standalone_domain/bsp/system.mss
TRACE::2020-04-01.19:30:10::SCWPlatform::Trying to open the hw design at C:/Users/Pedro/Documents/UA/CR/Labs/Lab4/CountDownTimerSoftware/workspace/mb_design_wrapper_1/hw/mb_design_wrapper.xsa
TRACE::2020-04-01.19:30:10::SCWPlatform::DSA given C:/Users/Pedro/Documents/UA/CR/Labs/Lab4/CountDownTimerSoftware/workspace/mb_design_wrapper_1/hw/mb_design_wrapper.xsa
TRACE::2020-04-01.19:30:10::SCWPlatform::DSA absoulate path C:/Users/Pedro/Documents/UA/CR/Labs/Lab4/CountDownTimerSoftware/workspace/mb_design_wrapper_1/hw/mb_design_wrapper.xsa
TRACE::2020-04-01.19:30:10::SCWPlatform::DSA directory C:/Users/Pedro/Documents/UA/CR/Labs/Lab4/CountDownTimerSoftware/workspace/mb_design_wrapper_1/hw
TRACE::2020-04-01.19:30:10::SCWPlatform:: Platform Path C:/Users/Pedro/Documents/UA/CR/Labs/Lab4/CountDownTimerSoftware/workspace/mb_design_wrapper_1/hw/mb_design_wrapper.xsa
TRACE::2020-04-01.19:30:10::SCWPlatform:: Unique name xilinx:nexys4::0.0
TRACE::2020-04-01.19:30:10::SCWPlatform::Trying to set the existing hwdb with name mb_design_wrapper_0
TRACE::2020-04-01.19:30:10::SCWPlatform::Opened existing hwdb mb_design_wrapper_0
TRACE::2020-04-01.19:30:10::SCWPlatform::Found the Hw Db part of the input DSA
TRACE::2020-04-01.19:30:10::SCWMssOS::Checking the sw design at  C:/Users/Pedro/Documents/UA/CR/Labs/Lab4/CountDownTimerSoftware/workspace/mb_design_wrapper_1/microblaze_0/standalone_domain/bsp/system.mss
TRACE::2020-04-01.19:30:10::SCWMssOS::DEBUG:  swdes dump  C:/Users/Pedro/Documents/UA/CR/Labs/Lab4/CountDownTimerSoftware/workspace/mb_design_wrapper_1/microblaze_0/standalone_domain/bsp/system.mss|system||

TRACE::2020-04-01.19:30:10::SCWMssOS::Sw design exists and opened at  C:/Users/Pedro/Documents/UA/CR/Labs/Lab4/CountDownTimerSoftware/workspace/mb_design_wrapper_1/microblaze_0/standalone_domain/bsp/system.mss
TRACE::2020-04-01.19:30:10::SCWPlatform::Trying to open the hw design at C:/Users/Pedro/Documents/UA/CR/Labs/Lab4/CountDownTimerSoftware/workspace/mb_design_wrapper_1/hw/mb_design_wrapper.xsa
TRACE::2020-04-01.19:30:10::SCWPlatform::DSA given C:/Users/Pedro/Documents/UA/CR/Labs/Lab4/CountDownTimerSoftware/workspace/mb_design_wrapper_1/hw/mb_design_wrapper.xsa
TRACE::2020-04-01.19:30:10::SCWPlatform::DSA absoulate path C:/Users/Pedro/Documents/UA/CR/Labs/Lab4/CountDownTimerSoftware/workspace/mb_design_wrapper_1/hw/mb_design_wrapper.xsa
TRACE::2020-04-01.19:30:10::SCWPlatform::DSA directory C:/Users/Pedro/Documents/UA/CR/Labs/Lab4/CountDownTimerSoftware/workspace/mb_design_wrapper_1/hw
TRACE::2020-04-01.19:30:10::SCWPlatform:: Platform Path C:/Users/Pedro/Documents/UA/CR/Labs/Lab4/CountDownTimerSoftware/workspace/mb_design_wrapper_1/hw/mb_design_wrapper.xsa
TRACE::2020-04-01.19:30:10::SCWPlatform:: Unique name xilinx:nexys4::0.0
TRACE::2020-04-01.19:30:10::SCWPlatform::Trying to set the existing hwdb with name mb_design_wrapper_0
TRACE::2020-04-01.19:30:10::SCWPlatform::Opened existing hwdb mb_design_wrapper_0
TRACE::2020-04-01.19:30:10::SCWPlatform::Found the Hw Db part of the input DSA
TRACE::2020-04-01.19:30:10::SCWMssOS::Checking the sw design at  C:/Users/Pedro/Documents/UA/CR/Labs/Lab4/CountDownTimerSoftware/workspace/mb_design_wrapper_1/microblaze_0/standalone_domain/bsp/system.mss
TRACE::2020-04-01.19:30:10::SCWMssOS::DEBUG:  swdes dump  C:/Users/Pedro/Documents/UA/CR/Labs/Lab4/CountDownTimerSoftware/workspace/mb_design_wrapper_1/microblaze_0/standalone_domain/bsp/system.mss|system||

TRACE::2020-04-01.19:30:10::SCWMssOS::Sw design exists and opened at  C:/Users/Pedro/Documents/UA/CR/Labs/Lab4/CountDownTimerSoftware/workspace/mb_design_wrapper_1/microblaze_0/standalone_domain/bsp/system.mss
TRACE::2020-04-01.19:30:10::SCWPlatform::Trying to open the hw design at C:/Users/Pedro/Documents/UA/CR/Labs/Lab4/CountDownTimerSoftware/workspace/mb_design_wrapper_1/hw/mb_design_wrapper.xsa
TRACE::2020-04-01.19:30:10::SCWPlatform::DSA given C:/Users/Pedro/Documents/UA/CR/Labs/Lab4/CountDownTimerSoftware/workspace/mb_design_wrapper_1/hw/mb_design_wrapper.xsa
TRACE::2020-04-01.19:30:10::SCWPlatform::DSA absoulate path C:/Users/Pedro/Documents/UA/CR/Labs/Lab4/CountDownTimerSoftware/workspace/mb_design_wrapper_1/hw/mb_design_wrapper.xsa
TRACE::2020-04-01.19:30:10::SCWPlatform::DSA directory C:/Users/Pedro/Documents/UA/CR/Labs/Lab4/CountDownTimerSoftware/workspace/mb_design_wrapper_1/hw
TRACE::2020-04-01.19:30:10::SCWPlatform:: Platform Path C:/Users/Pedro/Documents/UA/CR/Labs/Lab4/CountDownTimerSoftware/workspace/mb_design_wrapper_1/hw/mb_design_wrapper.xsa
TRACE::2020-04-01.19:30:10::SCWPlatform:: Unique name xilinx:nexys4::0.0
TRACE::2020-04-01.19:30:10::SCWPlatform::Trying to set the existing hwdb with name mb_design_wrapper_0
TRACE::2020-04-01.19:30:10::SCWPlatform::Opened existing hwdb mb_design_wrapper_0
TRACE::2020-04-01.19:30:10::SCWPlatform::Found the Hw Db part of the input DSA
TRACE::2020-04-01.19:30:10::SCWMssOS::Checking the sw design at  C:/Users/Pedro/Documents/UA/CR/Labs/Lab4/CountDownTimerSoftware/workspace/mb_design_wrapper_1/microblaze_0/standalone_domain/bsp/system.mss
TRACE::2020-04-01.19:30:10::SCWMssOS::DEBUG:  swdes dump  C:/Users/Pedro/Documents/UA/CR/Labs/Lab4/CountDownTimerSoftware/workspace/mb_design_wrapper_1/microblaze_0/standalone_domain/bsp/system.mss|system||

TRACE::2020-04-01.19:30:10::SCWMssOS::Sw design exists and opened at  C:/Users/Pedro/Documents/UA/CR/Labs/Lab4/CountDownTimerSoftware/workspace/mb_design_wrapper_1/microblaze_0/standalone_domain/bsp/system.mss
TRACE::2020-04-01.19:30:10::SCWWriter::formatted JSON is {
	"platformName":	"mb_design_wrapper_1",
	"sprVersion":	"2.0",
	"mode":	"gui",
	"dsaType":	"Fixed",
	"platformDesc":	"mb_design_wrapper_1",
	"platHandOff":	"C:/Users/Pedro/Dropbox/UA/CR/Labs/Lab4/Nexys4DefaultPlatform/mb_design_wrapper.xsa",
	"platIntHandOff":	"<platformDir>/hw/mb_design_wrapper.xsa",
	"deviceType":	"FPGA",
	"platIsPrebuiltAutogen":	"false",
	"platIsNoBootBsp":	"false",
	"hasFsblMakeHasChanges":	"false",
	"hasPmufwMakeHasChanges":	"false",
	"platPreBuiltFlag":	false,
	"platformSamplesDir":	"",
	"platActiveSys":	"mb_design_wrapper_1",
	"systems":	[{
			"systemName":	"mb_design_wrapper_1",
			"systemDesc":	"mb_design_wrapper_1",
			"sysIsBootAutoGen":	"true",
			"systemDispName":	"mb_design_wrapper_1",
			"sysActiveDom":	"standalone_domain",
			"sysDefaultDom":	"standalone_domain",
			"domains":	[{
					"domainName":	"standalone_domain",
					"domainDispName":	"standalone on microblaze_0",
					"domainDesc":	"standalone_domain",
					"processors":	"microblaze_0",
					"os":	"standalone",
					"sdxOs":	"standalone",
					"debugEnable":	"False",
					"domRuntimes":	["cpp"],
					"swRepo":	"",
					"mssOsVer":	"7.1",
					"mssFile":	"",
					"md5Digest":	"1b97338188f161b9b05951aa1cb91d1e",
					"compatibleApp":	"hello_world",
					"domType":	"mssDomain",
					"arch":	"32-bit",
					"appSettings":	{
						"appCompilerFlags":	"",
						"appLinkerFlags":	""
					},
					"addedLibs":	[],
					"libOptions":	{
						"libsContainingOptions":	[]
					},
					"prebuiltLibs":	{
						"prebuiltIncPath":	[],
						"prebuiltLibPath":	[]
					},
					"isolation":	{
					}
				}]
		}]
}
LOG::2020-04-01.19:30:10::SCWPlatform::Started generating the artifacts platform mb_design_wrapper_1
TRACE::2020-04-01.19:30:10::SCWPlatform::Sanity checking of platform is completed
LOG::2020-04-01.19:30:10::SCWPlatform::Started generating the artifacts for system configuration mb_design_wrapper_1
LOG::2020-04-01.19:30:10::SCWSystem::Started Processing the domain standalone_domain
TRACE::2020-04-01.19:30:10::SCWDomain::Generating domain artifcats
TRACE::2020-04-01.19:30:10::SCWMssOS::Generating standalone artifcats
TRACE::2020-04-01.19:30:10::SCWMssOS:: Copying the user libraries. 
TRACE::2020-04-01.19:30:10::SCWPlatform::Trying to open the hw design at C:/Users/Pedro/Documents/UA/CR/Labs/Lab4/CountDownTimerSoftware/workspace/mb_design_wrapper_1/hw/mb_design_wrapper.xsa
TRACE::2020-04-01.19:30:10::SCWPlatform::DSA given C:/Users/Pedro/Documents/UA/CR/Labs/Lab4/CountDownTimerSoftware/workspace/mb_design_wrapper_1/hw/mb_design_wrapper.xsa
TRACE::2020-04-01.19:30:10::SCWPlatform::DSA absoulate path C:/Users/Pedro/Documents/UA/CR/Labs/Lab4/CountDownTimerSoftware/workspace/mb_design_wrapper_1/hw/mb_design_wrapper.xsa
TRACE::2020-04-01.19:30:10::SCWPlatform::DSA directory C:/Users/Pedro/Documents/UA/CR/Labs/Lab4/CountDownTimerSoftware/workspace/mb_design_wrapper_1/hw
TRACE::2020-04-01.19:30:10::SCWPlatform:: Platform Path C:/Users/Pedro/Documents/UA/CR/Labs/Lab4/CountDownTimerSoftware/workspace/mb_design_wrapper_1/hw/mb_design_wrapper.xsa
TRACE::2020-04-01.19:30:10::SCWPlatform:: Unique name xilinx:nexys4::0.0
TRACE::2020-04-01.19:30:10::SCWPlatform::Trying to set the existing hwdb with name mb_design_wrapper_0
TRACE::2020-04-01.19:30:10::SCWPlatform::Opened existing hwdb mb_design_wrapper_0
TRACE::2020-04-01.19:30:10::SCWPlatform::Found the Hw Db part of the input DSA
TRACE::2020-04-01.19:30:10::SCWMssOS::Checking the sw design at  C:/Users/Pedro/Documents/UA/CR/Labs/Lab4/CountDownTimerSoftware/workspace/mb_design_wrapper_1/microblaze_0/standalone_domain/bsp/system.mss
TRACE::2020-04-01.19:30:10::SCWMssOS::DEBUG:  swdes dump  C:/Users/Pedro/Documents/UA/CR/Labs/Lab4/CountDownTimerSoftware/workspace/mb_design_wrapper_1/microblaze_0/standalone_domain/bsp/system.mss|system||

TRACE::2020-04-01.19:30:10::SCWMssOS::Sw design exists and opened at  C:/Users/Pedro/Documents/UA/CR/Labs/Lab4/CountDownTimerSoftware/workspace/mb_design_wrapper_1/microblaze_0/standalone_domain/bsp/system.mss
TRACE::2020-04-01.19:30:10::SCWMssOS::Completed writing the mss file at C:/Users/Pedro/Documents/UA/CR/Labs/Lab4/CountDownTimerSoftware/workspace/mb_design_wrapper_1/microblaze_0/standalone_domain/bsp
TRACE::2020-04-01.19:30:10::SCWMssOS::Mss edits present, copying mssfile into export location C:/Users/Pedro/Documents/UA/CR/Labs/Lab4/CountDownTimerSoftware/workspace/mb_design_wrapper_1/microblaze_0/standalone_domain/bsp/system.mss
TRACE::2020-04-01.19:30:10::SCWMssOS::bsp generated is upto date with the mss file. Skipping bsp generation.
TRACE::2020-04-01.19:30:10::SCWMssOS::BSP is already built. skipping the bsp build ... 
TRACE::2020-04-01.19:30:10::SCWDomain::Building the domain as part of full build :  standalone_domain
TRACE::2020-04-01.19:30:10::SCWMssOS::skipping the bsp build ... 
TRACE::2020-04-01.19:30:10::SCWMssOS::Copying to export directory.
TRACE::2020-04-01.19:30:10::SCWMssOS:: Checking if to create the Supporting Applications
TRACE::2020-04-01.19:30:10::SCWMssOS:: No Linux domain exists, trying to generate FSBL 
LOG::2020-04-01.19:30:10::SCWSystem::Completed Processing the domain standalone_domain
LOG::2020-04-01.19:30:10::SCWSystem::Completed Processing the sysconfig mb_design_wrapper_1
LOG::2020-04-01.19:30:11::SCWPlatform::Completed generating the artifacts for system configuration mb_design_wrapper_1
TRACE::2020-04-01.19:30:11::SCWPlatform::Started preparing the platform 
TRACE::2020-04-01.19:30:11::SCWSystem::Writing the bif file for system config mb_design_wrapper_1
TRACE::2020-04-01.19:30:11::SCWSystem::dir created 
TRACE::2020-04-01.19:30:11::SCWSystem::Writing the bif 
TRACE::2020-04-01.19:30:11::SCWPlatform::Started writing the spfm file 
TRACE::2020-04-01.19:30:11::SCWPlatform::Started writing the xpfm file 
TRACE::2020-04-01.19:30:11::SCWPlatform::Completed generating the platform
TRACE::2020-04-01.19:30:11::SCWPlatform::Trying to open the hw design at C:/Users/Pedro/Documents/UA/CR/Labs/Lab4/CountDownTimerSoftware/workspace/mb_design_wrapper_1/hw/mb_design_wrapper.xsa
TRACE::2020-04-01.19:30:11::SCWPlatform::DSA given C:/Users/Pedro/Documents/UA/CR/Labs/Lab4/CountDownTimerSoftware/workspace/mb_design_wrapper_1/hw/mb_design_wrapper.xsa
TRACE::2020-04-01.19:30:11::SCWPlatform::DSA absoulate path C:/Users/Pedro/Documents/UA/CR/Labs/Lab4/CountDownTimerSoftware/workspace/mb_design_wrapper_1/hw/mb_design_wrapper.xsa
TRACE::2020-04-01.19:30:11::SCWPlatform::DSA directory C:/Users/Pedro/Documents/UA/CR/Labs/Lab4/CountDownTimerSoftware/workspace/mb_design_wrapper_1/hw
TRACE::2020-04-01.19:30:11::SCWPlatform:: Platform Path C:/Users/Pedro/Documents/UA/CR/Labs/Lab4/CountDownTimerSoftware/workspace/mb_design_wrapper_1/hw/mb_design_wrapper.xsa
TRACE::2020-04-01.19:30:11::SCWPlatform:: Unique name xilinx:nexys4::0.0
TRACE::2020-04-01.19:30:11::SCWPlatform::Trying to set the existing hwdb with name mb_design_wrapper_0
TRACE::2020-04-01.19:30:11::SCWPlatform::Opened existing hwdb mb_design_wrapper_0
TRACE::2020-04-01.19:30:11::SCWPlatform::Found the Hw Db part of the input DSA
TRACE::2020-04-01.19:30:11::SCWMssOS::Checking the sw design at  C:/Users/Pedro/Documents/UA/CR/Labs/Lab4/CountDownTimerSoftware/workspace/mb_design_wrapper_1/microblaze_0/standalone_domain/bsp/system.mss
TRACE::2020-04-01.19:30:11::SCWMssOS::DEBUG:  swdes dump  C:/Users/Pedro/Documents/UA/CR/Labs/Lab4/CountDownTimerSoftware/workspace/mb_design_wrapper_1/microblaze_0/standalone_domain/bsp/system.mss|system||

TRACE::2020-04-01.19:30:11::SCWMssOS::Sw design exists and opened at  C:/Users/Pedro/Documents/UA/CR/Labs/Lab4/CountDownTimerSoftware/workspace/mb_design_wrapper_1/microblaze_0/standalone_domain/bsp/system.mss
TRACE::2020-04-01.19:30:11::SCWPlatform::Trying to open the hw design at C:/Users/Pedro/Documents/UA/CR/Labs/Lab4/CountDownTimerSoftware/workspace/mb_design_wrapper_1/hw/mb_design_wrapper.xsa
TRACE::2020-04-01.19:30:11::SCWPlatform::DSA given C:/Users/Pedro/Documents/UA/CR/Labs/Lab4/CountDownTimerSoftware/workspace/mb_design_wrapper_1/hw/mb_design_wrapper.xsa
TRACE::2020-04-01.19:30:11::SCWPlatform::DSA absoulate path C:/Users/Pedro/Documents/UA/CR/Labs/Lab4/CountDownTimerSoftware/workspace/mb_design_wrapper_1/hw/mb_design_wrapper.xsa
TRACE::2020-04-01.19:30:11::SCWPlatform::DSA directory C:/Users/Pedro/Documents/UA/CR/Labs/Lab4/CountDownTimerSoftware/workspace/mb_design_wrapper_1/hw
TRACE::2020-04-01.19:30:11::SCWPlatform:: Platform Path C:/Users/Pedro/Documents/UA/CR/Labs/Lab4/CountDownTimerSoftware/workspace/mb_design_wrapper_1/hw/mb_design_wrapper.xsa
TRACE::2020-04-01.19:30:11::SCWPlatform:: Unique name xilinx:nexys4::0.0
TRACE::2020-04-01.19:30:11::SCWPlatform::Trying to set the existing hwdb with name mb_design_wrapper_0
TRACE::2020-04-01.19:30:11::SCWPlatform::Opened existing hwdb mb_design_wrapper_0
TRACE::2020-04-01.19:30:11::SCWPlatform::Found the Hw Db part of the input DSA
TRACE::2020-04-01.19:30:11::SCWMssOS::Checking the sw design at  C:/Users/Pedro/Documents/UA/CR/Labs/Lab4/CountDownTimerSoftware/workspace/mb_design_wrapper_1/microblaze_0/standalone_domain/bsp/system.mss
TRACE::2020-04-01.19:30:11::SCWMssOS::DEBUG:  swdes dump  C:/Users/Pedro/Documents/UA/CR/Labs/Lab4/CountDownTimerSoftware/workspace/mb_design_wrapper_1/microblaze_0/standalone_domain/bsp/system.mss|system||

TRACE::2020-04-01.19:30:11::SCWMssOS::Sw design exists and opened at  C:/Users/Pedro/Documents/UA/CR/Labs/Lab4/CountDownTimerSoftware/workspace/mb_design_wrapper_1/microblaze_0/standalone_domain/bsp/system.mss
TRACE::2020-04-01.19:30:11::SCWPlatform::Trying to open the hw design at C:/Users/Pedro/Documents/UA/CR/Labs/Lab4/CountDownTimerSoftware/workspace/mb_design_wrapper_1/hw/mb_design_wrapper.xsa
TRACE::2020-04-01.19:30:11::SCWPlatform::DSA given C:/Users/Pedro/Documents/UA/CR/Labs/Lab4/CountDownTimerSoftware/workspace/mb_design_wrapper_1/hw/mb_design_wrapper.xsa
TRACE::2020-04-01.19:30:11::SCWPlatform::DSA absoulate path C:/Users/Pedro/Documents/UA/CR/Labs/Lab4/CountDownTimerSoftware/workspace/mb_design_wrapper_1/hw/mb_design_wrapper.xsa
TRACE::2020-04-01.19:30:11::SCWPlatform::DSA directory C:/Users/Pedro/Documents/UA/CR/Labs/Lab4/CountDownTimerSoftware/workspace/mb_design_wrapper_1/hw
TRACE::2020-04-01.19:30:11::SCWPlatform:: Platform Path C:/Users/Pedro/Documents/UA/CR/Labs/Lab4/CountDownTimerSoftware/workspace/mb_design_wrapper_1/hw/mb_design_wrapper.xsa
TRACE::2020-04-01.19:30:11::SCWPlatform:: Unique name xilinx:nexys4::0.0
TRACE::2020-04-01.19:30:11::SCWPlatform::Trying to set the existing hwdb with name mb_design_wrapper_0
TRACE::2020-04-01.19:30:11::SCWPlatform::Opened existing hwdb mb_design_wrapper_0
TRACE::2020-04-01.19:30:11::SCWPlatform::Found the Hw Db part of the input DSA
TRACE::2020-04-01.19:30:11::SCWMssOS::Checking the sw design at  C:/Users/Pedro/Documents/UA/CR/Labs/Lab4/CountDownTimerSoftware/workspace/mb_design_wrapper_1/microblaze_0/standalone_domain/bsp/system.mss
TRACE::2020-04-01.19:30:11::SCWMssOS::DEBUG:  swdes dump  C:/Users/Pedro/Documents/UA/CR/Labs/Lab4/CountDownTimerSoftware/workspace/mb_design_wrapper_1/microblaze_0/standalone_domain/bsp/system.mss|system||

TRACE::2020-04-01.19:30:11::SCWMssOS::Sw design exists and opened at  C:/Users/Pedro/Documents/UA/CR/Labs/Lab4/CountDownTimerSoftware/workspace/mb_design_wrapper_1/microblaze_0/standalone_domain/bsp/system.mss
TRACE::2020-04-01.19:30:11::SCWWriter::formatted JSON is {
	"platformName":	"mb_design_wrapper_1",
	"sprVersion":	"2.0",
	"mode":	"gui",
	"dsaType":	"Fixed",
	"platformDesc":	"mb_design_wrapper_1",
	"platHandOff":	"C:/Users/Pedro/Dropbox/UA/CR/Labs/Lab4/Nexys4DefaultPlatform/mb_design_wrapper.xsa",
	"platIntHandOff":	"<platformDir>/hw/mb_design_wrapper.xsa",
	"deviceType":	"FPGA",
	"platIsPrebuiltAutogen":	"false",
	"platIsNoBootBsp":	"false",
	"hasFsblMakeHasChanges":	"false",
	"hasPmufwMakeHasChanges":	"false",
	"platPreBuiltFlag":	false,
	"platformSamplesDir":	"",
	"platActiveSys":	"mb_design_wrapper_1",
	"systems":	[{
			"systemName":	"mb_design_wrapper_1",
			"systemDesc":	"mb_design_wrapper_1",
			"sysIsBootAutoGen":	"true",
			"systemDispName":	"mb_design_wrapper_1",
			"sysActiveDom":	"standalone_domain",
			"sysDefaultDom":	"standalone_domain",
			"domains":	[{
					"domainName":	"standalone_domain",
					"domainDispName":	"standalone on microblaze_0",
					"domainDesc":	"standalone_domain",
					"processors":	"microblaze_0",
					"os":	"standalone",
					"sdxOs":	"standalone",
					"debugEnable":	"False",
					"domRuntimes":	["cpp"],
					"swRepo":	"",
					"mssOsVer":	"7.1",
					"mssFile":	"",
					"md5Digest":	"1b97338188f161b9b05951aa1cb91d1e",
					"compatibleApp":	"hello_world",
					"domType":	"mssDomain",
					"arch":	"32-bit",
					"appSettings":	{
						"appCompilerFlags":	"",
						"appLinkerFlags":	""
					},
					"addedLibs":	[],
					"libOptions":	{
						"libsContainingOptions":	[]
					},
					"prebuiltLibs":	{
						"prebuiltIncPath":	[],
						"prebuiltLibPath":	[]
					},
					"isolation":	{
					}
				}]
		}]
}
KEYINFO::2020-04-01.19:30:11::SCWPlatform::updated the xpfm file.
LOG::2020-04-01.22:50:20::SCWPlatform::Started generating the artifacts platform mb_design_wrapper_1
TRACE::2020-04-01.22:50:20::SCWPlatform::Sanity checking of platform is completed
LOG::2020-04-01.22:50:20::SCWPlatform::Started generating the artifacts for system configuration mb_design_wrapper_1
LOG::2020-04-01.22:50:20::SCWSystem::Checking the domain standalone_domain
LOG::2020-04-01.22:50:20::SCWSystem::Not a boot domain 
LOG::2020-04-01.22:50:20::SCWSystem::Started Processing the domain standalone_domain
TRACE::2020-04-01.22:50:20::SCWDomain::Generating domain artifcats
TRACE::2020-04-01.22:50:20::SCWMssOS::Generating standalone artifcats
TRACE::2020-04-01.22:50:20::SCWMssOS:: Copying the user libraries. 
TRACE::2020-04-01.22:50:20::SCWPlatform::Trying to open the hw design at C:/Users/Pedro/Documents/UA/CR/Labs/Lab4/CountDownTimerSoftware/workspace/mb_design_wrapper_1/hw/mb_design_wrapper.xsa
TRACE::2020-04-01.22:50:20::SCWPlatform::DSA given C:/Users/Pedro/Documents/UA/CR/Labs/Lab4/CountDownTimerSoftware/workspace/mb_design_wrapper_1/hw/mb_design_wrapper.xsa
TRACE::2020-04-01.22:50:20::SCWPlatform::DSA absoulate path C:/Users/Pedro/Documents/UA/CR/Labs/Lab4/CountDownTimerSoftware/workspace/mb_design_wrapper_1/hw/mb_design_wrapper.xsa
TRACE::2020-04-01.22:50:20::SCWPlatform::DSA directory C:/Users/Pedro/Documents/UA/CR/Labs/Lab4/CountDownTimerSoftware/workspace/mb_design_wrapper_1/hw
TRACE::2020-04-01.22:50:20::SCWPlatform:: Platform Path C:/Users/Pedro/Documents/UA/CR/Labs/Lab4/CountDownTimerSoftware/workspace/mb_design_wrapper_1/hw/mb_design_wrapper.xsa
TRACE::2020-04-01.22:50:20::SCWPlatform:: Unique name xilinx:nexys4::0.0
TRACE::2020-04-01.22:50:20::SCWPlatform::Trying to set the existing hwdb with name mb_design_wrapper_0
TRACE::2020-04-01.22:50:20::SCWPlatform::Opened existing hwdb mb_design_wrapper_0
TRACE::2020-04-01.22:50:20::SCWPlatform::Found the Hw Db part of the input DSA
TRACE::2020-04-01.22:50:20::SCWMssOS::Checking the sw design at  C:/Users/Pedro/Documents/UA/CR/Labs/Lab4/CountDownTimerSoftware/workspace/mb_design_wrapper_1/microblaze_0/standalone_domain/bsp/system.mss
TRACE::2020-04-01.22:50:20::SCWMssOS::DEBUG:  swdes dump  C:/Users/Pedro/Documents/UA/CR/Labs/Lab4/CountDownTimerSoftware/workspace/mb_design_wrapper_1/microblaze_0/standalone_domain/bsp/system.mss|system||

TRACE::2020-04-01.22:50:20::SCWMssOS::Sw design exists and opened at  C:/Users/Pedro/Documents/UA/CR/Labs/Lab4/CountDownTimerSoftware/workspace/mb_design_wrapper_1/microblaze_0/standalone_domain/bsp/system.mss
TRACE::2020-04-01.22:50:20::SCWMssOS::Completed writing the mss file at C:/Users/Pedro/Documents/UA/CR/Labs/Lab4/CountDownTimerSoftware/workspace/mb_design_wrapper_1/microblaze_0/standalone_domain/bsp
TRACE::2020-04-01.22:50:20::SCWMssOS::Mss edits present, copying mssfile into export location C:/Users/Pedro/Documents/UA/CR/Labs/Lab4/CountDownTimerSoftware/workspace/mb_design_wrapper_1/microblaze_0/standalone_domain/bsp/system.mss
TRACE::2020-04-01.22:50:20::SCWMssOS::bsp generated is upto date with the mss file. Skipping bsp generation.
TRACE::2020-04-01.22:50:20::SCWMssOS::BSP is already built. skipping the bsp build ... 
TRACE::2020-04-01.22:50:20::SCWDomain::Building the domain as part of full build :  standalone_domain
TRACE::2020-04-01.22:50:20::SCWMssOS::doing bsp build ... 
TRACE::2020-04-01.22:50:20::SCWMssOS::System Command Ran  C: & cd  C:/Users/Pedro/Documents/UA/CR/Labs/Lab4/CountDownTimerSoftware/workspace/mb_design_wrapper_1/microblaze_0/standalone_domain/bsp & make 
TRACE::2020-04-01.22:50:21::SCWMssOS::"Running Make include in microblaze_0/libsrc/bram_v4_3/src"

TRACE::2020-04-01.22:50:21::SCWMssOS::make -C microblaze_0/libsrc/bram_v4_3/src -s include  "SHELL=CMD" "COMPILER=mb-gcc" "ASSEMBLER=mb-as" "ARCHIVER=mb-ar" "COMPILE
TRACE::2020-04-01.22:50:21::SCWMssOS::R_FLAGS=  -O2 -c -mcpu=v11.0 -mlittle-endian -mno-xl-soft-div -mno-xl-soft-mul -mxl-barrel-shift" "EXTRA_COMPILER_FLAGS=-g -ffu
TRACE::2020-04-01.22:50:21::SCWMssOS::nction-sections -fdata-sections -Wall -Wextra"

TRACE::2020-04-01.22:50:21::SCWMssOS::"Running Make include in microblaze_0/libsrc/cpu_v2_10/src"

TRACE::2020-04-01.22:50:21::SCWMssOS::make -C microblaze_0/libsrc/cpu_v2_10/src -s include  "SHELL=CMD" "COMPILER=mb-gcc" "ASSEMBLER=mb-as" "ARCHIVER=mb-ar" "COMPILE
TRACE::2020-04-01.22:50:21::SCWMssOS::R_FLAGS=  -O2 -c -mcpu=v11.0 -mlittle-endian -mno-xl-soft-div -mno-xl-soft-mul -mxl-barrel-shift" "EXTRA_COMPILER_FLAGS=-g -ffu
TRACE::2020-04-01.22:50:21::SCWMssOS::nction-sections -fdata-sections -Wall -Wextra"

TRACE::2020-04-01.22:50:21::SCWMssOS::"Running Make include in microblaze_0/libsrc/gpio_v4_5/src"

TRACE::2020-04-01.22:50:21::SCWMssOS::make -C microblaze_0/libsrc/gpio_v4_5/src -s include  "SHELL=CMD" "COMPILER=mb-gcc" "ASSEMBLER=mb-as" "ARCHIVER=mb-ar" "COMPILE
TRACE::2020-04-01.22:50:21::SCWMssOS::R_FLAGS=  -O2 -c -mcpu=v11.0 -mlittle-endian -mno-xl-soft-div -mno-xl-soft-mul -mxl-barrel-shift" "EXTRA_COMPILER_FLAGS=-g -ffu
TRACE::2020-04-01.22:50:21::SCWMssOS::nction-sections -fdata-sections -Wall -Wextra"

TRACE::2020-04-01.22:50:21::SCWMssOS::"Running Make include in microblaze_0/libsrc/intc_v3_10/src"

TRACE::2020-04-01.22:50:21::SCWMssOS::make -C microblaze_0/libsrc/intc_v3_10/src -s include  "SHELL=CMD" "COMPILER=mb-gcc" "ASSEMBLER=mb-as" "ARCHIVER=mb-ar" "COMPIL
TRACE::2020-04-01.22:50:21::SCWMssOS::ER_FLAGS=  -O2 -c -mcpu=v11.0 -mlittle-endian -mno-xl-soft-div -mno-xl-soft-mul -mxl-barrel-shift" "EXTRA_COMPILER_FLAGS=-g -ff
TRACE::2020-04-01.22:50:21::SCWMssOS::unction-sections -fdata-sections -Wall -Wextra"

TRACE::2020-04-01.22:50:22::SCWMssOS::"Running Make include in microblaze_0/libsrc/standalone_v7_1/src"

TRACE::2020-04-01.22:50:22::SCWMssOS::make -C microblaze_0/libsrc/standalone_v7_1/src -s include  "SHELL=CMD" "COMPILER=mb-gcc" "ASSEMBLER=mb-as" "ARCHIVER=mb-ar" "C
TRACE::2020-04-01.22:50:22::SCWMssOS::OMPILER_FLAGS=  -O2 -c -mcpu=v11.0 -mlittle-endian -mno-xl-soft-div -mno-xl-soft-mul -mxl-barrel-shift" "EXTRA_COMPILER_FLAGS=-
TRACE::2020-04-01.22:50:22::SCWMssOS::g -ffunction-sections -fdata-sections -Wall -Wextra"

TRACE::2020-04-01.22:50:22::SCWMssOS::"Running Make include in microblaze_0/libsrc/tmrctr_v4_5/src"

TRACE::2020-04-01.22:50:22::SCWMssOS::make -C microblaze_0/libsrc/tmrctr_v4_5/src -s include  "SHELL=CMD" "COMPILER=mb-gcc" "ASSEMBLER=mb-as" "ARCHIVER=mb-ar" "COMPI
TRACE::2020-04-01.22:50:22::SCWMssOS::LER_FLAGS=  -O2 -c -mcpu=v11.0 -mlittle-endian -mno-xl-soft-div -mno-xl-soft-mul -mxl-barrel-shift" "EXTRA_COMPILER_FLAGS=-g -f
TRACE::2020-04-01.22:50:22::SCWMssOS::function-sections -fdata-sections -Wall -Wextra"

TRACE::2020-04-01.22:50:22::SCWMssOS::"Running Make include in microblaze_0/libsrc/uartlite_v3_3/src"

TRACE::2020-04-01.22:50:22::SCWMssOS::make -C microblaze_0/libsrc/uartlite_v3_3/src -s include  "SHELL=CMD" "COMPILER=mb-gcc" "ASSEMBLER=mb-as" "ARCHIVER=mb-ar" "COM
TRACE::2020-04-01.22:50:22::SCWMssOS::PILER_FLAGS=  -O2 -c -mcpu=v11.0 -mlittle-endian -mno-xl-soft-div -mno-xl-soft-mul -mxl-barrel-shift" "EXTRA_COMPILER_FLAGS=-g 
TRACE::2020-04-01.22:50:22::SCWMssOS::-ffunction-sections -fdata-sections -Wall -Wextra"

TRACE::2020-04-01.22:50:23::SCWMssOS::"Running Make libs in microblaze_0/libsrc/bram_v4_3/src"

TRACE::2020-04-01.22:50:23::SCWMssOS::make -C microblaze_0/libsrc/bram_v4_3/src -s libs  "SHELL=CMD" "COMPILER=mb-gcc" "ASSEMBLER=mb-as" "ARCHIVER=mb-ar" "COMPILER_F
TRACE::2020-04-01.22:50:23::SCWMssOS::LAGS=  -O2 -c -mcpu=v11.0 -mlittle-endian -mno-xl-soft-div -mno-xl-soft-mul -mxl-barrel-shift" "EXTRA_COMPILER_FLAGS=-g -ffunct
TRACE::2020-04-01.22:50:23::SCWMssOS::ion-sections -fdata-sections -Wall -Wextra"

TRACE::2020-04-01.22:50:23::SCWMssOS::"Compiling bram"

TRACE::2020-04-01.22:50:24::SCWMssOS::"Running Make libs in microblaze_0/libsrc/cpu_v2_10/src"

TRACE::2020-04-01.22:50:24::SCWMssOS::make -C microblaze_0/libsrc/cpu_v2_10/src -s libs  "SHELL=CMD" "COMPILER=mb-gcc" "ASSEMBLER=mb-as" "ARCHIVER=mb-ar" "COMPILER_F
TRACE::2020-04-01.22:50:24::SCWMssOS::LAGS=  -O2 -c -mcpu=v11.0 -mlittle-endian -mno-xl-soft-div -mno-xl-soft-mul -mxl-barrel-shift" "EXTRA_COMPILER_FLAGS=-g -ffunct
TRACE::2020-04-01.22:50:24::SCWMssOS::ion-sections -fdata-sections -Wall -Wextra"

TRACE::2020-04-01.22:50:24::SCWMssOS::"Compiling cpu"

TRACE::2020-04-01.22:50:25::SCWMssOS::"Running Make libs in microblaze_0/libsrc/gpio_v4_5/src"

TRACE::2020-04-01.22:50:25::SCWMssOS::make -C microblaze_0/libsrc/gpio_v4_5/src -s libs  "SHELL=CMD" "COMPILER=mb-gcc" "ASSEMBLER=mb-as" "ARCHIVER=mb-ar" "COMPILER_F
TRACE::2020-04-01.22:50:25::SCWMssOS::LAGS=  -O2 -c -mcpu=v11.0 -mlittle-endian -mno-xl-soft-div -mno-xl-soft-mul -mxl-barrel-shift" "EXTRA_COMPILER_FLAGS=-g -ffunct
TRACE::2020-04-01.22:50:25::SCWMssOS::ion-sections -fdata-sections -Wall -Wextra"

TRACE::2020-04-01.22:50:25::SCWMssOS::"Compiling gpio"

TRACE::2020-04-01.22:50:26::SCWMssOS::"Running Make libs in microblaze_0/libsrc/intc_v3_10/src"

TRACE::2020-04-01.22:50:26::SCWMssOS::make -C microblaze_0/libsrc/intc_v3_10/src -s libs  "SHELL=CMD" "COMPILER=mb-gcc" "ASSEMBLER=mb-as" "ARCHIVER=mb-ar" "COMPILER_
TRACE::2020-04-01.22:50:26::SCWMssOS::FLAGS=  -O2 -c -mcpu=v11.0 -mlittle-endian -mno-xl-soft-div -mno-xl-soft-mul -mxl-barrel-shift" "EXTRA_COMPILER_FLAGS=-g -ffunc
TRACE::2020-04-01.22:50:26::SCWMssOS::tion-sections -fdata-sections -Wall -Wextra"

TRACE::2020-04-01.22:50:26::SCWMssOS::"Compiling intc"

TRACE::2020-04-01.22:50:27::SCWMssOS::"Running Make libs in microblaze_0/libsrc/standalone_v7_1/src"

TRACE::2020-04-01.22:50:27::SCWMssOS::make -C microblaze_0/libsrc/standalone_v7_1/src -s libs  "SHELL=CMD" "COMPILER=mb-gcc" "ASSEMBLER=mb-as" "ARCHIVER=mb-ar" "COMP
TRACE::2020-04-01.22:50:27::SCWMssOS::ILER_FLAGS=  -O2 -c -mcpu=v11.0 -mlittle-endian -mno-xl-soft-div -mno-xl-soft-mul -mxl-barrel-shift" "EXTRA_COMPILER_FLAGS=-g -
TRACE::2020-04-01.22:50:27::SCWMssOS::ffunction-sections -fdata-sections -Wall -Wextra"

TRACE::2020-04-01.22:50:27::SCWMssOS::"Compiling standalone";

TRACE::2020-04-01.22:50:30::SCWMssOS::"Running Make libs in microblaze_0/libsrc/tmrctr_v4_5/src"

TRACE::2020-04-01.22:50:30::SCWMssOS::make -C microblaze_0/libsrc/tmrctr_v4_5/src -s libs  "SHELL=CMD" "COMPILER=mb-gcc" "ASSEMBLER=mb-as" "ARCHIVER=mb-ar" "COMPILER
TRACE::2020-04-01.22:50:30::SCWMssOS::_FLAGS=  -O2 -c -mcpu=v11.0 -mlittle-endian -mno-xl-soft-div -mno-xl-soft-mul -mxl-barrel-shift" "EXTRA_COMPILER_FLAGS=-g -ffun
TRACE::2020-04-01.22:50:31::SCWMssOS::ction-sections -fdata-sections -Wall -Wextra"

TRACE::2020-04-01.22:50:31::SCWMssOS::"Compiling tmrctr"

TRACE::2020-04-01.22:50:32::SCWMssOS::"Running Make libs in microblaze_0/libsrc/uartlite_v3_3/src"

TRACE::2020-04-01.22:50:32::SCWMssOS::make -C microblaze_0/libsrc/uartlite_v3_3/src -s libs  "SHELL=CMD" "COMPILER=mb-gcc" "ASSEMBLER=mb-as" "ARCHIVER=mb-ar" "COMPIL
TRACE::2020-04-01.22:50:32::SCWMssOS::ER_FLAGS=  -O2 -c -mcpu=v11.0 -mlittle-endian -mno-xl-soft-div -mno-xl-soft-mul -mxl-barrel-shift" "EXTRA_COMPILER_FLAGS=-g -ff
TRACE::2020-04-01.22:50:32::SCWMssOS::unction-sections -fdata-sections -Wall -Wextra"

TRACE::2020-04-01.22:50:32::SCWMssOS::"Compiling uartlite"

TRACE::2020-04-01.22:50:33::SCWMssOS::'Finished building libraries'

TRACE::2020-04-01.22:50:33::SCWMssOS::Copying to export directory.
TRACE::2020-04-01.22:50:33::SCWMssOS:: Checking if to create the Supporting Applications
TRACE::2020-04-01.22:50:33::SCWMssOS:: No Linux domain exists, trying to generate FSBL 
LOG::2020-04-01.22:50:33::SCWSystem::Completed Processing the domain standalone_domain
LOG::2020-04-01.22:50:33::SCWSystem::Completed Processing the sysconfig mb_design_wrapper_1
LOG::2020-04-01.22:50:33::SCWPlatform::Completed generating the artifacts for system configuration mb_design_wrapper_1
TRACE::2020-04-01.22:50:33::SCWPlatform::Started preparing the platform 
TRACE::2020-04-01.22:50:33::SCWSystem::Writing the bif file for system config mb_design_wrapper_1
TRACE::2020-04-01.22:50:33::SCWSystem::dir created 
TRACE::2020-04-01.22:50:33::SCWSystem::Writing the bif 
TRACE::2020-04-01.22:50:33::SCWPlatform::Started writing the spfm file 
TRACE::2020-04-01.22:50:33::SCWPlatform::Started writing the xpfm file 
TRACE::2020-04-01.22:50:33::SCWPlatform::Completed generating the platform
TRACE::2020-04-01.22:50:33::SCWPlatform::Trying to open the hw design at C:/Users/Pedro/Documents/UA/CR/Labs/Lab4/CountDownTimerSoftware/workspace/mb_design_wrapper_1/hw/mb_design_wrapper.xsa
TRACE::2020-04-01.22:50:33::SCWPlatform::DSA given C:/Users/Pedro/Documents/UA/CR/Labs/Lab4/CountDownTimerSoftware/workspace/mb_design_wrapper_1/hw/mb_design_wrapper.xsa
TRACE::2020-04-01.22:50:33::SCWPlatform::DSA absoulate path C:/Users/Pedro/Documents/UA/CR/Labs/Lab4/CountDownTimerSoftware/workspace/mb_design_wrapper_1/hw/mb_design_wrapper.xsa
TRACE::2020-04-01.22:50:33::SCWPlatform::DSA directory C:/Users/Pedro/Documents/UA/CR/Labs/Lab4/CountDownTimerSoftware/workspace/mb_design_wrapper_1/hw
TRACE::2020-04-01.22:50:33::SCWPlatform:: Platform Path C:/Users/Pedro/Documents/UA/CR/Labs/Lab4/CountDownTimerSoftware/workspace/mb_design_wrapper_1/hw/mb_design_wrapper.xsa
TRACE::2020-04-01.22:50:33::SCWPlatform:: Unique name xilinx:nexys4::0.0
TRACE::2020-04-01.22:50:33::SCWPlatform::Trying to set the existing hwdb with name mb_design_wrapper_0
TRACE::2020-04-01.22:50:33::SCWPlatform::Opened existing hwdb mb_design_wrapper_0
TRACE::2020-04-01.22:50:33::SCWPlatform::Found the Hw Db part of the input DSA
TRACE::2020-04-01.22:50:33::SCWMssOS::Checking the sw design at  C:/Users/Pedro/Documents/UA/CR/Labs/Lab4/CountDownTimerSoftware/workspace/mb_design_wrapper_1/microblaze_0/standalone_domain/bsp/system.mss
TRACE::2020-04-01.22:50:33::SCWMssOS::DEBUG:  swdes dump  C:/Users/Pedro/Documents/UA/CR/Labs/Lab4/CountDownTimerSoftware/workspace/mb_design_wrapper_1/microblaze_0/standalone_domain/bsp/system.mss|system||

TRACE::2020-04-01.22:50:33::SCWMssOS::Sw design exists and opened at  C:/Users/Pedro/Documents/UA/CR/Labs/Lab4/CountDownTimerSoftware/workspace/mb_design_wrapper_1/microblaze_0/standalone_domain/bsp/system.mss
TRACE::2020-04-01.22:50:33::SCWPlatform::Trying to open the hw design at C:/Users/Pedro/Documents/UA/CR/Labs/Lab4/CountDownTimerSoftware/workspace/mb_design_wrapper_1/hw/mb_design_wrapper.xsa
TRACE::2020-04-01.22:50:33::SCWPlatform::DSA given C:/Users/Pedro/Documents/UA/CR/Labs/Lab4/CountDownTimerSoftware/workspace/mb_design_wrapper_1/hw/mb_design_wrapper.xsa
TRACE::2020-04-01.22:50:33::SCWPlatform::DSA absoulate path C:/Users/Pedro/Documents/UA/CR/Labs/Lab4/CountDownTimerSoftware/workspace/mb_design_wrapper_1/hw/mb_design_wrapper.xsa
TRACE::2020-04-01.22:50:33::SCWPlatform::DSA directory C:/Users/Pedro/Documents/UA/CR/Labs/Lab4/CountDownTimerSoftware/workspace/mb_design_wrapper_1/hw
TRACE::2020-04-01.22:50:33::SCWPlatform:: Platform Path C:/Users/Pedro/Documents/UA/CR/Labs/Lab4/CountDownTimerSoftware/workspace/mb_design_wrapper_1/hw/mb_design_wrapper.xsa
TRACE::2020-04-01.22:50:33::SCWPlatform:: Unique name xilinx:nexys4::0.0
TRACE::2020-04-01.22:50:33::SCWPlatform::Trying to set the existing hwdb with name mb_design_wrapper_0
TRACE::2020-04-01.22:50:33::SCWPlatform::Opened existing hwdb mb_design_wrapper_0
TRACE::2020-04-01.22:50:33::SCWPlatform::Found the Hw Db part of the input DSA
TRACE::2020-04-01.22:50:33::SCWMssOS::Checking the sw design at  C:/Users/Pedro/Documents/UA/CR/Labs/Lab4/CountDownTimerSoftware/workspace/mb_design_wrapper_1/microblaze_0/standalone_domain/bsp/system.mss
TRACE::2020-04-01.22:50:33::SCWMssOS::DEBUG:  swdes dump  C:/Users/Pedro/Documents/UA/CR/Labs/Lab4/CountDownTimerSoftware/workspace/mb_design_wrapper_1/microblaze_0/standalone_domain/bsp/system.mss|system||

TRACE::2020-04-01.22:50:33::SCWMssOS::Sw design exists and opened at  C:/Users/Pedro/Documents/UA/CR/Labs/Lab4/CountDownTimerSoftware/workspace/mb_design_wrapper_1/microblaze_0/standalone_domain/bsp/system.mss
TRACE::2020-04-01.22:50:33::SCWPlatform::Trying to open the hw design at C:/Users/Pedro/Documents/UA/CR/Labs/Lab4/CountDownTimerSoftware/workspace/mb_design_wrapper_1/hw/mb_design_wrapper.xsa
TRACE::2020-04-01.22:50:33::SCWPlatform::DSA given C:/Users/Pedro/Documents/UA/CR/Labs/Lab4/CountDownTimerSoftware/workspace/mb_design_wrapper_1/hw/mb_design_wrapper.xsa
TRACE::2020-04-01.22:50:33::SCWPlatform::DSA absoulate path C:/Users/Pedro/Documents/UA/CR/Labs/Lab4/CountDownTimerSoftware/workspace/mb_design_wrapper_1/hw/mb_design_wrapper.xsa
TRACE::2020-04-01.22:50:33::SCWPlatform::DSA directory C:/Users/Pedro/Documents/UA/CR/Labs/Lab4/CountDownTimerSoftware/workspace/mb_design_wrapper_1/hw
TRACE::2020-04-01.22:50:33::SCWPlatform:: Platform Path C:/Users/Pedro/Documents/UA/CR/Labs/Lab4/CountDownTimerSoftware/workspace/mb_design_wrapper_1/hw/mb_design_wrapper.xsa
TRACE::2020-04-01.22:50:33::SCWPlatform:: Unique name xilinx:nexys4::0.0
TRACE::2020-04-01.22:50:33::SCWPlatform::Trying to set the existing hwdb with name mb_design_wrapper_0
TRACE::2020-04-01.22:50:33::SCWPlatform::Opened existing hwdb mb_design_wrapper_0
TRACE::2020-04-01.22:50:33::SCWPlatform::Found the Hw Db part of the input DSA
TRACE::2020-04-01.22:50:33::SCWMssOS::Checking the sw design at  C:/Users/Pedro/Documents/UA/CR/Labs/Lab4/CountDownTimerSoftware/workspace/mb_design_wrapper_1/microblaze_0/standalone_domain/bsp/system.mss
TRACE::2020-04-01.22:50:33::SCWMssOS::DEBUG:  swdes dump  C:/Users/Pedro/Documents/UA/CR/Labs/Lab4/CountDownTimerSoftware/workspace/mb_design_wrapper_1/microblaze_0/standalone_domain/bsp/system.mss|system||

TRACE::2020-04-01.22:50:33::SCWMssOS::Sw design exists and opened at  C:/Users/Pedro/Documents/UA/CR/Labs/Lab4/CountDownTimerSoftware/workspace/mb_design_wrapper_1/microblaze_0/standalone_domain/bsp/system.mss
TRACE::2020-04-01.22:50:33::SCWWriter::formatted JSON is {
	"platformName":	"mb_design_wrapper_1",
	"sprVersion":	"2.0",
	"mode":	"gui",
	"dsaType":	"Fixed",
	"platformDesc":	"mb_design_wrapper_1",
	"platHandOff":	"C:/Users/Pedro/Dropbox/UA/CR/Labs/Lab4/Nexys4DefaultPlatform/mb_design_wrapper.xsa",
	"platIntHandOff":	"<platformDir>/hw/mb_design_wrapper.xsa",
	"deviceType":	"FPGA",
	"platIsPrebuiltAutogen":	"false",
	"platIsNoBootBsp":	"false",
	"hasFsblMakeHasChanges":	"false",
	"hasPmufwMakeHasChanges":	"false",
	"platPreBuiltFlag":	false,
	"platformSamplesDir":	"",
	"platActiveSys":	"mb_design_wrapper_1",
	"systems":	[{
			"systemName":	"mb_design_wrapper_1",
			"systemDesc":	"mb_design_wrapper_1",
			"sysIsBootAutoGen":	"true",
			"systemDispName":	"mb_design_wrapper_1",
			"sysActiveDom":	"standalone_domain",
			"sysDefaultDom":	"standalone_domain",
			"domains":	[{
					"domainName":	"standalone_domain",
					"domainDispName":	"standalone on microblaze_0",
					"domainDesc":	"standalone_domain",
					"processors":	"microblaze_0",
					"os":	"standalone",
					"sdxOs":	"standalone",
					"debugEnable":	"False",
					"domRuntimes":	["cpp"],
					"swRepo":	"",
					"mssOsVer":	"7.1",
					"mssFile":	"",
					"md5Digest":	"1b97338188f161b9b05951aa1cb91d1e",
					"compatibleApp":	"hello_world",
					"domType":	"mssDomain",
					"arch":	"32-bit",
					"appSettings":	{
						"appCompilerFlags":	"",
						"appLinkerFlags":	""
					},
					"addedLibs":	[],
					"libOptions":	{
						"libsContainingOptions":	[]
					},
					"prebuiltLibs":	{
						"prebuiltIncPath":	[],
						"prebuiltLibPath":	[]
					},
					"isolation":	{
					}
				}]
		}]
}
KEYINFO::2020-04-01.22:50:33::SCWPlatform::updated the xpfm file.
TRACE::2020-04-01.22:50:33::SCWPlatform::Trying to open the hw design at C:/Users/Pedro/Documents/UA/CR/Labs/Lab4/CountDownTimerSoftware/workspace/mb_design_wrapper_1/hw/mb_design_wrapper.xsa
TRACE::2020-04-01.22:50:33::SCWPlatform::DSA given C:/Users/Pedro/Documents/UA/CR/Labs/Lab4/CountDownTimerSoftware/workspace/mb_design_wrapper_1/hw/mb_design_wrapper.xsa
TRACE::2020-04-01.22:50:33::SCWPlatform::DSA absoulate path C:/Users/Pedro/Documents/UA/CR/Labs/Lab4/CountDownTimerSoftware/workspace/mb_design_wrapper_1/hw/mb_design_wrapper.xsa
TRACE::2020-04-01.22:50:33::SCWPlatform::DSA directory C:/Users/Pedro/Documents/UA/CR/Labs/Lab4/CountDownTimerSoftware/workspace/mb_design_wrapper_1/hw
TRACE::2020-04-01.22:50:33::SCWPlatform:: Platform Path C:/Users/Pedro/Documents/UA/CR/Labs/Lab4/CountDownTimerSoftware/workspace/mb_design_wrapper_1/hw/mb_design_wrapper.xsa
TRACE::2020-04-01.22:50:33::SCWPlatform:: Unique name xilinx:nexys4::0.0
TRACE::2020-04-01.22:50:33::SCWPlatform::Trying to set the existing hwdb with name mb_design_wrapper_0
TRACE::2020-04-01.22:50:33::SCWPlatform::Opened existing hwdb mb_design_wrapper_0
TRACE::2020-04-01.22:50:33::SCWPlatform::Found the Hw Db part of the input DSA
TRACE::2020-04-01.22:50:33::SCWMssOS::Checking the sw design at  C:/Users/Pedro/Documents/UA/CR/Labs/Lab4/CountDownTimerSoftware/workspace/mb_design_wrapper_1/microblaze_0/standalone_domain/bsp/system.mss
TRACE::2020-04-01.22:50:33::SCWMssOS::DEBUG:  swdes dump  C:/Users/Pedro/Documents/UA/CR/Labs/Lab4/CountDownTimerSoftware/workspace/mb_design_wrapper_1/microblaze_0/standalone_domain/bsp/system.mss|system||

TRACE::2020-04-01.22:50:33::SCWMssOS::Sw design exists and opened at  C:/Users/Pedro/Documents/UA/CR/Labs/Lab4/CountDownTimerSoftware/workspace/mb_design_wrapper_1/microblaze_0/standalone_domain/bsp/system.mss
