TRACE::2020-04-28.15:56:49::SCWPlatform::Trying to open the hw design at C:/Users/Pedro/Dropbox/UA/CR/Labs/Lab6/RTOSDemo/RTOSDemoWorkspace/RTOSDemo/hw/RTOSDemo.xsa
TRACE::2020-04-28.15:56:49::SCWPlatform::DSA given C:/Users/Pedro/Dropbox/UA/CR/Labs/Lab6/RTOSDemo/RTOSDemoWorkspace/RTOSDemo/hw/RTOSDemo.xsa
TRACE::2020-04-28.15:56:49::SCWPlatform::DSA absoulate path C:/Users/Pedro/Dropbox/UA/CR/Labs/Lab6/RTOSDemo/RTOSDemoWorkspace/RTOSDemo/hw/RTOSDemo.xsa
TRACE::2020-04-28.15:56:52::SCWPlatform::DSA directory C:/Users/Pedro/Dropbox/UA/CR/Labs/Lab6/RTOSDemo/RTOSDemoWorkspace/RTOSDemo/hw
TRACE::2020-04-28.15:56:52::SCWPlatform:: Platform Path C:/Users/Pedro/Dropbox/UA/CR/Labs/Lab6/RTOSDemo/RTOSDemoWorkspace/RTOSDemo/hw/RTOSDemo.xsa
TRACE::2020-04-28.15:56:52::SCWPlatform:: Unique name xilinx:nexys4::0.0
TRACE::2020-04-28.15:56:52::SCWPlatform::Do not have an existing db opened. 
TRACE::2020-04-28.15:56:52::SCWPlatform::Opened new HwDB with name mb_design_wrapper_0
TRACE::2020-04-28.15:56:52::SCWWriter::formatted JSON is {
	"platformName":	"RTOSDemo",
	"sprVersion":	"2.0",
	"mode":	"gui",
	"dsaType":	"Fixed",
	"platformDesc":	"RTOSDemo",
	"platHandOff":	"C:/Users/Pedro/Dropbox/UA/CR/Labs/Lab6/RTOSDemo/RTOSDemo.xsa",
	"platIntHandOff":	"<platformDir>/hw/RTOSDemo.xsa",
	"deviceType":	"FPGA",
	"platIsPrebuiltAutogen":	"false",
	"platIsNoBootBsp":	"false",
	"hasFsblMakeHasChanges":	"false",
	"hasPmufwMakeHasChanges":	"false",
	"platPreBuiltFlag":	false,
	"platformSamplesDir":	""
}
TRACE::2020-04-28.15:56:52::SCWWriter::formatted JSON is {
	"platformName":	"RTOSDemo",
	"sprVersion":	"2.0",
	"mode":	"gui",
	"dsaType":	"Fixed",
	"platformDesc":	"RTOSDemo",
	"platHandOff":	"C:/Users/Pedro/Dropbox/UA/CR/Labs/Lab6/RTOSDemo/RTOSDemo.xsa",
	"platIntHandOff":	"<platformDir>/hw/RTOSDemo.xsa",
	"deviceType":	"FPGA",
	"platIsPrebuiltAutogen":	"false",
	"platIsNoBootBsp":	"false",
	"hasFsblMakeHasChanges":	"false",
	"hasPmufwMakeHasChanges":	"false",
	"platPreBuiltFlag":	false,
	"platformSamplesDir":	"",
	"platActiveSys":	"RTOSDemo",
	"systems":	[{
			"systemName":	"RTOSDemo",
			"systemDesc":	"RTOSDemo",
			"sysIsBootAutoGen":	"true",
			"systemDispName":	"RTOSDemo"
		}]
}
TRACE::2020-04-28.15:56:52::SCWPlatform::Boot application domains not present, creating them
TRACE::2020-04-28.15:56:52::SCWPlatform::Pure FPGA device, no boot application will be created.
TRACE::2020-04-28.15:56:52::SCWWriter::formatted JSON is {
	"platformName":	"RTOSDemo",
	"sprVersion":	"2.0",
	"mode":	"gui",
	"dsaType":	"Fixed",
	"platformDesc":	"RTOSDemo",
	"platHandOff":	"C:/Users/Pedro/Dropbox/UA/CR/Labs/Lab6/RTOSDemo/RTOSDemo.xsa",
	"platIntHandOff":	"<platformDir>/hw/RTOSDemo.xsa",
	"deviceType":	"FPGA",
	"platIsPrebuiltAutogen":	"false",
	"platIsNoBootBsp":	"false",
	"hasFsblMakeHasChanges":	"false",
	"hasPmufwMakeHasChanges":	"false",
	"platPreBuiltFlag":	false,
	"platformSamplesDir":	"",
	"platActiveSys":	"RTOSDemo",
	"systems":	[{
			"systemName":	"RTOSDemo",
			"systemDesc":	"RTOSDemo",
			"sysIsBootAutoGen":	"true",
			"systemDispName":	"RTOSDemo"
		}]
}
TRACE::2020-04-28.15:56:52::SCWWriter::formatted JSON is {
	"platformName":	"RTOSDemo",
	"sprVersion":	"2.0",
	"mode":	"gui",
	"dsaType":	"Fixed",
	"platformDesc":	"RTOSDemo",
	"platHandOff":	"C:/Users/Pedro/Dropbox/UA/CR/Labs/Lab6/RTOSDemo/RTOSDemo.xsa",
	"platIntHandOff":	"<platformDir>/hw/RTOSDemo.xsa",
	"deviceType":	"FPGA",
	"platIsPrebuiltAutogen":	"false",
	"platIsNoBootBsp":	"false",
	"hasFsblMakeHasChanges":	"false",
	"hasPmufwMakeHasChanges":	"false",
	"platPreBuiltFlag":	false,
	"platformSamplesDir":	"",
	"platActiveSys":	"RTOSDemo",
	"systems":	[{
			"systemName":	"RTOSDemo",
			"systemDesc":	"RTOSDemo",
			"sysIsBootAutoGen":	"true",
			"systemDispName":	"RTOSDemo"
		}]
}
TRACE::2020-04-28.15:56:52::SCWPlatform::Trying to open the hw design at C:/Users/Pedro/Dropbox/UA/CR/Labs/Lab6/RTOSDemo/RTOSDemoWorkspace/RTOSDemo/hw/RTOSDemo.xsa
TRACE::2020-04-28.15:56:52::SCWPlatform::DSA given C:/Users/Pedro/Dropbox/UA/CR/Labs/Lab6/RTOSDemo/RTOSDemoWorkspace/RTOSDemo/hw/RTOSDemo.xsa
TRACE::2020-04-28.15:56:52::SCWPlatform::DSA absoulate path C:/Users/Pedro/Dropbox/UA/CR/Labs/Lab6/RTOSDemo/RTOSDemoWorkspace/RTOSDemo/hw/RTOSDemo.xsa
TRACE::2020-04-28.15:56:52::SCWPlatform::DSA directory C:/Users/Pedro/Dropbox/UA/CR/Labs/Lab6/RTOSDemo/RTOSDemoWorkspace/RTOSDemo/hw
TRACE::2020-04-28.15:56:53::SCWPlatform:: Platform Path C:/Users/Pedro/Dropbox/UA/CR/Labs/Lab6/RTOSDemo/RTOSDemoWorkspace/RTOSDemo/hw/RTOSDemo.xsa
TRACE::2020-04-28.15:56:53::SCWPlatform:: Unique name xilinx:nexys4::0.0
TRACE::2020-04-28.15:56:53::SCWPlatform::Trying to set the existing hwdb with name mb_design_wrapper_0
TRACE::2020-04-28.15:56:53::SCWPlatform::Opened existing hwdb mb_design_wrapper_0
TRACE::2020-04-28.15:56:53::SCWPlatform::Found the Hw Db part of the input DSA
TRACE::2020-04-28.15:56:53::SCWDomain::checking for install qemu data   : 
TRACE::2020-04-28.15:56:53::SCWPlatform::Trying to open the hw design at C:/Users/Pedro/Dropbox/UA/CR/Labs/Lab6/RTOSDemo/RTOSDemoWorkspace/RTOSDemo/hw/RTOSDemo.xsa
TRACE::2020-04-28.15:56:53::SCWPlatform::DSA given C:/Users/Pedro/Dropbox/UA/CR/Labs/Lab6/RTOSDemo/RTOSDemoWorkspace/RTOSDemo/hw/RTOSDemo.xsa
TRACE::2020-04-28.15:56:53::SCWPlatform::DSA absoulate path C:/Users/Pedro/Dropbox/UA/CR/Labs/Lab6/RTOSDemo/RTOSDemoWorkspace/RTOSDemo/hw/RTOSDemo.xsa
TRACE::2020-04-28.15:56:53::SCWPlatform::DSA directory C:/Users/Pedro/Dropbox/UA/CR/Labs/Lab6/RTOSDemo/RTOSDemoWorkspace/RTOSDemo/hw
TRACE::2020-04-28.15:56:53::SCWPlatform:: Platform Path C:/Users/Pedro/Dropbox/UA/CR/Labs/Lab6/RTOSDemo/RTOSDemoWorkspace/RTOSDemo/hw/RTOSDemo.xsa
TRACE::2020-04-28.15:56:53::SCWPlatform:: Unique name xilinx:nexys4::0.0
TRACE::2020-04-28.15:56:53::SCWPlatform::Trying to set the existing hwdb with name mb_design_wrapper_0
TRACE::2020-04-28.15:56:53::SCWPlatform::Opened existing hwdb mb_design_wrapper_0
TRACE::2020-04-28.15:56:53::SCWPlatform::Found the Hw Db part of the input DSA
TRACE::2020-04-28.15:56:53::SCWPlatform::Trying to open the hw design at C:/Users/Pedro/Dropbox/UA/CR/Labs/Lab6/RTOSDemo/RTOSDemoWorkspace/RTOSDemo/hw/RTOSDemo.xsa
TRACE::2020-04-28.15:56:53::SCWPlatform::DSA given C:/Users/Pedro/Dropbox/UA/CR/Labs/Lab6/RTOSDemo/RTOSDemoWorkspace/RTOSDemo/hw/RTOSDemo.xsa
TRACE::2020-04-28.15:56:53::SCWPlatform::DSA absoulate path C:/Users/Pedro/Dropbox/UA/CR/Labs/Lab6/RTOSDemo/RTOSDemoWorkspace/RTOSDemo/hw/RTOSDemo.xsa
TRACE::2020-04-28.15:56:53::SCWPlatform::DSA directory C:/Users/Pedro/Dropbox/UA/CR/Labs/Lab6/RTOSDemo/RTOSDemoWorkspace/RTOSDemo/hw
TRACE::2020-04-28.15:56:53::SCWPlatform:: Platform Path C:/Users/Pedro/Dropbox/UA/CR/Labs/Lab6/RTOSDemo/RTOSDemoWorkspace/RTOSDemo/hw/RTOSDemo.xsa
TRACE::2020-04-28.15:56:53::SCWPlatform:: Unique name xilinx:nexys4::0.0
TRACE::2020-04-28.15:56:53::SCWPlatform::Trying to set the existing hwdb with name mb_design_wrapper_0
TRACE::2020-04-28.15:56:53::SCWPlatform::Opened existing hwdb mb_design_wrapper_0
TRACE::2020-04-28.15:56:53::SCWPlatform::Found the Hw Db part of the input DSA
TRACE::2020-04-28.15:56:53::SCWMssOS::Checking the sw design at  C:/Users/Pedro/Dropbox/UA/CR/Labs/Lab6/RTOSDemo/RTOSDemoWorkspace/RTOSDemo/microblaze_0/freertos10_xilinx_domain/bsp/system.mss
TRACE::2020-04-28.15:56:53::SCWMssOS::DEBUG:  swdes dump  
TRACE::2020-04-28.15:56:53::SCWMssOS::No sw design opened at  C:/Users/Pedro/Dropbox/UA/CR/Labs/Lab6/RTOSDemo/RTOSDemoWorkspace/RTOSDemo/microblaze_0/freertos10_xilinx_domain/bsp/system.mss
TRACE::2020-04-28.15:56:53::SCWMssOS::mss does not exists at C:/Users/Pedro/Dropbox/UA/CR/Labs/Lab6/RTOSDemo/RTOSDemoWorkspace/RTOSDemo/microblaze_0/freertos10_xilinx_domain/bsp/system.mss
TRACE::2020-04-28.15:56:53::SCWMssOS::Creating sw design at  C:/Users/Pedro/Dropbox/UA/CR/Labs/Lab6/RTOSDemo/RTOSDemoWorkspace/RTOSDemo/microblaze_0/freertos10_xilinx_domain/bsp/system.mss
TRACE::2020-04-28.15:56:53::SCWMssOS::Adding the swdes entry, created swdb C:/Users/Pedro/Dropbox/UA/CR/Labs/Lab6/RTOSDemo/RTOSDemoWorkspace/RTOSDemo/microblaze_0/freertos10_xilinx_domain/bsp/system.mss with des name C:/Users/Pedro/Dropbox/UA/CR/Labs/Lab6/RTOSDemo/RTOSDemoWorkspace/RTOSDemo/microblaze_0/freertos10_xilinx_domain/bsp/system.mss
TRACE::2020-04-28.15:56:53::SCWMssOS::updating the scw layer changes to swdes at   C:/Users/Pedro/Dropbox/UA/CR/Labs/Lab6/RTOSDemo/RTOSDemoWorkspace/RTOSDemo/microblaze_0/freertos10_xilinx_domain/bsp/system.mss
TRACE::2020-04-28.15:56:53::SCWMssOS::Writing mss at C:/Users/Pedro/Dropbox/UA/CR/Labs/Lab6/RTOSDemo/RTOSDemoWorkspace/RTOSDemo/microblaze_0/freertos10_xilinx_domain/bsp/system.mss
TRACE::2020-04-28.15:56:53::SCWMssOS::Completed writing the mss file at C:/Users/Pedro/Dropbox/UA/CR/Labs/Lab6/RTOSDemo/RTOSDemoWorkspace/RTOSDemo/microblaze_0/freertos10_xilinx_domain/bsp
TRACE::2020-04-28.15:56:53::SCWMssOS::Picking up changes from newly written mss file into SCW Layer. 
TRACE::2020-04-28.15:56:53::SCWMssOS::Updated the changes from newly written mss file into SCW Layer. 
TRACE::2020-04-28.15:56:53::SCWPlatform::Trying to open the hw design at C:/Users/Pedro/Dropbox/UA/CR/Labs/Lab6/RTOSDemo/RTOSDemoWorkspace/RTOSDemo/hw/RTOSDemo.xsa
TRACE::2020-04-28.15:56:53::SCWPlatform::DSA given C:/Users/Pedro/Dropbox/UA/CR/Labs/Lab6/RTOSDemo/RTOSDemoWorkspace/RTOSDemo/hw/RTOSDemo.xsa
TRACE::2020-04-28.15:56:53::SCWPlatform::DSA absoulate path C:/Users/Pedro/Dropbox/UA/CR/Labs/Lab6/RTOSDemo/RTOSDemoWorkspace/RTOSDemo/hw/RTOSDemo.xsa
TRACE::2020-04-28.15:56:53::SCWPlatform::DSA directory C:/Users/Pedro/Dropbox/UA/CR/Labs/Lab6/RTOSDemo/RTOSDemoWorkspace/RTOSDemo/hw
TRACE::2020-04-28.15:56:53::SCWPlatform:: Platform Path C:/Users/Pedro/Dropbox/UA/CR/Labs/Lab6/RTOSDemo/RTOSDemoWorkspace/RTOSDemo/hw/RTOSDemo.xsa
TRACE::2020-04-28.15:56:53::SCWPlatform:: Unique name xilinx:nexys4::0.0
TRACE::2020-04-28.15:56:53::SCWPlatform::Trying to set the existing hwdb with name mb_design_wrapper_0
TRACE::2020-04-28.15:56:53::SCWPlatform::Opened existing hwdb mb_design_wrapper_0
TRACE::2020-04-28.15:56:53::SCWPlatform::Found the Hw Db part of the input DSA
TRACE::2020-04-28.15:56:53::SCWMssOS::Checking the sw design at  C:/Users/Pedro/Dropbox/UA/CR/Labs/Lab6/RTOSDemo/RTOSDemoWorkspace/RTOSDemo/microblaze_0/freertos10_xilinx_domain/bsp/system.mss
TRACE::2020-04-28.15:56:53::SCWMssOS::DEBUG:  swdes dump  C:/Users/Pedro/Dropbox/UA/CR/Labs/Lab6/RTOSDemo/RTOSDemoWorkspace/RTOSDemo/microblaze_0/freertos10_xilinx_domain/bsp/system.mss|C:/Users/Pedro/Dropbox/UA/CR/Labs/Lab6/RTOSDemo/RTOSDemoWorkspace/RTOSDemo/microblaze_0/freertos10_xilinx_domain/bsp/system.mss||

TRACE::2020-04-28.15:56:53::SCWMssOS::Sw design exists and opened at  C:/Users/Pedro/Dropbox/UA/CR/Labs/Lab6/RTOSDemo/RTOSDemoWorkspace/RTOSDemo/microblaze_0/freertos10_xilinx_domain/bsp/system.mss
TRACE::2020-04-28.15:56:53::SCWPlatform::Trying to open the hw design at C:/Users/Pedro/Dropbox/UA/CR/Labs/Lab6/RTOSDemo/RTOSDemoWorkspace/RTOSDemo/hw/RTOSDemo.xsa
TRACE::2020-04-28.15:56:53::SCWPlatform::DSA given C:/Users/Pedro/Dropbox/UA/CR/Labs/Lab6/RTOSDemo/RTOSDemoWorkspace/RTOSDemo/hw/RTOSDemo.xsa
TRACE::2020-04-28.15:56:53::SCWPlatform::DSA absoulate path C:/Users/Pedro/Dropbox/UA/CR/Labs/Lab6/RTOSDemo/RTOSDemoWorkspace/RTOSDemo/hw/RTOSDemo.xsa
TRACE::2020-04-28.15:56:53::SCWPlatform::DSA directory C:/Users/Pedro/Dropbox/UA/CR/Labs/Lab6/RTOSDemo/RTOSDemoWorkspace/RTOSDemo/hw
TRACE::2020-04-28.15:56:53::SCWPlatform:: Platform Path C:/Users/Pedro/Dropbox/UA/CR/Labs/Lab6/RTOSDemo/RTOSDemoWorkspace/RTOSDemo/hw/RTOSDemo.xsa
TRACE::2020-04-28.15:56:53::SCWPlatform:: Unique name xilinx:nexys4::0.0
TRACE::2020-04-28.15:56:53::SCWPlatform::Trying to set the existing hwdb with name mb_design_wrapper_0
TRACE::2020-04-28.15:56:53::SCWPlatform::Opened existing hwdb mb_design_wrapper_0
TRACE::2020-04-28.15:56:53::SCWPlatform::Found the Hw Db part of the input DSA
TRACE::2020-04-28.15:56:53::SCWMssOS::Checking the sw design at  C:/Users/Pedro/Dropbox/UA/CR/Labs/Lab6/RTOSDemo/RTOSDemoWorkspace/RTOSDemo/microblaze_0/freertos10_xilinx_domain/bsp/system.mss
TRACE::2020-04-28.15:56:53::SCWMssOS::DEBUG:  swdes dump  C:/Users/Pedro/Dropbox/UA/CR/Labs/Lab6/RTOSDemo/RTOSDemoWorkspace/RTOSDemo/microblaze_0/freertos10_xilinx_domain/bsp/system.mss|C:/Users/Pedro/Dropbox/UA/CR/Labs/Lab6/RTOSDemo/RTOSDemoWorkspace/RTOSDemo/microblaze_0/freertos10_xilinx_domain/bsp/system.mss||

TRACE::2020-04-28.15:56:53::SCWMssOS::Sw design exists and opened at  C:/Users/Pedro/Dropbox/UA/CR/Labs/Lab6/RTOSDemo/RTOSDemoWorkspace/RTOSDemo/microblaze_0/freertos10_xilinx_domain/bsp/system.mss
TRACE::2020-04-28.15:56:53::SCWPlatform::Trying to open the hw design at C:/Users/Pedro/Dropbox/UA/CR/Labs/Lab6/RTOSDemo/RTOSDemoWorkspace/RTOSDemo/hw/RTOSDemo.xsa
TRACE::2020-04-28.15:56:53::SCWPlatform::DSA given C:/Users/Pedro/Dropbox/UA/CR/Labs/Lab6/RTOSDemo/RTOSDemoWorkspace/RTOSDemo/hw/RTOSDemo.xsa
TRACE::2020-04-28.15:56:53::SCWPlatform::DSA absoulate path C:/Users/Pedro/Dropbox/UA/CR/Labs/Lab6/RTOSDemo/RTOSDemoWorkspace/RTOSDemo/hw/RTOSDemo.xsa
TRACE::2020-04-28.15:56:53::SCWPlatform::DSA directory C:/Users/Pedro/Dropbox/UA/CR/Labs/Lab6/RTOSDemo/RTOSDemoWorkspace/RTOSDemo/hw
TRACE::2020-04-28.15:56:53::SCWPlatform:: Platform Path C:/Users/Pedro/Dropbox/UA/CR/Labs/Lab6/RTOSDemo/RTOSDemoWorkspace/RTOSDemo/hw/RTOSDemo.xsa
TRACE::2020-04-28.15:56:53::SCWPlatform:: Unique name xilinx:nexys4::0.0
TRACE::2020-04-28.15:56:53::SCWPlatform::Trying to set the existing hwdb with name mb_design_wrapper_0
TRACE::2020-04-28.15:56:53::SCWPlatform::Opened existing hwdb mb_design_wrapper_0
TRACE::2020-04-28.15:56:53::SCWPlatform::Found the Hw Db part of the input DSA
TRACE::2020-04-28.15:56:53::SCWMssOS::Checking the sw design at  C:/Users/Pedro/Dropbox/UA/CR/Labs/Lab6/RTOSDemo/RTOSDemoWorkspace/RTOSDemo/microblaze_0/freertos10_xilinx_domain/bsp/system.mss
TRACE::2020-04-28.15:56:53::SCWMssOS::DEBUG:  swdes dump  C:/Users/Pedro/Dropbox/UA/CR/Labs/Lab6/RTOSDemo/RTOSDemoWorkspace/RTOSDemo/microblaze_0/freertos10_xilinx_domain/bsp/system.mss|C:/Users/Pedro/Dropbox/UA/CR/Labs/Lab6/RTOSDemo/RTOSDemoWorkspace/RTOSDemo/microblaze_0/freertos10_xilinx_domain/bsp/system.mss||

TRACE::2020-04-28.15:56:53::SCWMssOS::Sw design exists and opened at  C:/Users/Pedro/Dropbox/UA/CR/Labs/Lab6/RTOSDemo/RTOSDemoWorkspace/RTOSDemo/microblaze_0/freertos10_xilinx_domain/bsp/system.mss
TRACE::2020-04-28.15:56:53::SCWWriter::formatted JSON is {
	"platformName":	"RTOSDemo",
	"sprVersion":	"2.0",
	"mode":	"gui",
	"dsaType":	"Fixed",
	"platformDesc":	"RTOSDemo",
	"platHandOff":	"C:/Users/Pedro/Dropbox/UA/CR/Labs/Lab6/RTOSDemo/RTOSDemo.xsa",
	"platIntHandOff":	"<platformDir>/hw/RTOSDemo.xsa",
	"deviceType":	"FPGA",
	"platIsPrebuiltAutogen":	"false",
	"platIsNoBootBsp":	"false",
	"hasFsblMakeHasChanges":	"false",
	"hasPmufwMakeHasChanges":	"false",
	"platPreBuiltFlag":	false,
	"platformSamplesDir":	"",
	"platActiveSys":	"RTOSDemo",
	"systems":	[{
			"systemName":	"RTOSDemo",
			"systemDesc":	"RTOSDemo",
			"sysIsBootAutoGen":	"true",
			"systemDispName":	"RTOSDemo",
			"sysActiveDom":	"freertos10_xilinx_domain",
			"sysDefaultDom":	"freertos10_xilinx_domain",
			"domains":	[{
					"domainName":	"freertos10_xilinx_domain",
					"domainDispName":	"freertos10_xilinx on microblaze_0",
					"domainDesc":	"freertos10_xilinx_domain",
					"processors":	"microblaze_0",
					"os":	"freertos10_xilinx",
					"sdxOs":	"freertos10_xilinx",
					"debugEnable":	"False",
					"domRuntimes":	["cpp"],
					"swRepo":	"",
					"mssOsVer":	"1.4",
					"mssFile":	"",
					"md5Digest":	"",
					"compatibleApp":	"freertos_hello_world",
					"domType":	"mssDomain",
					"arch":	"32-bit",
					"appSettings":	{
						"appCompilerFlags":	"",
						"appLinkerFlags":	""
					},
					"addedLibs":	[],
					"libOptions":	{
						"libsContainingOptions":	[]
					},
					"prebuiltLibs":	{
						"prebuiltIncPath":	[],
						"prebuiltLibPath":	[]
					},
					"isolation":	{
					}
				}]
		}]
}
TRACE::2020-04-28.15:56:53::SCWPlatform::Trying to open the hw design at C:/Users/Pedro/Dropbox/UA/CR/Labs/Lab6/RTOSDemo/RTOSDemoWorkspace/RTOSDemo/hw/RTOSDemo.xsa
TRACE::2020-04-28.15:56:53::SCWPlatform::DSA given C:/Users/Pedro/Dropbox/UA/CR/Labs/Lab6/RTOSDemo/RTOSDemoWorkspace/RTOSDemo/hw/RTOSDemo.xsa
TRACE::2020-04-28.15:56:53::SCWPlatform::DSA absoulate path C:/Users/Pedro/Dropbox/UA/CR/Labs/Lab6/RTOSDemo/RTOSDemoWorkspace/RTOSDemo/hw/RTOSDemo.xsa
TRACE::2020-04-28.15:56:53::SCWPlatform::DSA directory C:/Users/Pedro/Dropbox/UA/CR/Labs/Lab6/RTOSDemo/RTOSDemoWorkspace/RTOSDemo/hw
TRACE::2020-04-28.15:56:53::SCWPlatform:: Platform Path C:/Users/Pedro/Dropbox/UA/CR/Labs/Lab6/RTOSDemo/RTOSDemoWorkspace/RTOSDemo/hw/RTOSDemo.xsa
TRACE::2020-04-28.15:56:53::SCWPlatform:: Unique name xilinx:nexys4::0.0
TRACE::2020-04-28.15:56:53::SCWPlatform::Trying to set the existing hwdb with name mb_design_wrapper_0
TRACE::2020-04-28.15:56:53::SCWPlatform::Opened existing hwdb mb_design_wrapper_0
TRACE::2020-04-28.15:56:53::SCWPlatform::Found the Hw Db part of the input DSA
TRACE::2020-04-28.15:56:53::SCWMssOS::Checking the sw design at  C:/Users/Pedro/Dropbox/UA/CR/Labs/Lab6/RTOSDemo/RTOSDemoWorkspace/RTOSDemo/microblaze_0/freertos10_xilinx_domain/bsp/system.mss
TRACE::2020-04-28.15:56:53::SCWMssOS::DEBUG:  swdes dump  C:/Users/Pedro/Dropbox/UA/CR/Labs/Lab6/RTOSDemo/RTOSDemoWorkspace/RTOSDemo/microblaze_0/freertos10_xilinx_domain/bsp/system.mss|C:/Users/Pedro/Dropbox/UA/CR/Labs/Lab6/RTOSDemo/RTOSDemoWorkspace/RTOSDemo/microblaze_0/freertos10_xilinx_domain/bsp/system.mss||

TRACE::2020-04-28.15:56:53::SCWMssOS::Sw design exists and opened at  C:/Users/Pedro/Dropbox/UA/CR/Labs/Lab6/RTOSDemo/RTOSDemoWorkspace/RTOSDemo/microblaze_0/freertos10_xilinx_domain/bsp/system.mss
TRACE::2020-04-28.15:56:53::SCWMssOS::Completed writing the mss file at C:/Users/Pedro/Dropbox/UA/CR/Labs/Lab6/RTOSDemo/RTOSDemoWorkspace/RTOSDemo/microblaze_0/freertos10_xilinx_domain/bsp
TRACE::2020-04-28.15:56:53::SCWMssOS::Forcing BSP Sources regeneration.
LOG::2020-04-28.15:56:58::SCWPlatform::Started generating the artifacts platform RTOSDemo
TRACE::2020-04-28.15:56:58::SCWPlatform::Sanity checking of platform is completed
LOG::2020-04-28.15:56:58::SCWPlatform::Started generating the artifacts for system configuration RTOSDemo
LOG::2020-04-28.15:56:58::SCWSystem::Checking the domain freertos10_xilinx_domain
LOG::2020-04-28.15:56:58::SCWSystem::Not a boot domain 
LOG::2020-04-28.15:56:58::SCWSystem::Started Processing the domain freertos10_xilinx_domain
TRACE::2020-04-28.15:56:58::SCWDomain::Generating domain artifcats
TRACE::2020-04-28.15:56:58::SCWMssOS::Generating standalone artifcats
TRACE::2020-04-28.15:56:58::SCWMssOS:: Copying the user libraries. 
TRACE::2020-04-28.15:56:58::SCWPlatform::Trying to open the hw design at C:/Users/Pedro/Dropbox/UA/CR/Labs/Lab6/RTOSDemo/RTOSDemoWorkspace/RTOSDemo/hw/RTOSDemo.xsa
TRACE::2020-04-28.15:56:58::SCWPlatform::DSA given C:/Users/Pedro/Dropbox/UA/CR/Labs/Lab6/RTOSDemo/RTOSDemoWorkspace/RTOSDemo/hw/RTOSDemo.xsa
TRACE::2020-04-28.15:56:58::SCWPlatform::DSA absoulate path C:/Users/Pedro/Dropbox/UA/CR/Labs/Lab6/RTOSDemo/RTOSDemoWorkspace/RTOSDemo/hw/RTOSDemo.xsa
TRACE::2020-04-28.15:56:58::SCWPlatform::DSA directory C:/Users/Pedro/Dropbox/UA/CR/Labs/Lab6/RTOSDemo/RTOSDemoWorkspace/RTOSDemo/hw
TRACE::2020-04-28.15:56:58::SCWPlatform:: Platform Path C:/Users/Pedro/Dropbox/UA/CR/Labs/Lab6/RTOSDemo/RTOSDemoWorkspace/RTOSDemo/hw/RTOSDemo.xsa
TRACE::2020-04-28.15:56:58::SCWPlatform:: Unique name xilinx:nexys4::0.0
TRACE::2020-04-28.15:56:58::SCWPlatform::Trying to set the existing hwdb with name mb_design_wrapper_0
TRACE::2020-04-28.15:56:58::SCWPlatform::Opened existing hwdb mb_design_wrapper_0
TRACE::2020-04-28.15:56:58::SCWPlatform::Found the Hw Db part of the input DSA
TRACE::2020-04-28.15:56:58::SCWMssOS::Checking the sw design at  C:/Users/Pedro/Dropbox/UA/CR/Labs/Lab6/RTOSDemo/RTOSDemoWorkspace/RTOSDemo/microblaze_0/freertos10_xilinx_domain/bsp/system.mss
TRACE::2020-04-28.15:56:58::SCWMssOS::DEBUG:  swdes dump  C:/Users/Pedro/Dropbox/UA/CR/Labs/Lab6/RTOSDemo/RTOSDemoWorkspace/RTOSDemo/microblaze_0/freertos10_xilinx_domain/bsp/system.mss|C:/Users/Pedro/Dropbox/UA/CR/Labs/Lab6/RTOSDemo/RTOSDemoWorkspace/RTOSDemo/microblaze_0/freertos10_xilinx_domain/bsp/system.mss||

KEYINFO::2020-04-28.15:56:58::SCWMssOS::Could not open the swdb for C:/Users/Pedro/Dropbox/UA/CR/Labs/Lab6/RTOSDemo/RTOSDemoWorkspace/RTOSDemo/microblaze_0/freertos10_xilinx_domain/bsp/system.mss
KEYINFO::2020-04-28.15:56:58::SCWMssOS::Could not open the sw design at  C:/Users/Pedro/Dropbox/UA/CR/Labs/Lab6/RTOSDemo/RTOSDemoWorkspace/RTOSDemo/microblaze_0/freertos10_xilinx_domain/bsp/system.mss
ERROR: [Hsi 55-1558] Software Design C:/Users/Pedro/Dropbox/UA/CR/Labs/Lab6/RTOSDemo/RTOSDemoWorkspace/RTOSDemo/microblaze_0/freertos10_xilinx_domain/bsp/system.mss is not found

TRACE::2020-04-28.15:56:58::SCWMssOS::Cleared the swdb table entry
TRACE::2020-04-28.15:56:58::SCWMssOS::No sw design opened at  C:/Users/Pedro/Dropbox/UA/CR/Labs/Lab6/RTOSDemo/RTOSDemoWorkspace/RTOSDemo/microblaze_0/freertos10_xilinx_domain/bsp/system.mss
TRACE::2020-04-28.15:56:58::SCWMssOS::mss exists loading the mss file  C:/Users/Pedro/Dropbox/UA/CR/Labs/Lab6/RTOSDemo/RTOSDemoWorkspace/RTOSDemo/microblaze_0/freertos10_xilinx_domain/bsp/system.mss
TRACE::2020-04-28.15:56:58::SCWMssOS::Opened the sw design from mss  C:/Users/Pedro/Dropbox/UA/CR/Labs/Lab6/RTOSDemo/RTOSDemoWorkspace/RTOSDemo/microblaze_0/freertos10_xilinx_domain/bsp/system.mss
TRACE::2020-04-28.15:56:58::SCWMssOS::Adding the swdes entry C:/Users/Pedro/Dropbox/UA/CR/Labs/Lab6/RTOSDemo/RTOSDemoWorkspace/RTOSDemo/microblaze_0/freertos10_xilinx_domain/bsp/system.mss with des name system
TRACE::2020-04-28.15:56:58::SCWMssOS::updating the scw layer about changes
TRACE::2020-04-28.15:56:58::SCWMssOS::Opened the sw design.  C:/Users/Pedro/Dropbox/UA/CR/Labs/Lab6/RTOSDemo/RTOSDemoWorkspace/RTOSDemo/microblaze_0/freertos10_xilinx_domain/bsp/system.mss
TRACE::2020-04-28.15:56:58::SCWMssOS::Completed writing the mss file at C:/Users/Pedro/Dropbox/UA/CR/Labs/Lab6/RTOSDemo/RTOSDemoWorkspace/RTOSDemo/microblaze_0/freertos10_xilinx_domain/bsp
TRACE::2020-04-28.15:56:58::SCWMssOS::Mss edits present, copying mssfile into export location C:/Users/Pedro/Dropbox/UA/CR/Labs/Lab6/RTOSDemo/RTOSDemoWorkspace/RTOSDemo/microblaze_0/freertos10_xilinx_domain/bsp/system.mss
TRACE::2020-04-28.15:56:58::SCWMssOS::bsp generated is upto date with the mss file. Skipping bsp generation.
TRACE::2020-04-28.15:56:58::SCWMssOS::BSP is already built. skipping the bsp build ... 
TRACE::2020-04-28.15:56:58::SCWDomain::Skipping the build for domain :  freertos10_xilinx_domain
TRACE::2020-04-28.15:56:58::SCWMssOS::skipping the bsp build ... 
TRACE::2020-04-28.15:56:58::SCWMssOS::Copying to export directory.
TRACE::2020-04-28.15:56:58::SCWMssOS:: Checking if to create the Supporting Applications
TRACE::2020-04-28.15:56:58::SCWMssOS:: No Linux domain exists, trying to generate FSBL 
LOG::2020-04-28.15:56:58::SCWSystem::Completed Processing the domain freertos10_xilinx_domain
LOG::2020-04-28.15:56:58::SCWSystem::Completed Processing the sysconfig RTOSDemo
LOG::2020-04-28.15:56:58::SCWPlatform::Completed generating the artifacts for system configuration RTOSDemo
TRACE::2020-04-28.15:56:59::SCWPlatform::Started preparing the platform 
TRACE::2020-04-28.15:56:59::SCWSystem::Writing the bif file for system config RTOSDemo
TRACE::2020-04-28.15:56:59::SCWSystem::dir created 
TRACE::2020-04-28.15:56:59::SCWSystem::Writing the bif 
TRACE::2020-04-28.15:56:59::SCWPlatform::Started writing the spfm file 
TRACE::2020-04-28.15:56:59::SCWPlatform::Started writing the xpfm file 
TRACE::2020-04-28.15:56:59::SCWPlatform::Completed generating the platform
TRACE::2020-04-28.15:56:59::SCWPlatform::Trying to open the hw design at C:/Users/Pedro/Dropbox/UA/CR/Labs/Lab6/RTOSDemo/RTOSDemoWorkspace/RTOSDemo/hw/RTOSDemo.xsa
TRACE::2020-04-28.15:56:59::SCWPlatform::DSA given C:/Users/Pedro/Dropbox/UA/CR/Labs/Lab6/RTOSDemo/RTOSDemoWorkspace/RTOSDemo/hw/RTOSDemo.xsa
TRACE::2020-04-28.15:56:59::SCWPlatform::DSA absoulate path C:/Users/Pedro/Dropbox/UA/CR/Labs/Lab6/RTOSDemo/RTOSDemoWorkspace/RTOSDemo/hw/RTOSDemo.xsa
TRACE::2020-04-28.15:56:59::SCWPlatform::DSA directory C:/Users/Pedro/Dropbox/UA/CR/Labs/Lab6/RTOSDemo/RTOSDemoWorkspace/RTOSDemo/hw
TRACE::2020-04-28.15:56:59::SCWPlatform:: Platform Path C:/Users/Pedro/Dropbox/UA/CR/Labs/Lab6/RTOSDemo/RTOSDemoWorkspace/RTOSDemo/hw/RTOSDemo.xsa
TRACE::2020-04-28.15:56:59::SCWPlatform:: Unique name xilinx:nexys4::0.0
TRACE::2020-04-28.15:56:59::SCWPlatform::Trying to set the existing hwdb with name mb_design_wrapper_0
TRACE::2020-04-28.15:56:59::SCWPlatform::Opened existing hwdb mb_design_wrapper_0
TRACE::2020-04-28.15:56:59::SCWPlatform::Found the Hw Db part of the input DSA
TRACE::2020-04-28.15:56:59::SCWMssOS::Checking the sw design at  C:/Users/Pedro/Dropbox/UA/CR/Labs/Lab6/RTOSDemo/RTOSDemoWorkspace/RTOSDemo/microblaze_0/freertos10_xilinx_domain/bsp/system.mss
TRACE::2020-04-28.15:56:59::SCWMssOS::DEBUG:  swdes dump  C:/Users/Pedro/Dropbox/UA/CR/Labs/Lab6/RTOSDemo/RTOSDemoWorkspace/RTOSDemo/microblaze_0/freertos10_xilinx_domain/bsp/system.mss|system||

TRACE::2020-04-28.15:56:59::SCWMssOS::Sw design exists and opened at  C:/Users/Pedro/Dropbox/UA/CR/Labs/Lab6/RTOSDemo/RTOSDemoWorkspace/RTOSDemo/microblaze_0/freertos10_xilinx_domain/bsp/system.mss
TRACE::2020-04-28.15:56:59::SCWPlatform::Trying to open the hw design at C:/Users/Pedro/Dropbox/UA/CR/Labs/Lab6/RTOSDemo/RTOSDemoWorkspace/RTOSDemo/hw/RTOSDemo.xsa
TRACE::2020-04-28.15:56:59::SCWPlatform::DSA given C:/Users/Pedro/Dropbox/UA/CR/Labs/Lab6/RTOSDemo/RTOSDemoWorkspace/RTOSDemo/hw/RTOSDemo.xsa
TRACE::2020-04-28.15:56:59::SCWPlatform::DSA absoulate path C:/Users/Pedro/Dropbox/UA/CR/Labs/Lab6/RTOSDemo/RTOSDemoWorkspace/RTOSDemo/hw/RTOSDemo.xsa
TRACE::2020-04-28.15:56:59::SCWPlatform::DSA directory C:/Users/Pedro/Dropbox/UA/CR/Labs/Lab6/RTOSDemo/RTOSDemoWorkspace/RTOSDemo/hw
TRACE::2020-04-28.15:56:59::SCWPlatform:: Platform Path C:/Users/Pedro/Dropbox/UA/CR/Labs/Lab6/RTOSDemo/RTOSDemoWorkspace/RTOSDemo/hw/RTOSDemo.xsa
TRACE::2020-04-28.15:56:59::SCWPlatform:: Unique name xilinx:nexys4::0.0
TRACE::2020-04-28.15:56:59::SCWPlatform::Trying to set the existing hwdb with name mb_design_wrapper_0
TRACE::2020-04-28.15:56:59::SCWPlatform::Opened existing hwdb mb_design_wrapper_0
TRACE::2020-04-28.15:56:59::SCWPlatform::Found the Hw Db part of the input DSA
TRACE::2020-04-28.15:56:59::SCWMssOS::Checking the sw design at  C:/Users/Pedro/Dropbox/UA/CR/Labs/Lab6/RTOSDemo/RTOSDemoWorkspace/RTOSDemo/microblaze_0/freertos10_xilinx_domain/bsp/system.mss
TRACE::2020-04-28.15:56:59::SCWMssOS::DEBUG:  swdes dump  C:/Users/Pedro/Dropbox/UA/CR/Labs/Lab6/RTOSDemo/RTOSDemoWorkspace/RTOSDemo/microblaze_0/freertos10_xilinx_domain/bsp/system.mss|system||

TRACE::2020-04-28.15:56:59::SCWMssOS::Sw design exists and opened at  C:/Users/Pedro/Dropbox/UA/CR/Labs/Lab6/RTOSDemo/RTOSDemoWorkspace/RTOSDemo/microblaze_0/freertos10_xilinx_domain/bsp/system.mss
TRACE::2020-04-28.15:56:59::SCWPlatform::Trying to open the hw design at C:/Users/Pedro/Dropbox/UA/CR/Labs/Lab6/RTOSDemo/RTOSDemoWorkspace/RTOSDemo/hw/RTOSDemo.xsa
TRACE::2020-04-28.15:56:59::SCWPlatform::DSA given C:/Users/Pedro/Dropbox/UA/CR/Labs/Lab6/RTOSDemo/RTOSDemoWorkspace/RTOSDemo/hw/RTOSDemo.xsa
TRACE::2020-04-28.15:56:59::SCWPlatform::DSA absoulate path C:/Users/Pedro/Dropbox/UA/CR/Labs/Lab6/RTOSDemo/RTOSDemoWorkspace/RTOSDemo/hw/RTOSDemo.xsa
TRACE::2020-04-28.15:56:59::SCWPlatform::DSA directory C:/Users/Pedro/Dropbox/UA/CR/Labs/Lab6/RTOSDemo/RTOSDemoWorkspace/RTOSDemo/hw
TRACE::2020-04-28.15:56:59::SCWPlatform:: Platform Path C:/Users/Pedro/Dropbox/UA/CR/Labs/Lab6/RTOSDemo/RTOSDemoWorkspace/RTOSDemo/hw/RTOSDemo.xsa
TRACE::2020-04-28.15:56:59::SCWPlatform:: Unique name xilinx:nexys4::0.0
TRACE::2020-04-28.15:56:59::SCWPlatform::Trying to set the existing hwdb with name mb_design_wrapper_0
TRACE::2020-04-28.15:56:59::SCWPlatform::Opened existing hwdb mb_design_wrapper_0
TRACE::2020-04-28.15:56:59::SCWPlatform::Found the Hw Db part of the input DSA
TRACE::2020-04-28.15:56:59::SCWMssOS::Checking the sw design at  C:/Users/Pedro/Dropbox/UA/CR/Labs/Lab6/RTOSDemo/RTOSDemoWorkspace/RTOSDemo/microblaze_0/freertos10_xilinx_domain/bsp/system.mss
TRACE::2020-04-28.15:56:59::SCWMssOS::DEBUG:  swdes dump  C:/Users/Pedro/Dropbox/UA/CR/Labs/Lab6/RTOSDemo/RTOSDemoWorkspace/RTOSDemo/microblaze_0/freertos10_xilinx_domain/bsp/system.mss|system||

TRACE::2020-04-28.15:56:59::SCWMssOS::Sw design exists and opened at  C:/Users/Pedro/Dropbox/UA/CR/Labs/Lab6/RTOSDemo/RTOSDemoWorkspace/RTOSDemo/microblaze_0/freertos10_xilinx_domain/bsp/system.mss
TRACE::2020-04-28.15:56:59::SCWWriter::formatted JSON is {
	"platformName":	"RTOSDemo",
	"sprVersion":	"2.0",
	"mode":	"gui",
	"dsaType":	"Fixed",
	"platformDesc":	"RTOSDemo",
	"platHandOff":	"C:/Users/Pedro/Dropbox/UA/CR/Labs/Lab6/RTOSDemo/RTOSDemo.xsa",
	"platIntHandOff":	"<platformDir>/hw/RTOSDemo.xsa",
	"deviceType":	"FPGA",
	"platIsPrebuiltAutogen":	"false",
	"platIsNoBootBsp":	"false",
	"hasFsblMakeHasChanges":	"false",
	"hasPmufwMakeHasChanges":	"false",
	"platPreBuiltFlag":	false,
	"platformSamplesDir":	"",
	"platActiveSys":	"RTOSDemo",
	"systems":	[{
			"systemName":	"RTOSDemo",
			"systemDesc":	"RTOSDemo",
			"sysIsBootAutoGen":	"true",
			"systemDispName":	"RTOSDemo",
			"sysActiveDom":	"freertos10_xilinx_domain",
			"sysDefaultDom":	"freertos10_xilinx_domain",
			"domains":	[{
					"domainName":	"freertos10_xilinx_domain",
					"domainDispName":	"freertos10_xilinx on microblaze_0",
					"domainDesc":	"freertos10_xilinx_domain",
					"processors":	"microblaze_0",
					"os":	"freertos10_xilinx",
					"sdxOs":	"freertos10_xilinx",
					"debugEnable":	"False",
					"domRuntimes":	["cpp"],
					"swRepo":	"",
					"mssOsVer":	"1.4",
					"mssFile":	"",
					"md5Digest":	"ff26476b29966485a5d69d79df042244",
					"compatibleApp":	"freertos_hello_world",
					"domType":	"mssDomain",
					"arch":	"32-bit",
					"appSettings":	{
						"appCompilerFlags":	"",
						"appLinkerFlags":	""
					},
					"addedLibs":	[],
					"libOptions":	{
						"libsContainingOptions":	[]
					},
					"prebuiltLibs":	{
						"prebuiltIncPath":	[],
						"prebuiltLibPath":	[]
					},
					"isolation":	{
					}
				}]
		}]
}
KEYINFO::2020-04-28.15:56:59::SCWPlatform::updated the xpfm file.
TRACE::2020-04-28.15:56:59::SCWPlatform::Trying to open the hw design at C:/Users/Pedro/Dropbox/UA/CR/Labs/Lab6/RTOSDemo/RTOSDemoWorkspace/RTOSDemo/hw/RTOSDemo.xsa
TRACE::2020-04-28.15:56:59::SCWPlatform::DSA given C:/Users/Pedro/Dropbox/UA/CR/Labs/Lab6/RTOSDemo/RTOSDemoWorkspace/RTOSDemo/hw/RTOSDemo.xsa
TRACE::2020-04-28.15:56:59::SCWPlatform::DSA absoulate path C:/Users/Pedro/Dropbox/UA/CR/Labs/Lab6/RTOSDemo/RTOSDemoWorkspace/RTOSDemo/hw/RTOSDemo.xsa
TRACE::2020-04-28.15:56:59::SCWPlatform::DSA directory C:/Users/Pedro/Dropbox/UA/CR/Labs/Lab6/RTOSDemo/RTOSDemoWorkspace/RTOSDemo/hw
TRACE::2020-04-28.15:56:59::SCWPlatform:: Platform Path C:/Users/Pedro/Dropbox/UA/CR/Labs/Lab6/RTOSDemo/RTOSDemoWorkspace/RTOSDemo/hw/RTOSDemo.xsa
TRACE::2020-04-28.15:56:59::SCWPlatform:: Unique name xilinx:nexys4::0.0
TRACE::2020-04-28.15:56:59::SCWPlatform::Trying to set the existing hwdb with name mb_design_wrapper_0
TRACE::2020-04-28.15:56:59::SCWPlatform::Opened existing hwdb mb_design_wrapper_0
TRACE::2020-04-28.15:56:59::SCWPlatform::Found the Hw Db part of the input DSA
TRACE::2020-04-28.15:56:59::SCWMssOS::Checking the sw design at  C:/Users/Pedro/Dropbox/UA/CR/Labs/Lab6/RTOSDemo/RTOSDemoWorkspace/RTOSDemo/microblaze_0/freertos10_xilinx_domain/bsp/system.mss
TRACE::2020-04-28.15:56:59::SCWMssOS::DEBUG:  swdes dump  C:/Users/Pedro/Dropbox/UA/CR/Labs/Lab6/RTOSDemo/RTOSDemoWorkspace/RTOSDemo/microblaze_0/freertos10_xilinx_domain/bsp/system.mss|system||

TRACE::2020-04-28.15:56:59::SCWMssOS::Sw design exists and opened at  C:/Users/Pedro/Dropbox/UA/CR/Labs/Lab6/RTOSDemo/RTOSDemoWorkspace/RTOSDemo/microblaze_0/freertos10_xilinx_domain/bsp/system.mss
TRACE::2020-04-28.15:56:59::SCWPlatform::Trying to open the hw design at C:/Users/Pedro/Dropbox/UA/CR/Labs/Lab6/RTOSDemo/RTOSDemoWorkspace/RTOSDemo/hw/RTOSDemo.xsa
TRACE::2020-04-28.15:56:59::SCWPlatform::DSA given C:/Users/Pedro/Dropbox/UA/CR/Labs/Lab6/RTOSDemo/RTOSDemoWorkspace/RTOSDemo/hw/RTOSDemo.xsa
TRACE::2020-04-28.15:56:59::SCWPlatform::DSA absoulate path C:/Users/Pedro/Dropbox/UA/CR/Labs/Lab6/RTOSDemo/RTOSDemoWorkspace/RTOSDemo/hw/RTOSDemo.xsa
TRACE::2020-04-28.15:56:59::SCWPlatform::DSA directory C:/Users/Pedro/Dropbox/UA/CR/Labs/Lab6/RTOSDemo/RTOSDemoWorkspace/RTOSDemo/hw
TRACE::2020-04-28.15:56:59::SCWPlatform:: Platform Path C:/Users/Pedro/Dropbox/UA/CR/Labs/Lab6/RTOSDemo/RTOSDemoWorkspace/RTOSDemo/hw/RTOSDemo.xsa
TRACE::2020-04-28.15:56:59::SCWPlatform:: Unique name xilinx:nexys4::0.0
TRACE::2020-04-28.15:56:59::SCWPlatform::Trying to set the existing hwdb with name mb_design_wrapper_0
TRACE::2020-04-28.15:56:59::SCWPlatform::Opened existing hwdb mb_design_wrapper_0
TRACE::2020-04-28.15:56:59::SCWPlatform::Found the Hw Db part of the input DSA
TRACE::2020-04-28.15:56:59::SCWMssOS::Checking the sw design at  C:/Users/Pedro/Dropbox/UA/CR/Labs/Lab6/RTOSDemo/RTOSDemoWorkspace/RTOSDemo/microblaze_0/freertos10_xilinx_domain/bsp/system.mss
TRACE::2020-04-28.15:56:59::SCWMssOS::DEBUG:  swdes dump  C:/Users/Pedro/Dropbox/UA/CR/Labs/Lab6/RTOSDemo/RTOSDemoWorkspace/RTOSDemo/microblaze_0/freertos10_xilinx_domain/bsp/system.mss|system||

TRACE::2020-04-28.15:56:59::SCWMssOS::Sw design exists and opened at  C:/Users/Pedro/Dropbox/UA/CR/Labs/Lab6/RTOSDemo/RTOSDemoWorkspace/RTOSDemo/microblaze_0/freertos10_xilinx_domain/bsp/system.mss
TRACE::2020-04-28.15:56:59::SCWPlatform::Trying to open the hw design at C:/Users/Pedro/Dropbox/UA/CR/Labs/Lab6/RTOSDemo/RTOSDemoWorkspace/RTOSDemo/hw/RTOSDemo.xsa
TRACE::2020-04-28.15:56:59::SCWPlatform::DSA given C:/Users/Pedro/Dropbox/UA/CR/Labs/Lab6/RTOSDemo/RTOSDemoWorkspace/RTOSDemo/hw/RTOSDemo.xsa
TRACE::2020-04-28.15:56:59::SCWPlatform::DSA absoulate path C:/Users/Pedro/Dropbox/UA/CR/Labs/Lab6/RTOSDemo/RTOSDemoWorkspace/RTOSDemo/hw/RTOSDemo.xsa
TRACE::2020-04-28.15:56:59::SCWPlatform::DSA directory C:/Users/Pedro/Dropbox/UA/CR/Labs/Lab6/RTOSDemo/RTOSDemoWorkspace/RTOSDemo/hw
TRACE::2020-04-28.15:56:59::SCWPlatform:: Platform Path C:/Users/Pedro/Dropbox/UA/CR/Labs/Lab6/RTOSDemo/RTOSDemoWorkspace/RTOSDemo/hw/RTOSDemo.xsa
TRACE::2020-04-28.15:56:59::SCWPlatform:: Unique name xilinx:nexys4::0.0
TRACE::2020-04-28.15:56:59::SCWPlatform::Trying to set the existing hwdb with name mb_design_wrapper_0
TRACE::2020-04-28.15:56:59::SCWPlatform::Opened existing hwdb mb_design_wrapper_0
TRACE::2020-04-28.15:56:59::SCWPlatform::Found the Hw Db part of the input DSA
TRACE::2020-04-28.15:56:59::SCWMssOS::Checking the sw design at  C:/Users/Pedro/Dropbox/UA/CR/Labs/Lab6/RTOSDemo/RTOSDemoWorkspace/RTOSDemo/microblaze_0/freertos10_xilinx_domain/bsp/system.mss
TRACE::2020-04-28.15:56:59::SCWMssOS::DEBUG:  swdes dump  C:/Users/Pedro/Dropbox/UA/CR/Labs/Lab6/RTOSDemo/RTOSDemoWorkspace/RTOSDemo/microblaze_0/freertos10_xilinx_domain/bsp/system.mss|system||

TRACE::2020-04-28.15:56:59::SCWMssOS::Sw design exists and opened at  C:/Users/Pedro/Dropbox/UA/CR/Labs/Lab6/RTOSDemo/RTOSDemoWorkspace/RTOSDemo/microblaze_0/freertos10_xilinx_domain/bsp/system.mss
TRACE::2020-04-28.15:56:59::SCWPlatform::Trying to open the hw design at C:/Users/Pedro/Dropbox/UA/CR/Labs/Lab6/RTOSDemo/RTOSDemoWorkspace/RTOSDemo/hw/RTOSDemo.xsa
TRACE::2020-04-28.15:56:59::SCWPlatform::DSA given C:/Users/Pedro/Dropbox/UA/CR/Labs/Lab6/RTOSDemo/RTOSDemoWorkspace/RTOSDemo/hw/RTOSDemo.xsa
TRACE::2020-04-28.15:56:59::SCWPlatform::DSA absoulate path C:/Users/Pedro/Dropbox/UA/CR/Labs/Lab6/RTOSDemo/RTOSDemoWorkspace/RTOSDemo/hw/RTOSDemo.xsa
TRACE::2020-04-28.15:56:59::SCWPlatform::DSA directory C:/Users/Pedro/Dropbox/UA/CR/Labs/Lab6/RTOSDemo/RTOSDemoWorkspace/RTOSDemo/hw
TRACE::2020-04-28.15:56:59::SCWPlatform:: Platform Path C:/Users/Pedro/Dropbox/UA/CR/Labs/Lab6/RTOSDemo/RTOSDemoWorkspace/RTOSDemo/hw/RTOSDemo.xsa
TRACE::2020-04-28.15:56:59::SCWPlatform:: Unique name xilinx:nexys4::0.0
TRACE::2020-04-28.15:56:59::SCWPlatform::Trying to set the existing hwdb with name mb_design_wrapper_0
TRACE::2020-04-28.15:56:59::SCWPlatform::Opened existing hwdb mb_design_wrapper_0
TRACE::2020-04-28.15:56:59::SCWPlatform::Found the Hw Db part of the input DSA
TRACE::2020-04-28.15:56:59::SCWMssOS::Checking the sw design at  C:/Users/Pedro/Dropbox/UA/CR/Labs/Lab6/RTOSDemo/RTOSDemoWorkspace/RTOSDemo/microblaze_0/freertos10_xilinx_domain/bsp/system.mss
TRACE::2020-04-28.15:56:59::SCWMssOS::DEBUG:  swdes dump  C:/Users/Pedro/Dropbox/UA/CR/Labs/Lab6/RTOSDemo/RTOSDemoWorkspace/RTOSDemo/microblaze_0/freertos10_xilinx_domain/bsp/system.mss|system||

TRACE::2020-04-28.15:56:59::SCWMssOS::Sw design exists and opened at  C:/Users/Pedro/Dropbox/UA/CR/Labs/Lab6/RTOSDemo/RTOSDemoWorkspace/RTOSDemo/microblaze_0/freertos10_xilinx_domain/bsp/system.mss
TRACE::2020-04-28.15:56:59::SCWWriter::formatted JSON is {
	"platformName":	"RTOSDemo",
	"sprVersion":	"2.0",
	"mode":	"gui",
	"dsaType":	"Fixed",
	"platformDesc":	"RTOSDemo",
	"platHandOff":	"C:/Users/Pedro/Dropbox/UA/CR/Labs/Lab6/RTOSDemo/RTOSDemo.xsa",
	"platIntHandOff":	"<platformDir>/hw/RTOSDemo.xsa",
	"deviceType":	"FPGA",
	"platIsPrebuiltAutogen":	"false",
	"platIsNoBootBsp":	"false",
	"hasFsblMakeHasChanges":	"false",
	"hasPmufwMakeHasChanges":	"false",
	"platPreBuiltFlag":	false,
	"platformSamplesDir":	"",
	"platActiveSys":	"RTOSDemo",
	"systems":	[{
			"systemName":	"RTOSDemo",
			"systemDesc":	"RTOSDemo",
			"sysIsBootAutoGen":	"true",
			"systemDispName":	"RTOSDemo",
			"sysActiveDom":	"freertos10_xilinx_domain",
			"sysDefaultDom":	"freertos10_xilinx_domain",
			"domains":	[{
					"domainName":	"freertos10_xilinx_domain",
					"domainDispName":	"freertos10_xilinx on microblaze_0",
					"domainDesc":	"freertos10_xilinx_domain",
					"processors":	"microblaze_0",
					"os":	"freertos10_xilinx",
					"sdxOs":	"freertos10_xilinx",
					"debugEnable":	"False",
					"domRuntimes":	["cpp"],
					"swRepo":	"",
					"mssOsVer":	"1.4",
					"mssFile":	"",
					"md5Digest":	"ff26476b29966485a5d69d79df042244",
					"compatibleApp":	"freertos_hello_world",
					"domType":	"mssDomain",
					"arch":	"32-bit",
					"appSettings":	{
						"appCompilerFlags":	"",
						"appLinkerFlags":	""
					},
					"addedLibs":	[],
					"libOptions":	{
						"libsContainingOptions":	[]
					},
					"prebuiltLibs":	{
						"prebuiltIncPath":	[],
						"prebuiltLibPath":	[]
					},
					"isolation":	{
					}
				}]
		}]
}
TRACE::2020-04-28.15:56:59::SCWPlatform::Trying to open the hw design at C:/Users/Pedro/Dropbox/UA/CR/Labs/Lab6/RTOSDemo/RTOSDemoWorkspace/RTOSDemo/hw/RTOSDemo.xsa
TRACE::2020-04-28.15:56:59::SCWPlatform::DSA given C:/Users/Pedro/Dropbox/UA/CR/Labs/Lab6/RTOSDemo/RTOSDemoWorkspace/RTOSDemo/hw/RTOSDemo.xsa
TRACE::2020-04-28.15:56:59::SCWPlatform::DSA absoulate path C:/Users/Pedro/Dropbox/UA/CR/Labs/Lab6/RTOSDemo/RTOSDemoWorkspace/RTOSDemo/hw/RTOSDemo.xsa
TRACE::2020-04-28.15:56:59::SCWPlatform::DSA directory C:/Users/Pedro/Dropbox/UA/CR/Labs/Lab6/RTOSDemo/RTOSDemoWorkspace/RTOSDemo/hw
TRACE::2020-04-28.15:56:59::SCWPlatform:: Platform Path C:/Users/Pedro/Dropbox/UA/CR/Labs/Lab6/RTOSDemo/RTOSDemoWorkspace/RTOSDemo/hw/RTOSDemo.xsa
TRACE::2020-04-28.15:56:59::SCWPlatform:: Unique name xilinx:nexys4::0.0
TRACE::2020-04-28.15:56:59::SCWPlatform::Trying to set the existing hwdb with name mb_design_wrapper_0
TRACE::2020-04-28.15:56:59::SCWPlatform::Opened existing hwdb mb_design_wrapper_0
TRACE::2020-04-28.15:56:59::SCWPlatform::Found the Hw Db part of the input DSA
TRACE::2020-04-28.15:56:59::SCWMssOS::Checking the sw design at  C:/Users/Pedro/Dropbox/UA/CR/Labs/Lab6/RTOSDemo/RTOSDemoWorkspace/RTOSDemo/microblaze_0/freertos10_xilinx_domain/bsp/system.mss
TRACE::2020-04-28.15:56:59::SCWMssOS::DEBUG:  swdes dump  C:/Users/Pedro/Dropbox/UA/CR/Labs/Lab6/RTOSDemo/RTOSDemoWorkspace/RTOSDemo/microblaze_0/freertos10_xilinx_domain/bsp/system.mss|system||

TRACE::2020-04-28.15:56:59::SCWMssOS::Sw design exists and opened at  C:/Users/Pedro/Dropbox/UA/CR/Labs/Lab6/RTOSDemo/RTOSDemoWorkspace/RTOSDemo/microblaze_0/freertos10_xilinx_domain/bsp/system.mss
TRACE::2020-04-28.15:56:59::SCWPlatform::Trying to open the hw design at C:/Users/Pedro/Dropbox/UA/CR/Labs/Lab6/RTOSDemo/RTOSDemoWorkspace/RTOSDemo/hw/RTOSDemo.xsa
TRACE::2020-04-28.15:56:59::SCWPlatform::DSA given C:/Users/Pedro/Dropbox/UA/CR/Labs/Lab6/RTOSDemo/RTOSDemoWorkspace/RTOSDemo/hw/RTOSDemo.xsa
TRACE::2020-04-28.15:56:59::SCWPlatform::DSA absoulate path C:/Users/Pedro/Dropbox/UA/CR/Labs/Lab6/RTOSDemo/RTOSDemoWorkspace/RTOSDemo/hw/RTOSDemo.xsa
TRACE::2020-04-28.15:56:59::SCWPlatform::DSA directory C:/Users/Pedro/Dropbox/UA/CR/Labs/Lab6/RTOSDemo/RTOSDemoWorkspace/RTOSDemo/hw
TRACE::2020-04-28.15:56:59::SCWPlatform:: Platform Path C:/Users/Pedro/Dropbox/UA/CR/Labs/Lab6/RTOSDemo/RTOSDemoWorkspace/RTOSDemo/hw/RTOSDemo.xsa
TRACE::2020-04-28.15:56:59::SCWPlatform:: Unique name xilinx:nexys4::0.0
TRACE::2020-04-28.15:56:59::SCWPlatform::Trying to set the existing hwdb with name mb_design_wrapper_0
TRACE::2020-04-28.15:56:59::SCWPlatform::Opened existing hwdb mb_design_wrapper_0
TRACE::2020-04-28.15:56:59::SCWPlatform::Found the Hw Db part of the input DSA
TRACE::2020-04-28.15:56:59::SCWMssOS::Checking the sw design at  C:/Users/Pedro/Dropbox/UA/CR/Labs/Lab6/RTOSDemo/RTOSDemoWorkspace/RTOSDemo/microblaze_0/freertos10_xilinx_domain/bsp/system.mss
TRACE::2020-04-28.15:56:59::SCWMssOS::DEBUG:  swdes dump  C:/Users/Pedro/Dropbox/UA/CR/Labs/Lab6/RTOSDemo/RTOSDemoWorkspace/RTOSDemo/microblaze_0/freertos10_xilinx_domain/bsp/system.mss|system||

TRACE::2020-04-28.15:56:59::SCWMssOS::Sw design exists and opened at  C:/Users/Pedro/Dropbox/UA/CR/Labs/Lab6/RTOSDemo/RTOSDemoWorkspace/RTOSDemo/microblaze_0/freertos10_xilinx_domain/bsp/system.mss
TRACE::2020-04-28.15:57:00::SCWPlatform::Trying to open the hw design at C:/Users/Pedro/Dropbox/UA/CR/Labs/Lab6/RTOSDemo/RTOSDemoWorkspace/RTOSDemo/hw/RTOSDemo.xsa
TRACE::2020-04-28.15:57:00::SCWPlatform::DSA given C:/Users/Pedro/Dropbox/UA/CR/Labs/Lab6/RTOSDemo/RTOSDemoWorkspace/RTOSDemo/hw/RTOSDemo.xsa
TRACE::2020-04-28.15:57:00::SCWPlatform::DSA absoulate path C:/Users/Pedro/Dropbox/UA/CR/Labs/Lab6/RTOSDemo/RTOSDemoWorkspace/RTOSDemo/hw/RTOSDemo.xsa
TRACE::2020-04-28.15:57:00::SCWPlatform::DSA directory C:/Users/Pedro/Dropbox/UA/CR/Labs/Lab6/RTOSDemo/RTOSDemoWorkspace/RTOSDemo/hw
TRACE::2020-04-28.15:57:00::SCWPlatform:: Platform Path C:/Users/Pedro/Dropbox/UA/CR/Labs/Lab6/RTOSDemo/RTOSDemoWorkspace/RTOSDemo/hw/RTOSDemo.xsa
TRACE::2020-04-28.15:57:00::SCWPlatform:: Unique name xilinx:nexys4::0.0
TRACE::2020-04-28.15:57:00::SCWPlatform::Trying to set the existing hwdb with name mb_design_wrapper_0
TRACE::2020-04-28.15:57:00::SCWPlatform::Opened existing hwdb mb_design_wrapper_0
TRACE::2020-04-28.15:57:00::SCWPlatform::Found the Hw Db part of the input DSA
TRACE::2020-04-28.15:57:00::SCWMssOS::Checking the sw design at  C:/Users/Pedro/Dropbox/UA/CR/Labs/Lab6/RTOSDemo/RTOSDemoWorkspace/RTOSDemo/microblaze_0/freertos10_xilinx_domain/bsp/system.mss
TRACE::2020-04-28.15:57:00::SCWMssOS::DEBUG:  swdes dump  C:/Users/Pedro/Dropbox/UA/CR/Labs/Lab6/RTOSDemo/RTOSDemoWorkspace/RTOSDemo/microblaze_0/freertos10_xilinx_domain/bsp/system.mss|system||

TRACE::2020-04-28.15:57:00::SCWMssOS::Sw design exists and opened at  C:/Users/Pedro/Dropbox/UA/CR/Labs/Lab6/RTOSDemo/RTOSDemoWorkspace/RTOSDemo/microblaze_0/freertos10_xilinx_domain/bsp/system.mss
TRACE::2020-04-28.15:57:00::SCWPlatform::Trying to open the hw design at C:/Users/Pedro/Dropbox/UA/CR/Labs/Lab6/RTOSDemo/RTOSDemoWorkspace/RTOSDemo/hw/RTOSDemo.xsa
TRACE::2020-04-28.15:57:00::SCWPlatform::DSA given C:/Users/Pedro/Dropbox/UA/CR/Labs/Lab6/RTOSDemo/RTOSDemoWorkspace/RTOSDemo/hw/RTOSDemo.xsa
TRACE::2020-04-28.15:57:00::SCWPlatform::DSA absoulate path C:/Users/Pedro/Dropbox/UA/CR/Labs/Lab6/RTOSDemo/RTOSDemoWorkspace/RTOSDemo/hw/RTOSDemo.xsa
TRACE::2020-04-28.15:57:00::SCWPlatform::DSA directory C:/Users/Pedro/Dropbox/UA/CR/Labs/Lab6/RTOSDemo/RTOSDemoWorkspace/RTOSDemo/hw
TRACE::2020-04-28.15:57:00::SCWPlatform:: Platform Path C:/Users/Pedro/Dropbox/UA/CR/Labs/Lab6/RTOSDemo/RTOSDemoWorkspace/RTOSDemo/hw/RTOSDemo.xsa
TRACE::2020-04-28.15:57:00::SCWPlatform:: Unique name xilinx:nexys4::0.0
TRACE::2020-04-28.15:57:00::SCWPlatform::Trying to set the existing hwdb with name mb_design_wrapper_0
TRACE::2020-04-28.15:57:00::SCWPlatform::Opened existing hwdb mb_design_wrapper_0
TRACE::2020-04-28.15:57:00::SCWPlatform::Found the Hw Db part of the input DSA
TRACE::2020-04-28.15:57:00::SCWMssOS::Checking the sw design at  C:/Users/Pedro/Dropbox/UA/CR/Labs/Lab6/RTOSDemo/RTOSDemoWorkspace/RTOSDemo/microblaze_0/freertos10_xilinx_domain/bsp/system.mss
TRACE::2020-04-28.15:57:00::SCWMssOS::DEBUG:  swdes dump  C:/Users/Pedro/Dropbox/UA/CR/Labs/Lab6/RTOSDemo/RTOSDemoWorkspace/RTOSDemo/microblaze_0/freertos10_xilinx_domain/bsp/system.mss|system||

TRACE::2020-04-28.15:57:00::SCWMssOS::Sw design exists and opened at  C:/Users/Pedro/Dropbox/UA/CR/Labs/Lab6/RTOSDemo/RTOSDemoWorkspace/RTOSDemo/microblaze_0/freertos10_xilinx_domain/bsp/system.mss
TRACE::2020-04-28.15:57:00::SCWPlatform::Trying to open the hw design at C:/Users/Pedro/Dropbox/UA/CR/Labs/Lab6/RTOSDemo/RTOSDemoWorkspace/RTOSDemo/hw/RTOSDemo.xsa
TRACE::2020-04-28.15:57:00::SCWPlatform::DSA given C:/Users/Pedro/Dropbox/UA/CR/Labs/Lab6/RTOSDemo/RTOSDemoWorkspace/RTOSDemo/hw/RTOSDemo.xsa
TRACE::2020-04-28.15:57:00::SCWPlatform::DSA absoulate path C:/Users/Pedro/Dropbox/UA/CR/Labs/Lab6/RTOSDemo/RTOSDemoWorkspace/RTOSDemo/hw/RTOSDemo.xsa
TRACE::2020-04-28.15:57:00::SCWPlatform::DSA directory C:/Users/Pedro/Dropbox/UA/CR/Labs/Lab6/RTOSDemo/RTOSDemoWorkspace/RTOSDemo/hw
TRACE::2020-04-28.15:57:00::SCWPlatform:: Platform Path C:/Users/Pedro/Dropbox/UA/CR/Labs/Lab6/RTOSDemo/RTOSDemoWorkspace/RTOSDemo/hw/RTOSDemo.xsa
TRACE::2020-04-28.15:57:00::SCWPlatform:: Unique name xilinx:nexys4::0.0
TRACE::2020-04-28.15:57:00::SCWPlatform::Trying to set the existing hwdb with name mb_design_wrapper_0
TRACE::2020-04-28.15:57:00::SCWPlatform::Opened existing hwdb mb_design_wrapper_0
TRACE::2020-04-28.15:57:00::SCWPlatform::Found the Hw Db part of the input DSA
TRACE::2020-04-28.15:57:00::SCWMssOS::Checking the sw design at  C:/Users/Pedro/Dropbox/UA/CR/Labs/Lab6/RTOSDemo/RTOSDemoWorkspace/RTOSDemo/microblaze_0/freertos10_xilinx_domain/bsp/system.mss
TRACE::2020-04-28.15:57:00::SCWMssOS::DEBUG:  swdes dump  C:/Users/Pedro/Dropbox/UA/CR/Labs/Lab6/RTOSDemo/RTOSDemoWorkspace/RTOSDemo/microblaze_0/freertos10_xilinx_domain/bsp/system.mss|system||

TRACE::2020-04-28.15:57:00::SCWMssOS::Sw design exists and opened at  C:/Users/Pedro/Dropbox/UA/CR/Labs/Lab6/RTOSDemo/RTOSDemoWorkspace/RTOSDemo/microblaze_0/freertos10_xilinx_domain/bsp/system.mss
TRACE::2020-04-28.15:57:00::SCWWriter::formatted JSON is {
	"platformName":	"RTOSDemo",
	"sprVersion":	"2.0",
	"mode":	"gui",
	"dsaType":	"Fixed",
	"platformDesc":	"RTOSDemo",
	"platHandOff":	"C:/Users/Pedro/Dropbox/UA/CR/Labs/Lab6/RTOSDemo/RTOSDemo.xsa",
	"platIntHandOff":	"<platformDir>/hw/RTOSDemo.xsa",
	"deviceType":	"FPGA",
	"platIsPrebuiltAutogen":	"false",
	"platIsNoBootBsp":	"false",
	"hasFsblMakeHasChanges":	"false",
	"hasPmufwMakeHasChanges":	"false",
	"platPreBuiltFlag":	false,
	"platformSamplesDir":	"",
	"platActiveSys":	"RTOSDemo",
	"systems":	[{
			"systemName":	"RTOSDemo",
			"systemDesc":	"RTOSDemo",
			"sysIsBootAutoGen":	"true",
			"systemDispName":	"RTOSDemo",
			"sysActiveDom":	"freertos10_xilinx_domain",
			"sysDefaultDom":	"freertos10_xilinx_domain",
			"domains":	[{
					"domainName":	"freertos10_xilinx_domain",
					"domainDispName":	"freertos10_xilinx on microblaze_0",
					"domainDesc":	"freertos10_xilinx_domain",
					"processors":	"microblaze_0",
					"os":	"freertos10_xilinx",
					"sdxOs":	"freertos10_xilinx",
					"debugEnable":	"False",
					"domRuntimes":	["cpp"],
					"swRepo":	"",
					"mssOsVer":	"1.4",
					"mssFile":	"",
					"md5Digest":	"ff26476b29966485a5d69d79df042244",
					"compatibleApp":	"freertos_hello_world",
					"domType":	"mssDomain",
					"arch":	"32-bit",
					"appSettings":	{
						"appCompilerFlags":	"",
						"appLinkerFlags":	""
					},
					"addedLibs":	[],
					"libOptions":	{
						"libsContainingOptions":	[]
					},
					"prebuiltLibs":	{
						"prebuiltIncPath":	[],
						"prebuiltLibPath":	[]
					},
					"isolation":	{
					}
				}]
		}]
}
LOG::2020-04-28.15:57:00::SCWPlatform::Started generating the artifacts platform RTOSDemo
TRACE::2020-04-28.15:57:00::SCWPlatform::Sanity checking of platform is completed
LOG::2020-04-28.15:57:00::SCWPlatform::Started generating the artifacts for system configuration RTOSDemo
LOG::2020-04-28.15:57:00::SCWSystem::Started Processing the domain freertos10_xilinx_domain
TRACE::2020-04-28.15:57:00::SCWDomain::Generating domain artifcats
TRACE::2020-04-28.15:57:00::SCWMssOS::Generating standalone artifcats
TRACE::2020-04-28.15:57:00::SCWMssOS:: Copying the user libraries. 
TRACE::2020-04-28.15:57:00::SCWPlatform::Trying to open the hw design at C:/Users/Pedro/Dropbox/UA/CR/Labs/Lab6/RTOSDemo/RTOSDemoWorkspace/RTOSDemo/hw/RTOSDemo.xsa
TRACE::2020-04-28.15:57:00::SCWPlatform::DSA given C:/Users/Pedro/Dropbox/UA/CR/Labs/Lab6/RTOSDemo/RTOSDemoWorkspace/RTOSDemo/hw/RTOSDemo.xsa
TRACE::2020-04-28.15:57:00::SCWPlatform::DSA absoulate path C:/Users/Pedro/Dropbox/UA/CR/Labs/Lab6/RTOSDemo/RTOSDemoWorkspace/RTOSDemo/hw/RTOSDemo.xsa
TRACE::2020-04-28.15:57:00::SCWPlatform::DSA directory C:/Users/Pedro/Dropbox/UA/CR/Labs/Lab6/RTOSDemo/RTOSDemoWorkspace/RTOSDemo/hw
TRACE::2020-04-28.15:57:00::SCWPlatform:: Platform Path C:/Users/Pedro/Dropbox/UA/CR/Labs/Lab6/RTOSDemo/RTOSDemoWorkspace/RTOSDemo/hw/RTOSDemo.xsa
TRACE::2020-04-28.15:57:00::SCWPlatform:: Unique name xilinx:nexys4::0.0
TRACE::2020-04-28.15:57:00::SCWPlatform::Trying to set the existing hwdb with name mb_design_wrapper_0
TRACE::2020-04-28.15:57:00::SCWPlatform::Opened existing hwdb mb_design_wrapper_0
TRACE::2020-04-28.15:57:00::SCWPlatform::Found the Hw Db part of the input DSA
TRACE::2020-04-28.15:57:00::SCWMssOS::Checking the sw design at  C:/Users/Pedro/Dropbox/UA/CR/Labs/Lab6/RTOSDemo/RTOSDemoWorkspace/RTOSDemo/microblaze_0/freertos10_xilinx_domain/bsp/system.mss
TRACE::2020-04-28.15:57:00::SCWMssOS::DEBUG:  swdes dump  C:/Users/Pedro/Dropbox/UA/CR/Labs/Lab6/RTOSDemo/RTOSDemoWorkspace/RTOSDemo/microblaze_0/freertos10_xilinx_domain/bsp/system.mss|system||

TRACE::2020-04-28.15:57:00::SCWMssOS::Sw design exists and opened at  C:/Users/Pedro/Dropbox/UA/CR/Labs/Lab6/RTOSDemo/RTOSDemoWorkspace/RTOSDemo/microblaze_0/freertos10_xilinx_domain/bsp/system.mss
TRACE::2020-04-28.15:57:00::SCWMssOS::Completed writing the mss file at C:/Users/Pedro/Dropbox/UA/CR/Labs/Lab6/RTOSDemo/RTOSDemoWorkspace/RTOSDemo/microblaze_0/freertos10_xilinx_domain/bsp
TRACE::2020-04-28.15:57:00::SCWMssOS::Mss edits present, copying mssfile into export location C:/Users/Pedro/Dropbox/UA/CR/Labs/Lab6/RTOSDemo/RTOSDemoWorkspace/RTOSDemo/microblaze_0/freertos10_xilinx_domain/bsp/system.mss
TRACE::2020-04-28.15:57:00::SCWMssOS::bsp generated is upto date with the mss file. Skipping bsp generation.
TRACE::2020-04-28.15:57:00::SCWMssOS::BSP is already built. skipping the bsp build ... 
TRACE::2020-04-28.15:57:00::SCWDomain::Building the domain as part of full build :  freertos10_xilinx_domain
TRACE::2020-04-28.15:57:00::SCWMssOS::skipping the bsp build ... 
TRACE::2020-04-28.15:57:00::SCWMssOS::Copying to export directory.
TRACE::2020-04-28.15:57:00::SCWMssOS:: Checking if to create the Supporting Applications
TRACE::2020-04-28.15:57:00::SCWMssOS:: No Linux domain exists, trying to generate FSBL 
LOG::2020-04-28.15:57:00::SCWSystem::Completed Processing the domain freertos10_xilinx_domain
LOG::2020-04-28.15:57:00::SCWSystem::Completed Processing the sysconfig RTOSDemo
LOG::2020-04-28.15:57:00::SCWPlatform::Completed generating the artifacts for system configuration RTOSDemo
TRACE::2020-04-28.15:57:00::SCWPlatform::Started preparing the platform 
TRACE::2020-04-28.15:57:00::SCWSystem::Writing the bif file for system config RTOSDemo
TRACE::2020-04-28.15:57:00::SCWSystem::dir created 
TRACE::2020-04-28.15:57:00::SCWSystem::Writing the bif 
TRACE::2020-04-28.15:57:00::SCWPlatform::Started writing the spfm file 
TRACE::2020-04-28.15:57:00::SCWPlatform::Started writing the xpfm file 
TRACE::2020-04-28.15:57:00::SCWPlatform::Completed generating the platform
TRACE::2020-04-28.15:57:00::SCWPlatform::Trying to open the hw design at C:/Users/Pedro/Dropbox/UA/CR/Labs/Lab6/RTOSDemo/RTOSDemoWorkspace/RTOSDemo/hw/RTOSDemo.xsa
TRACE::2020-04-28.15:57:00::SCWPlatform::DSA given C:/Users/Pedro/Dropbox/UA/CR/Labs/Lab6/RTOSDemo/RTOSDemoWorkspace/RTOSDemo/hw/RTOSDemo.xsa
TRACE::2020-04-28.15:57:00::SCWPlatform::DSA absoulate path C:/Users/Pedro/Dropbox/UA/CR/Labs/Lab6/RTOSDemo/RTOSDemoWorkspace/RTOSDemo/hw/RTOSDemo.xsa
TRACE::2020-04-28.15:57:00::SCWPlatform::DSA directory C:/Users/Pedro/Dropbox/UA/CR/Labs/Lab6/RTOSDemo/RTOSDemoWorkspace/RTOSDemo/hw
TRACE::2020-04-28.15:57:00::SCWPlatform:: Platform Path C:/Users/Pedro/Dropbox/UA/CR/Labs/Lab6/RTOSDemo/RTOSDemoWorkspace/RTOSDemo/hw/RTOSDemo.xsa
TRACE::2020-04-28.15:57:00::SCWPlatform:: Unique name xilinx:nexys4::0.0
TRACE::2020-04-28.15:57:00::SCWPlatform::Trying to set the existing hwdb with name mb_design_wrapper_0
TRACE::2020-04-28.15:57:00::SCWPlatform::Opened existing hwdb mb_design_wrapper_0
TRACE::2020-04-28.15:57:00::SCWPlatform::Found the Hw Db part of the input DSA
TRACE::2020-04-28.15:57:00::SCWMssOS::Checking the sw design at  C:/Users/Pedro/Dropbox/UA/CR/Labs/Lab6/RTOSDemo/RTOSDemoWorkspace/RTOSDemo/microblaze_0/freertos10_xilinx_domain/bsp/system.mss
TRACE::2020-04-28.15:57:00::SCWMssOS::DEBUG:  swdes dump  C:/Users/Pedro/Dropbox/UA/CR/Labs/Lab6/RTOSDemo/RTOSDemoWorkspace/RTOSDemo/microblaze_0/freertos10_xilinx_domain/bsp/system.mss|system||

TRACE::2020-04-28.15:57:00::SCWMssOS::Sw design exists and opened at  C:/Users/Pedro/Dropbox/UA/CR/Labs/Lab6/RTOSDemo/RTOSDemoWorkspace/RTOSDemo/microblaze_0/freertos10_xilinx_domain/bsp/system.mss
TRACE::2020-04-28.15:57:00::SCWPlatform::Trying to open the hw design at C:/Users/Pedro/Dropbox/UA/CR/Labs/Lab6/RTOSDemo/RTOSDemoWorkspace/RTOSDemo/hw/RTOSDemo.xsa
TRACE::2020-04-28.15:57:00::SCWPlatform::DSA given C:/Users/Pedro/Dropbox/UA/CR/Labs/Lab6/RTOSDemo/RTOSDemoWorkspace/RTOSDemo/hw/RTOSDemo.xsa
TRACE::2020-04-28.15:57:00::SCWPlatform::DSA absoulate path C:/Users/Pedro/Dropbox/UA/CR/Labs/Lab6/RTOSDemo/RTOSDemoWorkspace/RTOSDemo/hw/RTOSDemo.xsa
TRACE::2020-04-28.15:57:00::SCWPlatform::DSA directory C:/Users/Pedro/Dropbox/UA/CR/Labs/Lab6/RTOSDemo/RTOSDemoWorkspace/RTOSDemo/hw
TRACE::2020-04-28.15:57:00::SCWPlatform:: Platform Path C:/Users/Pedro/Dropbox/UA/CR/Labs/Lab6/RTOSDemo/RTOSDemoWorkspace/RTOSDemo/hw/RTOSDemo.xsa
TRACE::2020-04-28.15:57:00::SCWPlatform:: Unique name xilinx:nexys4::0.0
TRACE::2020-04-28.15:57:00::SCWPlatform::Trying to set the existing hwdb with name mb_design_wrapper_0
TRACE::2020-04-28.15:57:00::SCWPlatform::Opened existing hwdb mb_design_wrapper_0
TRACE::2020-04-28.15:57:00::SCWPlatform::Found the Hw Db part of the input DSA
TRACE::2020-04-28.15:57:00::SCWMssOS::Checking the sw design at  C:/Users/Pedro/Dropbox/UA/CR/Labs/Lab6/RTOSDemo/RTOSDemoWorkspace/RTOSDemo/microblaze_0/freertos10_xilinx_domain/bsp/system.mss
TRACE::2020-04-28.15:57:00::SCWMssOS::DEBUG:  swdes dump  C:/Users/Pedro/Dropbox/UA/CR/Labs/Lab6/RTOSDemo/RTOSDemoWorkspace/RTOSDemo/microblaze_0/freertos10_xilinx_domain/bsp/system.mss|system||

TRACE::2020-04-28.15:57:00::SCWMssOS::Sw design exists and opened at  C:/Users/Pedro/Dropbox/UA/CR/Labs/Lab6/RTOSDemo/RTOSDemoWorkspace/RTOSDemo/microblaze_0/freertos10_xilinx_domain/bsp/system.mss
TRACE::2020-04-28.15:57:00::SCWPlatform::Trying to open the hw design at C:/Users/Pedro/Dropbox/UA/CR/Labs/Lab6/RTOSDemo/RTOSDemoWorkspace/RTOSDemo/hw/RTOSDemo.xsa
TRACE::2020-04-28.15:57:00::SCWPlatform::DSA given C:/Users/Pedro/Dropbox/UA/CR/Labs/Lab6/RTOSDemo/RTOSDemoWorkspace/RTOSDemo/hw/RTOSDemo.xsa
TRACE::2020-04-28.15:57:00::SCWPlatform::DSA absoulate path C:/Users/Pedro/Dropbox/UA/CR/Labs/Lab6/RTOSDemo/RTOSDemoWorkspace/RTOSDemo/hw/RTOSDemo.xsa
TRACE::2020-04-28.15:57:00::SCWPlatform::DSA directory C:/Users/Pedro/Dropbox/UA/CR/Labs/Lab6/RTOSDemo/RTOSDemoWorkspace/RTOSDemo/hw
TRACE::2020-04-28.15:57:00::SCWPlatform:: Platform Path C:/Users/Pedro/Dropbox/UA/CR/Labs/Lab6/RTOSDemo/RTOSDemoWorkspace/RTOSDemo/hw/RTOSDemo.xsa
TRACE::2020-04-28.15:57:00::SCWPlatform:: Unique name xilinx:nexys4::0.0
TRACE::2020-04-28.15:57:00::SCWPlatform::Trying to set the existing hwdb with name mb_design_wrapper_0
TRACE::2020-04-28.15:57:00::SCWPlatform::Opened existing hwdb mb_design_wrapper_0
TRACE::2020-04-28.15:57:00::SCWPlatform::Found the Hw Db part of the input DSA
TRACE::2020-04-28.15:57:01::SCWMssOS::Checking the sw design at  C:/Users/Pedro/Dropbox/UA/CR/Labs/Lab6/RTOSDemo/RTOSDemoWorkspace/RTOSDemo/microblaze_0/freertos10_xilinx_domain/bsp/system.mss
TRACE::2020-04-28.15:57:01::SCWMssOS::DEBUG:  swdes dump  C:/Users/Pedro/Dropbox/UA/CR/Labs/Lab6/RTOSDemo/RTOSDemoWorkspace/RTOSDemo/microblaze_0/freertos10_xilinx_domain/bsp/system.mss|system||

TRACE::2020-04-28.15:57:01::SCWMssOS::Sw design exists and opened at  C:/Users/Pedro/Dropbox/UA/CR/Labs/Lab6/RTOSDemo/RTOSDemoWorkspace/RTOSDemo/microblaze_0/freertos10_xilinx_domain/bsp/system.mss
TRACE::2020-04-28.15:57:01::SCWWriter::formatted JSON is {
	"platformName":	"RTOSDemo",
	"sprVersion":	"2.0",
	"mode":	"gui",
	"dsaType":	"Fixed",
	"platformDesc":	"RTOSDemo",
	"platHandOff":	"C:/Users/Pedro/Dropbox/UA/CR/Labs/Lab6/RTOSDemo/RTOSDemo.xsa",
	"platIntHandOff":	"<platformDir>/hw/RTOSDemo.xsa",
	"deviceType":	"FPGA",
	"platIsPrebuiltAutogen":	"false",
	"platIsNoBootBsp":	"false",
	"hasFsblMakeHasChanges":	"false",
	"hasPmufwMakeHasChanges":	"false",
	"platPreBuiltFlag":	false,
	"platformSamplesDir":	"",
	"platActiveSys":	"RTOSDemo",
	"systems":	[{
			"systemName":	"RTOSDemo",
			"systemDesc":	"RTOSDemo",
			"sysIsBootAutoGen":	"true",
			"systemDispName":	"RTOSDemo",
			"sysActiveDom":	"freertos10_xilinx_domain",
			"sysDefaultDom":	"freertos10_xilinx_domain",
			"domains":	[{
					"domainName":	"freertos10_xilinx_domain",
					"domainDispName":	"freertos10_xilinx on microblaze_0",
					"domainDesc":	"freertos10_xilinx_domain",
					"processors":	"microblaze_0",
					"os":	"freertos10_xilinx",
					"sdxOs":	"freertos10_xilinx",
					"debugEnable":	"False",
					"domRuntimes":	["cpp"],
					"swRepo":	"",
					"mssOsVer":	"1.4",
					"mssFile":	"",
					"md5Digest":	"ff26476b29966485a5d69d79df042244",
					"compatibleApp":	"freertos_hello_world",
					"domType":	"mssDomain",
					"arch":	"32-bit",
					"appSettings":	{
						"appCompilerFlags":	"",
						"appLinkerFlags":	""
					},
					"addedLibs":	[],
					"libOptions":	{
						"libsContainingOptions":	[]
					},
					"prebuiltLibs":	{
						"prebuiltIncPath":	[],
						"prebuiltLibPath":	[]
					},
					"isolation":	{
					}
				}]
		}]
}
KEYINFO::2020-04-28.15:57:01::SCWPlatform::updated the xpfm file.
LOG::2020-04-28.16:04:41::SCWPlatform::Started generating the artifacts platform RTOSDemo
TRACE::2020-04-28.16:04:41::SCWPlatform::Sanity checking of platform is completed
LOG::2020-04-28.16:04:41::SCWPlatform::Started generating the artifacts for system configuration RTOSDemo
LOG::2020-04-28.16:04:41::SCWSystem::Checking the domain freertos10_xilinx_domain
LOG::2020-04-28.16:04:42::SCWSystem::Not a boot domain 
LOG::2020-04-28.16:04:42::SCWSystem::Started Processing the domain freertos10_xilinx_domain
TRACE::2020-04-28.16:04:42::SCWDomain::Generating domain artifcats
TRACE::2020-04-28.16:04:42::SCWMssOS::Generating standalone artifcats
TRACE::2020-04-28.16:04:42::SCWMssOS:: Copying the user libraries. 
TRACE::2020-04-28.16:04:42::SCWPlatform::Trying to open the hw design at C:/Users/Pedro/Dropbox/UA/CR/Labs/Lab6/RTOSDemo/RTOSDemoWorkspace/RTOSDemo/hw/RTOSDemo.xsa
TRACE::2020-04-28.16:04:42::SCWPlatform::DSA given C:/Users/Pedro/Dropbox/UA/CR/Labs/Lab6/RTOSDemo/RTOSDemoWorkspace/RTOSDemo/hw/RTOSDemo.xsa
TRACE::2020-04-28.16:04:42::SCWPlatform::DSA absoulate path C:/Users/Pedro/Dropbox/UA/CR/Labs/Lab6/RTOSDemo/RTOSDemoWorkspace/RTOSDemo/hw/RTOSDemo.xsa
TRACE::2020-04-28.16:04:42::SCWPlatform::DSA directory C:/Users/Pedro/Dropbox/UA/CR/Labs/Lab6/RTOSDemo/RTOSDemoWorkspace/RTOSDemo/hw
TRACE::2020-04-28.16:04:42::SCWPlatform:: Platform Path C:/Users/Pedro/Dropbox/UA/CR/Labs/Lab6/RTOSDemo/RTOSDemoWorkspace/RTOSDemo/hw/RTOSDemo.xsa
TRACE::2020-04-28.16:04:42::SCWPlatform:: Unique name xilinx:nexys4::0.0
TRACE::2020-04-28.16:04:42::SCWPlatform::Trying to set the existing hwdb with name mb_design_wrapper_0
TRACE::2020-04-28.16:04:42::SCWPlatform::Opened existing hwdb mb_design_wrapper_0
TRACE::2020-04-28.16:04:42::SCWPlatform::Found the Hw Db part of the input DSA
TRACE::2020-04-28.16:04:42::SCWMssOS::Checking the sw design at  C:/Users/Pedro/Dropbox/UA/CR/Labs/Lab6/RTOSDemo/RTOSDemoWorkspace/RTOSDemo/microblaze_0/freertos10_xilinx_domain/bsp/system.mss
TRACE::2020-04-28.16:04:42::SCWMssOS::DEBUG:  swdes dump  C:/Users/Pedro/Dropbox/UA/CR/Labs/Lab6/RTOSDemo/RTOSDemoWorkspace/RTOSDemo/microblaze_0/freertos10_xilinx_domain/bsp/system.mss|system||

TRACE::2020-04-28.16:04:42::SCWMssOS::Sw design exists and opened at  C:/Users/Pedro/Dropbox/UA/CR/Labs/Lab6/RTOSDemo/RTOSDemoWorkspace/RTOSDemo/microblaze_0/freertos10_xilinx_domain/bsp/system.mss
TRACE::2020-04-28.16:04:42::SCWMssOS::Completed writing the mss file at C:/Users/Pedro/Dropbox/UA/CR/Labs/Lab6/RTOSDemo/RTOSDemoWorkspace/RTOSDemo/microblaze_0/freertos10_xilinx_domain/bsp
TRACE::2020-04-28.16:04:42::SCWMssOS::Mss edits present, copying mssfile into export location C:/Users/Pedro/Dropbox/UA/CR/Labs/Lab6/RTOSDemo/RTOSDemoWorkspace/RTOSDemo/microblaze_0/freertos10_xilinx_domain/bsp/system.mss
TRACE::2020-04-28.16:04:42::SCWMssOS::bsp generated is upto date with the mss file. Skipping bsp generation.
TRACE::2020-04-28.16:04:42::SCWMssOS::BSP is already built. skipping the bsp build ... 
TRACE::2020-04-28.16:04:42::SCWDomain::Building the domain as part of full build :  freertos10_xilinx_domain
TRACE::2020-04-28.16:04:42::SCWMssOS::doing bsp build ... 
TRACE::2020-04-28.16:04:42::SCWMssOS::System Command Ran  C: & cd  C:/Users/Pedro/Dropbox/UA/CR/Labs/Lab6/RTOSDemo/RTOSDemoWorkspace/RTOSDemo/microblaze_0/freertos10_xilinx_domain/bsp & make 
TRACE::2020-04-28.16:04:42::SCWMssOS::"Running Make include in microblaze_0/libsrc/bram_v4_3/src"

TRACE::2020-04-28.16:04:42::SCWMssOS::make -C microblaze_0/libsrc/bram_v4_3/src -s include  "SHELL=CMD" "COMPILER=mb-gcc" "ASSEMBLER=mb-as" "ARCHIVER=mb-ar" "COMPILE
TRACE::2020-04-28.16:04:42::SCWMssOS::R_FLAGS=  -O2 -c -mcpu=v11.0 -mlittle-endian -mno-xl-soft-div -mno-xl-soft-mul -mxl-barrel-shift -mxl-pattern-compare" "EXTRA_C
TRACE::2020-04-28.16:04:42::SCWMssOS::OMPILER_FLAGS=-g -ffunction-sections -fdata-sections -Wall -Wextra"

TRACE::2020-04-28.16:04:43::SCWMssOS::"Running Make include in microblaze_0/libsrc/cpu_v2_10/src"

TRACE::2020-04-28.16:04:43::SCWMssOS::make -C microblaze_0/libsrc/cpu_v2_10/src -s include  "SHELL=CMD" "COMPILER=mb-gcc" "ASSEMBLER=mb-as" "ARCHIVER=mb-ar" "COMPILE
TRACE::2020-04-28.16:04:43::SCWMssOS::R_FLAGS=  -O2 -c -mcpu=v11.0 -mlittle-endian -mno-xl-soft-div -mno-xl-soft-mul -mxl-barrel-shift -mxl-pattern-compare" "EXTRA_C
TRACE::2020-04-28.16:04:43::SCWMssOS::OMPILER_FLAGS=-g -ffunction-sections -fdata-sections -Wall -Wextra"

TRACE::2020-04-28.16:04:43::SCWMssOS::"Running Make include in microblaze_0/libsrc/freertos10_xilinx_v1_4/src"

TRACE::2020-04-28.16:04:43::SCWMssOS::make -C microblaze_0/libsrc/freertos10_xilinx_v1_4/src -s include  "SHELL=CMD" "COMPILER=mb-gcc" "ASSEMBLER=mb-as" "ARCHIVER=mb
TRACE::2020-04-28.16:04:43::SCWMssOS::-ar" "COMPILER_FLAGS=  -O2 -c -mcpu=v11.0 -mlittle-endian -mno-xl-soft-div -mno-xl-soft-mul -mxl-barrel-shift -mxl-pattern-comp
TRACE::2020-04-28.16:04:43::SCWMssOS::are" "EXTRA_COMPILER_FLAGS=-g -ffunction-sections -fdata-sections -Wall -Wextra"

TRACE::2020-04-28.16:04:43::SCWMssOS::"include"

TRACE::2020-04-28.16:04:44::SCWMssOS::"Running Make include in microblaze_0/libsrc/gpio_v4_5/src"

TRACE::2020-04-28.16:04:44::SCWMssOS::make -C microblaze_0/libsrc/gpio_v4_5/src -s include  "SHELL=CMD" "COMPILER=mb-gcc" "ASSEMBLER=mb-as" "ARCHIVER=mb-ar" "COMPILE
TRACE::2020-04-28.16:04:44::SCWMssOS::R_FLAGS=  -O2 -c -mcpu=v11.0 -mlittle-endian -mno-xl-soft-div -mno-xl-soft-mul -mxl-barrel-shift -mxl-pattern-compare" "EXTRA_C
TRACE::2020-04-28.16:04:44::SCWMssOS::OMPILER_FLAGS=-g -ffunction-sections -fdata-sections -Wall -Wextra"

TRACE::2020-04-28.16:04:44::SCWMssOS::"Running Make include in microblaze_0/libsrc/intc_v3_10/src"

TRACE::2020-04-28.16:04:44::SCWMssOS::make -C microblaze_0/libsrc/intc_v3_10/src -s include  "SHELL=CMD" "COMPILER=mb-gcc" "ASSEMBLER=mb-as" "ARCHIVER=mb-ar" "COMPIL
TRACE::2020-04-28.16:04:44::SCWMssOS::ER_FLAGS=  -O2 -c -mcpu=v11.0 -mlittle-endian -mno-xl-soft-div -mno-xl-soft-mul -mxl-barrel-shift -mxl-pattern-compare" "EXTRA_
TRACE::2020-04-28.16:04:44::SCWMssOS::COMPILER_FLAGS=-g -ffunction-sections -fdata-sections -Wall -Wextra"

TRACE::2020-04-28.16:04:44::SCWMssOS::"Running Make include in microblaze_0/libsrc/tmrctr_v4_5/src"

TRACE::2020-04-28.16:04:44::SCWMssOS::make -C microblaze_0/libsrc/tmrctr_v4_5/src -s include  "SHELL=CMD" "COMPILER=mb-gcc" "ASSEMBLER=mb-as" "ARCHIVER=mb-ar" "COMPI
TRACE::2020-04-28.16:04:44::SCWMssOS::LER_FLAGS=  -O2 -c -mcpu=v11.0 -mlittle-endian -mno-xl-soft-div -mno-xl-soft-mul -mxl-barrel-shift -mxl-pattern-compare" "EXTRA
TRACE::2020-04-28.16:04:44::SCWMssOS::_COMPILER_FLAGS=-g -ffunction-sections -fdata-sections -Wall -Wextra"

TRACE::2020-04-28.16:04:44::SCWMssOS::"Running Make include in microblaze_0/libsrc/uartlite_v3_3/src"

TRACE::2020-04-28.16:04:44::SCWMssOS::make -C microblaze_0/libsrc/uartlite_v3_3/src -s include  "SHELL=CMD" "COMPILER=mb-gcc" "ASSEMBLER=mb-as" "ARCHIVER=mb-ar" "COM
TRACE::2020-04-28.16:04:44::SCWMssOS::PILER_FLAGS=  -O2 -c -mcpu=v11.0 -mlittle-endian -mno-xl-soft-div -mno-xl-soft-mul -mxl-barrel-shift -mxl-pattern-compare" "EXT
TRACE::2020-04-28.16:04:44::SCWMssOS::RA_COMPILER_FLAGS=-g -ffunction-sections -fdata-sections -Wall -Wextra"

TRACE::2020-04-28.16:04:45::SCWMssOS::"Running Make libs in microblaze_0/libsrc/bram_v4_3/src"

TRACE::2020-04-28.16:04:45::SCWMssOS::make -C microblaze_0/libsrc/bram_v4_3/src -s libs  "SHELL=CMD" "COMPILER=mb-gcc" "ASSEMBLER=mb-as" "ARCHIVER=mb-ar" "COMPILER_F
TRACE::2020-04-28.16:04:45::SCWMssOS::LAGS=  -O2 -c -mcpu=v11.0 -mlittle-endian -mno-xl-soft-div -mno-xl-soft-mul -mxl-barrel-shift -mxl-pattern-compare" "EXTRA_COMP
TRACE::2020-04-28.16:04:45::SCWMssOS::ILER_FLAGS=-g -ffunction-sections -fdata-sections -Wall -Wextra"

TRACE::2020-04-28.16:04:45::SCWMssOS::"Compiling bram"

TRACE::2020-04-28.16:04:46::SCWMssOS::"Running Make libs in microblaze_0/libsrc/cpu_v2_10/src"

TRACE::2020-04-28.16:04:46::SCWMssOS::make -C microblaze_0/libsrc/cpu_v2_10/src -s libs  "SHELL=CMD" "COMPILER=mb-gcc" "ASSEMBLER=mb-as" "ARCHIVER=mb-ar" "COMPILER_F
TRACE::2020-04-28.16:04:46::SCWMssOS::LAGS=  -O2 -c -mcpu=v11.0 -mlittle-endian -mno-xl-soft-div -mno-xl-soft-mul -mxl-barrel-shift -mxl-pattern-compare" "EXTRA_COMP
TRACE::2020-04-28.16:04:46::SCWMssOS::ILER_FLAGS=-g -ffunction-sections -fdata-sections -Wall -Wextra"

TRACE::2020-04-28.16:04:46::SCWMssOS::"Compiling cpu"

TRACE::2020-04-28.16:04:46::SCWMssOS::"Running Make libs in microblaze_0/libsrc/freertos10_xilinx_v1_4/src"

TRACE::2020-04-28.16:04:46::SCWMssOS::make -C microblaze_0/libsrc/freertos10_xilinx_v1_4/src -s libs  "SHELL=CMD" "COMPILER=mb-gcc" "ASSEMBLER=mb-as" "ARCHIVER=mb-ar
TRACE::2020-04-28.16:04:46::SCWMssOS::" "COMPILER_FLAGS=  -O2 -c -mcpu=v11.0 -mlittle-endian -mno-xl-soft-div -mno-xl-soft-mul -mxl-barrel-shift -mxl-pattern-compare
TRACE::2020-04-28.16:04:46::SCWMssOS::" "EXTRA_COMPILER_FLAGS=-g -ffunction-sections -fdata-sections -Wall -Wextra"

TRACE::2020-04-28.16:04:46::SCWMssOS::"Compiling standalone";

TRACE::2020-04-28.16:04:50::SCWMssOS::"Compiling FreeRTOS"

TRACE::2020-04-28.16:04:52::SCWMssOS::"Running Make libs in microblaze_0/libsrc/gpio_v4_5/src"

TRACE::2020-04-28.16:04:52::SCWMssOS::make -C microblaze_0/libsrc/gpio_v4_5/src -s libs  "SHELL=CMD" "COMPILER=mb-gcc" "ASSEMBLER=mb-as" "ARCHIVER=mb-ar" "COMPILER_F
TRACE::2020-04-28.16:04:52::SCWMssOS::LAGS=  -O2 -c -mcpu=v11.0 -mlittle-endian -mno-xl-soft-div -mno-xl-soft-mul -mxl-barrel-shift -mxl-pattern-compare" "EXTRA_COMP
TRACE::2020-04-28.16:04:52::SCWMssOS::ILER_FLAGS=-g -ffunction-sections -fdata-sections -Wall -Wextra"

TRACE::2020-04-28.16:04:52::SCWMssOS::"Compiling gpio"

TRACE::2020-04-28.16:04:53::SCWMssOS::"Running Make libs in microblaze_0/libsrc/intc_v3_10/src"

TRACE::2020-04-28.16:04:53::SCWMssOS::make -C microblaze_0/libsrc/intc_v3_10/src -s libs  "SHELL=CMD" "COMPILER=mb-gcc" "ASSEMBLER=mb-as" "ARCHIVER=mb-ar" "COMPILER_
TRACE::2020-04-28.16:04:53::SCWMssOS::FLAGS=  -O2 -c -mcpu=v11.0 -mlittle-endian -mno-xl-soft-div -mno-xl-soft-mul -mxl-barrel-shift -mxl-pattern-compare" "EXTRA_COM
TRACE::2020-04-28.16:04:53::SCWMssOS::PILER_FLAGS=-g -ffunction-sections -fdata-sections -Wall -Wextra"

TRACE::2020-04-28.16:04:53::SCWMssOS::"Compiling intc"

TRACE::2020-04-28.16:04:54::SCWMssOS::"Running Make libs in microblaze_0/libsrc/tmrctr_v4_5/src"

TRACE::2020-04-28.16:04:54::SCWMssOS::make -C microblaze_0/libsrc/tmrctr_v4_5/src -s libs  "SHELL=CMD" "COMPILER=mb-gcc" "ASSEMBLER=mb-as" "ARCHIVER=mb-ar" "COMPILER
TRACE::2020-04-28.16:04:54::SCWMssOS::_FLAGS=  -O2 -c -mcpu=v11.0 -mlittle-endian -mno-xl-soft-div -mno-xl-soft-mul -mxl-barrel-shift -mxl-pattern-compare" "EXTRA_CO
TRACE::2020-04-28.16:04:54::SCWMssOS::MPILER_FLAGS=-g -ffunction-sections -fdata-sections -Wall -Wextra"

TRACE::2020-04-28.16:04:55::SCWMssOS::"Compiling tmrctr"

TRACE::2020-04-28.16:04:56::SCWMssOS::"Running Make libs in microblaze_0/libsrc/uartlite_v3_3/src"

TRACE::2020-04-28.16:04:56::SCWMssOS::make -C microblaze_0/libsrc/uartlite_v3_3/src -s libs  "SHELL=CMD" "COMPILER=mb-gcc" "ASSEMBLER=mb-as" "ARCHIVER=mb-ar" "COMPIL
TRACE::2020-04-28.16:04:56::SCWMssOS::ER_FLAGS=  -O2 -c -mcpu=v11.0 -mlittle-endian -mno-xl-soft-div -mno-xl-soft-mul -mxl-barrel-shift -mxl-pattern-compare" "EXTRA_
TRACE::2020-04-28.16:04:56::SCWMssOS::COMPILER_FLAGS=-g -ffunction-sections -fdata-sections -Wall -Wextra"

TRACE::2020-04-28.16:04:56::SCWMssOS::"Compiling uartlite"

TRACE::2020-04-28.16:04:57::SCWMssOS::'Finished building libraries'

TRACE::2020-04-28.16:04:57::SCWMssOS::Copying to export directory.
TRACE::2020-04-28.16:04:57::SCWMssOS:: Checking if to create the Supporting Applications
TRACE::2020-04-28.16:04:57::SCWMssOS:: No Linux domain exists, trying to generate FSBL 
LOG::2020-04-28.16:04:57::SCWSystem::Completed Processing the domain freertos10_xilinx_domain
LOG::2020-04-28.16:04:57::SCWSystem::Completed Processing the sysconfig RTOSDemo
LOG::2020-04-28.16:04:57::SCWPlatform::Completed generating the artifacts for system configuration RTOSDemo
TRACE::2020-04-28.16:04:57::SCWPlatform::Started preparing the platform 
TRACE::2020-04-28.16:04:57::SCWSystem::Writing the bif file for system config RTOSDemo
TRACE::2020-04-28.16:04:57::SCWSystem::dir created 
TRACE::2020-04-28.16:04:57::SCWSystem::Writing the bif 
TRACE::2020-04-28.16:04:57::SCWPlatform::Started writing the spfm file 
TRACE::2020-04-28.16:04:57::SCWPlatform::Started writing the xpfm file 
TRACE::2020-04-28.16:04:57::SCWPlatform::Completed generating the platform
TRACE::2020-04-28.16:04:57::SCWPlatform::Trying to open the hw design at C:/Users/Pedro/Dropbox/UA/CR/Labs/Lab6/RTOSDemo/RTOSDemoWorkspace/RTOSDemo/hw/RTOSDemo.xsa
TRACE::2020-04-28.16:04:57::SCWPlatform::DSA given C:/Users/Pedro/Dropbox/UA/CR/Labs/Lab6/RTOSDemo/RTOSDemoWorkspace/RTOSDemo/hw/RTOSDemo.xsa
TRACE::2020-04-28.16:04:57::SCWPlatform::DSA absoulate path C:/Users/Pedro/Dropbox/UA/CR/Labs/Lab6/RTOSDemo/RTOSDemoWorkspace/RTOSDemo/hw/RTOSDemo.xsa
TRACE::2020-04-28.16:04:57::SCWPlatform::DSA directory C:/Users/Pedro/Dropbox/UA/CR/Labs/Lab6/RTOSDemo/RTOSDemoWorkspace/RTOSDemo/hw
TRACE::2020-04-28.16:04:57::SCWPlatform:: Platform Path C:/Users/Pedro/Dropbox/UA/CR/Labs/Lab6/RTOSDemo/RTOSDemoWorkspace/RTOSDemo/hw/RTOSDemo.xsa
TRACE::2020-04-28.16:04:57::SCWPlatform:: Unique name xilinx:nexys4::0.0
TRACE::2020-04-28.16:04:57::SCWPlatform::Trying to set the existing hwdb with name mb_design_wrapper_0
TRACE::2020-04-28.16:04:57::SCWPlatform::Opened existing hwdb mb_design_wrapper_0
TRACE::2020-04-28.16:04:57::SCWPlatform::Found the Hw Db part of the input DSA
TRACE::2020-04-28.16:04:57::SCWMssOS::Checking the sw design at  C:/Users/Pedro/Dropbox/UA/CR/Labs/Lab6/RTOSDemo/RTOSDemoWorkspace/RTOSDemo/microblaze_0/freertos10_xilinx_domain/bsp/system.mss
TRACE::2020-04-28.16:04:57::SCWMssOS::DEBUG:  swdes dump  C:/Users/Pedro/Dropbox/UA/CR/Labs/Lab6/RTOSDemo/RTOSDemoWorkspace/RTOSDemo/microblaze_0/freertos10_xilinx_domain/bsp/system.mss|system||

TRACE::2020-04-28.16:04:57::SCWMssOS::Sw design exists and opened at  C:/Users/Pedro/Dropbox/UA/CR/Labs/Lab6/RTOSDemo/RTOSDemoWorkspace/RTOSDemo/microblaze_0/freertos10_xilinx_domain/bsp/system.mss
TRACE::2020-04-28.16:04:57::SCWPlatform::Trying to open the hw design at C:/Users/Pedro/Dropbox/UA/CR/Labs/Lab6/RTOSDemo/RTOSDemoWorkspace/RTOSDemo/hw/RTOSDemo.xsa
TRACE::2020-04-28.16:04:57::SCWPlatform::DSA given C:/Users/Pedro/Dropbox/UA/CR/Labs/Lab6/RTOSDemo/RTOSDemoWorkspace/RTOSDemo/hw/RTOSDemo.xsa
TRACE::2020-04-28.16:04:57::SCWPlatform::DSA absoulate path C:/Users/Pedro/Dropbox/UA/CR/Labs/Lab6/RTOSDemo/RTOSDemoWorkspace/RTOSDemo/hw/RTOSDemo.xsa
TRACE::2020-04-28.16:04:57::SCWPlatform::DSA directory C:/Users/Pedro/Dropbox/UA/CR/Labs/Lab6/RTOSDemo/RTOSDemoWorkspace/RTOSDemo/hw
TRACE::2020-04-28.16:04:57::SCWPlatform:: Platform Path C:/Users/Pedro/Dropbox/UA/CR/Labs/Lab6/RTOSDemo/RTOSDemoWorkspace/RTOSDemo/hw/RTOSDemo.xsa
TRACE::2020-04-28.16:04:57::SCWPlatform:: Unique name xilinx:nexys4::0.0
TRACE::2020-04-28.16:04:57::SCWPlatform::Trying to set the existing hwdb with name mb_design_wrapper_0
TRACE::2020-04-28.16:04:57::SCWPlatform::Opened existing hwdb mb_design_wrapper_0
TRACE::2020-04-28.16:04:57::SCWPlatform::Found the Hw Db part of the input DSA
TRACE::2020-04-28.16:04:57::SCWMssOS::Checking the sw design at  C:/Users/Pedro/Dropbox/UA/CR/Labs/Lab6/RTOSDemo/RTOSDemoWorkspace/RTOSDemo/microblaze_0/freertos10_xilinx_domain/bsp/system.mss
TRACE::2020-04-28.16:04:57::SCWMssOS::DEBUG:  swdes dump  C:/Users/Pedro/Dropbox/UA/CR/Labs/Lab6/RTOSDemo/RTOSDemoWorkspace/RTOSDemo/microblaze_0/freertos10_xilinx_domain/bsp/system.mss|system||

TRACE::2020-04-28.16:04:57::SCWMssOS::Sw design exists and opened at  C:/Users/Pedro/Dropbox/UA/CR/Labs/Lab6/RTOSDemo/RTOSDemoWorkspace/RTOSDemo/microblaze_0/freertos10_xilinx_domain/bsp/system.mss
TRACE::2020-04-28.16:04:57::SCWPlatform::Trying to open the hw design at C:/Users/Pedro/Dropbox/UA/CR/Labs/Lab6/RTOSDemo/RTOSDemoWorkspace/RTOSDemo/hw/RTOSDemo.xsa
TRACE::2020-04-28.16:04:57::SCWPlatform::DSA given C:/Users/Pedro/Dropbox/UA/CR/Labs/Lab6/RTOSDemo/RTOSDemoWorkspace/RTOSDemo/hw/RTOSDemo.xsa
TRACE::2020-04-28.16:04:57::SCWPlatform::DSA absoulate path C:/Users/Pedro/Dropbox/UA/CR/Labs/Lab6/RTOSDemo/RTOSDemoWorkspace/RTOSDemo/hw/RTOSDemo.xsa
TRACE::2020-04-28.16:04:57::SCWPlatform::DSA directory C:/Users/Pedro/Dropbox/UA/CR/Labs/Lab6/RTOSDemo/RTOSDemoWorkspace/RTOSDemo/hw
TRACE::2020-04-28.16:04:57::SCWPlatform:: Platform Path C:/Users/Pedro/Dropbox/UA/CR/Labs/Lab6/RTOSDemo/RTOSDemoWorkspace/RTOSDemo/hw/RTOSDemo.xsa
TRACE::2020-04-28.16:04:57::SCWPlatform:: Unique name xilinx:nexys4::0.0
TRACE::2020-04-28.16:04:57::SCWPlatform::Trying to set the existing hwdb with name mb_design_wrapper_0
TRACE::2020-04-28.16:04:57::SCWPlatform::Opened existing hwdb mb_design_wrapper_0
TRACE::2020-04-28.16:04:57::SCWPlatform::Found the Hw Db part of the input DSA
TRACE::2020-04-28.16:04:57::SCWMssOS::Checking the sw design at  C:/Users/Pedro/Dropbox/UA/CR/Labs/Lab6/RTOSDemo/RTOSDemoWorkspace/RTOSDemo/microblaze_0/freertos10_xilinx_domain/bsp/system.mss
TRACE::2020-04-28.16:04:57::SCWMssOS::DEBUG:  swdes dump  C:/Users/Pedro/Dropbox/UA/CR/Labs/Lab6/RTOSDemo/RTOSDemoWorkspace/RTOSDemo/microblaze_0/freertos10_xilinx_domain/bsp/system.mss|system||

TRACE::2020-04-28.16:04:57::SCWMssOS::Sw design exists and opened at  C:/Users/Pedro/Dropbox/UA/CR/Labs/Lab6/RTOSDemo/RTOSDemoWorkspace/RTOSDemo/microblaze_0/freertos10_xilinx_domain/bsp/system.mss
TRACE::2020-04-28.16:04:57::SCWWriter::formatted JSON is {
	"platformName":	"RTOSDemo",
	"sprVersion":	"2.0",
	"mode":	"gui",
	"dsaType":	"Fixed",
	"platformDesc":	"RTOSDemo",
	"platHandOff":	"C:/Users/Pedro/Dropbox/UA/CR/Labs/Lab6/RTOSDemo/RTOSDemo.xsa",
	"platIntHandOff":	"<platformDir>/hw/RTOSDemo.xsa",
	"deviceType":	"FPGA",
	"platIsPrebuiltAutogen":	"false",
	"platIsNoBootBsp":	"false",
	"hasFsblMakeHasChanges":	"false",
	"hasPmufwMakeHasChanges":	"false",
	"platPreBuiltFlag":	false,
	"platformSamplesDir":	"",
	"platActiveSys":	"RTOSDemo",
	"systems":	[{
			"systemName":	"RTOSDemo",
			"systemDesc":	"RTOSDemo",
			"sysIsBootAutoGen":	"true",
			"systemDispName":	"RTOSDemo",
			"sysActiveDom":	"freertos10_xilinx_domain",
			"sysDefaultDom":	"freertos10_xilinx_domain",
			"domains":	[{
					"domainName":	"freertos10_xilinx_domain",
					"domainDispName":	"freertos10_xilinx on microblaze_0",
					"domainDesc":	"freertos10_xilinx_domain",
					"processors":	"microblaze_0",
					"os":	"freertos10_xilinx",
					"sdxOs":	"freertos10_xilinx",
					"debugEnable":	"False",
					"domRuntimes":	["cpp"],
					"swRepo":	"",
					"mssOsVer":	"1.4",
					"mssFile":	"",
					"md5Digest":	"ff26476b29966485a5d69d79df042244",
					"compatibleApp":	"freertos_hello_world",
					"domType":	"mssDomain",
					"arch":	"32-bit",
					"appSettings":	{
						"appCompilerFlags":	"",
						"appLinkerFlags":	""
					},
					"addedLibs":	[],
					"libOptions":	{
						"libsContainingOptions":	[]
					},
					"prebuiltLibs":	{
						"prebuiltIncPath":	[],
						"prebuiltLibPath":	[]
					},
					"isolation":	{
					}
				}]
		}]
}
KEYINFO::2020-04-28.16:04:57::SCWPlatform::updated the xpfm file.
TRACE::2020-04-28.16:04:57::SCWPlatform::Trying to open the hw design at C:/Users/Pedro/Dropbox/UA/CR/Labs/Lab6/RTOSDemo/RTOSDemoWorkspace/RTOSDemo/hw/RTOSDemo.xsa
TRACE::2020-04-28.16:04:57::SCWPlatform::DSA given C:/Users/Pedro/Dropbox/UA/CR/Labs/Lab6/RTOSDemo/RTOSDemoWorkspace/RTOSDemo/hw/RTOSDemo.xsa
TRACE::2020-04-28.16:04:57::SCWPlatform::DSA absoulate path C:/Users/Pedro/Dropbox/UA/CR/Labs/Lab6/RTOSDemo/RTOSDemoWorkspace/RTOSDemo/hw/RTOSDemo.xsa
TRACE::2020-04-28.16:04:57::SCWPlatform::DSA directory C:/Users/Pedro/Dropbox/UA/CR/Labs/Lab6/RTOSDemo/RTOSDemoWorkspace/RTOSDemo/hw
TRACE::2020-04-28.16:04:57::SCWPlatform:: Platform Path C:/Users/Pedro/Dropbox/UA/CR/Labs/Lab6/RTOSDemo/RTOSDemoWorkspace/RTOSDemo/hw/RTOSDemo.xsa
TRACE::2020-04-28.16:04:57::SCWPlatform:: Unique name xilinx:nexys4::0.0
TRACE::2020-04-28.16:04:57::SCWPlatform::Trying to set the existing hwdb with name mb_design_wrapper_0
TRACE::2020-04-28.16:04:57::SCWPlatform::Opened existing hwdb mb_design_wrapper_0
TRACE::2020-04-28.16:04:57::SCWPlatform::Found the Hw Db part of the input DSA
TRACE::2020-04-28.16:04:57::SCWMssOS::Checking the sw design at  C:/Users/Pedro/Dropbox/UA/CR/Labs/Lab6/RTOSDemo/RTOSDemoWorkspace/RTOSDemo/microblaze_0/freertos10_xilinx_domain/bsp/system.mss
TRACE::2020-04-28.16:04:57::SCWMssOS::DEBUG:  swdes dump  C:/Users/Pedro/Dropbox/UA/CR/Labs/Lab6/RTOSDemo/RTOSDemoWorkspace/RTOSDemo/microblaze_0/freertos10_xilinx_domain/bsp/system.mss|system||

TRACE::2020-04-28.16:04:57::SCWMssOS::Sw design exists and opened at  C:/Users/Pedro/Dropbox/UA/CR/Labs/Lab6/RTOSDemo/RTOSDemoWorkspace/RTOSDemo/microblaze_0/freertos10_xilinx_domain/bsp/system.mss
