TRACE::2020-05-01.12:43:15::SCWPlatform::Trying to open the hw design at C:/Users/Pedro/Dropbox/UA/CR/Labs/Lab5/CountDownTimerCustomHwPartIVWorkspace/CountDownTimerCustomHwPartIV/hw/CountDownTimerCustomHwPartIV.xsa
TRACE::2020-05-01.12:43:15::SCWPlatform::DSA given C:/Users/Pedro/Dropbox/UA/CR/Labs/Lab5/CountDownTimerCustomHwPartIVWorkspace/CountDownTimerCustomHwPartIV/hw/CountDownTimerCustomHwPartIV.xsa
TRACE::2020-05-01.12:43:15::SCWPlatform::DSA absoulate path C:/Users/Pedro/Dropbox/UA/CR/Labs/Lab5/CountDownTimerCustomHwPartIVWorkspace/CountDownTimerCustomHwPartIV/hw/CountDownTimerCustomHwPartIV.xsa
TRACE::2020-05-01.12:43:18::SCWPlatform::DSA directory C:/Users/Pedro/Dropbox/UA/CR/Labs/Lab5/CountDownTimerCustomHwPartIVWorkspace/CountDownTimerCustomHwPartIV/hw
TRACE::2020-05-01.12:43:18::SCWPlatform:: Platform Path C:/Users/Pedro/Dropbox/UA/CR/Labs/Lab5/CountDownTimerCustomHwPartIVWorkspace/CountDownTimerCustomHwPartIV/hw/CountDownTimerCustomHwPartIV.xsa
TRACE::2020-05-01.12:43:18::SCWPlatform:: Unique name xilinx:nexys4::0.0
TRACE::2020-05-01.12:43:18::SCWPlatform::Do not have an existing db opened. 
TRACE::2020-05-01.12:43:18::SCWPlatform::Opened new HwDB with name mb_design_wrapper_0
TRACE::2020-05-01.12:43:18::SCWWriter::formatted JSON is {
	"platformName":	"CountDownTimerCustomHwPartIV",
	"sprVersion":	"2.0",
	"mode":	"gui",
	"dsaType":	"Fixed",
	"platformDesc":	"CountDownTimerCustomHwPartIV",
	"platHandOff":	"C:/Users/Pedro/Dropbox/UA/CR/Labs/Lab5/CountDownTimerCustomHwPartIV/CountDownTimerCustomHwPartIV.xsa",
	"platIntHandOff":	"<platformDir>/hw/CountDownTimerCustomHwPartIV.xsa",
	"deviceType":	"FPGA",
	"platIsPrebuiltAutogen":	"false",
	"platIsNoBootBsp":	"false",
	"hasFsblMakeHasChanges":	"false",
	"hasPmufwMakeHasChanges":	"false",
	"platPreBuiltFlag":	false,
	"platformSamplesDir":	""
}
TRACE::2020-05-01.12:43:18::SCWWriter::formatted JSON is {
	"platformName":	"CountDownTimerCustomHwPartIV",
	"sprVersion":	"2.0",
	"mode":	"gui",
	"dsaType":	"Fixed",
	"platformDesc":	"CountDownTimerCustomHwPartIV",
	"platHandOff":	"C:/Users/Pedro/Dropbox/UA/CR/Labs/Lab5/CountDownTimerCustomHwPartIV/CountDownTimerCustomHwPartIV.xsa",
	"platIntHandOff":	"<platformDir>/hw/CountDownTimerCustomHwPartIV.xsa",
	"deviceType":	"FPGA",
	"platIsPrebuiltAutogen":	"false",
	"platIsNoBootBsp":	"false",
	"hasFsblMakeHasChanges":	"false",
	"hasPmufwMakeHasChanges":	"false",
	"platPreBuiltFlag":	false,
	"platformSamplesDir":	"",
	"platActiveSys":	"CountDownTimerCustomHwPartIV",
	"systems":	[{
			"systemName":	"CountDownTimerCustomHwPartIV",
			"systemDesc":	"CountDownTimerCustomHwPartIV",
			"sysIsBootAutoGen":	"true",
			"systemDispName":	"CountDownTimerCustomHwPartIV"
		}]
}
TRACE::2020-05-01.12:43:18::SCWPlatform::Boot application domains not present, creating them
TRACE::2020-05-01.12:43:18::SCWPlatform::Pure FPGA device, no boot application will be created.
TRACE::2020-05-01.12:43:18::SCWWriter::formatted JSON is {
	"platformName":	"CountDownTimerCustomHwPartIV",
	"sprVersion":	"2.0",
	"mode":	"gui",
	"dsaType":	"Fixed",
	"platformDesc":	"CountDownTimerCustomHwPartIV",
	"platHandOff":	"C:/Users/Pedro/Dropbox/UA/CR/Labs/Lab5/CountDownTimerCustomHwPartIV/CountDownTimerCustomHwPartIV.xsa",
	"platIntHandOff":	"<platformDir>/hw/CountDownTimerCustomHwPartIV.xsa",
	"deviceType":	"FPGA",
	"platIsPrebuiltAutogen":	"false",
	"platIsNoBootBsp":	"false",
	"hasFsblMakeHasChanges":	"false",
	"hasPmufwMakeHasChanges":	"false",
	"platPreBuiltFlag":	false,
	"platformSamplesDir":	"",
	"platActiveSys":	"CountDownTimerCustomHwPartIV",
	"systems":	[{
			"systemName":	"CountDownTimerCustomHwPartIV",
			"systemDesc":	"CountDownTimerCustomHwPartIV",
			"sysIsBootAutoGen":	"true",
			"systemDispName":	"CountDownTimerCustomHwPartIV"
		}]
}
TRACE::2020-05-01.12:43:18::SCWWriter::formatted JSON is {
	"platformName":	"CountDownTimerCustomHwPartIV",
	"sprVersion":	"2.0",
	"mode":	"gui",
	"dsaType":	"Fixed",
	"platformDesc":	"CountDownTimerCustomHwPartIV",
	"platHandOff":	"C:/Users/Pedro/Dropbox/UA/CR/Labs/Lab5/CountDownTimerCustomHwPartIV/CountDownTimerCustomHwPartIV.xsa",
	"platIntHandOff":	"<platformDir>/hw/CountDownTimerCustomHwPartIV.xsa",
	"deviceType":	"FPGA",
	"platIsPrebuiltAutogen":	"false",
	"platIsNoBootBsp":	"false",
	"hasFsblMakeHasChanges":	"false",
	"hasPmufwMakeHasChanges":	"false",
	"platPreBuiltFlag":	false,
	"platformSamplesDir":	"",
	"platActiveSys":	"CountDownTimerCustomHwPartIV",
	"systems":	[{
			"systemName":	"CountDownTimerCustomHwPartIV",
			"systemDesc":	"CountDownTimerCustomHwPartIV",
			"sysIsBootAutoGen":	"true",
			"systemDispName":	"CountDownTimerCustomHwPartIV"
		}]
}
TRACE::2020-05-01.12:43:19::SCWPlatform::Trying to open the hw design at C:/Users/Pedro/Dropbox/UA/CR/Labs/Lab5/CountDownTimerCustomHwPartIVWorkspace/CountDownTimerCustomHwPartIV/hw/CountDownTimerCustomHwPartIV.xsa
TRACE::2020-05-01.12:43:19::SCWPlatform::DSA given C:/Users/Pedro/Dropbox/UA/CR/Labs/Lab5/CountDownTimerCustomHwPartIVWorkspace/CountDownTimerCustomHwPartIV/hw/CountDownTimerCustomHwPartIV.xsa
TRACE::2020-05-01.12:43:19::SCWPlatform::DSA absoulate path C:/Users/Pedro/Dropbox/UA/CR/Labs/Lab5/CountDownTimerCustomHwPartIVWorkspace/CountDownTimerCustomHwPartIV/hw/CountDownTimerCustomHwPartIV.xsa
TRACE::2020-05-01.12:43:19::SCWPlatform::DSA directory C:/Users/Pedro/Dropbox/UA/CR/Labs/Lab5/CountDownTimerCustomHwPartIVWorkspace/CountDownTimerCustomHwPartIV/hw
TRACE::2020-05-01.12:43:19::SCWPlatform:: Platform Path C:/Users/Pedro/Dropbox/UA/CR/Labs/Lab5/CountDownTimerCustomHwPartIVWorkspace/CountDownTimerCustomHwPartIV/hw/CountDownTimerCustomHwPartIV.xsa
TRACE::2020-05-01.12:43:19::SCWPlatform:: Unique name xilinx:nexys4::0.0
TRACE::2020-05-01.12:43:19::SCWPlatform::Trying to set the existing hwdb with name mb_design_wrapper_0
TRACE::2020-05-01.12:43:19::SCWPlatform::Opened existing hwdb mb_design_wrapper_0
TRACE::2020-05-01.12:43:19::SCWPlatform::Found the Hw Db part of the input DSA
TRACE::2020-05-01.12:43:19::SCWDomain::checking for install qemu data   : 
TRACE::2020-05-01.12:43:19::SCWPlatform::Trying to open the hw design at C:/Users/Pedro/Dropbox/UA/CR/Labs/Lab5/CountDownTimerCustomHwPartIVWorkspace/CountDownTimerCustomHwPartIV/hw/CountDownTimerCustomHwPartIV.xsa
TRACE::2020-05-01.12:43:19::SCWPlatform::DSA given C:/Users/Pedro/Dropbox/UA/CR/Labs/Lab5/CountDownTimerCustomHwPartIVWorkspace/CountDownTimerCustomHwPartIV/hw/CountDownTimerCustomHwPartIV.xsa
TRACE::2020-05-01.12:43:19::SCWPlatform::DSA absoulate path C:/Users/Pedro/Dropbox/UA/CR/Labs/Lab5/CountDownTimerCustomHwPartIVWorkspace/CountDownTimerCustomHwPartIV/hw/CountDownTimerCustomHwPartIV.xsa
TRACE::2020-05-01.12:43:19::SCWPlatform::DSA directory C:/Users/Pedro/Dropbox/UA/CR/Labs/Lab5/CountDownTimerCustomHwPartIVWorkspace/CountDownTimerCustomHwPartIV/hw
TRACE::2020-05-01.12:43:19::SCWPlatform:: Platform Path C:/Users/Pedro/Dropbox/UA/CR/Labs/Lab5/CountDownTimerCustomHwPartIVWorkspace/CountDownTimerCustomHwPartIV/hw/CountDownTimerCustomHwPartIV.xsa
TRACE::2020-05-01.12:43:19::SCWPlatform:: Unique name xilinx:nexys4::0.0
TRACE::2020-05-01.12:43:19::SCWPlatform::Trying to set the existing hwdb with name mb_design_wrapper_0
TRACE::2020-05-01.12:43:19::SCWPlatform::Opened existing hwdb mb_design_wrapper_0
TRACE::2020-05-01.12:43:19::SCWPlatform::Found the Hw Db part of the input DSA
TRACE::2020-05-01.12:43:19::SCWPlatform::Trying to open the hw design at C:/Users/Pedro/Dropbox/UA/CR/Labs/Lab5/CountDownTimerCustomHwPartIVWorkspace/CountDownTimerCustomHwPartIV/hw/CountDownTimerCustomHwPartIV.xsa
TRACE::2020-05-01.12:43:19::SCWPlatform::DSA given C:/Users/Pedro/Dropbox/UA/CR/Labs/Lab5/CountDownTimerCustomHwPartIVWorkspace/CountDownTimerCustomHwPartIV/hw/CountDownTimerCustomHwPartIV.xsa
TRACE::2020-05-01.12:43:19::SCWPlatform::DSA absoulate path C:/Users/Pedro/Dropbox/UA/CR/Labs/Lab5/CountDownTimerCustomHwPartIVWorkspace/CountDownTimerCustomHwPartIV/hw/CountDownTimerCustomHwPartIV.xsa
TRACE::2020-05-01.12:43:19::SCWPlatform::DSA directory C:/Users/Pedro/Dropbox/UA/CR/Labs/Lab5/CountDownTimerCustomHwPartIVWorkspace/CountDownTimerCustomHwPartIV/hw
TRACE::2020-05-01.12:43:19::SCWPlatform:: Platform Path C:/Users/Pedro/Dropbox/UA/CR/Labs/Lab5/CountDownTimerCustomHwPartIVWorkspace/CountDownTimerCustomHwPartIV/hw/CountDownTimerCustomHwPartIV.xsa
TRACE::2020-05-01.12:43:19::SCWPlatform:: Unique name xilinx:nexys4::0.0
TRACE::2020-05-01.12:43:19::SCWPlatform::Trying to set the existing hwdb with name mb_design_wrapper_0
TRACE::2020-05-01.12:43:19::SCWPlatform::Opened existing hwdb mb_design_wrapper_0
TRACE::2020-05-01.12:43:19::SCWPlatform::Found the Hw Db part of the input DSA
TRACE::2020-05-01.12:43:19::SCWMssOS::Checking the sw design at  C:/Users/Pedro/Dropbox/UA/CR/Labs/Lab5/CountDownTimerCustomHwPartIVWorkspace/CountDownTimerCustomHwPartIV/microblaze_0/standalone_domain/bsp/system.mss
TRACE::2020-05-01.12:43:19::SCWMssOS::DEBUG:  swdes dump  
TRACE::2020-05-01.12:43:19::SCWMssOS::No sw design opened at  C:/Users/Pedro/Dropbox/UA/CR/Labs/Lab5/CountDownTimerCustomHwPartIVWorkspace/CountDownTimerCustomHwPartIV/microblaze_0/standalone_domain/bsp/system.mss
TRACE::2020-05-01.12:43:19::SCWMssOS::mss does not exists at C:/Users/Pedro/Dropbox/UA/CR/Labs/Lab5/CountDownTimerCustomHwPartIVWorkspace/CountDownTimerCustomHwPartIV/microblaze_0/standalone_domain/bsp/system.mss
TRACE::2020-05-01.12:43:19::SCWMssOS::Creating sw design at  C:/Users/Pedro/Dropbox/UA/CR/Labs/Lab5/CountDownTimerCustomHwPartIVWorkspace/CountDownTimerCustomHwPartIV/microblaze_0/standalone_domain/bsp/system.mss
TRACE::2020-05-01.12:43:19::SCWMssOS::Adding the swdes entry, created swdb C:/Users/Pedro/Dropbox/UA/CR/Labs/Lab5/CountDownTimerCustomHwPartIVWorkspace/CountDownTimerCustomHwPartIV/microblaze_0/standalone_domain/bsp/system.mss with des name C:/Users/Pedro/Dropbox/UA/CR/Labs/Lab5/CountDownTimerCustomHwPartIVWorkspace/CountDownTimerCustomHwPartIV/microblaze_0/standalone_domain/bsp/system.mss
TRACE::2020-05-01.12:43:19::SCWMssOS::updating the scw layer changes to swdes at   C:/Users/Pedro/Dropbox/UA/CR/Labs/Lab5/CountDownTimerCustomHwPartIVWorkspace/CountDownTimerCustomHwPartIV/microblaze_0/standalone_domain/bsp/system.mss
TRACE::2020-05-01.12:43:19::SCWMssOS::Writing mss at C:/Users/Pedro/Dropbox/UA/CR/Labs/Lab5/CountDownTimerCustomHwPartIVWorkspace/CountDownTimerCustomHwPartIV/microblaze_0/standalone_domain/bsp/system.mss
TRACE::2020-05-01.12:43:19::SCWMssOS::Completed writing the mss file at C:/Users/Pedro/Dropbox/UA/CR/Labs/Lab5/CountDownTimerCustomHwPartIVWorkspace/CountDownTimerCustomHwPartIV/microblaze_0/standalone_domain/bsp
TRACE::2020-05-01.12:43:19::SCWMssOS::Picking up changes from newly written mss file into SCW Layer. 
TRACE::2020-05-01.12:43:19::SCWMssOS::Updated the changes from newly written mss file into SCW Layer. 
TRACE::2020-05-01.12:43:19::SCWPlatform::Trying to open the hw design at C:/Users/Pedro/Dropbox/UA/CR/Labs/Lab5/CountDownTimerCustomHwPartIVWorkspace/CountDownTimerCustomHwPartIV/hw/CountDownTimerCustomHwPartIV.xsa
TRACE::2020-05-01.12:43:19::SCWPlatform::DSA given C:/Users/Pedro/Dropbox/UA/CR/Labs/Lab5/CountDownTimerCustomHwPartIVWorkspace/CountDownTimerCustomHwPartIV/hw/CountDownTimerCustomHwPartIV.xsa
TRACE::2020-05-01.12:43:19::SCWPlatform::DSA absoulate path C:/Users/Pedro/Dropbox/UA/CR/Labs/Lab5/CountDownTimerCustomHwPartIVWorkspace/CountDownTimerCustomHwPartIV/hw/CountDownTimerCustomHwPartIV.xsa
TRACE::2020-05-01.12:43:19::SCWPlatform::DSA directory C:/Users/Pedro/Dropbox/UA/CR/Labs/Lab5/CountDownTimerCustomHwPartIVWorkspace/CountDownTimerCustomHwPartIV/hw
TRACE::2020-05-01.12:43:19::SCWPlatform:: Platform Path C:/Users/Pedro/Dropbox/UA/CR/Labs/Lab5/CountDownTimerCustomHwPartIVWorkspace/CountDownTimerCustomHwPartIV/hw/CountDownTimerCustomHwPartIV.xsa
TRACE::2020-05-01.12:43:19::SCWPlatform:: Unique name xilinx:nexys4::0.0
TRACE::2020-05-01.12:43:19::SCWPlatform::Trying to set the existing hwdb with name mb_design_wrapper_0
TRACE::2020-05-01.12:43:19::SCWPlatform::Opened existing hwdb mb_design_wrapper_0
TRACE::2020-05-01.12:43:19::SCWPlatform::Found the Hw Db part of the input DSA
TRACE::2020-05-01.12:43:19::SCWMssOS::Checking the sw design at  C:/Users/Pedro/Dropbox/UA/CR/Labs/Lab5/CountDownTimerCustomHwPartIVWorkspace/CountDownTimerCustomHwPartIV/microblaze_0/standalone_domain/bsp/system.mss
TRACE::2020-05-01.12:43:19::SCWMssOS::DEBUG:  swdes dump  C:/Users/Pedro/Dropbox/UA/CR/Labs/Lab5/CountDownTimerCustomHwPartIVWorkspace/CountDownTimerCustomHwPartIV/microblaze_0/standalone_domain/bsp/system.mss|C:/Users/Pedro/Dropbox/UA/CR/Labs/Lab5/CountDownTimerCustomHwPartIVWorkspace/CountDownTimerCustomHwPartIV/microblaze_0/standalone_domain/bsp/system.mss||

TRACE::2020-05-01.12:43:19::SCWMssOS::Sw design exists and opened at  C:/Users/Pedro/Dropbox/UA/CR/Labs/Lab5/CountDownTimerCustomHwPartIVWorkspace/CountDownTimerCustomHwPartIV/microblaze_0/standalone_domain/bsp/system.mss
TRACE::2020-05-01.12:43:19::SCWPlatform::Trying to open the hw design at C:/Users/Pedro/Dropbox/UA/CR/Labs/Lab5/CountDownTimerCustomHwPartIVWorkspace/CountDownTimerCustomHwPartIV/hw/CountDownTimerCustomHwPartIV.xsa
TRACE::2020-05-01.12:43:19::SCWPlatform::DSA given C:/Users/Pedro/Dropbox/UA/CR/Labs/Lab5/CountDownTimerCustomHwPartIVWorkspace/CountDownTimerCustomHwPartIV/hw/CountDownTimerCustomHwPartIV.xsa
TRACE::2020-05-01.12:43:19::SCWPlatform::DSA absoulate path C:/Users/Pedro/Dropbox/UA/CR/Labs/Lab5/CountDownTimerCustomHwPartIVWorkspace/CountDownTimerCustomHwPartIV/hw/CountDownTimerCustomHwPartIV.xsa
TRACE::2020-05-01.12:43:19::SCWPlatform::DSA directory C:/Users/Pedro/Dropbox/UA/CR/Labs/Lab5/CountDownTimerCustomHwPartIVWorkspace/CountDownTimerCustomHwPartIV/hw
TRACE::2020-05-01.12:43:19::SCWPlatform:: Platform Path C:/Users/Pedro/Dropbox/UA/CR/Labs/Lab5/CountDownTimerCustomHwPartIVWorkspace/CountDownTimerCustomHwPartIV/hw/CountDownTimerCustomHwPartIV.xsa
TRACE::2020-05-01.12:43:19::SCWPlatform:: Unique name xilinx:nexys4::0.0
TRACE::2020-05-01.12:43:19::SCWPlatform::Trying to set the existing hwdb with name mb_design_wrapper_0
TRACE::2020-05-01.12:43:19::SCWPlatform::Opened existing hwdb mb_design_wrapper_0
TRACE::2020-05-01.12:43:19::SCWPlatform::Found the Hw Db part of the input DSA
TRACE::2020-05-01.12:43:19::SCWMssOS::Checking the sw design at  C:/Users/Pedro/Dropbox/UA/CR/Labs/Lab5/CountDownTimerCustomHwPartIVWorkspace/CountDownTimerCustomHwPartIV/microblaze_0/standalone_domain/bsp/system.mss
TRACE::2020-05-01.12:43:19::SCWMssOS::DEBUG:  swdes dump  C:/Users/Pedro/Dropbox/UA/CR/Labs/Lab5/CountDownTimerCustomHwPartIVWorkspace/CountDownTimerCustomHwPartIV/microblaze_0/standalone_domain/bsp/system.mss|C:/Users/Pedro/Dropbox/UA/CR/Labs/Lab5/CountDownTimerCustomHwPartIVWorkspace/CountDownTimerCustomHwPartIV/microblaze_0/standalone_domain/bsp/system.mss||

TRACE::2020-05-01.12:43:19::SCWMssOS::Sw design exists and opened at  C:/Users/Pedro/Dropbox/UA/CR/Labs/Lab5/CountDownTimerCustomHwPartIVWorkspace/CountDownTimerCustomHwPartIV/microblaze_0/standalone_domain/bsp/system.mss
TRACE::2020-05-01.12:43:19::SCWPlatform::Trying to open the hw design at C:/Users/Pedro/Dropbox/UA/CR/Labs/Lab5/CountDownTimerCustomHwPartIVWorkspace/CountDownTimerCustomHwPartIV/hw/CountDownTimerCustomHwPartIV.xsa
TRACE::2020-05-01.12:43:19::SCWPlatform::DSA given C:/Users/Pedro/Dropbox/UA/CR/Labs/Lab5/CountDownTimerCustomHwPartIVWorkspace/CountDownTimerCustomHwPartIV/hw/CountDownTimerCustomHwPartIV.xsa
TRACE::2020-05-01.12:43:19::SCWPlatform::DSA absoulate path C:/Users/Pedro/Dropbox/UA/CR/Labs/Lab5/CountDownTimerCustomHwPartIVWorkspace/CountDownTimerCustomHwPartIV/hw/CountDownTimerCustomHwPartIV.xsa
TRACE::2020-05-01.12:43:19::SCWPlatform::DSA directory C:/Users/Pedro/Dropbox/UA/CR/Labs/Lab5/CountDownTimerCustomHwPartIVWorkspace/CountDownTimerCustomHwPartIV/hw
TRACE::2020-05-01.12:43:19::SCWPlatform:: Platform Path C:/Users/Pedro/Dropbox/UA/CR/Labs/Lab5/CountDownTimerCustomHwPartIVWorkspace/CountDownTimerCustomHwPartIV/hw/CountDownTimerCustomHwPartIV.xsa
TRACE::2020-05-01.12:43:19::SCWPlatform:: Unique name xilinx:nexys4::0.0
TRACE::2020-05-01.12:43:19::SCWPlatform::Trying to set the existing hwdb with name mb_design_wrapper_0
TRACE::2020-05-01.12:43:19::SCWPlatform::Opened existing hwdb mb_design_wrapper_0
TRACE::2020-05-01.12:43:19::SCWPlatform::Found the Hw Db part of the input DSA
TRACE::2020-05-01.12:43:19::SCWMssOS::Checking the sw design at  C:/Users/Pedro/Dropbox/UA/CR/Labs/Lab5/CountDownTimerCustomHwPartIVWorkspace/CountDownTimerCustomHwPartIV/microblaze_0/standalone_domain/bsp/system.mss
TRACE::2020-05-01.12:43:19::SCWMssOS::DEBUG:  swdes dump  C:/Users/Pedro/Dropbox/UA/CR/Labs/Lab5/CountDownTimerCustomHwPartIVWorkspace/CountDownTimerCustomHwPartIV/microblaze_0/standalone_domain/bsp/system.mss|C:/Users/Pedro/Dropbox/UA/CR/Labs/Lab5/CountDownTimerCustomHwPartIVWorkspace/CountDownTimerCustomHwPartIV/microblaze_0/standalone_domain/bsp/system.mss||

TRACE::2020-05-01.12:43:19::SCWMssOS::Sw design exists and opened at  C:/Users/Pedro/Dropbox/UA/CR/Labs/Lab5/CountDownTimerCustomHwPartIVWorkspace/CountDownTimerCustomHwPartIV/microblaze_0/standalone_domain/bsp/system.mss
TRACE::2020-05-01.12:43:19::SCWWriter::formatted JSON is {
	"platformName":	"CountDownTimerCustomHwPartIV",
	"sprVersion":	"2.0",
	"mode":	"gui",
	"dsaType":	"Fixed",
	"platformDesc":	"CountDownTimerCustomHwPartIV",
	"platHandOff":	"C:/Users/Pedro/Dropbox/UA/CR/Labs/Lab5/CountDownTimerCustomHwPartIV/CountDownTimerCustomHwPartIV.xsa",
	"platIntHandOff":	"<platformDir>/hw/CountDownTimerCustomHwPartIV.xsa",
	"deviceType":	"FPGA",
	"platIsPrebuiltAutogen":	"false",
	"platIsNoBootBsp":	"false",
	"hasFsblMakeHasChanges":	"false",
	"hasPmufwMakeHasChanges":	"false",
	"platPreBuiltFlag":	false,
	"platformSamplesDir":	"",
	"platActiveSys":	"CountDownTimerCustomHwPartIV",
	"systems":	[{
			"systemName":	"CountDownTimerCustomHwPartIV",
			"systemDesc":	"CountDownTimerCustomHwPartIV",
			"sysIsBootAutoGen":	"true",
			"systemDispName":	"CountDownTimerCustomHwPartIV",
			"sysActiveDom":	"standalone_domain",
			"sysDefaultDom":	"standalone_domain",
			"domains":	[{
					"domainName":	"standalone_domain",
					"domainDispName":	"standalone on microblaze_0",
					"domainDesc":	"standalone_domain",
					"processors":	"microblaze_0",
					"os":	"standalone",
					"sdxOs":	"standalone",
					"debugEnable":	"False",
					"domRuntimes":	["cpp"],
					"swRepo":	"",
					"mssOsVer":	"7.1",
					"mssFile":	"",
					"md5Digest":	"",
					"compatibleApp":	"hello_world",
					"domType":	"mssDomain",
					"arch":	"32-bit",
					"appSettings":	{
						"appCompilerFlags":	"",
						"appLinkerFlags":	""
					},
					"addedLibs":	[],
					"libOptions":	{
						"libsContainingOptions":	[]
					},
					"prebuiltLibs":	{
						"prebuiltIncPath":	[],
						"prebuiltLibPath":	[]
					},
					"isolation":	{
					}
				}]
		}]
}
TRACE::2020-05-01.12:43:19::SCWPlatform::Trying to open the hw design at C:/Users/Pedro/Dropbox/UA/CR/Labs/Lab5/CountDownTimerCustomHwPartIVWorkspace/CountDownTimerCustomHwPartIV/hw/CountDownTimerCustomHwPartIV.xsa
TRACE::2020-05-01.12:43:19::SCWPlatform::DSA given C:/Users/Pedro/Dropbox/UA/CR/Labs/Lab5/CountDownTimerCustomHwPartIVWorkspace/CountDownTimerCustomHwPartIV/hw/CountDownTimerCustomHwPartIV.xsa
TRACE::2020-05-01.12:43:19::SCWPlatform::DSA absoulate path C:/Users/Pedro/Dropbox/UA/CR/Labs/Lab5/CountDownTimerCustomHwPartIVWorkspace/CountDownTimerCustomHwPartIV/hw/CountDownTimerCustomHwPartIV.xsa
TRACE::2020-05-01.12:43:19::SCWPlatform::DSA directory C:/Users/Pedro/Dropbox/UA/CR/Labs/Lab5/CountDownTimerCustomHwPartIVWorkspace/CountDownTimerCustomHwPartIV/hw
TRACE::2020-05-01.12:43:19::SCWPlatform:: Platform Path C:/Users/Pedro/Dropbox/UA/CR/Labs/Lab5/CountDownTimerCustomHwPartIVWorkspace/CountDownTimerCustomHwPartIV/hw/CountDownTimerCustomHwPartIV.xsa
TRACE::2020-05-01.12:43:19::SCWPlatform:: Unique name xilinx:nexys4::0.0
TRACE::2020-05-01.12:43:19::SCWPlatform::Trying to set the existing hwdb with name mb_design_wrapper_0
TRACE::2020-05-01.12:43:19::SCWPlatform::Opened existing hwdb mb_design_wrapper_0
TRACE::2020-05-01.12:43:19::SCWPlatform::Found the Hw Db part of the input DSA
TRACE::2020-05-01.12:43:19::SCWMssOS::Checking the sw design at  C:/Users/Pedro/Dropbox/UA/CR/Labs/Lab5/CountDownTimerCustomHwPartIVWorkspace/CountDownTimerCustomHwPartIV/microblaze_0/standalone_domain/bsp/system.mss
TRACE::2020-05-01.12:43:19::SCWMssOS::DEBUG:  swdes dump  C:/Users/Pedro/Dropbox/UA/CR/Labs/Lab5/CountDownTimerCustomHwPartIVWorkspace/CountDownTimerCustomHwPartIV/microblaze_0/standalone_domain/bsp/system.mss|C:/Users/Pedro/Dropbox/UA/CR/Labs/Lab5/CountDownTimerCustomHwPartIVWorkspace/CountDownTimerCustomHwPartIV/microblaze_0/standalone_domain/bsp/system.mss||

TRACE::2020-05-01.12:43:19::SCWMssOS::Sw design exists and opened at  C:/Users/Pedro/Dropbox/UA/CR/Labs/Lab5/CountDownTimerCustomHwPartIVWorkspace/CountDownTimerCustomHwPartIV/microblaze_0/standalone_domain/bsp/system.mss
TRACE::2020-05-01.12:43:19::SCWMssOS::Completed writing the mss file at C:/Users/Pedro/Dropbox/UA/CR/Labs/Lab5/CountDownTimerCustomHwPartIVWorkspace/CountDownTimerCustomHwPartIV/microblaze_0/standalone_domain/bsp
TRACE::2020-05-01.12:43:19::SCWMssOS::Forcing BSP Sources regeneration.
LOG::2020-05-01.12:43:24::SCWPlatform::Started generating the artifacts platform CountDownTimerCustomHwPartIV
TRACE::2020-05-01.12:43:24::SCWPlatform::Sanity checking of platform is completed
LOG::2020-05-01.12:43:24::SCWPlatform::Started generating the artifacts for system configuration CountDownTimerCustomHwPartIV
LOG::2020-05-01.12:43:24::SCWSystem::Checking the domain standalone_domain
LOG::2020-05-01.12:43:24::SCWSystem::Not a boot domain 
LOG::2020-05-01.12:43:24::SCWSystem::Started Processing the domain standalone_domain
TRACE::2020-05-01.12:43:24::SCWDomain::Generating domain artifcats
TRACE::2020-05-01.12:43:24::SCWMssOS::Generating standalone artifcats
TRACE::2020-05-01.12:43:24::SCWMssOS:: Copying the user libraries. 
TRACE::2020-05-01.12:43:24::SCWPlatform::Trying to open the hw design at C:/Users/Pedro/Dropbox/UA/CR/Labs/Lab5/CountDownTimerCustomHwPartIVWorkspace/CountDownTimerCustomHwPartIV/hw/CountDownTimerCustomHwPartIV.xsa
TRACE::2020-05-01.12:43:24::SCWPlatform::DSA given C:/Users/Pedro/Dropbox/UA/CR/Labs/Lab5/CountDownTimerCustomHwPartIVWorkspace/CountDownTimerCustomHwPartIV/hw/CountDownTimerCustomHwPartIV.xsa
TRACE::2020-05-01.12:43:24::SCWPlatform::DSA absoulate path C:/Users/Pedro/Dropbox/UA/CR/Labs/Lab5/CountDownTimerCustomHwPartIVWorkspace/CountDownTimerCustomHwPartIV/hw/CountDownTimerCustomHwPartIV.xsa
TRACE::2020-05-01.12:43:24::SCWPlatform::DSA directory C:/Users/Pedro/Dropbox/UA/CR/Labs/Lab5/CountDownTimerCustomHwPartIVWorkspace/CountDownTimerCustomHwPartIV/hw
TRACE::2020-05-01.12:43:24::SCWPlatform:: Platform Path C:/Users/Pedro/Dropbox/UA/CR/Labs/Lab5/CountDownTimerCustomHwPartIVWorkspace/CountDownTimerCustomHwPartIV/hw/CountDownTimerCustomHwPartIV.xsa
TRACE::2020-05-01.12:43:24::SCWPlatform:: Unique name xilinx:nexys4::0.0
TRACE::2020-05-01.12:43:24::SCWPlatform::Trying to set the existing hwdb with name mb_design_wrapper_0
TRACE::2020-05-01.12:43:24::SCWPlatform::Opened existing hwdb mb_design_wrapper_0
TRACE::2020-05-01.12:43:24::SCWPlatform::Found the Hw Db part of the input DSA
TRACE::2020-05-01.12:43:24::SCWMssOS::Checking the sw design at  C:/Users/Pedro/Dropbox/UA/CR/Labs/Lab5/CountDownTimerCustomHwPartIVWorkspace/CountDownTimerCustomHwPartIV/microblaze_0/standalone_domain/bsp/system.mss
TRACE::2020-05-01.12:43:24::SCWMssOS::DEBUG:  swdes dump  C:/Users/Pedro/Dropbox/UA/CR/Labs/Lab5/CountDownTimerCustomHwPartIVWorkspace/CountDownTimerCustomHwPartIV/microblaze_0/standalone_domain/bsp/system.mss|C:/Users/Pedro/Dropbox/UA/CR/Labs/Lab5/CountDownTimerCustomHwPartIVWorkspace/CountDownTimerCustomHwPartIV/microblaze_0/standalone_domain/bsp/system.mss||

KEYINFO::2020-05-01.12:43:24::SCWMssOS::Could not open the swdb for C:/Users/Pedro/Dropbox/UA/CR/Labs/Lab5/CountDownTimerCustomHwPartIVWorkspace/CountDownTimerCustomHwPartIV/microblaze_0/standalone_domain/bsp/system.mss
KEYINFO::2020-05-01.12:43:24::SCWMssOS::Could not open the sw design at  C:/Users/Pedro/Dropbox/UA/CR/Labs/Lab5/CountDownTimerCustomHwPartIVWorkspace/CountDownTimerCustomHwPartIV/microblaze_0/standalone_domain/bsp/system.mss
ERROR: [Hsi 55-1558] Software Design C:/Users/Pedro/Dropbox/UA/CR/Labs/Lab5/CountDownTimerCustomHwPartIVWorkspace/CountDownTimerCustomHwPartIV/microblaze_0/standalone_domain/bsp/system.mss is not found

TRACE::2020-05-01.12:43:24::SCWMssOS::Cleared the swdb table entry
TRACE::2020-05-01.12:43:24::SCWMssOS::No sw design opened at  C:/Users/Pedro/Dropbox/UA/CR/Labs/Lab5/CountDownTimerCustomHwPartIVWorkspace/CountDownTimerCustomHwPartIV/microblaze_0/standalone_domain/bsp/system.mss
TRACE::2020-05-01.12:43:24::SCWMssOS::mss exists loading the mss file  C:/Users/Pedro/Dropbox/UA/CR/Labs/Lab5/CountDownTimerCustomHwPartIVWorkspace/CountDownTimerCustomHwPartIV/microblaze_0/standalone_domain/bsp/system.mss
TRACE::2020-05-01.12:43:24::SCWMssOS::Opened the sw design from mss  C:/Users/Pedro/Dropbox/UA/CR/Labs/Lab5/CountDownTimerCustomHwPartIVWorkspace/CountDownTimerCustomHwPartIV/microblaze_0/standalone_domain/bsp/system.mss
TRACE::2020-05-01.12:43:24::SCWMssOS::Adding the swdes entry C:/Users/Pedro/Dropbox/UA/CR/Labs/Lab5/CountDownTimerCustomHwPartIVWorkspace/CountDownTimerCustomHwPartIV/microblaze_0/standalone_domain/bsp/system.mss with des name system
TRACE::2020-05-01.12:43:24::SCWMssOS::updating the scw layer about changes
TRACE::2020-05-01.12:43:24::SCWMssOS::Opened the sw design.  C:/Users/Pedro/Dropbox/UA/CR/Labs/Lab5/CountDownTimerCustomHwPartIVWorkspace/CountDownTimerCustomHwPartIV/microblaze_0/standalone_domain/bsp/system.mss
TRACE::2020-05-01.12:43:24::SCWMssOS::Completed writing the mss file at C:/Users/Pedro/Dropbox/UA/CR/Labs/Lab5/CountDownTimerCustomHwPartIVWorkspace/CountDownTimerCustomHwPartIV/microblaze_0/standalone_domain/bsp
TRACE::2020-05-01.12:43:24::SCWMssOS::Mss edits present, copying mssfile into export location C:/Users/Pedro/Dropbox/UA/CR/Labs/Lab5/CountDownTimerCustomHwPartIVWorkspace/CountDownTimerCustomHwPartIV/microblaze_0/standalone_domain/bsp/system.mss
TRACE::2020-05-01.12:43:24::SCWMssOS::bsp generated is upto date with the mss file. Skipping bsp generation.
TRACE::2020-05-01.12:43:24::SCWMssOS::BSP is already built. skipping the bsp build ... 
TRACE::2020-05-01.12:43:24::SCWDomain::Skipping the build for domain :  standalone_domain
TRACE::2020-05-01.12:43:24::SCWMssOS::skipping the bsp build ... 
TRACE::2020-05-01.12:43:24::SCWMssOS::Copying to export directory.
TRACE::2020-05-01.12:43:24::SCWMssOS:: Checking if to create the Supporting Applications
TRACE::2020-05-01.12:43:24::SCWMssOS:: No Linux domain exists, trying to generate FSBL 
LOG::2020-05-01.12:43:24::SCWSystem::Completed Processing the domain standalone_domain
LOG::2020-05-01.12:43:24::SCWSystem::Completed Processing the sysconfig CountDownTimerCustomHwPartIV
LOG::2020-05-01.12:43:24::SCWPlatform::Completed generating the artifacts for system configuration CountDownTimerCustomHwPartIV
TRACE::2020-05-01.12:43:24::SCWPlatform::Started preparing the platform 
TRACE::2020-05-01.12:43:24::SCWSystem::Writing the bif file for system config CountDownTimerCustomHwPartIV
TRACE::2020-05-01.12:43:24::SCWSystem::dir created 
TRACE::2020-05-01.12:43:24::SCWSystem::Writing the bif 
TRACE::2020-05-01.12:43:24::SCWPlatform::Started writing the spfm file 
TRACE::2020-05-01.12:43:24::SCWPlatform::Started writing the xpfm file 
TRACE::2020-05-01.12:43:24::SCWPlatform::Completed generating the platform
TRACE::2020-05-01.12:43:24::SCWPlatform::Trying to open the hw design at C:/Users/Pedro/Dropbox/UA/CR/Labs/Lab5/CountDownTimerCustomHwPartIVWorkspace/CountDownTimerCustomHwPartIV/hw/CountDownTimerCustomHwPartIV.xsa
TRACE::2020-05-01.12:43:24::SCWPlatform::DSA given C:/Users/Pedro/Dropbox/UA/CR/Labs/Lab5/CountDownTimerCustomHwPartIVWorkspace/CountDownTimerCustomHwPartIV/hw/CountDownTimerCustomHwPartIV.xsa
TRACE::2020-05-01.12:43:24::SCWPlatform::DSA absoulate path C:/Users/Pedro/Dropbox/UA/CR/Labs/Lab5/CountDownTimerCustomHwPartIVWorkspace/CountDownTimerCustomHwPartIV/hw/CountDownTimerCustomHwPartIV.xsa
TRACE::2020-05-01.12:43:24::SCWPlatform::DSA directory C:/Users/Pedro/Dropbox/UA/CR/Labs/Lab5/CountDownTimerCustomHwPartIVWorkspace/CountDownTimerCustomHwPartIV/hw
TRACE::2020-05-01.12:43:24::SCWPlatform:: Platform Path C:/Users/Pedro/Dropbox/UA/CR/Labs/Lab5/CountDownTimerCustomHwPartIVWorkspace/CountDownTimerCustomHwPartIV/hw/CountDownTimerCustomHwPartIV.xsa
TRACE::2020-05-01.12:43:24::SCWPlatform:: Unique name xilinx:nexys4::0.0
TRACE::2020-05-01.12:43:24::SCWPlatform::Trying to set the existing hwdb with name mb_design_wrapper_0
TRACE::2020-05-01.12:43:24::SCWPlatform::Opened existing hwdb mb_design_wrapper_0
TRACE::2020-05-01.12:43:24::SCWPlatform::Found the Hw Db part of the input DSA
TRACE::2020-05-01.12:43:24::SCWMssOS::Checking the sw design at  C:/Users/Pedro/Dropbox/UA/CR/Labs/Lab5/CountDownTimerCustomHwPartIVWorkspace/CountDownTimerCustomHwPartIV/microblaze_0/standalone_domain/bsp/system.mss
TRACE::2020-05-01.12:43:24::SCWMssOS::DEBUG:  swdes dump  C:/Users/Pedro/Dropbox/UA/CR/Labs/Lab5/CountDownTimerCustomHwPartIVWorkspace/CountDownTimerCustomHwPartIV/microblaze_0/standalone_domain/bsp/system.mss|system||

TRACE::2020-05-01.12:43:24::SCWMssOS::Sw design exists and opened at  C:/Users/Pedro/Dropbox/UA/CR/Labs/Lab5/CountDownTimerCustomHwPartIVWorkspace/CountDownTimerCustomHwPartIV/microblaze_0/standalone_domain/bsp/system.mss
TRACE::2020-05-01.12:43:24::SCWPlatform::Trying to open the hw design at C:/Users/Pedro/Dropbox/UA/CR/Labs/Lab5/CountDownTimerCustomHwPartIVWorkspace/CountDownTimerCustomHwPartIV/hw/CountDownTimerCustomHwPartIV.xsa
TRACE::2020-05-01.12:43:24::SCWPlatform::DSA given C:/Users/Pedro/Dropbox/UA/CR/Labs/Lab5/CountDownTimerCustomHwPartIVWorkspace/CountDownTimerCustomHwPartIV/hw/CountDownTimerCustomHwPartIV.xsa
TRACE::2020-05-01.12:43:24::SCWPlatform::DSA absoulate path C:/Users/Pedro/Dropbox/UA/CR/Labs/Lab5/CountDownTimerCustomHwPartIVWorkspace/CountDownTimerCustomHwPartIV/hw/CountDownTimerCustomHwPartIV.xsa
TRACE::2020-05-01.12:43:24::SCWPlatform::DSA directory C:/Users/Pedro/Dropbox/UA/CR/Labs/Lab5/CountDownTimerCustomHwPartIVWorkspace/CountDownTimerCustomHwPartIV/hw
TRACE::2020-05-01.12:43:24::SCWPlatform:: Platform Path C:/Users/Pedro/Dropbox/UA/CR/Labs/Lab5/CountDownTimerCustomHwPartIVWorkspace/CountDownTimerCustomHwPartIV/hw/CountDownTimerCustomHwPartIV.xsa
TRACE::2020-05-01.12:43:24::SCWPlatform:: Unique name xilinx:nexys4::0.0
TRACE::2020-05-01.12:43:24::SCWPlatform::Trying to set the existing hwdb with name mb_design_wrapper_0
TRACE::2020-05-01.12:43:24::SCWPlatform::Opened existing hwdb mb_design_wrapper_0
TRACE::2020-05-01.12:43:24::SCWPlatform::Found the Hw Db part of the input DSA
TRACE::2020-05-01.12:43:24::SCWMssOS::Checking the sw design at  C:/Users/Pedro/Dropbox/UA/CR/Labs/Lab5/CountDownTimerCustomHwPartIVWorkspace/CountDownTimerCustomHwPartIV/microblaze_0/standalone_domain/bsp/system.mss
TRACE::2020-05-01.12:43:24::SCWMssOS::DEBUG:  swdes dump  C:/Users/Pedro/Dropbox/UA/CR/Labs/Lab5/CountDownTimerCustomHwPartIVWorkspace/CountDownTimerCustomHwPartIV/microblaze_0/standalone_domain/bsp/system.mss|system||

TRACE::2020-05-01.12:43:24::SCWMssOS::Sw design exists and opened at  C:/Users/Pedro/Dropbox/UA/CR/Labs/Lab5/CountDownTimerCustomHwPartIVWorkspace/CountDownTimerCustomHwPartIV/microblaze_0/standalone_domain/bsp/system.mss
TRACE::2020-05-01.12:43:24::SCWPlatform::Trying to open the hw design at C:/Users/Pedro/Dropbox/UA/CR/Labs/Lab5/CountDownTimerCustomHwPartIVWorkspace/CountDownTimerCustomHwPartIV/hw/CountDownTimerCustomHwPartIV.xsa
TRACE::2020-05-01.12:43:24::SCWPlatform::DSA given C:/Users/Pedro/Dropbox/UA/CR/Labs/Lab5/CountDownTimerCustomHwPartIVWorkspace/CountDownTimerCustomHwPartIV/hw/CountDownTimerCustomHwPartIV.xsa
TRACE::2020-05-01.12:43:24::SCWPlatform::DSA absoulate path C:/Users/Pedro/Dropbox/UA/CR/Labs/Lab5/CountDownTimerCustomHwPartIVWorkspace/CountDownTimerCustomHwPartIV/hw/CountDownTimerCustomHwPartIV.xsa
TRACE::2020-05-01.12:43:24::SCWPlatform::DSA directory C:/Users/Pedro/Dropbox/UA/CR/Labs/Lab5/CountDownTimerCustomHwPartIVWorkspace/CountDownTimerCustomHwPartIV/hw
TRACE::2020-05-01.12:43:24::SCWPlatform:: Platform Path C:/Users/Pedro/Dropbox/UA/CR/Labs/Lab5/CountDownTimerCustomHwPartIVWorkspace/CountDownTimerCustomHwPartIV/hw/CountDownTimerCustomHwPartIV.xsa
TRACE::2020-05-01.12:43:24::SCWPlatform:: Unique name xilinx:nexys4::0.0
TRACE::2020-05-01.12:43:24::SCWPlatform::Trying to set the existing hwdb with name mb_design_wrapper_0
TRACE::2020-05-01.12:43:24::SCWPlatform::Opened existing hwdb mb_design_wrapper_0
TRACE::2020-05-01.12:43:24::SCWPlatform::Found the Hw Db part of the input DSA
TRACE::2020-05-01.12:43:24::SCWMssOS::Checking the sw design at  C:/Users/Pedro/Dropbox/UA/CR/Labs/Lab5/CountDownTimerCustomHwPartIVWorkspace/CountDownTimerCustomHwPartIV/microblaze_0/standalone_domain/bsp/system.mss
TRACE::2020-05-01.12:43:24::SCWMssOS::DEBUG:  swdes dump  C:/Users/Pedro/Dropbox/UA/CR/Labs/Lab5/CountDownTimerCustomHwPartIVWorkspace/CountDownTimerCustomHwPartIV/microblaze_0/standalone_domain/bsp/system.mss|system||

TRACE::2020-05-01.12:43:24::SCWMssOS::Sw design exists and opened at  C:/Users/Pedro/Dropbox/UA/CR/Labs/Lab5/CountDownTimerCustomHwPartIVWorkspace/CountDownTimerCustomHwPartIV/microblaze_0/standalone_domain/bsp/system.mss
TRACE::2020-05-01.12:43:24::SCWWriter::formatted JSON is {
	"platformName":	"CountDownTimerCustomHwPartIV",
	"sprVersion":	"2.0",
	"mode":	"gui",
	"dsaType":	"Fixed",
	"platformDesc":	"CountDownTimerCustomHwPartIV",
	"platHandOff":	"C:/Users/Pedro/Dropbox/UA/CR/Labs/Lab5/CountDownTimerCustomHwPartIV/CountDownTimerCustomHwPartIV.xsa",
	"platIntHandOff":	"<platformDir>/hw/CountDownTimerCustomHwPartIV.xsa",
	"deviceType":	"FPGA",
	"platIsPrebuiltAutogen":	"false",
	"platIsNoBootBsp":	"false",
	"hasFsblMakeHasChanges":	"false",
	"hasPmufwMakeHasChanges":	"false",
	"platPreBuiltFlag":	false,
	"platformSamplesDir":	"",
	"platActiveSys":	"CountDownTimerCustomHwPartIV",
	"systems":	[{
			"systemName":	"CountDownTimerCustomHwPartIV",
			"systemDesc":	"CountDownTimerCustomHwPartIV",
			"sysIsBootAutoGen":	"true",
			"systemDispName":	"CountDownTimerCustomHwPartIV",
			"sysActiveDom":	"standalone_domain",
			"sysDefaultDom":	"standalone_domain",
			"domains":	[{
					"domainName":	"standalone_domain",
					"domainDispName":	"standalone on microblaze_0",
					"domainDesc":	"standalone_domain",
					"processors":	"microblaze_0",
					"os":	"standalone",
					"sdxOs":	"standalone",
					"debugEnable":	"False",
					"domRuntimes":	["cpp"],
					"swRepo":	"",
					"mssOsVer":	"7.1",
					"mssFile":	"",
					"md5Digest":	"23f48ae7bc9e604d36dc21de83442a96",
					"compatibleApp":	"hello_world",
					"domType":	"mssDomain",
					"arch":	"32-bit",
					"appSettings":	{
						"appCompilerFlags":	"",
						"appLinkerFlags":	""
					},
					"addedLibs":	[],
					"libOptions":	{
						"libsContainingOptions":	[]
					},
					"prebuiltLibs":	{
						"prebuiltIncPath":	[],
						"prebuiltLibPath":	[]
					},
					"isolation":	{
					}
				}]
		}]
}
KEYINFO::2020-05-01.12:43:24::SCWPlatform::updated the xpfm file.
TRACE::2020-05-01.12:43:24::SCWPlatform::Trying to open the hw design at C:/Users/Pedro/Dropbox/UA/CR/Labs/Lab5/CountDownTimerCustomHwPartIVWorkspace/CountDownTimerCustomHwPartIV/hw/CountDownTimerCustomHwPartIV.xsa
TRACE::2020-05-01.12:43:24::SCWPlatform::DSA given C:/Users/Pedro/Dropbox/UA/CR/Labs/Lab5/CountDownTimerCustomHwPartIVWorkspace/CountDownTimerCustomHwPartIV/hw/CountDownTimerCustomHwPartIV.xsa
TRACE::2020-05-01.12:43:24::SCWPlatform::DSA absoulate path C:/Users/Pedro/Dropbox/UA/CR/Labs/Lab5/CountDownTimerCustomHwPartIVWorkspace/CountDownTimerCustomHwPartIV/hw/CountDownTimerCustomHwPartIV.xsa
TRACE::2020-05-01.12:43:24::SCWPlatform::DSA directory C:/Users/Pedro/Dropbox/UA/CR/Labs/Lab5/CountDownTimerCustomHwPartIVWorkspace/CountDownTimerCustomHwPartIV/hw
TRACE::2020-05-01.12:43:24::SCWPlatform:: Platform Path C:/Users/Pedro/Dropbox/UA/CR/Labs/Lab5/CountDownTimerCustomHwPartIVWorkspace/CountDownTimerCustomHwPartIV/hw/CountDownTimerCustomHwPartIV.xsa
TRACE::2020-05-01.12:43:24::SCWPlatform:: Unique name xilinx:nexys4::0.0
TRACE::2020-05-01.12:43:24::SCWPlatform::Trying to set the existing hwdb with name mb_design_wrapper_0
TRACE::2020-05-01.12:43:24::SCWPlatform::Opened existing hwdb mb_design_wrapper_0
TRACE::2020-05-01.12:43:24::SCWPlatform::Found the Hw Db part of the input DSA
TRACE::2020-05-01.12:43:24::SCWMssOS::Checking the sw design at  C:/Users/Pedro/Dropbox/UA/CR/Labs/Lab5/CountDownTimerCustomHwPartIVWorkspace/CountDownTimerCustomHwPartIV/microblaze_0/standalone_domain/bsp/system.mss
TRACE::2020-05-01.12:43:24::SCWMssOS::DEBUG:  swdes dump  C:/Users/Pedro/Dropbox/UA/CR/Labs/Lab5/CountDownTimerCustomHwPartIVWorkspace/CountDownTimerCustomHwPartIV/microblaze_0/standalone_domain/bsp/system.mss|system||

TRACE::2020-05-01.12:43:24::SCWMssOS::Sw design exists and opened at  C:/Users/Pedro/Dropbox/UA/CR/Labs/Lab5/CountDownTimerCustomHwPartIVWorkspace/CountDownTimerCustomHwPartIV/microblaze_0/standalone_domain/bsp/system.mss
TRACE::2020-05-01.12:43:24::SCWPlatform::Trying to open the hw design at C:/Users/Pedro/Dropbox/UA/CR/Labs/Lab5/CountDownTimerCustomHwPartIVWorkspace/CountDownTimerCustomHwPartIV/hw/CountDownTimerCustomHwPartIV.xsa
TRACE::2020-05-01.12:43:24::SCWPlatform::DSA given C:/Users/Pedro/Dropbox/UA/CR/Labs/Lab5/CountDownTimerCustomHwPartIVWorkspace/CountDownTimerCustomHwPartIV/hw/CountDownTimerCustomHwPartIV.xsa
TRACE::2020-05-01.12:43:24::SCWPlatform::DSA absoulate path C:/Users/Pedro/Dropbox/UA/CR/Labs/Lab5/CountDownTimerCustomHwPartIVWorkspace/CountDownTimerCustomHwPartIV/hw/CountDownTimerCustomHwPartIV.xsa
TRACE::2020-05-01.12:43:24::SCWPlatform::DSA directory C:/Users/Pedro/Dropbox/UA/CR/Labs/Lab5/CountDownTimerCustomHwPartIVWorkspace/CountDownTimerCustomHwPartIV/hw
TRACE::2020-05-01.12:43:24::SCWPlatform:: Platform Path C:/Users/Pedro/Dropbox/UA/CR/Labs/Lab5/CountDownTimerCustomHwPartIVWorkspace/CountDownTimerCustomHwPartIV/hw/CountDownTimerCustomHwPartIV.xsa
TRACE::2020-05-01.12:43:24::SCWPlatform:: Unique name xilinx:nexys4::0.0
TRACE::2020-05-01.12:43:24::SCWPlatform::Trying to set the existing hwdb with name mb_design_wrapper_0
TRACE::2020-05-01.12:43:24::SCWPlatform::Opened existing hwdb mb_design_wrapper_0
TRACE::2020-05-01.12:43:24::SCWPlatform::Found the Hw Db part of the input DSA
TRACE::2020-05-01.12:43:24::SCWMssOS::Checking the sw design at  C:/Users/Pedro/Dropbox/UA/CR/Labs/Lab5/CountDownTimerCustomHwPartIVWorkspace/CountDownTimerCustomHwPartIV/microblaze_0/standalone_domain/bsp/system.mss
TRACE::2020-05-01.12:43:24::SCWMssOS::DEBUG:  swdes dump  C:/Users/Pedro/Dropbox/UA/CR/Labs/Lab5/CountDownTimerCustomHwPartIVWorkspace/CountDownTimerCustomHwPartIV/microblaze_0/standalone_domain/bsp/system.mss|system||

TRACE::2020-05-01.12:43:24::SCWMssOS::Sw design exists and opened at  C:/Users/Pedro/Dropbox/UA/CR/Labs/Lab5/CountDownTimerCustomHwPartIVWorkspace/CountDownTimerCustomHwPartIV/microblaze_0/standalone_domain/bsp/system.mss
TRACE::2020-05-01.12:43:25::SCWPlatform::Trying to open the hw design at C:/Users/Pedro/Dropbox/UA/CR/Labs/Lab5/CountDownTimerCustomHwPartIVWorkspace/CountDownTimerCustomHwPartIV/hw/CountDownTimerCustomHwPartIV.xsa
TRACE::2020-05-01.12:43:25::SCWPlatform::DSA given C:/Users/Pedro/Dropbox/UA/CR/Labs/Lab5/CountDownTimerCustomHwPartIVWorkspace/CountDownTimerCustomHwPartIV/hw/CountDownTimerCustomHwPartIV.xsa
TRACE::2020-05-01.12:43:25::SCWPlatform::DSA absoulate path C:/Users/Pedro/Dropbox/UA/CR/Labs/Lab5/CountDownTimerCustomHwPartIVWorkspace/CountDownTimerCustomHwPartIV/hw/CountDownTimerCustomHwPartIV.xsa
TRACE::2020-05-01.12:43:25::SCWPlatform::DSA directory C:/Users/Pedro/Dropbox/UA/CR/Labs/Lab5/CountDownTimerCustomHwPartIVWorkspace/CountDownTimerCustomHwPartIV/hw
TRACE::2020-05-01.12:43:25::SCWPlatform:: Platform Path C:/Users/Pedro/Dropbox/UA/CR/Labs/Lab5/CountDownTimerCustomHwPartIVWorkspace/CountDownTimerCustomHwPartIV/hw/CountDownTimerCustomHwPartIV.xsa
TRACE::2020-05-01.12:43:25::SCWPlatform:: Unique name xilinx:nexys4::0.0
TRACE::2020-05-01.12:43:25::SCWPlatform::Trying to set the existing hwdb with name mb_design_wrapper_0
TRACE::2020-05-01.12:43:25::SCWPlatform::Opened existing hwdb mb_design_wrapper_0
TRACE::2020-05-01.12:43:25::SCWPlatform::Found the Hw Db part of the input DSA
TRACE::2020-05-01.12:43:25::SCWMssOS::Checking the sw design at  C:/Users/Pedro/Dropbox/UA/CR/Labs/Lab5/CountDownTimerCustomHwPartIVWorkspace/CountDownTimerCustomHwPartIV/microblaze_0/standalone_domain/bsp/system.mss
TRACE::2020-05-01.12:43:25::SCWMssOS::DEBUG:  swdes dump  C:/Users/Pedro/Dropbox/UA/CR/Labs/Lab5/CountDownTimerCustomHwPartIVWorkspace/CountDownTimerCustomHwPartIV/microblaze_0/standalone_domain/bsp/system.mss|system||

TRACE::2020-05-01.12:43:25::SCWMssOS::Sw design exists and opened at  C:/Users/Pedro/Dropbox/UA/CR/Labs/Lab5/CountDownTimerCustomHwPartIVWorkspace/CountDownTimerCustomHwPartIV/microblaze_0/standalone_domain/bsp/system.mss
TRACE::2020-05-01.12:43:25::SCWPlatform::Trying to open the hw design at C:/Users/Pedro/Dropbox/UA/CR/Labs/Lab5/CountDownTimerCustomHwPartIVWorkspace/CountDownTimerCustomHwPartIV/hw/CountDownTimerCustomHwPartIV.xsa
TRACE::2020-05-01.12:43:25::SCWPlatform::DSA given C:/Users/Pedro/Dropbox/UA/CR/Labs/Lab5/CountDownTimerCustomHwPartIVWorkspace/CountDownTimerCustomHwPartIV/hw/CountDownTimerCustomHwPartIV.xsa
TRACE::2020-05-01.12:43:25::SCWPlatform::DSA absoulate path C:/Users/Pedro/Dropbox/UA/CR/Labs/Lab5/CountDownTimerCustomHwPartIVWorkspace/CountDownTimerCustomHwPartIV/hw/CountDownTimerCustomHwPartIV.xsa
TRACE::2020-05-01.12:43:25::SCWPlatform::DSA directory C:/Users/Pedro/Dropbox/UA/CR/Labs/Lab5/CountDownTimerCustomHwPartIVWorkspace/CountDownTimerCustomHwPartIV/hw
TRACE::2020-05-01.12:43:25::SCWPlatform:: Platform Path C:/Users/Pedro/Dropbox/UA/CR/Labs/Lab5/CountDownTimerCustomHwPartIVWorkspace/CountDownTimerCustomHwPartIV/hw/CountDownTimerCustomHwPartIV.xsa
TRACE::2020-05-01.12:43:25::SCWPlatform:: Unique name xilinx:nexys4::0.0
TRACE::2020-05-01.12:43:25::SCWPlatform::Trying to set the existing hwdb with name mb_design_wrapper_0
TRACE::2020-05-01.12:43:25::SCWPlatform::Opened existing hwdb mb_design_wrapper_0
TRACE::2020-05-01.12:43:25::SCWPlatform::Found the Hw Db part of the input DSA
TRACE::2020-05-01.12:43:25::SCWMssOS::Checking the sw design at  C:/Users/Pedro/Dropbox/UA/CR/Labs/Lab5/CountDownTimerCustomHwPartIVWorkspace/CountDownTimerCustomHwPartIV/microblaze_0/standalone_domain/bsp/system.mss
TRACE::2020-05-01.12:43:25::SCWMssOS::DEBUG:  swdes dump  C:/Users/Pedro/Dropbox/UA/CR/Labs/Lab5/CountDownTimerCustomHwPartIVWorkspace/CountDownTimerCustomHwPartIV/microblaze_0/standalone_domain/bsp/system.mss|system||

TRACE::2020-05-01.12:43:25::SCWMssOS::Sw design exists and opened at  C:/Users/Pedro/Dropbox/UA/CR/Labs/Lab5/CountDownTimerCustomHwPartIVWorkspace/CountDownTimerCustomHwPartIV/microblaze_0/standalone_domain/bsp/system.mss
TRACE::2020-05-01.12:43:25::SCWWriter::formatted JSON is {
	"platformName":	"CountDownTimerCustomHwPartIV",
	"sprVersion":	"2.0",
	"mode":	"gui",
	"dsaType":	"Fixed",
	"platformDesc":	"CountDownTimerCustomHwPartIV",
	"platHandOff":	"C:/Users/Pedro/Dropbox/UA/CR/Labs/Lab5/CountDownTimerCustomHwPartIV/CountDownTimerCustomHwPartIV.xsa",
	"platIntHandOff":	"<platformDir>/hw/CountDownTimerCustomHwPartIV.xsa",
	"deviceType":	"FPGA",
	"platIsPrebuiltAutogen":	"false",
	"platIsNoBootBsp":	"false",
	"hasFsblMakeHasChanges":	"false",
	"hasPmufwMakeHasChanges":	"false",
	"platPreBuiltFlag":	false,
	"platformSamplesDir":	"",
	"platActiveSys":	"CountDownTimerCustomHwPartIV",
	"systems":	[{
			"systemName":	"CountDownTimerCustomHwPartIV",
			"systemDesc":	"CountDownTimerCustomHwPartIV",
			"sysIsBootAutoGen":	"true",
			"systemDispName":	"CountDownTimerCustomHwPartIV",
			"sysActiveDom":	"standalone_domain",
			"sysDefaultDom":	"standalone_domain",
			"domains":	[{
					"domainName":	"standalone_domain",
					"domainDispName":	"standalone on microblaze_0",
					"domainDesc":	"standalone_domain",
					"processors":	"microblaze_0",
					"os":	"standalone",
					"sdxOs":	"standalone",
					"debugEnable":	"False",
					"domRuntimes":	["cpp"],
					"swRepo":	"",
					"mssOsVer":	"7.1",
					"mssFile":	"",
					"md5Digest":	"23f48ae7bc9e604d36dc21de83442a96",
					"compatibleApp":	"hello_world",
					"domType":	"mssDomain",
					"arch":	"32-bit",
					"appSettings":	{
						"appCompilerFlags":	"",
						"appLinkerFlags":	""
					},
					"addedLibs":	[],
					"libOptions":	{
						"libsContainingOptions":	[]
					},
					"prebuiltLibs":	{
						"prebuiltIncPath":	[],
						"prebuiltLibPath":	[]
					},
					"isolation":	{
					}
				}]
		}]
}
TRACE::2020-05-01.12:43:25::SCWPlatform::Trying to open the hw design at C:/Users/Pedro/Dropbox/UA/CR/Labs/Lab5/CountDownTimerCustomHwPartIVWorkspace/CountDownTimerCustomHwPartIV/hw/CountDownTimerCustomHwPartIV.xsa
TRACE::2020-05-01.12:43:25::SCWPlatform::DSA given C:/Users/Pedro/Dropbox/UA/CR/Labs/Lab5/CountDownTimerCustomHwPartIVWorkspace/CountDownTimerCustomHwPartIV/hw/CountDownTimerCustomHwPartIV.xsa
TRACE::2020-05-01.12:43:25::SCWPlatform::DSA absoulate path C:/Users/Pedro/Dropbox/UA/CR/Labs/Lab5/CountDownTimerCustomHwPartIVWorkspace/CountDownTimerCustomHwPartIV/hw/CountDownTimerCustomHwPartIV.xsa
TRACE::2020-05-01.12:43:25::SCWPlatform::DSA directory C:/Users/Pedro/Dropbox/UA/CR/Labs/Lab5/CountDownTimerCustomHwPartIVWorkspace/CountDownTimerCustomHwPartIV/hw
TRACE::2020-05-01.12:43:25::SCWPlatform:: Platform Path C:/Users/Pedro/Dropbox/UA/CR/Labs/Lab5/CountDownTimerCustomHwPartIVWorkspace/CountDownTimerCustomHwPartIV/hw/CountDownTimerCustomHwPartIV.xsa
TRACE::2020-05-01.12:43:25::SCWPlatform:: Unique name xilinx:nexys4::0.0
TRACE::2020-05-01.12:43:25::SCWPlatform::Trying to set the existing hwdb with name mb_design_wrapper_0
TRACE::2020-05-01.12:43:25::SCWPlatform::Opened existing hwdb mb_design_wrapper_0
TRACE::2020-05-01.12:43:25::SCWPlatform::Found the Hw Db part of the input DSA
TRACE::2020-05-01.12:43:25::SCWMssOS::Checking the sw design at  C:/Users/Pedro/Dropbox/UA/CR/Labs/Lab5/CountDownTimerCustomHwPartIVWorkspace/CountDownTimerCustomHwPartIV/microblaze_0/standalone_domain/bsp/system.mss
TRACE::2020-05-01.12:43:25::SCWMssOS::DEBUG:  swdes dump  C:/Users/Pedro/Dropbox/UA/CR/Labs/Lab5/CountDownTimerCustomHwPartIVWorkspace/CountDownTimerCustomHwPartIV/microblaze_0/standalone_domain/bsp/system.mss|system||

TRACE::2020-05-01.12:43:25::SCWMssOS::Sw design exists and opened at  C:/Users/Pedro/Dropbox/UA/CR/Labs/Lab5/CountDownTimerCustomHwPartIVWorkspace/CountDownTimerCustomHwPartIV/microblaze_0/standalone_domain/bsp/system.mss
TRACE::2020-05-01.12:43:25::SCWPlatform::Trying to open the hw design at C:/Users/Pedro/Dropbox/UA/CR/Labs/Lab5/CountDownTimerCustomHwPartIVWorkspace/CountDownTimerCustomHwPartIV/hw/CountDownTimerCustomHwPartIV.xsa
TRACE::2020-05-01.12:43:25::SCWPlatform::DSA given C:/Users/Pedro/Dropbox/UA/CR/Labs/Lab5/CountDownTimerCustomHwPartIVWorkspace/CountDownTimerCustomHwPartIV/hw/CountDownTimerCustomHwPartIV.xsa
TRACE::2020-05-01.12:43:25::SCWPlatform::DSA absoulate path C:/Users/Pedro/Dropbox/UA/CR/Labs/Lab5/CountDownTimerCustomHwPartIVWorkspace/CountDownTimerCustomHwPartIV/hw/CountDownTimerCustomHwPartIV.xsa
TRACE::2020-05-01.12:43:25::SCWPlatform::DSA directory C:/Users/Pedro/Dropbox/UA/CR/Labs/Lab5/CountDownTimerCustomHwPartIVWorkspace/CountDownTimerCustomHwPartIV/hw
TRACE::2020-05-01.12:43:25::SCWPlatform:: Platform Path C:/Users/Pedro/Dropbox/UA/CR/Labs/Lab5/CountDownTimerCustomHwPartIVWorkspace/CountDownTimerCustomHwPartIV/hw/CountDownTimerCustomHwPartIV.xsa
TRACE::2020-05-01.12:43:25::SCWPlatform:: Unique name xilinx:nexys4::0.0
TRACE::2020-05-01.12:43:25::SCWPlatform::Trying to set the existing hwdb with name mb_design_wrapper_0
TRACE::2020-05-01.12:43:25::SCWPlatform::Opened existing hwdb mb_design_wrapper_0
TRACE::2020-05-01.12:43:25::SCWPlatform::Found the Hw Db part of the input DSA
TRACE::2020-05-01.12:43:25::SCWMssOS::Checking the sw design at  C:/Users/Pedro/Dropbox/UA/CR/Labs/Lab5/CountDownTimerCustomHwPartIVWorkspace/CountDownTimerCustomHwPartIV/microblaze_0/standalone_domain/bsp/system.mss
TRACE::2020-05-01.12:43:25::SCWMssOS::DEBUG:  swdes dump  C:/Users/Pedro/Dropbox/UA/CR/Labs/Lab5/CountDownTimerCustomHwPartIVWorkspace/CountDownTimerCustomHwPartIV/microblaze_0/standalone_domain/bsp/system.mss|system||

TRACE::2020-05-01.12:43:25::SCWMssOS::Sw design exists and opened at  C:/Users/Pedro/Dropbox/UA/CR/Labs/Lab5/CountDownTimerCustomHwPartIVWorkspace/CountDownTimerCustomHwPartIV/microblaze_0/standalone_domain/bsp/system.mss
TRACE::2020-05-01.12:43:25::SCWPlatform::Trying to open the hw design at C:/Users/Pedro/Dropbox/UA/CR/Labs/Lab5/CountDownTimerCustomHwPartIVWorkspace/CountDownTimerCustomHwPartIV/hw/CountDownTimerCustomHwPartIV.xsa
TRACE::2020-05-01.12:43:25::SCWPlatform::DSA given C:/Users/Pedro/Dropbox/UA/CR/Labs/Lab5/CountDownTimerCustomHwPartIVWorkspace/CountDownTimerCustomHwPartIV/hw/CountDownTimerCustomHwPartIV.xsa
TRACE::2020-05-01.12:43:25::SCWPlatform::DSA absoulate path C:/Users/Pedro/Dropbox/UA/CR/Labs/Lab5/CountDownTimerCustomHwPartIVWorkspace/CountDownTimerCustomHwPartIV/hw/CountDownTimerCustomHwPartIV.xsa
TRACE::2020-05-01.12:43:25::SCWPlatform::DSA directory C:/Users/Pedro/Dropbox/UA/CR/Labs/Lab5/CountDownTimerCustomHwPartIVWorkspace/CountDownTimerCustomHwPartIV/hw
TRACE::2020-05-01.12:43:25::SCWPlatform:: Platform Path C:/Users/Pedro/Dropbox/UA/CR/Labs/Lab5/CountDownTimerCustomHwPartIVWorkspace/CountDownTimerCustomHwPartIV/hw/CountDownTimerCustomHwPartIV.xsa
TRACE::2020-05-01.12:43:25::SCWPlatform:: Unique name xilinx:nexys4::0.0
TRACE::2020-05-01.12:43:25::SCWPlatform::Trying to set the existing hwdb with name mb_design_wrapper_0
TRACE::2020-05-01.12:43:25::SCWPlatform::Opened existing hwdb mb_design_wrapper_0
TRACE::2020-05-01.12:43:25::SCWPlatform::Found the Hw Db part of the input DSA
TRACE::2020-05-01.12:43:25::SCWMssOS::Checking the sw design at  C:/Users/Pedro/Dropbox/UA/CR/Labs/Lab5/CountDownTimerCustomHwPartIVWorkspace/CountDownTimerCustomHwPartIV/microblaze_0/standalone_domain/bsp/system.mss
TRACE::2020-05-01.12:43:25::SCWMssOS::DEBUG:  swdes dump  C:/Users/Pedro/Dropbox/UA/CR/Labs/Lab5/CountDownTimerCustomHwPartIVWorkspace/CountDownTimerCustomHwPartIV/microblaze_0/standalone_domain/bsp/system.mss|system||

TRACE::2020-05-01.12:43:25::SCWMssOS::Sw design exists and opened at  C:/Users/Pedro/Dropbox/UA/CR/Labs/Lab5/CountDownTimerCustomHwPartIVWorkspace/CountDownTimerCustomHwPartIV/microblaze_0/standalone_domain/bsp/system.mss
TRACE::2020-05-01.12:43:25::SCWPlatform::Trying to open the hw design at C:/Users/Pedro/Dropbox/UA/CR/Labs/Lab5/CountDownTimerCustomHwPartIVWorkspace/CountDownTimerCustomHwPartIV/hw/CountDownTimerCustomHwPartIV.xsa
TRACE::2020-05-01.12:43:25::SCWPlatform::DSA given C:/Users/Pedro/Dropbox/UA/CR/Labs/Lab5/CountDownTimerCustomHwPartIVWorkspace/CountDownTimerCustomHwPartIV/hw/CountDownTimerCustomHwPartIV.xsa
TRACE::2020-05-01.12:43:25::SCWPlatform::DSA absoulate path C:/Users/Pedro/Dropbox/UA/CR/Labs/Lab5/CountDownTimerCustomHwPartIVWorkspace/CountDownTimerCustomHwPartIV/hw/CountDownTimerCustomHwPartIV.xsa
TRACE::2020-05-01.12:43:25::SCWPlatform::DSA directory C:/Users/Pedro/Dropbox/UA/CR/Labs/Lab5/CountDownTimerCustomHwPartIVWorkspace/CountDownTimerCustomHwPartIV/hw
TRACE::2020-05-01.12:43:25::SCWPlatform:: Platform Path C:/Users/Pedro/Dropbox/UA/CR/Labs/Lab5/CountDownTimerCustomHwPartIVWorkspace/CountDownTimerCustomHwPartIV/hw/CountDownTimerCustomHwPartIV.xsa
TRACE::2020-05-01.12:43:25::SCWPlatform:: Unique name xilinx:nexys4::0.0
TRACE::2020-05-01.12:43:25::SCWPlatform::Trying to set the existing hwdb with name mb_design_wrapper_0
TRACE::2020-05-01.12:43:25::SCWPlatform::Opened existing hwdb mb_design_wrapper_0
TRACE::2020-05-01.12:43:25::SCWPlatform::Found the Hw Db part of the input DSA
TRACE::2020-05-01.12:43:25::SCWMssOS::Checking the sw design at  C:/Users/Pedro/Dropbox/UA/CR/Labs/Lab5/CountDownTimerCustomHwPartIVWorkspace/CountDownTimerCustomHwPartIV/microblaze_0/standalone_domain/bsp/system.mss
TRACE::2020-05-01.12:43:25::SCWMssOS::DEBUG:  swdes dump  C:/Users/Pedro/Dropbox/UA/CR/Labs/Lab5/CountDownTimerCustomHwPartIVWorkspace/CountDownTimerCustomHwPartIV/microblaze_0/standalone_domain/bsp/system.mss|system||

TRACE::2020-05-01.12:43:25::SCWMssOS::Sw design exists and opened at  C:/Users/Pedro/Dropbox/UA/CR/Labs/Lab5/CountDownTimerCustomHwPartIVWorkspace/CountDownTimerCustomHwPartIV/microblaze_0/standalone_domain/bsp/system.mss
TRACE::2020-05-01.12:43:25::SCWPlatform::Trying to open the hw design at C:/Users/Pedro/Dropbox/UA/CR/Labs/Lab5/CountDownTimerCustomHwPartIVWorkspace/CountDownTimerCustomHwPartIV/hw/CountDownTimerCustomHwPartIV.xsa
TRACE::2020-05-01.12:43:25::SCWPlatform::DSA given C:/Users/Pedro/Dropbox/UA/CR/Labs/Lab5/CountDownTimerCustomHwPartIVWorkspace/CountDownTimerCustomHwPartIV/hw/CountDownTimerCustomHwPartIV.xsa
TRACE::2020-05-01.12:43:25::SCWPlatform::DSA absoulate path C:/Users/Pedro/Dropbox/UA/CR/Labs/Lab5/CountDownTimerCustomHwPartIVWorkspace/CountDownTimerCustomHwPartIV/hw/CountDownTimerCustomHwPartIV.xsa
TRACE::2020-05-01.12:43:25::SCWPlatform::DSA directory C:/Users/Pedro/Dropbox/UA/CR/Labs/Lab5/CountDownTimerCustomHwPartIVWorkspace/CountDownTimerCustomHwPartIV/hw
TRACE::2020-05-01.12:43:25::SCWPlatform:: Platform Path C:/Users/Pedro/Dropbox/UA/CR/Labs/Lab5/CountDownTimerCustomHwPartIVWorkspace/CountDownTimerCustomHwPartIV/hw/CountDownTimerCustomHwPartIV.xsa
TRACE::2020-05-01.12:43:25::SCWPlatform:: Unique name xilinx:nexys4::0.0
TRACE::2020-05-01.12:43:25::SCWPlatform::Trying to set the existing hwdb with name mb_design_wrapper_0
TRACE::2020-05-01.12:43:25::SCWPlatform::Opened existing hwdb mb_design_wrapper_0
TRACE::2020-05-01.12:43:25::SCWPlatform::Found the Hw Db part of the input DSA
TRACE::2020-05-01.12:43:25::SCWMssOS::Checking the sw design at  C:/Users/Pedro/Dropbox/UA/CR/Labs/Lab5/CountDownTimerCustomHwPartIVWorkspace/CountDownTimerCustomHwPartIV/microblaze_0/standalone_domain/bsp/system.mss
TRACE::2020-05-01.12:43:25::SCWMssOS::DEBUG:  swdes dump  C:/Users/Pedro/Dropbox/UA/CR/Labs/Lab5/CountDownTimerCustomHwPartIVWorkspace/CountDownTimerCustomHwPartIV/microblaze_0/standalone_domain/bsp/system.mss|system||

TRACE::2020-05-01.12:43:25::SCWMssOS::Sw design exists and opened at  C:/Users/Pedro/Dropbox/UA/CR/Labs/Lab5/CountDownTimerCustomHwPartIVWorkspace/CountDownTimerCustomHwPartIV/microblaze_0/standalone_domain/bsp/system.mss
TRACE::2020-05-01.12:43:25::SCWWriter::formatted JSON is {
	"platformName":	"CountDownTimerCustomHwPartIV",
	"sprVersion":	"2.0",
	"mode":	"gui",
	"dsaType":	"Fixed",
	"platformDesc":	"CountDownTimerCustomHwPartIV",
	"platHandOff":	"C:/Users/Pedro/Dropbox/UA/CR/Labs/Lab5/CountDownTimerCustomHwPartIV/CountDownTimerCustomHwPartIV.xsa",
	"platIntHandOff":	"<platformDir>/hw/CountDownTimerCustomHwPartIV.xsa",
	"deviceType":	"FPGA",
	"platIsPrebuiltAutogen":	"false",
	"platIsNoBootBsp":	"false",
	"hasFsblMakeHasChanges":	"false",
	"hasPmufwMakeHasChanges":	"false",
	"platPreBuiltFlag":	false,
	"platformSamplesDir":	"",
	"platActiveSys":	"CountDownTimerCustomHwPartIV",
	"systems":	[{
			"systemName":	"CountDownTimerCustomHwPartIV",
			"systemDesc":	"CountDownTimerCustomHwPartIV",
			"sysIsBootAutoGen":	"true",
			"systemDispName":	"CountDownTimerCustomHwPartIV",
			"sysActiveDom":	"standalone_domain",
			"sysDefaultDom":	"standalone_domain",
			"domains":	[{
					"domainName":	"standalone_domain",
					"domainDispName":	"standalone on microblaze_0",
					"domainDesc":	"standalone_domain",
					"processors":	"microblaze_0",
					"os":	"standalone",
					"sdxOs":	"standalone",
					"debugEnable":	"False",
					"domRuntimes":	["cpp"],
					"swRepo":	"",
					"mssOsVer":	"7.1",
					"mssFile":	"",
					"md5Digest":	"23f48ae7bc9e604d36dc21de83442a96",
					"compatibleApp":	"hello_world",
					"domType":	"mssDomain",
					"arch":	"32-bit",
					"appSettings":	{
						"appCompilerFlags":	"",
						"appLinkerFlags":	""
					},
					"addedLibs":	[],
					"libOptions":	{
						"libsContainingOptions":	[]
					},
					"prebuiltLibs":	{
						"prebuiltIncPath":	[],
						"prebuiltLibPath":	[]
					},
					"isolation":	{
					}
				}]
		}]
}
LOG::2020-05-01.12:43:25::SCWPlatform::Started generating the artifacts platform CountDownTimerCustomHwPartIV
TRACE::2020-05-01.12:43:25::SCWPlatform::Sanity checking of platform is completed
LOG::2020-05-01.12:43:25::SCWPlatform::Started generating the artifacts for system configuration CountDownTimerCustomHwPartIV
LOG::2020-05-01.12:43:25::SCWSystem::Started Processing the domain standalone_domain
TRACE::2020-05-01.12:43:25::SCWDomain::Generating domain artifcats
TRACE::2020-05-01.12:43:25::SCWMssOS::Generating standalone artifcats
TRACE::2020-05-01.12:43:25::SCWMssOS:: Copying the user libraries. 
TRACE::2020-05-01.12:43:25::SCWPlatform::Trying to open the hw design at C:/Users/Pedro/Dropbox/UA/CR/Labs/Lab5/CountDownTimerCustomHwPartIVWorkspace/CountDownTimerCustomHwPartIV/hw/CountDownTimerCustomHwPartIV.xsa
TRACE::2020-05-01.12:43:25::SCWPlatform::DSA given C:/Users/Pedro/Dropbox/UA/CR/Labs/Lab5/CountDownTimerCustomHwPartIVWorkspace/CountDownTimerCustomHwPartIV/hw/CountDownTimerCustomHwPartIV.xsa
TRACE::2020-05-01.12:43:25::SCWPlatform::DSA absoulate path C:/Users/Pedro/Dropbox/UA/CR/Labs/Lab5/CountDownTimerCustomHwPartIVWorkspace/CountDownTimerCustomHwPartIV/hw/CountDownTimerCustomHwPartIV.xsa
TRACE::2020-05-01.12:43:25::SCWPlatform::DSA directory C:/Users/Pedro/Dropbox/UA/CR/Labs/Lab5/CountDownTimerCustomHwPartIVWorkspace/CountDownTimerCustomHwPartIV/hw
TRACE::2020-05-01.12:43:25::SCWPlatform:: Platform Path C:/Users/Pedro/Dropbox/UA/CR/Labs/Lab5/CountDownTimerCustomHwPartIVWorkspace/CountDownTimerCustomHwPartIV/hw/CountDownTimerCustomHwPartIV.xsa
TRACE::2020-05-01.12:43:25::SCWPlatform:: Unique name xilinx:nexys4::0.0
TRACE::2020-05-01.12:43:25::SCWPlatform::Trying to set the existing hwdb with name mb_design_wrapper_0
TRACE::2020-05-01.12:43:25::SCWPlatform::Opened existing hwdb mb_design_wrapper_0
TRACE::2020-05-01.12:43:25::SCWPlatform::Found the Hw Db part of the input DSA
TRACE::2020-05-01.12:43:25::SCWMssOS::Checking the sw design at  C:/Users/Pedro/Dropbox/UA/CR/Labs/Lab5/CountDownTimerCustomHwPartIVWorkspace/CountDownTimerCustomHwPartIV/microblaze_0/standalone_domain/bsp/system.mss
TRACE::2020-05-01.12:43:25::SCWMssOS::DEBUG:  swdes dump  C:/Users/Pedro/Dropbox/UA/CR/Labs/Lab5/CountDownTimerCustomHwPartIVWorkspace/CountDownTimerCustomHwPartIV/microblaze_0/standalone_domain/bsp/system.mss|system||

TRACE::2020-05-01.12:43:25::SCWMssOS::Sw design exists and opened at  C:/Users/Pedro/Dropbox/UA/CR/Labs/Lab5/CountDownTimerCustomHwPartIVWorkspace/CountDownTimerCustomHwPartIV/microblaze_0/standalone_domain/bsp/system.mss
TRACE::2020-05-01.12:43:25::SCWMssOS::Completed writing the mss file at C:/Users/Pedro/Dropbox/UA/CR/Labs/Lab5/CountDownTimerCustomHwPartIVWorkspace/CountDownTimerCustomHwPartIV/microblaze_0/standalone_domain/bsp
TRACE::2020-05-01.12:43:25::SCWMssOS::Mss edits present, copying mssfile into export location C:/Users/Pedro/Dropbox/UA/CR/Labs/Lab5/CountDownTimerCustomHwPartIVWorkspace/CountDownTimerCustomHwPartIV/microblaze_0/standalone_domain/bsp/system.mss
TRACE::2020-05-01.12:43:25::SCWMssOS::bsp generated is upto date with the mss file. Skipping bsp generation.
TRACE::2020-05-01.12:43:25::SCWMssOS::BSP is already built. skipping the bsp build ... 
TRACE::2020-05-01.12:43:25::SCWDomain::Building the domain as part of full build :  standalone_domain
TRACE::2020-05-01.12:43:25::SCWMssOS::skipping the bsp build ... 
TRACE::2020-05-01.12:43:25::SCWMssOS::Copying to export directory.
TRACE::2020-05-01.12:43:25::SCWMssOS:: Checking if to create the Supporting Applications
TRACE::2020-05-01.12:43:25::SCWMssOS:: No Linux domain exists, trying to generate FSBL 
LOG::2020-05-01.12:43:25::SCWSystem::Completed Processing the domain standalone_domain
LOG::2020-05-01.12:43:25::SCWSystem::Completed Processing the sysconfig CountDownTimerCustomHwPartIV
LOG::2020-05-01.12:43:25::SCWPlatform::Completed generating the artifacts for system configuration CountDownTimerCustomHwPartIV
TRACE::2020-05-01.12:43:25::SCWPlatform::Started preparing the platform 
TRACE::2020-05-01.12:43:25::SCWSystem::Writing the bif file for system config CountDownTimerCustomHwPartIV
TRACE::2020-05-01.12:43:25::SCWSystem::dir created 
TRACE::2020-05-01.12:43:25::SCWSystem::Writing the bif 
TRACE::2020-05-01.12:43:25::SCWPlatform::Started writing the spfm file 
TRACE::2020-05-01.12:43:26::SCWPlatform::Started writing the xpfm file 
TRACE::2020-05-01.12:43:26::SCWPlatform::Completed generating the platform
TRACE::2020-05-01.12:43:26::SCWPlatform::Trying to open the hw design at C:/Users/Pedro/Dropbox/UA/CR/Labs/Lab5/CountDownTimerCustomHwPartIVWorkspace/CountDownTimerCustomHwPartIV/hw/CountDownTimerCustomHwPartIV.xsa
TRACE::2020-05-01.12:43:26::SCWPlatform::DSA given C:/Users/Pedro/Dropbox/UA/CR/Labs/Lab5/CountDownTimerCustomHwPartIVWorkspace/CountDownTimerCustomHwPartIV/hw/CountDownTimerCustomHwPartIV.xsa
TRACE::2020-05-01.12:43:26::SCWPlatform::DSA absoulate path C:/Users/Pedro/Dropbox/UA/CR/Labs/Lab5/CountDownTimerCustomHwPartIVWorkspace/CountDownTimerCustomHwPartIV/hw/CountDownTimerCustomHwPartIV.xsa
TRACE::2020-05-01.12:43:26::SCWPlatform::DSA directory C:/Users/Pedro/Dropbox/UA/CR/Labs/Lab5/CountDownTimerCustomHwPartIVWorkspace/CountDownTimerCustomHwPartIV/hw
TRACE::2020-05-01.12:43:26::SCWPlatform:: Platform Path C:/Users/Pedro/Dropbox/UA/CR/Labs/Lab5/CountDownTimerCustomHwPartIVWorkspace/CountDownTimerCustomHwPartIV/hw/CountDownTimerCustomHwPartIV.xsa
TRACE::2020-05-01.12:43:26::SCWPlatform:: Unique name xilinx:nexys4::0.0
TRACE::2020-05-01.12:43:26::SCWPlatform::Trying to set the existing hwdb with name mb_design_wrapper_0
TRACE::2020-05-01.12:43:26::SCWPlatform::Opened existing hwdb mb_design_wrapper_0
TRACE::2020-05-01.12:43:26::SCWPlatform::Found the Hw Db part of the input DSA
TRACE::2020-05-01.12:43:26::SCWMssOS::Checking the sw design at  C:/Users/Pedro/Dropbox/UA/CR/Labs/Lab5/CountDownTimerCustomHwPartIVWorkspace/CountDownTimerCustomHwPartIV/microblaze_0/standalone_domain/bsp/system.mss
TRACE::2020-05-01.12:43:26::SCWMssOS::DEBUG:  swdes dump  C:/Users/Pedro/Dropbox/UA/CR/Labs/Lab5/CountDownTimerCustomHwPartIVWorkspace/CountDownTimerCustomHwPartIV/microblaze_0/standalone_domain/bsp/system.mss|system||

TRACE::2020-05-01.12:43:26::SCWMssOS::Sw design exists and opened at  C:/Users/Pedro/Dropbox/UA/CR/Labs/Lab5/CountDownTimerCustomHwPartIVWorkspace/CountDownTimerCustomHwPartIV/microblaze_0/standalone_domain/bsp/system.mss
TRACE::2020-05-01.12:43:26::SCWPlatform::Trying to open the hw design at C:/Users/Pedro/Dropbox/UA/CR/Labs/Lab5/CountDownTimerCustomHwPartIVWorkspace/CountDownTimerCustomHwPartIV/hw/CountDownTimerCustomHwPartIV.xsa
TRACE::2020-05-01.12:43:26::SCWPlatform::DSA given C:/Users/Pedro/Dropbox/UA/CR/Labs/Lab5/CountDownTimerCustomHwPartIVWorkspace/CountDownTimerCustomHwPartIV/hw/CountDownTimerCustomHwPartIV.xsa
TRACE::2020-05-01.12:43:26::SCWPlatform::DSA absoulate path C:/Users/Pedro/Dropbox/UA/CR/Labs/Lab5/CountDownTimerCustomHwPartIVWorkspace/CountDownTimerCustomHwPartIV/hw/CountDownTimerCustomHwPartIV.xsa
TRACE::2020-05-01.12:43:26::SCWPlatform::DSA directory C:/Users/Pedro/Dropbox/UA/CR/Labs/Lab5/CountDownTimerCustomHwPartIVWorkspace/CountDownTimerCustomHwPartIV/hw
TRACE::2020-05-01.12:43:26::SCWPlatform:: Platform Path C:/Users/Pedro/Dropbox/UA/CR/Labs/Lab5/CountDownTimerCustomHwPartIVWorkspace/CountDownTimerCustomHwPartIV/hw/CountDownTimerCustomHwPartIV.xsa
TRACE::2020-05-01.12:43:26::SCWPlatform:: Unique name xilinx:nexys4::0.0
TRACE::2020-05-01.12:43:26::SCWPlatform::Trying to set the existing hwdb with name mb_design_wrapper_0
TRACE::2020-05-01.12:43:26::SCWPlatform::Opened existing hwdb mb_design_wrapper_0
TRACE::2020-05-01.12:43:26::SCWPlatform::Found the Hw Db part of the input DSA
TRACE::2020-05-01.12:43:26::SCWMssOS::Checking the sw design at  C:/Users/Pedro/Dropbox/UA/CR/Labs/Lab5/CountDownTimerCustomHwPartIVWorkspace/CountDownTimerCustomHwPartIV/microblaze_0/standalone_domain/bsp/system.mss
TRACE::2020-05-01.12:43:26::SCWMssOS::DEBUG:  swdes dump  C:/Users/Pedro/Dropbox/UA/CR/Labs/Lab5/CountDownTimerCustomHwPartIVWorkspace/CountDownTimerCustomHwPartIV/microblaze_0/standalone_domain/bsp/system.mss|system||

TRACE::2020-05-01.12:43:26::SCWMssOS::Sw design exists and opened at  C:/Users/Pedro/Dropbox/UA/CR/Labs/Lab5/CountDownTimerCustomHwPartIVWorkspace/CountDownTimerCustomHwPartIV/microblaze_0/standalone_domain/bsp/system.mss
TRACE::2020-05-01.12:43:26::SCWPlatform::Trying to open the hw design at C:/Users/Pedro/Dropbox/UA/CR/Labs/Lab5/CountDownTimerCustomHwPartIVWorkspace/CountDownTimerCustomHwPartIV/hw/CountDownTimerCustomHwPartIV.xsa
TRACE::2020-05-01.12:43:26::SCWPlatform::DSA given C:/Users/Pedro/Dropbox/UA/CR/Labs/Lab5/CountDownTimerCustomHwPartIVWorkspace/CountDownTimerCustomHwPartIV/hw/CountDownTimerCustomHwPartIV.xsa
TRACE::2020-05-01.12:43:26::SCWPlatform::DSA absoulate path C:/Users/Pedro/Dropbox/UA/CR/Labs/Lab5/CountDownTimerCustomHwPartIVWorkspace/CountDownTimerCustomHwPartIV/hw/CountDownTimerCustomHwPartIV.xsa
TRACE::2020-05-01.12:43:26::SCWPlatform::DSA directory C:/Users/Pedro/Dropbox/UA/CR/Labs/Lab5/CountDownTimerCustomHwPartIVWorkspace/CountDownTimerCustomHwPartIV/hw
TRACE::2020-05-01.12:43:26::SCWPlatform:: Platform Path C:/Users/Pedro/Dropbox/UA/CR/Labs/Lab5/CountDownTimerCustomHwPartIVWorkspace/CountDownTimerCustomHwPartIV/hw/CountDownTimerCustomHwPartIV.xsa
TRACE::2020-05-01.12:43:26::SCWPlatform:: Unique name xilinx:nexys4::0.0
TRACE::2020-05-01.12:43:26::SCWPlatform::Trying to set the existing hwdb with name mb_design_wrapper_0
TRACE::2020-05-01.12:43:26::SCWPlatform::Opened existing hwdb mb_design_wrapper_0
TRACE::2020-05-01.12:43:26::SCWPlatform::Found the Hw Db part of the input DSA
TRACE::2020-05-01.12:43:26::SCWMssOS::Checking the sw design at  C:/Users/Pedro/Dropbox/UA/CR/Labs/Lab5/CountDownTimerCustomHwPartIVWorkspace/CountDownTimerCustomHwPartIV/microblaze_0/standalone_domain/bsp/system.mss
TRACE::2020-05-01.12:43:26::SCWMssOS::DEBUG:  swdes dump  C:/Users/Pedro/Dropbox/UA/CR/Labs/Lab5/CountDownTimerCustomHwPartIVWorkspace/CountDownTimerCustomHwPartIV/microblaze_0/standalone_domain/bsp/system.mss|system||

TRACE::2020-05-01.12:43:26::SCWMssOS::Sw design exists and opened at  C:/Users/Pedro/Dropbox/UA/CR/Labs/Lab5/CountDownTimerCustomHwPartIVWorkspace/CountDownTimerCustomHwPartIV/microblaze_0/standalone_domain/bsp/system.mss
TRACE::2020-05-01.12:43:26::SCWWriter::formatted JSON is {
	"platformName":	"CountDownTimerCustomHwPartIV",
	"sprVersion":	"2.0",
	"mode":	"gui",
	"dsaType":	"Fixed",
	"platformDesc":	"CountDownTimerCustomHwPartIV",
	"platHandOff":	"C:/Users/Pedro/Dropbox/UA/CR/Labs/Lab5/CountDownTimerCustomHwPartIV/CountDownTimerCustomHwPartIV.xsa",
	"platIntHandOff":	"<platformDir>/hw/CountDownTimerCustomHwPartIV.xsa",
	"deviceType":	"FPGA",
	"platIsPrebuiltAutogen":	"false",
	"platIsNoBootBsp":	"false",
	"hasFsblMakeHasChanges":	"false",
	"hasPmufwMakeHasChanges":	"false",
	"platPreBuiltFlag":	false,
	"platformSamplesDir":	"",
	"platActiveSys":	"CountDownTimerCustomHwPartIV",
	"systems":	[{
			"systemName":	"CountDownTimerCustomHwPartIV",
			"systemDesc":	"CountDownTimerCustomHwPartIV",
			"sysIsBootAutoGen":	"true",
			"systemDispName":	"CountDownTimerCustomHwPartIV",
			"sysActiveDom":	"standalone_domain",
			"sysDefaultDom":	"standalone_domain",
			"domains":	[{
					"domainName":	"standalone_domain",
					"domainDispName":	"standalone on microblaze_0",
					"domainDesc":	"standalone_domain",
					"processors":	"microblaze_0",
					"os":	"standalone",
					"sdxOs":	"standalone",
					"debugEnable":	"False",
					"domRuntimes":	["cpp"],
					"swRepo":	"",
					"mssOsVer":	"7.1",
					"mssFile":	"",
					"md5Digest":	"23f48ae7bc9e604d36dc21de83442a96",
					"compatibleApp":	"hello_world",
					"domType":	"mssDomain",
					"arch":	"32-bit",
					"appSettings":	{
						"appCompilerFlags":	"",
						"appLinkerFlags":	""
					},
					"addedLibs":	[],
					"libOptions":	{
						"libsContainingOptions":	[]
					},
					"prebuiltLibs":	{
						"prebuiltIncPath":	[],
						"prebuiltLibPath":	[]
					},
					"isolation":	{
					}
				}]
		}]
}
KEYINFO::2020-05-01.12:43:26::SCWPlatform::updated the xpfm file.
LOG::2020-05-01.12:43:54::SCWPlatform::Started generating the artifacts platform CountDownTimerCustomHwPartIV
TRACE::2020-05-01.12:43:54::SCWPlatform::Sanity checking of platform is completed
LOG::2020-05-01.12:43:54::SCWPlatform::Started generating the artifacts for system configuration CountDownTimerCustomHwPartIV
LOG::2020-05-01.12:43:54::SCWSystem::Checking the domain standalone_domain
LOG::2020-05-01.12:43:54::SCWSystem::Not a boot domain 
LOG::2020-05-01.12:43:54::SCWSystem::Started Processing the domain standalone_domain
TRACE::2020-05-01.12:43:54::SCWDomain::Generating domain artifcats
TRACE::2020-05-01.12:43:54::SCWMssOS::Generating standalone artifcats
TRACE::2020-05-01.12:43:54::SCWMssOS:: Copying the user libraries. 
TRACE::2020-05-01.12:43:54::SCWPlatform::Trying to open the hw design at C:/Users/Pedro/Dropbox/UA/CR/Labs/Lab5/CountDownTimerCustomHwPartIVWorkspace/CountDownTimerCustomHwPartIV/hw/CountDownTimerCustomHwPartIV.xsa
TRACE::2020-05-01.12:43:54::SCWPlatform::DSA given C:/Users/Pedro/Dropbox/UA/CR/Labs/Lab5/CountDownTimerCustomHwPartIVWorkspace/CountDownTimerCustomHwPartIV/hw/CountDownTimerCustomHwPartIV.xsa
TRACE::2020-05-01.12:43:54::SCWPlatform::DSA absoulate path C:/Users/Pedro/Dropbox/UA/CR/Labs/Lab5/CountDownTimerCustomHwPartIVWorkspace/CountDownTimerCustomHwPartIV/hw/CountDownTimerCustomHwPartIV.xsa
TRACE::2020-05-01.12:43:54::SCWPlatform::DSA directory C:/Users/Pedro/Dropbox/UA/CR/Labs/Lab5/CountDownTimerCustomHwPartIVWorkspace/CountDownTimerCustomHwPartIV/hw
TRACE::2020-05-01.12:43:54::SCWPlatform:: Platform Path C:/Users/Pedro/Dropbox/UA/CR/Labs/Lab5/CountDownTimerCustomHwPartIVWorkspace/CountDownTimerCustomHwPartIV/hw/CountDownTimerCustomHwPartIV.xsa
TRACE::2020-05-01.12:43:54::SCWPlatform:: Unique name xilinx:nexys4::0.0
TRACE::2020-05-01.12:43:54::SCWPlatform::Trying to set the existing hwdb with name mb_design_wrapper_0
TRACE::2020-05-01.12:43:54::SCWPlatform::Opened existing hwdb mb_design_wrapper_0
TRACE::2020-05-01.12:43:54::SCWPlatform::Found the Hw Db part of the input DSA
TRACE::2020-05-01.12:43:54::SCWMssOS::Checking the sw design at  C:/Users/Pedro/Dropbox/UA/CR/Labs/Lab5/CountDownTimerCustomHwPartIVWorkspace/CountDownTimerCustomHwPartIV/microblaze_0/standalone_domain/bsp/system.mss
TRACE::2020-05-01.12:43:54::SCWMssOS::DEBUG:  swdes dump  C:/Users/Pedro/Dropbox/UA/CR/Labs/Lab5/CountDownTimerCustomHwPartIVWorkspace/CountDownTimerCustomHwPartIV/microblaze_0/standalone_domain/bsp/system.mss|system||

TRACE::2020-05-01.12:43:54::SCWMssOS::Sw design exists and opened at  C:/Users/Pedro/Dropbox/UA/CR/Labs/Lab5/CountDownTimerCustomHwPartIVWorkspace/CountDownTimerCustomHwPartIV/microblaze_0/standalone_domain/bsp/system.mss
TRACE::2020-05-01.12:43:54::SCWMssOS::Completed writing the mss file at C:/Users/Pedro/Dropbox/UA/CR/Labs/Lab5/CountDownTimerCustomHwPartIVWorkspace/CountDownTimerCustomHwPartIV/microblaze_0/standalone_domain/bsp
TRACE::2020-05-01.12:43:54::SCWMssOS::Mss edits present, copying mssfile into export location C:/Users/Pedro/Dropbox/UA/CR/Labs/Lab5/CountDownTimerCustomHwPartIVWorkspace/CountDownTimerCustomHwPartIV/microblaze_0/standalone_domain/bsp/system.mss
TRACE::2020-05-01.12:43:54::SCWMssOS::bsp generated is upto date with the mss file. Skipping bsp generation.
TRACE::2020-05-01.12:43:54::SCWMssOS::BSP is already built. skipping the bsp build ... 
TRACE::2020-05-01.12:43:54::SCWDomain::Building the domain as part of full build :  standalone_domain
TRACE::2020-05-01.12:43:54::SCWMssOS::doing bsp build ... 
TRACE::2020-05-01.12:43:54::SCWMssOS::System Command Ran  C: & cd  C:/Users/Pedro/Dropbox/UA/CR/Labs/Lab5/CountDownTimerCustomHwPartIVWorkspace/CountDownTimerCustomHwPartIV/microblaze_0/standalone_domain/bsp & make 
TRACE::2020-05-01.12:43:55::SCWMssOS::"Running Make include in microblaze_0/libsrc/bram_v4_3/src"

TRACE::2020-05-01.12:43:55::SCWMssOS::make -C microblaze_0/libsrc/bram_v4_3/src -s include  "SHELL=CMD" "COMPILER=mb-gcc" "ASSEMBLER=mb-as" "ARCHIVER=mb-ar" "COMPILE
TRACE::2020-05-01.12:43:55::SCWMssOS::R_FLAGS=  -O2 -c -mcpu=v11.0 -mlittle-endian -mno-xl-soft-div -mno-xl-soft-mul -mxl-barrel-shift" "EXTRA_COMPILER_FLAGS=-g -ffu
TRACE::2020-05-01.12:43:55::SCWMssOS::nction-sections -fdata-sections -Wall -Wextra"

TRACE::2020-05-01.12:43:55::SCWMssOS::"Running Make include in microblaze_0/libsrc/cpu_v2_10/src"

TRACE::2020-05-01.12:43:55::SCWMssOS::make -C microblaze_0/libsrc/cpu_v2_10/src -s include  "SHELL=CMD" "COMPILER=mb-gcc" "ASSEMBLER=mb-as" "ARCHIVER=mb-ar" "COMPILE
TRACE::2020-05-01.12:43:55::SCWMssOS::R_FLAGS=  -O2 -c -mcpu=v11.0 -mlittle-endian -mno-xl-soft-div -mno-xl-soft-mul -mxl-barrel-shift" "EXTRA_COMPILER_FLAGS=-g -ffu
TRACE::2020-05-01.12:43:55::SCWMssOS::nction-sections -fdata-sections -Wall -Wextra"

TRACE::2020-05-01.12:43:55::SCWMssOS::"Running Make include in microblaze_0/libsrc/gpio_v4_5/src"

TRACE::2020-05-01.12:43:55::SCWMssOS::make -C microblaze_0/libsrc/gpio_v4_5/src -s include  "SHELL=CMD" "COMPILER=mb-gcc" "ASSEMBLER=mb-as" "ARCHIVER=mb-ar" "COMPILE
TRACE::2020-05-01.12:43:55::SCWMssOS::R_FLAGS=  -O2 -c -mcpu=v11.0 -mlittle-endian -mno-xl-soft-div -mno-xl-soft-mul -mxl-barrel-shift" "EXTRA_COMPILER_FLAGS=-g -ffu
TRACE::2020-05-01.12:43:55::SCWMssOS::nction-sections -fdata-sections -Wall -Wextra"

TRACE::2020-05-01.12:43:55::SCWMssOS::"Running Make include in microblaze_0/libsrc/intc_v3_10/src"

TRACE::2020-05-01.12:43:55::SCWMssOS::make -C microblaze_0/libsrc/intc_v3_10/src -s include  "SHELL=CMD" "COMPILER=mb-gcc" "ASSEMBLER=mb-as" "ARCHIVER=mb-ar" "COMPIL
TRACE::2020-05-01.12:43:55::SCWMssOS::ER_FLAGS=  -O2 -c -mcpu=v11.0 -mlittle-endian -mno-xl-soft-div -mno-xl-soft-mul -mxl-barrel-shift" "EXTRA_COMPILER_FLAGS=-g -ff
TRACE::2020-05-01.12:43:55::SCWMssOS::unction-sections -fdata-sections -Wall -Wextra"

TRACE::2020-05-01.12:43:55::SCWMssOS::"Running Make include in microblaze_0/libsrc/Nexys4DisplayDriverExtended_v1_0/src"

TRACE::2020-05-01.12:43:55::SCWMssOS::make -C microblaze_0/libsrc/Nexys4DisplayDriverExtended_v1_0/src -s include  "SHELL=CMD" "COMPILER=mb-gcc" "ASSEMBLER=mb-as" "A
TRACE::2020-05-01.12:43:55::SCWMssOS::RCHIVER=mb-ar" "COMPILER_FLAGS=  -O2 -c -mcpu=v11.0 -mlittle-endian -mno-xl-soft-div -mno-xl-soft-mul -mxl-barrel-shift" "EXTRA
TRACE::2020-05-01.12:43:55::SCWMssOS::_COMPILER_FLAGS=-g -ffunction-sections -fdata-sections -Wall -Wextra"

TRACE::2020-05-01.12:43:56::SCWMssOS::"Running Make include in microblaze_0/libsrc/standalone_v7_1/src"

TRACE::2020-05-01.12:43:56::SCWMssOS::make -C microblaze_0/libsrc/standalone_v7_1/src -s include  "SHELL=CMD" "COMPILER=mb-gcc" "ASSEMBLER=mb-as" "ARCHIVER=mb-ar" "C
TRACE::2020-05-01.12:43:56::SCWMssOS::OMPILER_FLAGS=  -O2 -c -mcpu=v11.0 -mlittle-endian -mno-xl-soft-div -mno-xl-soft-mul -mxl-barrel-shift" "EXTRA_COMPILER_FLAGS=-
TRACE::2020-05-01.12:43:56::SCWMssOS::g -ffunction-sections -fdata-sections -Wall -Wextra"

TRACE::2020-05-01.12:43:56::SCWMssOS::"Running Make include in microblaze_0/libsrc/tmrctr_v4_5/src"

TRACE::2020-05-01.12:43:56::SCWMssOS::make -C microblaze_0/libsrc/tmrctr_v4_5/src -s include  "SHELL=CMD" "COMPILER=mb-gcc" "ASSEMBLER=mb-as" "ARCHIVER=mb-ar" "COMPI
TRACE::2020-05-01.12:43:56::SCWMssOS::LER_FLAGS=  -O2 -c -mcpu=v11.0 -mlittle-endian -mno-xl-soft-div -mno-xl-soft-mul -mxl-barrel-shift" "EXTRA_COMPILER_FLAGS=-g -f
TRACE::2020-05-01.12:43:56::SCWMssOS::function-sections -fdata-sections -Wall -Wextra"

TRACE::2020-05-01.12:43:56::SCWMssOS::"Running Make include in microblaze_0/libsrc/uartlite_v3_3/src"

TRACE::2020-05-01.12:43:56::SCWMssOS::make -C microblaze_0/libsrc/uartlite_v3_3/src -s include  "SHELL=CMD" "COMPILER=mb-gcc" "ASSEMBLER=mb-as" "ARCHIVER=mb-ar" "COM
TRACE::2020-05-01.12:43:56::SCWMssOS::PILER_FLAGS=  -O2 -c -mcpu=v11.0 -mlittle-endian -mno-xl-soft-div -mno-xl-soft-mul -mxl-barrel-shift" "EXTRA_COMPILER_FLAGS=-g 
TRACE::2020-05-01.12:43:56::SCWMssOS::-ffunction-sections -fdata-sections -Wall -Wextra"

TRACE::2020-05-01.12:43:56::SCWMssOS::"Running Make libs in microblaze_0/libsrc/bram_v4_3/src"

TRACE::2020-05-01.12:43:56::SCWMssOS::make -C microblaze_0/libsrc/bram_v4_3/src -s libs  "SHELL=CMD" "COMPILER=mb-gcc" "ASSEMBLER=mb-as" "ARCHIVER=mb-ar" "COMPILER_F
TRACE::2020-05-01.12:43:56::SCWMssOS::LAGS=  -O2 -c -mcpu=v11.0 -mlittle-endian -mno-xl-soft-div -mno-xl-soft-mul -mxl-barrel-shift" "EXTRA_COMPILER_FLAGS=-g -ffunct
TRACE::2020-05-01.12:43:56::SCWMssOS::ion-sections -fdata-sections -Wall -Wextra"

TRACE::2020-05-01.12:43:57::SCWMssOS::"Compiling bram"

TRACE::2020-05-01.12:43:58::SCWMssOS::"Running Make libs in microblaze_0/libsrc/cpu_v2_10/src"

TRACE::2020-05-01.12:43:58::SCWMssOS::make -C microblaze_0/libsrc/cpu_v2_10/src -s libs  "SHELL=CMD" "COMPILER=mb-gcc" "ASSEMBLER=mb-as" "ARCHIVER=mb-ar" "COMPILER_F
TRACE::2020-05-01.12:43:58::SCWMssOS::LAGS=  -O2 -c -mcpu=v11.0 -mlittle-endian -mno-xl-soft-div -mno-xl-soft-mul -mxl-barrel-shift" "EXTRA_COMPILER_FLAGS=-g -ffunct
TRACE::2020-05-01.12:43:58::SCWMssOS::ion-sections -fdata-sections -Wall -Wextra"

TRACE::2020-05-01.12:43:58::SCWMssOS::"Compiling cpu"

TRACE::2020-05-01.12:43:58::SCWMssOS::"Running Make libs in microblaze_0/libsrc/gpio_v4_5/src"

TRACE::2020-05-01.12:43:58::SCWMssOS::make -C microblaze_0/libsrc/gpio_v4_5/src -s libs  "SHELL=CMD" "COMPILER=mb-gcc" "ASSEMBLER=mb-as" "ARCHIVER=mb-ar" "COMPILER_F
TRACE::2020-05-01.12:43:58::SCWMssOS::LAGS=  -O2 -c -mcpu=v11.0 -mlittle-endian -mno-xl-soft-div -mno-xl-soft-mul -mxl-barrel-shift" "EXTRA_COMPILER_FLAGS=-g -ffunct
TRACE::2020-05-01.12:43:58::SCWMssOS::ion-sections -fdata-sections -Wall -Wextra"

TRACE::2020-05-01.12:43:58::SCWMssOS::"Compiling gpio"

TRACE::2020-05-01.12:43:59::SCWMssOS::"Running Make libs in microblaze_0/libsrc/intc_v3_10/src"

TRACE::2020-05-01.12:43:59::SCWMssOS::make -C microblaze_0/libsrc/intc_v3_10/src -s libs  "SHELL=CMD" "COMPILER=mb-gcc" "ASSEMBLER=mb-as" "ARCHIVER=mb-ar" "COMPILER_
TRACE::2020-05-01.12:43:59::SCWMssOS::FLAGS=  -O2 -c -mcpu=v11.0 -mlittle-endian -mno-xl-soft-div -mno-xl-soft-mul -mxl-barrel-shift" "EXTRA_COMPILER_FLAGS=-g -ffunc
TRACE::2020-05-01.12:43:59::SCWMssOS::tion-sections -fdata-sections -Wall -Wextra"

TRACE::2020-05-01.12:43:59::SCWMssOS::"Compiling intc"

TRACE::2020-05-01.12:44:00::SCWMssOS::"Running Make libs in microblaze_0/libsrc/Nexys4DisplayDriverExtended_v1_0/src"

TRACE::2020-05-01.12:44:00::SCWMssOS::make -C microblaze_0/libsrc/Nexys4DisplayDriverExtended_v1_0/src -s libs  "SHELL=CMD" "COMPILER=mb-gcc" "ASSEMBLER=mb-as" "ARCH
TRACE::2020-05-01.12:44:00::SCWMssOS::IVER=mb-ar" "COMPILER_FLAGS=  -O2 -c -mcpu=v11.0 -mlittle-endian -mno-xl-soft-div -mno-xl-soft-mul -mxl-barrel-shift" "EXTRA_CO
TRACE::2020-05-01.12:44:00::SCWMssOS::MPILER_FLAGS=-g -ffunction-sections -fdata-sections -Wall -Wextra"

TRACE::2020-05-01.12:44:00::SCWMssOS::"Compiling Nexys4DisplayDriverExtended..."

TRACE::2020-05-01.12:44:01::SCWMssOS::"Running Make libs in microblaze_0/libsrc/standalone_v7_1/src"

TRACE::2020-05-01.12:44:01::SCWMssOS::make -C microblaze_0/libsrc/standalone_v7_1/src -s libs  "SHELL=CMD" "COMPILER=mb-gcc" "ASSEMBLER=mb-as" "ARCHIVER=mb-ar" "COMP
TRACE::2020-05-01.12:44:01::SCWMssOS::ILER_FLAGS=  -O2 -c -mcpu=v11.0 -mlittle-endian -mno-xl-soft-div -mno-xl-soft-mul -mxl-barrel-shift" "EXTRA_COMPILER_FLAGS=-g -
TRACE::2020-05-01.12:44:01::SCWMssOS::ffunction-sections -fdata-sections -Wall -Wextra"

TRACE::2020-05-01.12:44:01::SCWMssOS::"Compiling standalone";

TRACE::2020-05-01.12:44:04::SCWMssOS::"Running Make libs in microblaze_0/libsrc/tmrctr_v4_5/src"

TRACE::2020-05-01.12:44:04::SCWMssOS::make -C microblaze_0/libsrc/tmrctr_v4_5/src -s libs  "SHELL=CMD" "COMPILER=mb-gcc" "ASSEMBLER=mb-as" "ARCHIVER=mb-ar" "COMPILER
TRACE::2020-05-01.12:44:04::SCWMssOS::_FLAGS=  -O2 -c -mcpu=v11.0 -mlittle-endian -mno-xl-soft-div -mno-xl-soft-mul -mxl-barrel-shift" "EXTRA_COMPILER_FLAGS=-g -ffun
TRACE::2020-05-01.12:44:04::SCWMssOS::ction-sections -fdata-sections -Wall -Wextra"

TRACE::2020-05-01.12:44:05::SCWMssOS::"Compiling tmrctr"

TRACE::2020-05-01.12:44:06::SCWMssOS::"Running Make libs in microblaze_0/libsrc/uartlite_v3_3/src"

TRACE::2020-05-01.12:44:06::SCWMssOS::make -C microblaze_0/libsrc/uartlite_v3_3/src -s libs  "SHELL=CMD" "COMPILER=mb-gcc" "ASSEMBLER=mb-as" "ARCHIVER=mb-ar" "COMPIL
TRACE::2020-05-01.12:44:06::SCWMssOS::ER_FLAGS=  -O2 -c -mcpu=v11.0 -mlittle-endian -mno-xl-soft-div -mno-xl-soft-mul -mxl-barrel-shift" "EXTRA_COMPILER_FLAGS=-g -ff
TRACE::2020-05-01.12:44:06::SCWMssOS::unction-sections -fdata-sections -Wall -Wextra"

TRACE::2020-05-01.12:44:06::SCWMssOS::"Compiling uartlite"

TRACE::2020-05-01.12:44:07::SCWMssOS::'Finished building libraries'

TRACE::2020-05-01.12:44:07::SCWMssOS::Copying to export directory.
TRACE::2020-05-01.12:44:07::SCWMssOS:: Checking if to create the Supporting Applications
TRACE::2020-05-01.12:44:07::SCWMssOS:: No Linux domain exists, trying to generate FSBL 
LOG::2020-05-01.12:44:07::SCWSystem::Completed Processing the domain standalone_domain
LOG::2020-05-01.12:44:07::SCWSystem::Completed Processing the sysconfig CountDownTimerCustomHwPartIV
LOG::2020-05-01.12:44:07::SCWPlatform::Completed generating the artifacts for system configuration CountDownTimerCustomHwPartIV
TRACE::2020-05-01.12:44:07::SCWPlatform::Started preparing the platform 
TRACE::2020-05-01.12:44:07::SCWSystem::Writing the bif file for system config CountDownTimerCustomHwPartIV
TRACE::2020-05-01.12:44:07::SCWSystem::dir created 
TRACE::2020-05-01.12:44:07::SCWSystem::Writing the bif 
TRACE::2020-05-01.12:44:07::SCWPlatform::Started writing the spfm file 
TRACE::2020-05-01.12:44:07::SCWPlatform::Started writing the xpfm file 
TRACE::2020-05-01.12:44:07::SCWPlatform::Completed generating the platform
TRACE::2020-05-01.12:44:07::SCWPlatform::Trying to open the hw design at C:/Users/Pedro/Dropbox/UA/CR/Labs/Lab5/CountDownTimerCustomHwPartIVWorkspace/CountDownTimerCustomHwPartIV/hw/CountDownTimerCustomHwPartIV.xsa
TRACE::2020-05-01.12:44:07::SCWPlatform::DSA given C:/Users/Pedro/Dropbox/UA/CR/Labs/Lab5/CountDownTimerCustomHwPartIVWorkspace/CountDownTimerCustomHwPartIV/hw/CountDownTimerCustomHwPartIV.xsa
TRACE::2020-05-01.12:44:07::SCWPlatform::DSA absoulate path C:/Users/Pedro/Dropbox/UA/CR/Labs/Lab5/CountDownTimerCustomHwPartIVWorkspace/CountDownTimerCustomHwPartIV/hw/CountDownTimerCustomHwPartIV.xsa
TRACE::2020-05-01.12:44:07::SCWPlatform::DSA directory C:/Users/Pedro/Dropbox/UA/CR/Labs/Lab5/CountDownTimerCustomHwPartIVWorkspace/CountDownTimerCustomHwPartIV/hw
TRACE::2020-05-01.12:44:07::SCWPlatform:: Platform Path C:/Users/Pedro/Dropbox/UA/CR/Labs/Lab5/CountDownTimerCustomHwPartIVWorkspace/CountDownTimerCustomHwPartIV/hw/CountDownTimerCustomHwPartIV.xsa
TRACE::2020-05-01.12:44:07::SCWPlatform:: Unique name xilinx:nexys4::0.0
TRACE::2020-05-01.12:44:07::SCWPlatform::Trying to set the existing hwdb with name mb_design_wrapper_0
TRACE::2020-05-01.12:44:07::SCWPlatform::Opened existing hwdb mb_design_wrapper_0
TRACE::2020-05-01.12:44:07::SCWPlatform::Found the Hw Db part of the input DSA
TRACE::2020-05-01.12:44:07::SCWMssOS::Checking the sw design at  C:/Users/Pedro/Dropbox/UA/CR/Labs/Lab5/CountDownTimerCustomHwPartIVWorkspace/CountDownTimerCustomHwPartIV/microblaze_0/standalone_domain/bsp/system.mss
TRACE::2020-05-01.12:44:07::SCWMssOS::DEBUG:  swdes dump  C:/Users/Pedro/Dropbox/UA/CR/Labs/Lab5/CountDownTimerCustomHwPartIVWorkspace/CountDownTimerCustomHwPartIV/microblaze_0/standalone_domain/bsp/system.mss|system||

TRACE::2020-05-01.12:44:07::SCWMssOS::Sw design exists and opened at  C:/Users/Pedro/Dropbox/UA/CR/Labs/Lab5/CountDownTimerCustomHwPartIVWorkspace/CountDownTimerCustomHwPartIV/microblaze_0/standalone_domain/bsp/system.mss
TRACE::2020-05-01.12:44:07::SCWPlatform::Trying to open the hw design at C:/Users/Pedro/Dropbox/UA/CR/Labs/Lab5/CountDownTimerCustomHwPartIVWorkspace/CountDownTimerCustomHwPartIV/hw/CountDownTimerCustomHwPartIV.xsa
TRACE::2020-05-01.12:44:07::SCWPlatform::DSA given C:/Users/Pedro/Dropbox/UA/CR/Labs/Lab5/CountDownTimerCustomHwPartIVWorkspace/CountDownTimerCustomHwPartIV/hw/CountDownTimerCustomHwPartIV.xsa
TRACE::2020-05-01.12:44:07::SCWPlatform::DSA absoulate path C:/Users/Pedro/Dropbox/UA/CR/Labs/Lab5/CountDownTimerCustomHwPartIVWorkspace/CountDownTimerCustomHwPartIV/hw/CountDownTimerCustomHwPartIV.xsa
TRACE::2020-05-01.12:44:07::SCWPlatform::DSA directory C:/Users/Pedro/Dropbox/UA/CR/Labs/Lab5/CountDownTimerCustomHwPartIVWorkspace/CountDownTimerCustomHwPartIV/hw
TRACE::2020-05-01.12:44:07::SCWPlatform:: Platform Path C:/Users/Pedro/Dropbox/UA/CR/Labs/Lab5/CountDownTimerCustomHwPartIVWorkspace/CountDownTimerCustomHwPartIV/hw/CountDownTimerCustomHwPartIV.xsa
TRACE::2020-05-01.12:44:07::SCWPlatform:: Unique name xilinx:nexys4::0.0
TRACE::2020-05-01.12:44:07::SCWPlatform::Trying to set the existing hwdb with name mb_design_wrapper_0
TRACE::2020-05-01.12:44:07::SCWPlatform::Opened existing hwdb mb_design_wrapper_0
TRACE::2020-05-01.12:44:07::SCWPlatform::Found the Hw Db part of the input DSA
TRACE::2020-05-01.12:44:07::SCWMssOS::Checking the sw design at  C:/Users/Pedro/Dropbox/UA/CR/Labs/Lab5/CountDownTimerCustomHwPartIVWorkspace/CountDownTimerCustomHwPartIV/microblaze_0/standalone_domain/bsp/system.mss
TRACE::2020-05-01.12:44:07::SCWMssOS::DEBUG:  swdes dump  C:/Users/Pedro/Dropbox/UA/CR/Labs/Lab5/CountDownTimerCustomHwPartIVWorkspace/CountDownTimerCustomHwPartIV/microblaze_0/standalone_domain/bsp/system.mss|system||

TRACE::2020-05-01.12:44:07::SCWMssOS::Sw design exists and opened at  C:/Users/Pedro/Dropbox/UA/CR/Labs/Lab5/CountDownTimerCustomHwPartIVWorkspace/CountDownTimerCustomHwPartIV/microblaze_0/standalone_domain/bsp/system.mss
TRACE::2020-05-01.12:44:07::SCWPlatform::Trying to open the hw design at C:/Users/Pedro/Dropbox/UA/CR/Labs/Lab5/CountDownTimerCustomHwPartIVWorkspace/CountDownTimerCustomHwPartIV/hw/CountDownTimerCustomHwPartIV.xsa
TRACE::2020-05-01.12:44:07::SCWPlatform::DSA given C:/Users/Pedro/Dropbox/UA/CR/Labs/Lab5/CountDownTimerCustomHwPartIVWorkspace/CountDownTimerCustomHwPartIV/hw/CountDownTimerCustomHwPartIV.xsa
TRACE::2020-05-01.12:44:07::SCWPlatform::DSA absoulate path C:/Users/Pedro/Dropbox/UA/CR/Labs/Lab5/CountDownTimerCustomHwPartIVWorkspace/CountDownTimerCustomHwPartIV/hw/CountDownTimerCustomHwPartIV.xsa
TRACE::2020-05-01.12:44:07::SCWPlatform::DSA directory C:/Users/Pedro/Dropbox/UA/CR/Labs/Lab5/CountDownTimerCustomHwPartIVWorkspace/CountDownTimerCustomHwPartIV/hw
TRACE::2020-05-01.12:44:07::SCWPlatform:: Platform Path C:/Users/Pedro/Dropbox/UA/CR/Labs/Lab5/CountDownTimerCustomHwPartIVWorkspace/CountDownTimerCustomHwPartIV/hw/CountDownTimerCustomHwPartIV.xsa
TRACE::2020-05-01.12:44:07::SCWPlatform:: Unique name xilinx:nexys4::0.0
TRACE::2020-05-01.12:44:07::SCWPlatform::Trying to set the existing hwdb with name mb_design_wrapper_0
TRACE::2020-05-01.12:44:07::SCWPlatform::Opened existing hwdb mb_design_wrapper_0
TRACE::2020-05-01.12:44:07::SCWPlatform::Found the Hw Db part of the input DSA
TRACE::2020-05-01.12:44:07::SCWMssOS::Checking the sw design at  C:/Users/Pedro/Dropbox/UA/CR/Labs/Lab5/CountDownTimerCustomHwPartIVWorkspace/CountDownTimerCustomHwPartIV/microblaze_0/standalone_domain/bsp/system.mss
TRACE::2020-05-01.12:44:07::SCWMssOS::DEBUG:  swdes dump  C:/Users/Pedro/Dropbox/UA/CR/Labs/Lab5/CountDownTimerCustomHwPartIVWorkspace/CountDownTimerCustomHwPartIV/microblaze_0/standalone_domain/bsp/system.mss|system||

TRACE::2020-05-01.12:44:07::SCWMssOS::Sw design exists and opened at  C:/Users/Pedro/Dropbox/UA/CR/Labs/Lab5/CountDownTimerCustomHwPartIVWorkspace/CountDownTimerCustomHwPartIV/microblaze_0/standalone_domain/bsp/system.mss
TRACE::2020-05-01.12:44:07::SCWWriter::formatted JSON is {
	"platformName":	"CountDownTimerCustomHwPartIV",
	"sprVersion":	"2.0",
	"mode":	"gui",
	"dsaType":	"Fixed",
	"platformDesc":	"CountDownTimerCustomHwPartIV",
	"platHandOff":	"C:/Users/Pedro/Dropbox/UA/CR/Labs/Lab5/CountDownTimerCustomHwPartIV/CountDownTimerCustomHwPartIV.xsa",
	"platIntHandOff":	"<platformDir>/hw/CountDownTimerCustomHwPartIV.xsa",
	"deviceType":	"FPGA",
	"platIsPrebuiltAutogen":	"false",
	"platIsNoBootBsp":	"false",
	"hasFsblMakeHasChanges":	"false",
	"hasPmufwMakeHasChanges":	"false",
	"platPreBuiltFlag":	false,
	"platformSamplesDir":	"",
	"platActiveSys":	"CountDownTimerCustomHwPartIV",
	"systems":	[{
			"systemName":	"CountDownTimerCustomHwPartIV",
			"systemDesc":	"CountDownTimerCustomHwPartIV",
			"sysIsBootAutoGen":	"true",
			"systemDispName":	"CountDownTimerCustomHwPartIV",
			"sysActiveDom":	"standalone_domain",
			"sysDefaultDom":	"standalone_domain",
			"domains":	[{
					"domainName":	"standalone_domain",
					"domainDispName":	"standalone on microblaze_0",
					"domainDesc":	"standalone_domain",
					"processors":	"microblaze_0",
					"os":	"standalone",
					"sdxOs":	"standalone",
					"debugEnable":	"False",
					"domRuntimes":	["cpp"],
					"swRepo":	"",
					"mssOsVer":	"7.1",
					"mssFile":	"",
					"md5Digest":	"23f48ae7bc9e604d36dc21de83442a96",
					"compatibleApp":	"hello_world",
					"domType":	"mssDomain",
					"arch":	"32-bit",
					"appSettings":	{
						"appCompilerFlags":	"",
						"appLinkerFlags":	""
					},
					"addedLibs":	[],
					"libOptions":	{
						"libsContainingOptions":	[]
					},
					"prebuiltLibs":	{
						"prebuiltIncPath":	[],
						"prebuiltLibPath":	[]
					},
					"isolation":	{
					}
				}]
		}]
}
KEYINFO::2020-05-01.12:44:07::SCWPlatform::updated the xpfm file.
TRACE::2020-05-01.12:44:07::SCWPlatform::Trying to open the hw design at C:/Users/Pedro/Dropbox/UA/CR/Labs/Lab5/CountDownTimerCustomHwPartIVWorkspace/CountDownTimerCustomHwPartIV/hw/CountDownTimerCustomHwPartIV.xsa
TRACE::2020-05-01.12:44:07::SCWPlatform::DSA given C:/Users/Pedro/Dropbox/UA/CR/Labs/Lab5/CountDownTimerCustomHwPartIVWorkspace/CountDownTimerCustomHwPartIV/hw/CountDownTimerCustomHwPartIV.xsa
TRACE::2020-05-01.12:44:07::SCWPlatform::DSA absoulate path C:/Users/Pedro/Dropbox/UA/CR/Labs/Lab5/CountDownTimerCustomHwPartIVWorkspace/CountDownTimerCustomHwPartIV/hw/CountDownTimerCustomHwPartIV.xsa
TRACE::2020-05-01.12:44:07::SCWPlatform::DSA directory C:/Users/Pedro/Dropbox/UA/CR/Labs/Lab5/CountDownTimerCustomHwPartIVWorkspace/CountDownTimerCustomHwPartIV/hw
TRACE::2020-05-01.12:44:07::SCWPlatform:: Platform Path C:/Users/Pedro/Dropbox/UA/CR/Labs/Lab5/CountDownTimerCustomHwPartIVWorkspace/CountDownTimerCustomHwPartIV/hw/CountDownTimerCustomHwPartIV.xsa
TRACE::2020-05-01.12:44:07::SCWPlatform:: Unique name xilinx:nexys4::0.0
TRACE::2020-05-01.12:44:07::SCWPlatform::Trying to set the existing hwdb with name mb_design_wrapper_0
TRACE::2020-05-01.12:44:07::SCWPlatform::Opened existing hwdb mb_design_wrapper_0
TRACE::2020-05-01.12:44:07::SCWPlatform::Found the Hw Db part of the input DSA
TRACE::2020-05-01.12:44:07::SCWMssOS::Checking the sw design at  C:/Users/Pedro/Dropbox/UA/CR/Labs/Lab5/CountDownTimerCustomHwPartIVWorkspace/CountDownTimerCustomHwPartIV/microblaze_0/standalone_domain/bsp/system.mss
TRACE::2020-05-01.12:44:07::SCWMssOS::DEBUG:  swdes dump  C:/Users/Pedro/Dropbox/UA/CR/Labs/Lab5/CountDownTimerCustomHwPartIVWorkspace/CountDownTimerCustomHwPartIV/microblaze_0/standalone_domain/bsp/system.mss|system||

TRACE::2020-05-01.12:44:07::SCWMssOS::Sw design exists and opened at  C:/Users/Pedro/Dropbox/UA/CR/Labs/Lab5/CountDownTimerCustomHwPartIVWorkspace/CountDownTimerCustomHwPartIV/microblaze_0/standalone_domain/bsp/system.mss
