15:41:10 **** Build of configuration Debug for project TimerSoftwareApp ****
make all 
'Building file: ../src/helloworld.c'
'Invoking: MicroBlaze gcc compiler'
mb-gcc -Wall -O0 -g3 -c -fmessage-length=0 -MT"src/helloworld.o" -IC:/Users/Pedro/Documents/UA/CR/Labs/Lab4/CountDownTimerSoftware/workspace/mb_design_wrapper/export/mb_design_wrapper/sw/mb_design_wrapper/standalone_domain/bspinclude/include -mlittle-endian -mcpu=v11.0 -mxl-soft-mul -Wl,--no-relax -ffunction-sections -fdata-sections -MMD -MP -MF"src/helloworld.d" -MT"src/helloworld.o" -o "src/helloworld.o" "../src/helloworld.c"
'Finished building: ../src/helloworld.c'
' '
'Building file: ../src/platform.c'
'Invoking: MicroBlaze gcc compiler'
mb-gcc -Wall -O0 -g3 -c -fmessage-length=0 -MT"src/platform.o" -IC:/Users/Pedro/Documents/UA/CR/Labs/Lab4/CountDownTimerSoftware/workspace/mb_design_wrapper/export/mb_design_wrapper/sw/mb_design_wrapper/standalone_domain/bspinclude/include -mlittle-endian -mcpu=v11.0 -mxl-soft-mul -Wl,--no-relax -ffunction-sections -fdata-sections -MMD -MP -MF"src/platform.d" -MT"src/platform.o" -o "src/platform.o" "../src/platform.c"
'Finished building: ../src/platform.c'
' '
'Building target: TimerSoftwareApp.elf'
'Invoking: MicroBlaze gcc linker'
mb-gcc -Wl,-T -Wl,../src/lscript.ld -LC:/Users/Pedro/Documents/UA/CR/Labs/Lab4/CountDownTimerSoftware/workspace/mb_design_wrapper/export/mb_design_wrapper/sw/mb_design_wrapper/standalone_domain/bsplib/lib -mlittle-endian -mcpu=v11.0 -mxl-soft-mul -Wl,--no-relax -Wl,--gc-sections -o "TimerSoftwareApp.elf"  ./src/helloworld.o ./src/platform.o   -Wl,--start-group,-lxil,-lgcc,-lc,--end-group
'Finished building target: TimerSoftwareApp.elf'
' '
'Invoking: MicroBlaze Print Size'
mb-size TimerSoftwareApp.elf  |tee "TimerSoftwareApp.elf.size"
   text	   data	    bss	    dec	    hex	filename
   3116	    320	   3108	   6544	   1990	TimerSoftwareApp.elf
'Finished building: TimerSoftwareApp.elf.size'
' '

15:41:14 Build Finished (took 3s.826ms)

