#-----------------------------------------------------------
# Vivado v2019.2 (64-bit)
# SW Build 2708876 on Wed Nov  6 21:40:23 MST 2019
# IP Build 2700528 on Thu Nov  7 00:09:20 MST 2019
# Start of session at: Tue Jun  2 14:17:44 2020
# Process ID: 18492
# Current directory: C:/Users/Pedro/Downloads/MultiClkDomainDemo
# Command line: vivado.exe -gui_launcher_event rodinguilauncherevent7056 C:\Users\Pedro\Downloads\MultiClkDomainDemo\MultiClkDomainDemo.xpr
# Log file: C:/Users/Pedro/Downloads/MultiClkDomainDemo/vivado.log
# Journal file: C:/Users/Pedro/Downloads/MultiClkDomainDemo\vivado.jou
#-----------------------------------------------------------
start_gui
open_project C:/Users/Pedro/Downloads/MultiClkDomainDemo/MultiClkDomainDemo.xpr
INFO: [Project 1-313] Project file moved from 'C:/Users/asroliveira/CloudStation/CR/2018/MultiClkDomainDemo' since last save.
Scanning sources...
Finished scanning sources
INFO: [IP_Flow 19-234] Refreshing IP repositories
INFO: [IP_Flow 19-1704] No user IP repositories specified
INFO: [IP_Flow 19-2313] Loaded Vivado IP repository 'C:/Xilinx/Vivado/2019.2/data/ip'.
WARNING: [IP_Flow 19-2162] IP 'FIFO16x7' is locked:
* IP definition 'FIFO Generator (13.2)' for IP 'FIFO16x7' (customized with software release 2017.4) has a different revision in the IP Catalog.
WARNING: [IP_Flow 19-2162] IP 'ClkGenerator' is locked:
* IP definition 'Clocking Wizard (5.4)' for IP 'ClkGenerator' (customized with software release 2017.4) has a newer major version in the IP Catalog. * The IP Data in the repository is incompatible with the current instance (despite having identical Version and Revision). You will need to upgrade the IP before viewing the customization and generating outputs.
INFO: [Project 1-230] Project 'MultiClkDomainDemo.xpr' upgraded for this version of Vivado.
open_project: Time (s): cpu = 00:00:14 ; elapsed = 00:00:08 . Memory (MB): peak = 737.902 ; gain = 95.527
update_compile_order -fileset sources_1
report_ip_status -name ip_status 
upgrade_ip -srcset ClkGenerator [get_ips  {ClkGenerator FIFO16x7}] -log ip_upgrade.log
Upgrading 'ClkGenerator'
INFO: [Project 1-386] Moving file 'C:/Users/Pedro/Downloads/MultiClkDomainDemo/MultiClkDomainDemo.srcs/sources_1/ip/ClkGenerator/ClkGenerator.xci' from fileset 'ClkGenerator' to fileset 'sources_1'.
INFO: [IP_Flow 19-1972] Upgraded ClkGenerator from Clocking Wizard 5.4 to Clocking Wizard 6.0
INFO: [IP_Flow 19-1686] Generating 'Instantiation Template' target for IP 'ClkGenerator'...
Upgrading 'FIFO16x7'
INFO: [IP_Flow 19-3422] Upgraded FIFO16x7 (FIFO Generator 13.2) from revision 1 to revision 5
INFO: [IP_Flow 19-1686] Generating 'Instantiation Template' target for IP 'FIFO16x7'...
INFO: [Coretcl 2-1525] Wrote upgrade log to 'C:/Users/Pedro/Downloads/MultiClkDomainDemo/ip_upgrade.log'.
upgrade_ip: Time (s): cpu = 00:00:10 ; elapsed = 00:00:07 . Memory (MB): peak = 1900.438 ; gain = 93.953
export_ip_user_files -of_objects [get_ips {ClkGenerator FIFO16x7}] -no_script -sync -force -quiet
update_compile_order -fileset sources_1
report_ip_status -name ip_status 
reset_run synth_1
launch_runs impl_1 -to_step write_bitstream -jobs 4
INFO: [IP_Flow 19-1686] Generating 'Synthesis' target for IP 'FIFO16x7'...
INFO: [IP_Flow 19-1686] Generating 'Synthesis' target for IP 'ClkGenerator'...
INFO: [IP_Flow 19-1686] Generating 'Implementation' target for IP 'ClkGenerator'...
[Tue Jun  2 14:30:57 2020] Launched FIFO16x7_synth_1, ClkGenerator_synth_1, synth_1...
Run output will be captured here:
FIFO16x7_synth_1: C:/Users/Pedro/Downloads/MultiClkDomainDemo/MultiClkDomainDemo.runs/FIFO16x7_synth_1/runme.log
ClkGenerator_synth_1: C:/Users/Pedro/Downloads/MultiClkDomainDemo/MultiClkDomainDemo.runs/ClkGenerator_synth_1/runme.log
synth_1: C:/Users/Pedro/Downloads/MultiClkDomainDemo/MultiClkDomainDemo.runs/synth_1/runme.log
[Tue Jun  2 14:30:57 2020] Launched impl_1...
Run output will be captured here: C:/Users/Pedro/Downloads/MultiClkDomainDemo/MultiClkDomainDemo.runs/impl_1/runme.log
exit
INFO: [Common 17-206] Exiting Vivado at Tue Jun  2 14:42:02 2020...
