15:34:48 INFO  : Launching XSCT server: xsct.bat -n  -interactive C:\Users\Pedro\Documents\UA\CR\Labs\Lab4\CountDownTimerSoftware\workspace\temp_xsdb_launch_script.tcl
15:34:51 INFO  : XSCT server has started successfully.
15:34:51 INFO  : Successfully done setting XSCT server connection channel  
15:34:51 INFO  : plnx-install-location is set to ''
15:34:51 INFO  : Successfully done setting workspace for the tool. 
15:34:51 INFO  : Successfully done query RDI_DATADIR 
15:34:52 INFO  : Registering command handlers for Vitis TCF services
15:41:10 INFO  : Checking for BSP changes to sync application flags for project 'TimerSoftwareApp'...
15:46:43 INFO  : Bit file 'C:/Users/Pedro/Documents/UA/CR/Labs/Lab4/CountDownTimerSoftware/workspace/TimerSoftwareApp/_ide/bitstream/download.bit' is generated.
15:46:46 INFO  : Connected to target on host '127.0.0.1' and port '3121'.
15:46:46 INFO  : 'targets -set -filter {jtag_cable_name =~ "Digilent Nexys4 210274664038A" && level==0} -index 0' command is executed.
15:46:48 INFO  : FPGA configured successfully with bitstream "C:/Users/Pedro/Documents/UA/CR/Labs/Lab4/CountDownTimerSoftware/workspace/TimerSoftwareApp/_ide/bitstream/download.bit"
15:47:15 INFO  : Bit file 'C:/Users/Pedro/Documents/UA/CR/Labs/Lab4/CountDownTimerSoftware/workspace/TimerSoftwareApp/_ide/bitstream/download.bit' is generated.
15:47:15 INFO  : Connected to target on host '127.0.0.1' and port '3121'.
15:47:15 INFO  : 'targets -set -filter {jtag_cable_name =~ "Digilent Nexys4 210274664038A" && level==0} -index 0' command is executed.
15:47:17 INFO  : FPGA configured successfully with bitstream "C:/Users/Pedro/Documents/UA/CR/Labs/Lab4/CountDownTimerSoftware/workspace/TimerSoftwareApp/_ide/bitstream/download.bit"
15:47:24 INFO  : Connected to target on host '127.0.0.1' and port '3121'.
15:47:24 INFO  : Jtag cable 'Digilent Nexys4 210274664038A' is selected.
15:47:24 INFO  : 'jtag frequency' command is executed.
15:47:24 INFO  : 'targets -set -filter {jtag_cable_name =~ "Digilent Nexys4 210274664038A" && level==0} -index 0' command is executed.
15:47:27 INFO  : FPGA configured successfully with bitstream "C:/Users/Pedro/Documents/UA/CR/Labs/Lab4/CountDownTimerSoftware/workspace/TimerSoftwareApp/_ide/bitstream/download.bit"
15:47:27 INFO  : 'configparams mdm-detect-bscan-mask 2' command is executed.
15:47:27 INFO  : Context for processor 'microblaze_0' is selected.
15:47:27 INFO  : System reset is completed.
15:47:30 INFO  : 'after 3000' command is executed.
15:47:30 INFO  : Context for processor 'microblaze_0' is selected.
15:47:30 INFO  : The application 'C:/Users/Pedro/Documents/UA/CR/Labs/Lab4/CountDownTimerSoftware/workspace/TimerSoftwareApp/Debug/TimerSoftwareApp.elf' is downloaded to processor 'microblaze_0'.
15:47:30 INFO  : ----------------XSDB Script----------------
connect -url tcp:127.0.0.1:3121
targets -set -filter {jtag_cable_name =~ "Digilent Nexys4 210274664038A" && level==0} -index 0
fpga -file C:/Users/Pedro/Documents/UA/CR/Labs/Lab4/CountDownTimerSoftware/workspace/TimerSoftwareApp/_ide/bitstream/download.bit
configparams mdm-detect-bscan-mask 2
targets -set -nocase -filter {name =~ "*microblaze*#0" && bscan=="USER2" }
rst -system
after 3000
targets -set -nocase -filter {name =~ "*microblaze*#0" && bscan=="USER2" }
dow C:/Users/Pedro/Documents/UA/CR/Labs/Lab4/CountDownTimerSoftware/workspace/TimerSoftwareApp/Debug/TimerSoftwareApp.elf
----------------End of Script----------------

15:47:30 INFO  : Memory regions updated for context MicroBlaze #0
15:47:30 INFO  : Memory regions updated for context MicroBlaze #0
15:47:30 INFO  : Context for processor 'microblaze_0' is selected.
15:47:30 INFO  : 'con' command is executed.
15:47:30 INFO  : ----------------XSDB Script (After Launch)----------------
targets -set -nocase -filter {name =~ "*microblaze*#0" && bscan=="USER2" }
con
----------------End of Script----------------

15:47:30 INFO  : Launch script is exported to file 'C:\Users\Pedro\Documents\UA\CR\Labs\Lab4\CountDownTimerSoftware\workspace\.sdk\launch_scripts\single_application_debug\debugger_timersoftwareapp-default.tcl'
15:52:20 INFO  : Bit file 'C:/Users/Pedro/Documents/UA/CR/Labs/Lab4/CountDownTimerSoftware/workspace/TimerSoftwareApp/_ide/bitstream/download.bit' is generated.
15:52:20 INFO  : Connected to target on host '127.0.0.1' and port '3121'.
15:52:20 INFO  : 'targets -set -filter {jtag_cable_name =~ "Digilent Nexys4 210274664038A" && level==0} -index 0' command is executed.
15:52:22 INFO  : FPGA configured successfully with bitstream "C:/Users/Pedro/Documents/UA/CR/Labs/Lab4/CountDownTimerSoftware/workspace/TimerSoftwareApp/_ide/bitstream/download.bit"
15:52:27 INFO  : Disconnected from the channel tcfchan#2.
15:52:28 INFO  : Connected to target on host '127.0.0.1' and port '3121'.
15:52:29 INFO  : Jtag cable 'Digilent Nexys4 210274664038A' is selected.
15:52:29 INFO  : 'jtag frequency' command is executed.
15:52:29 INFO  : 'targets -set -filter {jtag_cable_name =~ "Digilent Nexys4 210274664038A" && level==0} -index 0' command is executed.
15:52:31 INFO  : FPGA configured successfully with bitstream "C:/Users/Pedro/Documents/UA/CR/Labs/Lab4/CountDownTimerSoftware/workspace/TimerSoftwareApp/_ide/bitstream/download.bit"
15:52:31 INFO  : 'configparams mdm-detect-bscan-mask 2' command is executed.
15:52:31 INFO  : Context for processor 'microblaze_0' is selected.
15:52:31 INFO  : System reset is completed.
15:52:34 INFO  : 'after 3000' command is executed.
15:52:34 INFO  : Context for processor 'microblaze_0' is selected.
15:52:34 INFO  : The application 'C:/Users/Pedro/Documents/UA/CR/Labs/Lab4/CountDownTimerSoftware/workspace/TimerSoftwareApp/Debug/TimerSoftwareApp.elf' is downloaded to processor 'microblaze_0'.
15:52:34 INFO  : ----------------XSDB Script----------------
connect -url tcp:127.0.0.1:3121
targets -set -filter {jtag_cable_name =~ "Digilent Nexys4 210274664038A" && level==0} -index 0
fpga -file C:/Users/Pedro/Documents/UA/CR/Labs/Lab4/CountDownTimerSoftware/workspace/TimerSoftwareApp/_ide/bitstream/download.bit
configparams mdm-detect-bscan-mask 2
targets -set -nocase -filter {name =~ "*microblaze*#0" && bscan=="USER2" }
rst -system
after 3000
targets -set -nocase -filter {name =~ "*microblaze*#0" && bscan=="USER2" }
dow C:/Users/Pedro/Documents/UA/CR/Labs/Lab4/CountDownTimerSoftware/workspace/TimerSoftwareApp/Debug/TimerSoftwareApp.elf
----------------End of Script----------------

15:52:34 INFO  : Memory regions updated for context MicroBlaze #0
15:52:34 INFO  : Memory regions updated for context MicroBlaze #0
15:52:34 INFO  : Context for processor 'microblaze_0' is selected.
15:52:34 INFO  : 'con' command is executed.
15:52:34 INFO  : ----------------XSDB Script (After Launch)----------------
targets -set -nocase -filter {name =~ "*microblaze*#0" && bscan=="USER2" }
con
----------------End of Script----------------

15:52:34 INFO  : Launch script is exported to file 'C:\Users\Pedro\Documents\UA\CR\Labs\Lab4\CountDownTimerSoftware\workspace\.sdk\launch_scripts\single_application_debug\debugger_timersoftwareapp-default.tcl'
16:00:22 INFO  : Disconnected from the channel tcfchan#3.
