TRACE::2020-03-24.15:39:10::SCWPlatform::Trying to open the hw design at C:/Users/Pedro/Documents/UA/CR/Labs/Lab4/CountDownTimerSoftware/workspace/mb_design_wrapper/hw/mb_design_wrapper.xsa
TRACE::2020-03-24.15:39:10::SCWPlatform::DSA given C:/Users/Pedro/Documents/UA/CR/Labs/Lab4/CountDownTimerSoftware/workspace/mb_design_wrapper/hw/mb_design_wrapper.xsa
TRACE::2020-03-24.15:39:10::SCWPlatform::DSA absoulate path C:/Users/Pedro/Documents/UA/CR/Labs/Lab4/CountDownTimerSoftware/workspace/mb_design_wrapper/hw/mb_design_wrapper.xsa
TRACE::2020-03-24.15:39:13::SCWPlatform::DSA directory C:/Users/Pedro/Documents/UA/CR/Labs/Lab4/CountDownTimerSoftware/workspace/mb_design_wrapper/hw
TRACE::2020-03-24.15:39:13::SCWPlatform:: Platform Path C:/Users/Pedro/Documents/UA/CR/Labs/Lab4/CountDownTimerSoftware/workspace/mb_design_wrapper/hw/mb_design_wrapper.xsa
TRACE::2020-03-24.15:39:13::SCWPlatform:: Unique name xilinx:nexys4::0.0
TRACE::2020-03-24.15:39:13::SCWPlatform::Do not have an existing db opened. 
TRACE::2020-03-24.15:39:13::SCWPlatform::Opened new HwDB with name mb_design_wrapper_0
TRACE::2020-03-24.15:39:13::SCWWriter::formatted JSON is {
	"platformName":	"mb_design_wrapper",
	"sprVersion":	"2.0",
	"mode":	"gui",
	"dsaType":	"Fixed",
	"platformDesc":	"mb_design_wrapper",
	"platHandOff":	"C:/Users/Pedro/Dropbox/UA/CR/Labs/Lab4/CountDownTimerSoftware/mb_design_wrapper.xsa",
	"platIntHandOff":	"<platformDir>/hw/mb_design_wrapper.xsa",
	"deviceType":	"FPGA",
	"platIsPrebuiltAutogen":	"false",
	"platIsNoBootBsp":	"false",
	"hasFsblMakeHasChanges":	"false",
	"hasPmufwMakeHasChanges":	"false",
	"platPreBuiltFlag":	false,
	"platformSamplesDir":	""
}
TRACE::2020-03-24.15:39:13::SCWWriter::formatted JSON is {
	"platformName":	"mb_design_wrapper",
	"sprVersion":	"2.0",
	"mode":	"gui",
	"dsaType":	"Fixed",
	"platformDesc":	"mb_design_wrapper",
	"platHandOff":	"C:/Users/Pedro/Dropbox/UA/CR/Labs/Lab4/CountDownTimerSoftware/mb_design_wrapper.xsa",
	"platIntHandOff":	"<platformDir>/hw/mb_design_wrapper.xsa",
	"deviceType":	"FPGA",
	"platIsPrebuiltAutogen":	"false",
	"platIsNoBootBsp":	"false",
	"hasFsblMakeHasChanges":	"false",
	"hasPmufwMakeHasChanges":	"false",
	"platPreBuiltFlag":	false,
	"platformSamplesDir":	"",
	"platActiveSys":	"mb_design_wrapper",
	"systems":	[{
			"systemName":	"mb_design_wrapper",
			"systemDesc":	"mb_design_wrapper",
			"sysIsBootAutoGen":	"true",
			"systemDispName":	"mb_design_wrapper"
		}]
}
TRACE::2020-03-24.15:39:13::SCWPlatform::Boot application domains not present, creating them
TRACE::2020-03-24.15:39:13::SCWPlatform::Pure FPGA device, no boot application will be created.
TRACE::2020-03-24.15:39:13::SCWWriter::formatted JSON is {
	"platformName":	"mb_design_wrapper",
	"sprVersion":	"2.0",
	"mode":	"gui",
	"dsaType":	"Fixed",
	"platformDesc":	"mb_design_wrapper",
	"platHandOff":	"C:/Users/Pedro/Dropbox/UA/CR/Labs/Lab4/CountDownTimerSoftware/mb_design_wrapper.xsa",
	"platIntHandOff":	"<platformDir>/hw/mb_design_wrapper.xsa",
	"deviceType":	"FPGA",
	"platIsPrebuiltAutogen":	"false",
	"platIsNoBootBsp":	"false",
	"hasFsblMakeHasChanges":	"false",
	"hasPmufwMakeHasChanges":	"false",
	"platPreBuiltFlag":	false,
	"platformSamplesDir":	"",
	"platActiveSys":	"mb_design_wrapper",
	"systems":	[{
			"systemName":	"mb_design_wrapper",
			"systemDesc":	"mb_design_wrapper",
			"sysIsBootAutoGen":	"true",
			"systemDispName":	"mb_design_wrapper"
		}]
}
TRACE::2020-03-24.15:39:13::SCWWriter::formatted JSON is {
	"platformName":	"mb_design_wrapper",
	"sprVersion":	"2.0",
	"mode":	"gui",
	"dsaType":	"Fixed",
	"platformDesc":	"mb_design_wrapper",
	"platHandOff":	"C:/Users/Pedro/Dropbox/UA/CR/Labs/Lab4/CountDownTimerSoftware/mb_design_wrapper.xsa",
	"platIntHandOff":	"<platformDir>/hw/mb_design_wrapper.xsa",
	"deviceType":	"FPGA",
	"platIsPrebuiltAutogen":	"false",
	"platIsNoBootBsp":	"false",
	"hasFsblMakeHasChanges":	"false",
	"hasPmufwMakeHasChanges":	"false",
	"platPreBuiltFlag":	false,
	"platformSamplesDir":	"",
	"platActiveSys":	"mb_design_wrapper",
	"systems":	[{
			"systemName":	"mb_design_wrapper",
			"systemDesc":	"mb_design_wrapper",
			"sysIsBootAutoGen":	"true",
			"systemDispName":	"mb_design_wrapper"
		}]
}
TRACE::2020-03-24.15:39:14::SCWPlatform::Trying to open the hw design at C:/Users/Pedro/Documents/UA/CR/Labs/Lab4/CountDownTimerSoftware/workspace/mb_design_wrapper/hw/mb_design_wrapper.xsa
TRACE::2020-03-24.15:39:14::SCWPlatform::DSA given C:/Users/Pedro/Documents/UA/CR/Labs/Lab4/CountDownTimerSoftware/workspace/mb_design_wrapper/hw/mb_design_wrapper.xsa
TRACE::2020-03-24.15:39:14::SCWPlatform::DSA absoulate path C:/Users/Pedro/Documents/UA/CR/Labs/Lab4/CountDownTimerSoftware/workspace/mb_design_wrapper/hw/mb_design_wrapper.xsa
TRACE::2020-03-24.15:39:14::SCWPlatform::DSA directory C:/Users/Pedro/Documents/UA/CR/Labs/Lab4/CountDownTimerSoftware/workspace/mb_design_wrapper/hw
TRACE::2020-03-24.15:39:14::SCWPlatform:: Platform Path C:/Users/Pedro/Documents/UA/CR/Labs/Lab4/CountDownTimerSoftware/workspace/mb_design_wrapper/hw/mb_design_wrapper.xsa
TRACE::2020-03-24.15:39:14::SCWPlatform:: Unique name xilinx:nexys4::0.0
TRACE::2020-03-24.15:39:14::SCWPlatform::Trying to set the existing hwdb with name mb_design_wrapper_0
TRACE::2020-03-24.15:39:14::SCWPlatform::Opened existing hwdb mb_design_wrapper_0
TRACE::2020-03-24.15:39:14::SCWPlatform::Found the Hw Db part of the input DSA
TRACE::2020-03-24.15:39:14::SCWDomain::checking for install qemu data   : 
TRACE::2020-03-24.15:39:14::SCWPlatform::Trying to open the hw design at C:/Users/Pedro/Documents/UA/CR/Labs/Lab4/CountDownTimerSoftware/workspace/mb_design_wrapper/hw/mb_design_wrapper.xsa
TRACE::2020-03-24.15:39:14::SCWPlatform::DSA given C:/Users/Pedro/Documents/UA/CR/Labs/Lab4/CountDownTimerSoftware/workspace/mb_design_wrapper/hw/mb_design_wrapper.xsa
TRACE::2020-03-24.15:39:14::SCWPlatform::DSA absoulate path C:/Users/Pedro/Documents/UA/CR/Labs/Lab4/CountDownTimerSoftware/workspace/mb_design_wrapper/hw/mb_design_wrapper.xsa
TRACE::2020-03-24.15:39:14::SCWPlatform::DSA directory C:/Users/Pedro/Documents/UA/CR/Labs/Lab4/CountDownTimerSoftware/workspace/mb_design_wrapper/hw
TRACE::2020-03-24.15:39:14::SCWPlatform:: Platform Path C:/Users/Pedro/Documents/UA/CR/Labs/Lab4/CountDownTimerSoftware/workspace/mb_design_wrapper/hw/mb_design_wrapper.xsa
TRACE::2020-03-24.15:39:14::SCWPlatform:: Unique name xilinx:nexys4::0.0
TRACE::2020-03-24.15:39:14::SCWPlatform::Trying to set the existing hwdb with name mb_design_wrapper_0
TRACE::2020-03-24.15:39:14::SCWPlatform::Opened existing hwdb mb_design_wrapper_0
TRACE::2020-03-24.15:39:14::SCWPlatform::Found the Hw Db part of the input DSA
TRACE::2020-03-24.15:39:14::SCWPlatform::Trying to open the hw design at C:/Users/Pedro/Documents/UA/CR/Labs/Lab4/CountDownTimerSoftware/workspace/mb_design_wrapper/hw/mb_design_wrapper.xsa
TRACE::2020-03-24.15:39:14::SCWPlatform::DSA given C:/Users/Pedro/Documents/UA/CR/Labs/Lab4/CountDownTimerSoftware/workspace/mb_design_wrapper/hw/mb_design_wrapper.xsa
TRACE::2020-03-24.15:39:14::SCWPlatform::DSA absoulate path C:/Users/Pedro/Documents/UA/CR/Labs/Lab4/CountDownTimerSoftware/workspace/mb_design_wrapper/hw/mb_design_wrapper.xsa
TRACE::2020-03-24.15:39:14::SCWPlatform::DSA directory C:/Users/Pedro/Documents/UA/CR/Labs/Lab4/CountDownTimerSoftware/workspace/mb_design_wrapper/hw
TRACE::2020-03-24.15:39:14::SCWPlatform:: Platform Path C:/Users/Pedro/Documents/UA/CR/Labs/Lab4/CountDownTimerSoftware/workspace/mb_design_wrapper/hw/mb_design_wrapper.xsa
TRACE::2020-03-24.15:39:14::SCWPlatform:: Unique name xilinx:nexys4::0.0
TRACE::2020-03-24.15:39:14::SCWPlatform::Trying to set the existing hwdb with name mb_design_wrapper_0
TRACE::2020-03-24.15:39:14::SCWPlatform::Opened existing hwdb mb_design_wrapper_0
TRACE::2020-03-24.15:39:14::SCWPlatform::Found the Hw Db part of the input DSA
TRACE::2020-03-24.15:39:14::SCWMssOS::Checking the sw design at  C:/Users/Pedro/Documents/UA/CR/Labs/Lab4/CountDownTimerSoftware/workspace/mb_design_wrapper/microblaze_0/standalone_domain/bsp/system.mss
TRACE::2020-03-24.15:39:14::SCWMssOS::DEBUG:  swdes dump  
TRACE::2020-03-24.15:39:14::SCWMssOS::No sw design opened at  C:/Users/Pedro/Documents/UA/CR/Labs/Lab4/CountDownTimerSoftware/workspace/mb_design_wrapper/microblaze_0/standalone_domain/bsp/system.mss
TRACE::2020-03-24.15:39:14::SCWMssOS::mss does not exists at C:/Users/Pedro/Documents/UA/CR/Labs/Lab4/CountDownTimerSoftware/workspace/mb_design_wrapper/microblaze_0/standalone_domain/bsp/system.mss
TRACE::2020-03-24.15:39:14::SCWMssOS::Creating sw design at  C:/Users/Pedro/Documents/UA/CR/Labs/Lab4/CountDownTimerSoftware/workspace/mb_design_wrapper/microblaze_0/standalone_domain/bsp/system.mss
TRACE::2020-03-24.15:39:14::SCWMssOS::Adding the swdes entry, created swdb C:/Users/Pedro/Documents/UA/CR/Labs/Lab4/CountDownTimerSoftware/workspace/mb_design_wrapper/microblaze_0/standalone_domain/bsp/system.mss with des name C:/Users/Pedro/Documents/UA/CR/Labs/Lab4/CountDownTimerSoftware/workspace/mb_design_wrapper/microblaze_0/standalone_domain/bsp/system.mss
TRACE::2020-03-24.15:39:14::SCWMssOS::updating the scw layer changes to swdes at   C:/Users/Pedro/Documents/UA/CR/Labs/Lab4/CountDownTimerSoftware/workspace/mb_design_wrapper/microblaze_0/standalone_domain/bsp/system.mss
TRACE::2020-03-24.15:39:14::SCWMssOS::Writing mss at C:/Users/Pedro/Documents/UA/CR/Labs/Lab4/CountDownTimerSoftware/workspace/mb_design_wrapper/microblaze_0/standalone_domain/bsp/system.mss
TRACE::2020-03-24.15:39:14::SCWMssOS::Completed writing the mss file at C:/Users/Pedro/Documents/UA/CR/Labs/Lab4/CountDownTimerSoftware/workspace/mb_design_wrapper/microblaze_0/standalone_domain/bsp
TRACE::2020-03-24.15:39:14::SCWMssOS::Picking up changes from newly written mss file into SCW Layer. 
TRACE::2020-03-24.15:39:14::SCWMssOS::Updated the changes from newly written mss file into SCW Layer. 
TRACE::2020-03-24.15:39:14::SCWPlatform::Trying to open the hw design at C:/Users/Pedro/Documents/UA/CR/Labs/Lab4/CountDownTimerSoftware/workspace/mb_design_wrapper/hw/mb_design_wrapper.xsa
TRACE::2020-03-24.15:39:14::SCWPlatform::DSA given C:/Users/Pedro/Documents/UA/CR/Labs/Lab4/CountDownTimerSoftware/workspace/mb_design_wrapper/hw/mb_design_wrapper.xsa
TRACE::2020-03-24.15:39:14::SCWPlatform::DSA absoulate path C:/Users/Pedro/Documents/UA/CR/Labs/Lab4/CountDownTimerSoftware/workspace/mb_design_wrapper/hw/mb_design_wrapper.xsa
TRACE::2020-03-24.15:39:14::SCWPlatform::DSA directory C:/Users/Pedro/Documents/UA/CR/Labs/Lab4/CountDownTimerSoftware/workspace/mb_design_wrapper/hw
TRACE::2020-03-24.15:39:14::SCWPlatform:: Platform Path C:/Users/Pedro/Documents/UA/CR/Labs/Lab4/CountDownTimerSoftware/workspace/mb_design_wrapper/hw/mb_design_wrapper.xsa
TRACE::2020-03-24.15:39:14::SCWPlatform:: Unique name xilinx:nexys4::0.0
TRACE::2020-03-24.15:39:14::SCWPlatform::Trying to set the existing hwdb with name mb_design_wrapper_0
TRACE::2020-03-24.15:39:14::SCWPlatform::Opened existing hwdb mb_design_wrapper_0
TRACE::2020-03-24.15:39:14::SCWPlatform::Found the Hw Db part of the input DSA
TRACE::2020-03-24.15:39:14::SCWMssOS::Checking the sw design at  C:/Users/Pedro/Documents/UA/CR/Labs/Lab4/CountDownTimerSoftware/workspace/mb_design_wrapper/microblaze_0/standalone_domain/bsp/system.mss
TRACE::2020-03-24.15:39:14::SCWMssOS::DEBUG:  swdes dump  C:/Users/Pedro/Documents/UA/CR/Labs/Lab4/CountDownTimerSoftware/workspace/mb_design_wrapper/microblaze_0/standalone_domain/bsp/system.mss|C:/Users/Pedro/Documents/UA/CR/Labs/Lab4/CountDownTimerSoftware/workspace/mb_design_wrapper/microblaze_0/standalone_domain/bsp/system.mss||

TRACE::2020-03-24.15:39:14::SCWMssOS::Sw design exists and opened at  C:/Users/Pedro/Documents/UA/CR/Labs/Lab4/CountDownTimerSoftware/workspace/mb_design_wrapper/microblaze_0/standalone_domain/bsp/system.mss
TRACE::2020-03-24.15:39:14::SCWPlatform::Trying to open the hw design at C:/Users/Pedro/Documents/UA/CR/Labs/Lab4/CountDownTimerSoftware/workspace/mb_design_wrapper/hw/mb_design_wrapper.xsa
TRACE::2020-03-24.15:39:14::SCWPlatform::DSA given C:/Users/Pedro/Documents/UA/CR/Labs/Lab4/CountDownTimerSoftware/workspace/mb_design_wrapper/hw/mb_design_wrapper.xsa
TRACE::2020-03-24.15:39:14::SCWPlatform::DSA absoulate path C:/Users/Pedro/Documents/UA/CR/Labs/Lab4/CountDownTimerSoftware/workspace/mb_design_wrapper/hw/mb_design_wrapper.xsa
TRACE::2020-03-24.15:39:14::SCWPlatform::DSA directory C:/Users/Pedro/Documents/UA/CR/Labs/Lab4/CountDownTimerSoftware/workspace/mb_design_wrapper/hw
TRACE::2020-03-24.15:39:14::SCWPlatform:: Platform Path C:/Users/Pedro/Documents/UA/CR/Labs/Lab4/CountDownTimerSoftware/workspace/mb_design_wrapper/hw/mb_design_wrapper.xsa
TRACE::2020-03-24.15:39:14::SCWPlatform:: Unique name xilinx:nexys4::0.0
TRACE::2020-03-24.15:39:14::SCWPlatform::Trying to set the existing hwdb with name mb_design_wrapper_0
TRACE::2020-03-24.15:39:14::SCWPlatform::Opened existing hwdb mb_design_wrapper_0
TRACE::2020-03-24.15:39:14::SCWPlatform::Found the Hw Db part of the input DSA
TRACE::2020-03-24.15:39:14::SCWMssOS::Checking the sw design at  C:/Users/Pedro/Documents/UA/CR/Labs/Lab4/CountDownTimerSoftware/workspace/mb_design_wrapper/microblaze_0/standalone_domain/bsp/system.mss
TRACE::2020-03-24.15:39:14::SCWMssOS::DEBUG:  swdes dump  C:/Users/Pedro/Documents/UA/CR/Labs/Lab4/CountDownTimerSoftware/workspace/mb_design_wrapper/microblaze_0/standalone_domain/bsp/system.mss|C:/Users/Pedro/Documents/UA/CR/Labs/Lab4/CountDownTimerSoftware/workspace/mb_design_wrapper/microblaze_0/standalone_domain/bsp/system.mss||

TRACE::2020-03-24.15:39:14::SCWMssOS::Sw design exists and opened at  C:/Users/Pedro/Documents/UA/CR/Labs/Lab4/CountDownTimerSoftware/workspace/mb_design_wrapper/microblaze_0/standalone_domain/bsp/system.mss
TRACE::2020-03-24.15:39:14::SCWPlatform::Trying to open the hw design at C:/Users/Pedro/Documents/UA/CR/Labs/Lab4/CountDownTimerSoftware/workspace/mb_design_wrapper/hw/mb_design_wrapper.xsa
TRACE::2020-03-24.15:39:14::SCWPlatform::DSA given C:/Users/Pedro/Documents/UA/CR/Labs/Lab4/CountDownTimerSoftware/workspace/mb_design_wrapper/hw/mb_design_wrapper.xsa
TRACE::2020-03-24.15:39:14::SCWPlatform::DSA absoulate path C:/Users/Pedro/Documents/UA/CR/Labs/Lab4/CountDownTimerSoftware/workspace/mb_design_wrapper/hw/mb_design_wrapper.xsa
TRACE::2020-03-24.15:39:14::SCWPlatform::DSA directory C:/Users/Pedro/Documents/UA/CR/Labs/Lab4/CountDownTimerSoftware/workspace/mb_design_wrapper/hw
TRACE::2020-03-24.15:39:14::SCWPlatform:: Platform Path C:/Users/Pedro/Documents/UA/CR/Labs/Lab4/CountDownTimerSoftware/workspace/mb_design_wrapper/hw/mb_design_wrapper.xsa
TRACE::2020-03-24.15:39:14::SCWPlatform:: Unique name xilinx:nexys4::0.0
TRACE::2020-03-24.15:39:14::SCWPlatform::Trying to set the existing hwdb with name mb_design_wrapper_0
TRACE::2020-03-24.15:39:14::SCWPlatform::Opened existing hwdb mb_design_wrapper_0
TRACE::2020-03-24.15:39:14::SCWPlatform::Found the Hw Db part of the input DSA
TRACE::2020-03-24.15:39:14::SCWMssOS::Checking the sw design at  C:/Users/Pedro/Documents/UA/CR/Labs/Lab4/CountDownTimerSoftware/workspace/mb_design_wrapper/microblaze_0/standalone_domain/bsp/system.mss
TRACE::2020-03-24.15:39:14::SCWMssOS::DEBUG:  swdes dump  C:/Users/Pedro/Documents/UA/CR/Labs/Lab4/CountDownTimerSoftware/workspace/mb_design_wrapper/microblaze_0/standalone_domain/bsp/system.mss|C:/Users/Pedro/Documents/UA/CR/Labs/Lab4/CountDownTimerSoftware/workspace/mb_design_wrapper/microblaze_0/standalone_domain/bsp/system.mss||

TRACE::2020-03-24.15:39:14::SCWMssOS::Sw design exists and opened at  C:/Users/Pedro/Documents/UA/CR/Labs/Lab4/CountDownTimerSoftware/workspace/mb_design_wrapper/microblaze_0/standalone_domain/bsp/system.mss
TRACE::2020-03-24.15:39:14::SCWWriter::formatted JSON is {
	"platformName":	"mb_design_wrapper",
	"sprVersion":	"2.0",
	"mode":	"gui",
	"dsaType":	"Fixed",
	"platformDesc":	"mb_design_wrapper",
	"platHandOff":	"C:/Users/Pedro/Dropbox/UA/CR/Labs/Lab4/CountDownTimerSoftware/mb_design_wrapper.xsa",
	"platIntHandOff":	"<platformDir>/hw/mb_design_wrapper.xsa",
	"deviceType":	"FPGA",
	"platIsPrebuiltAutogen":	"false",
	"platIsNoBootBsp":	"false",
	"hasFsblMakeHasChanges":	"false",
	"hasPmufwMakeHasChanges":	"false",
	"platPreBuiltFlag":	false,
	"platformSamplesDir":	"",
	"platActiveSys":	"mb_design_wrapper",
	"systems":	[{
			"systemName":	"mb_design_wrapper",
			"systemDesc":	"mb_design_wrapper",
			"sysIsBootAutoGen":	"true",
			"systemDispName":	"mb_design_wrapper",
			"sysActiveDom":	"standalone_domain",
			"sysDefaultDom":	"standalone_domain",
			"domains":	[{
					"domainName":	"standalone_domain",
					"domainDispName":	"standalone on microblaze_0",
					"domainDesc":	"standalone_domain",
					"processors":	"microblaze_0",
					"os":	"standalone",
					"sdxOs":	"standalone",
					"debugEnable":	"False",
					"domRuntimes":	["cpp"],
					"swRepo":	"",
					"mssOsVer":	"7.1",
					"mssFile":	"",
					"md5Digest":	"",
					"compatibleApp":	"hello_world",
					"domType":	"mssDomain",
					"arch":	"32-bit",
					"appSettings":	{
						"appCompilerFlags":	"",
						"appLinkerFlags":	""
					},
					"addedLibs":	[],
					"libOptions":	{
						"libsContainingOptions":	[]
					},
					"prebuiltLibs":	{
						"prebuiltIncPath":	[],
						"prebuiltLibPath":	[]
					},
					"isolation":	{
					}
				}]
		}]
}
TRACE::2020-03-24.15:39:14::SCWPlatform::Trying to open the hw design at C:/Users/Pedro/Documents/UA/CR/Labs/Lab4/CountDownTimerSoftware/workspace/mb_design_wrapper/hw/mb_design_wrapper.xsa
TRACE::2020-03-24.15:39:14::SCWPlatform::DSA given C:/Users/Pedro/Documents/UA/CR/Labs/Lab4/CountDownTimerSoftware/workspace/mb_design_wrapper/hw/mb_design_wrapper.xsa
TRACE::2020-03-24.15:39:14::SCWPlatform::DSA absoulate path C:/Users/Pedro/Documents/UA/CR/Labs/Lab4/CountDownTimerSoftware/workspace/mb_design_wrapper/hw/mb_design_wrapper.xsa
TRACE::2020-03-24.15:39:14::SCWPlatform::DSA directory C:/Users/Pedro/Documents/UA/CR/Labs/Lab4/CountDownTimerSoftware/workspace/mb_design_wrapper/hw
TRACE::2020-03-24.15:39:14::SCWPlatform:: Platform Path C:/Users/Pedro/Documents/UA/CR/Labs/Lab4/CountDownTimerSoftware/workspace/mb_design_wrapper/hw/mb_design_wrapper.xsa
TRACE::2020-03-24.15:39:14::SCWPlatform:: Unique name xilinx:nexys4::0.0
TRACE::2020-03-24.15:39:14::SCWPlatform::Trying to set the existing hwdb with name mb_design_wrapper_0
TRACE::2020-03-24.15:39:14::SCWPlatform::Opened existing hwdb mb_design_wrapper_0
TRACE::2020-03-24.15:39:14::SCWPlatform::Found the Hw Db part of the input DSA
TRACE::2020-03-24.15:39:14::SCWMssOS::Checking the sw design at  C:/Users/Pedro/Documents/UA/CR/Labs/Lab4/CountDownTimerSoftware/workspace/mb_design_wrapper/microblaze_0/standalone_domain/bsp/system.mss
TRACE::2020-03-24.15:39:14::SCWMssOS::DEBUG:  swdes dump  C:/Users/Pedro/Documents/UA/CR/Labs/Lab4/CountDownTimerSoftware/workspace/mb_design_wrapper/microblaze_0/standalone_domain/bsp/system.mss|C:/Users/Pedro/Documents/UA/CR/Labs/Lab4/CountDownTimerSoftware/workspace/mb_design_wrapper/microblaze_0/standalone_domain/bsp/system.mss||

TRACE::2020-03-24.15:39:14::SCWMssOS::Sw design exists and opened at  C:/Users/Pedro/Documents/UA/CR/Labs/Lab4/CountDownTimerSoftware/workspace/mb_design_wrapper/microblaze_0/standalone_domain/bsp/system.mss
TRACE::2020-03-24.15:39:14::SCWMssOS::Completed writing the mss file at C:/Users/Pedro/Documents/UA/CR/Labs/Lab4/CountDownTimerSoftware/workspace/mb_design_wrapper/microblaze_0/standalone_domain/bsp
TRACE::2020-03-24.15:39:14::SCWMssOS::Forcing BSP Sources regeneration.
LOG::2020-03-24.15:39:18::SCWPlatform::Started generating the artifacts platform mb_design_wrapper
TRACE::2020-03-24.15:39:18::SCWPlatform::Sanity checking of platform is completed
LOG::2020-03-24.15:39:18::SCWPlatform::Started generating the artifacts for system configuration mb_design_wrapper
LOG::2020-03-24.15:39:18::SCWSystem::Checking the domain standalone_domain
LOG::2020-03-24.15:39:18::SCWSystem::Not a boot domain 
LOG::2020-03-24.15:39:18::SCWSystem::Started Processing the domain standalone_domain
TRACE::2020-03-24.15:39:19::SCWDomain::Generating domain artifcats
TRACE::2020-03-24.15:39:19::SCWMssOS::Generating standalone artifcats
TRACE::2020-03-24.15:39:19::SCWMssOS:: Copying the user libraries. 
TRACE::2020-03-24.15:39:19::SCWPlatform::Trying to open the hw design at C:/Users/Pedro/Documents/UA/CR/Labs/Lab4/CountDownTimerSoftware/workspace/mb_design_wrapper/hw/mb_design_wrapper.xsa
TRACE::2020-03-24.15:39:19::SCWPlatform::DSA given C:/Users/Pedro/Documents/UA/CR/Labs/Lab4/CountDownTimerSoftware/workspace/mb_design_wrapper/hw/mb_design_wrapper.xsa
TRACE::2020-03-24.15:39:19::SCWPlatform::DSA absoulate path C:/Users/Pedro/Documents/UA/CR/Labs/Lab4/CountDownTimerSoftware/workspace/mb_design_wrapper/hw/mb_design_wrapper.xsa
TRACE::2020-03-24.15:39:19::SCWPlatform::DSA directory C:/Users/Pedro/Documents/UA/CR/Labs/Lab4/CountDownTimerSoftware/workspace/mb_design_wrapper/hw
TRACE::2020-03-24.15:39:19::SCWPlatform:: Platform Path C:/Users/Pedro/Documents/UA/CR/Labs/Lab4/CountDownTimerSoftware/workspace/mb_design_wrapper/hw/mb_design_wrapper.xsa
TRACE::2020-03-24.15:39:19::SCWPlatform:: Unique name xilinx:nexys4::0.0
TRACE::2020-03-24.15:39:19::SCWPlatform::Trying to set the existing hwdb with name mb_design_wrapper_0
TRACE::2020-03-24.15:39:19::SCWPlatform::Opened existing hwdb mb_design_wrapper_0
TRACE::2020-03-24.15:39:19::SCWPlatform::Found the Hw Db part of the input DSA
TRACE::2020-03-24.15:39:19::SCWMssOS::Checking the sw design at  C:/Users/Pedro/Documents/UA/CR/Labs/Lab4/CountDownTimerSoftware/workspace/mb_design_wrapper/microblaze_0/standalone_domain/bsp/system.mss
TRACE::2020-03-24.15:39:19::SCWMssOS::DEBUG:  swdes dump  C:/Users/Pedro/Documents/UA/CR/Labs/Lab4/CountDownTimerSoftware/workspace/mb_design_wrapper/microblaze_0/standalone_domain/bsp/system.mss|C:/Users/Pedro/Documents/UA/CR/Labs/Lab4/CountDownTimerSoftware/workspace/mb_design_wrapper/microblaze_0/standalone_domain/bsp/system.mss||

KEYINFO::2020-03-24.15:39:19::SCWMssOS::Could not open the swdb for C:/Users/Pedro/Documents/UA/CR/Labs/Lab4/CountDownTimerSoftware/workspace/mb_design_wrapper/microblaze_0/standalone_domain/bsp/system.mss
KEYINFO::2020-03-24.15:39:19::SCWMssOS::Could not open the sw design at  C:/Users/Pedro/Documents/UA/CR/Labs/Lab4/CountDownTimerSoftware/workspace/mb_design_wrapper/microblaze_0/standalone_domain/bsp/system.mss
ERROR: [Hsi 55-1558] Software Design C:/Users/Pedro/Documents/UA/CR/Labs/Lab4/CountDownTimerSoftware/workspace/mb_design_wrapper/microblaze_0/standalone_domain/bsp/system.mss is not found

TRACE::2020-03-24.15:39:19::SCWMssOS::Cleared the swdb table entry
TRACE::2020-03-24.15:39:19::SCWMssOS::No sw design opened at  C:/Users/Pedro/Documents/UA/CR/Labs/Lab4/CountDownTimerSoftware/workspace/mb_design_wrapper/microblaze_0/standalone_domain/bsp/system.mss
TRACE::2020-03-24.15:39:19::SCWMssOS::mss exists loading the mss file  C:/Users/Pedro/Documents/UA/CR/Labs/Lab4/CountDownTimerSoftware/workspace/mb_design_wrapper/microblaze_0/standalone_domain/bsp/system.mss
TRACE::2020-03-24.15:39:19::SCWMssOS::Opened the sw design from mss  C:/Users/Pedro/Documents/UA/CR/Labs/Lab4/CountDownTimerSoftware/workspace/mb_design_wrapper/microblaze_0/standalone_domain/bsp/system.mss
TRACE::2020-03-24.15:39:19::SCWMssOS::Adding the swdes entry C:/Users/Pedro/Documents/UA/CR/Labs/Lab4/CountDownTimerSoftware/workspace/mb_design_wrapper/microblaze_0/standalone_domain/bsp/system.mss with des name system
TRACE::2020-03-24.15:39:19::SCWMssOS::updating the scw layer about changes
TRACE::2020-03-24.15:39:19::SCWMssOS::Opened the sw design.  C:/Users/Pedro/Documents/UA/CR/Labs/Lab4/CountDownTimerSoftware/workspace/mb_design_wrapper/microblaze_0/standalone_domain/bsp/system.mss
TRACE::2020-03-24.15:39:19::SCWMssOS::Completed writing the mss file at C:/Users/Pedro/Documents/UA/CR/Labs/Lab4/CountDownTimerSoftware/workspace/mb_design_wrapper/microblaze_0/standalone_domain/bsp
TRACE::2020-03-24.15:39:19::SCWMssOS::Mss edits present, copying mssfile into export location C:/Users/Pedro/Documents/UA/CR/Labs/Lab4/CountDownTimerSoftware/workspace/mb_design_wrapper/microblaze_0/standalone_domain/bsp/system.mss
TRACE::2020-03-24.15:39:19::SCWMssOS::bsp generated is upto date with the mss file. Skipping bsp generation.
TRACE::2020-03-24.15:39:19::SCWMssOS::BSP is already built. skipping the bsp build ... 
TRACE::2020-03-24.15:39:19::SCWDomain::Skipping the build for domain :  standalone_domain
TRACE::2020-03-24.15:39:19::SCWMssOS::skipping the bsp build ... 
TRACE::2020-03-24.15:39:19::SCWMssOS::Copying to export directory.
TRACE::2020-03-24.15:39:19::SCWMssOS:: Checking if to create the Supporting Applications
TRACE::2020-03-24.15:39:19::SCWMssOS:: No Linux domain exists, trying to generate FSBL 
LOG::2020-03-24.15:39:19::SCWSystem::Completed Processing the domain standalone_domain
LOG::2020-03-24.15:39:19::SCWSystem::Completed Processing the sysconfig mb_design_wrapper
LOG::2020-03-24.15:39:19::SCWPlatform::Completed generating the artifacts for system configuration mb_design_wrapper
TRACE::2020-03-24.15:39:19::SCWPlatform::Started preparing the platform 
TRACE::2020-03-24.15:39:19::SCWSystem::Writing the bif file for system config mb_design_wrapper
TRACE::2020-03-24.15:39:19::SCWSystem::dir created 
TRACE::2020-03-24.15:39:19::SCWSystem::Writing the bif 
TRACE::2020-03-24.15:39:19::SCWPlatform::Started writing the spfm file 
TRACE::2020-03-24.15:39:19::SCWPlatform::Started writing the xpfm file 
TRACE::2020-03-24.15:39:19::SCWPlatform::Completed generating the platform
TRACE::2020-03-24.15:39:19::SCWPlatform::Trying to open the hw design at C:/Users/Pedro/Documents/UA/CR/Labs/Lab4/CountDownTimerSoftware/workspace/mb_design_wrapper/hw/mb_design_wrapper.xsa
TRACE::2020-03-24.15:39:19::SCWPlatform::DSA given C:/Users/Pedro/Documents/UA/CR/Labs/Lab4/CountDownTimerSoftware/workspace/mb_design_wrapper/hw/mb_design_wrapper.xsa
TRACE::2020-03-24.15:39:19::SCWPlatform::DSA absoulate path C:/Users/Pedro/Documents/UA/CR/Labs/Lab4/CountDownTimerSoftware/workspace/mb_design_wrapper/hw/mb_design_wrapper.xsa
TRACE::2020-03-24.15:39:19::SCWPlatform::DSA directory C:/Users/Pedro/Documents/UA/CR/Labs/Lab4/CountDownTimerSoftware/workspace/mb_design_wrapper/hw
TRACE::2020-03-24.15:39:19::SCWPlatform:: Platform Path C:/Users/Pedro/Documents/UA/CR/Labs/Lab4/CountDownTimerSoftware/workspace/mb_design_wrapper/hw/mb_design_wrapper.xsa
TRACE::2020-03-24.15:39:19::SCWPlatform:: Unique name xilinx:nexys4::0.0
TRACE::2020-03-24.15:39:19::SCWPlatform::Trying to set the existing hwdb with name mb_design_wrapper_0
TRACE::2020-03-24.15:39:19::SCWPlatform::Opened existing hwdb mb_design_wrapper_0
TRACE::2020-03-24.15:39:19::SCWPlatform::Found the Hw Db part of the input DSA
TRACE::2020-03-24.15:39:19::SCWMssOS::Checking the sw design at  C:/Users/Pedro/Documents/UA/CR/Labs/Lab4/CountDownTimerSoftware/workspace/mb_design_wrapper/microblaze_0/standalone_domain/bsp/system.mss
TRACE::2020-03-24.15:39:19::SCWMssOS::DEBUG:  swdes dump  C:/Users/Pedro/Documents/UA/CR/Labs/Lab4/CountDownTimerSoftware/workspace/mb_design_wrapper/microblaze_0/standalone_domain/bsp/system.mss|system||

TRACE::2020-03-24.15:39:19::SCWMssOS::Sw design exists and opened at  C:/Users/Pedro/Documents/UA/CR/Labs/Lab4/CountDownTimerSoftware/workspace/mb_design_wrapper/microblaze_0/standalone_domain/bsp/system.mss
TRACE::2020-03-24.15:39:19::SCWPlatform::Trying to open the hw design at C:/Users/Pedro/Documents/UA/CR/Labs/Lab4/CountDownTimerSoftware/workspace/mb_design_wrapper/hw/mb_design_wrapper.xsa
TRACE::2020-03-24.15:39:19::SCWPlatform::DSA given C:/Users/Pedro/Documents/UA/CR/Labs/Lab4/CountDownTimerSoftware/workspace/mb_design_wrapper/hw/mb_design_wrapper.xsa
TRACE::2020-03-24.15:39:19::SCWPlatform::DSA absoulate path C:/Users/Pedro/Documents/UA/CR/Labs/Lab4/CountDownTimerSoftware/workspace/mb_design_wrapper/hw/mb_design_wrapper.xsa
TRACE::2020-03-24.15:39:19::SCWPlatform::DSA directory C:/Users/Pedro/Documents/UA/CR/Labs/Lab4/CountDownTimerSoftware/workspace/mb_design_wrapper/hw
TRACE::2020-03-24.15:39:19::SCWPlatform:: Platform Path C:/Users/Pedro/Documents/UA/CR/Labs/Lab4/CountDownTimerSoftware/workspace/mb_design_wrapper/hw/mb_design_wrapper.xsa
TRACE::2020-03-24.15:39:19::SCWPlatform:: Unique name xilinx:nexys4::0.0
TRACE::2020-03-24.15:39:19::SCWPlatform::Trying to set the existing hwdb with name mb_design_wrapper_0
TRACE::2020-03-24.15:39:19::SCWPlatform::Opened existing hwdb mb_design_wrapper_0
TRACE::2020-03-24.15:39:19::SCWPlatform::Found the Hw Db part of the input DSA
TRACE::2020-03-24.15:39:19::SCWMssOS::Checking the sw design at  C:/Users/Pedro/Documents/UA/CR/Labs/Lab4/CountDownTimerSoftware/workspace/mb_design_wrapper/microblaze_0/standalone_domain/bsp/system.mss
TRACE::2020-03-24.15:39:19::SCWMssOS::DEBUG:  swdes dump  C:/Users/Pedro/Documents/UA/CR/Labs/Lab4/CountDownTimerSoftware/workspace/mb_design_wrapper/microblaze_0/standalone_domain/bsp/system.mss|system||

TRACE::2020-03-24.15:39:19::SCWMssOS::Sw design exists and opened at  C:/Users/Pedro/Documents/UA/CR/Labs/Lab4/CountDownTimerSoftware/workspace/mb_design_wrapper/microblaze_0/standalone_domain/bsp/system.mss
TRACE::2020-03-24.15:39:19::SCWPlatform::Trying to open the hw design at C:/Users/Pedro/Documents/UA/CR/Labs/Lab4/CountDownTimerSoftware/workspace/mb_design_wrapper/hw/mb_design_wrapper.xsa
TRACE::2020-03-24.15:39:19::SCWPlatform::DSA given C:/Users/Pedro/Documents/UA/CR/Labs/Lab4/CountDownTimerSoftware/workspace/mb_design_wrapper/hw/mb_design_wrapper.xsa
TRACE::2020-03-24.15:39:19::SCWPlatform::DSA absoulate path C:/Users/Pedro/Documents/UA/CR/Labs/Lab4/CountDownTimerSoftware/workspace/mb_design_wrapper/hw/mb_design_wrapper.xsa
TRACE::2020-03-24.15:39:19::SCWPlatform::DSA directory C:/Users/Pedro/Documents/UA/CR/Labs/Lab4/CountDownTimerSoftware/workspace/mb_design_wrapper/hw
TRACE::2020-03-24.15:39:19::SCWPlatform:: Platform Path C:/Users/Pedro/Documents/UA/CR/Labs/Lab4/CountDownTimerSoftware/workspace/mb_design_wrapper/hw/mb_design_wrapper.xsa
TRACE::2020-03-24.15:39:19::SCWPlatform:: Unique name xilinx:nexys4::0.0
TRACE::2020-03-24.15:39:19::SCWPlatform::Trying to set the existing hwdb with name mb_design_wrapper_0
TRACE::2020-03-24.15:39:19::SCWPlatform::Opened existing hwdb mb_design_wrapper_0
TRACE::2020-03-24.15:39:19::SCWPlatform::Found the Hw Db part of the input DSA
TRACE::2020-03-24.15:39:19::SCWMssOS::Checking the sw design at  C:/Users/Pedro/Documents/UA/CR/Labs/Lab4/CountDownTimerSoftware/workspace/mb_design_wrapper/microblaze_0/standalone_domain/bsp/system.mss
TRACE::2020-03-24.15:39:19::SCWMssOS::DEBUG:  swdes dump  C:/Users/Pedro/Documents/UA/CR/Labs/Lab4/CountDownTimerSoftware/workspace/mb_design_wrapper/microblaze_0/standalone_domain/bsp/system.mss|system||

TRACE::2020-03-24.15:39:19::SCWMssOS::Sw design exists and opened at  C:/Users/Pedro/Documents/UA/CR/Labs/Lab4/CountDownTimerSoftware/workspace/mb_design_wrapper/microblaze_0/standalone_domain/bsp/system.mss
TRACE::2020-03-24.15:39:19::SCWWriter::formatted JSON is {
	"platformName":	"mb_design_wrapper",
	"sprVersion":	"2.0",
	"mode":	"gui",
	"dsaType":	"Fixed",
	"platformDesc":	"mb_design_wrapper",
	"platHandOff":	"C:/Users/Pedro/Dropbox/UA/CR/Labs/Lab4/CountDownTimerSoftware/mb_design_wrapper.xsa",
	"platIntHandOff":	"<platformDir>/hw/mb_design_wrapper.xsa",
	"deviceType":	"FPGA",
	"platIsPrebuiltAutogen":	"false",
	"platIsNoBootBsp":	"false",
	"hasFsblMakeHasChanges":	"false",
	"hasPmufwMakeHasChanges":	"false",
	"platPreBuiltFlag":	false,
	"platformSamplesDir":	"",
	"platActiveSys":	"mb_design_wrapper",
	"systems":	[{
			"systemName":	"mb_design_wrapper",
			"systemDesc":	"mb_design_wrapper",
			"sysIsBootAutoGen":	"true",
			"systemDispName":	"mb_design_wrapper",
			"sysActiveDom":	"standalone_domain",
			"sysDefaultDom":	"standalone_domain",
			"domains":	[{
					"domainName":	"standalone_domain",
					"domainDispName":	"standalone on microblaze_0",
					"domainDesc":	"standalone_domain",
					"processors":	"microblaze_0",
					"os":	"standalone",
					"sdxOs":	"standalone",
					"debugEnable":	"False",
					"domRuntimes":	["cpp"],
					"swRepo":	"",
					"mssOsVer":	"7.1",
					"mssFile":	"",
					"md5Digest":	"1b97338188f161b9b05951aa1cb91d1e",
					"compatibleApp":	"hello_world",
					"domType":	"mssDomain",
					"arch":	"32-bit",
					"appSettings":	{
						"appCompilerFlags":	"",
						"appLinkerFlags":	""
					},
					"addedLibs":	[],
					"libOptions":	{
						"libsContainingOptions":	[]
					},
					"prebuiltLibs":	{
						"prebuiltIncPath":	[],
						"prebuiltLibPath":	[]
					},
					"isolation":	{
					}
				}]
		}]
}
KEYINFO::2020-03-24.15:39:19::SCWPlatform::updated the xpfm file.
TRACE::2020-03-24.15:39:19::SCWPlatform::Trying to open the hw design at C:/Users/Pedro/Documents/UA/CR/Labs/Lab4/CountDownTimerSoftware/workspace/mb_design_wrapper/hw/mb_design_wrapper.xsa
TRACE::2020-03-24.15:39:19::SCWPlatform::DSA given C:/Users/Pedro/Documents/UA/CR/Labs/Lab4/CountDownTimerSoftware/workspace/mb_design_wrapper/hw/mb_design_wrapper.xsa
TRACE::2020-03-24.15:39:19::SCWPlatform::DSA absoulate path C:/Users/Pedro/Documents/UA/CR/Labs/Lab4/CountDownTimerSoftware/workspace/mb_design_wrapper/hw/mb_design_wrapper.xsa
TRACE::2020-03-24.15:39:19::SCWPlatform::DSA directory C:/Users/Pedro/Documents/UA/CR/Labs/Lab4/CountDownTimerSoftware/workspace/mb_design_wrapper/hw
TRACE::2020-03-24.15:39:19::SCWPlatform:: Platform Path C:/Users/Pedro/Documents/UA/CR/Labs/Lab4/CountDownTimerSoftware/workspace/mb_design_wrapper/hw/mb_design_wrapper.xsa
TRACE::2020-03-24.15:39:19::SCWPlatform:: Unique name xilinx:nexys4::0.0
TRACE::2020-03-24.15:39:19::SCWPlatform::Trying to set the existing hwdb with name mb_design_wrapper_0
TRACE::2020-03-24.15:39:19::SCWPlatform::Opened existing hwdb mb_design_wrapper_0
TRACE::2020-03-24.15:39:19::SCWPlatform::Found the Hw Db part of the input DSA
TRACE::2020-03-24.15:39:19::SCWMssOS::Checking the sw design at  C:/Users/Pedro/Documents/UA/CR/Labs/Lab4/CountDownTimerSoftware/workspace/mb_design_wrapper/microblaze_0/standalone_domain/bsp/system.mss
TRACE::2020-03-24.15:39:19::SCWMssOS::DEBUG:  swdes dump  C:/Users/Pedro/Documents/UA/CR/Labs/Lab4/CountDownTimerSoftware/workspace/mb_design_wrapper/microblaze_0/standalone_domain/bsp/system.mss|system||

TRACE::2020-03-24.15:39:19::SCWMssOS::Sw design exists and opened at  C:/Users/Pedro/Documents/UA/CR/Labs/Lab4/CountDownTimerSoftware/workspace/mb_design_wrapper/microblaze_0/standalone_domain/bsp/system.mss
TRACE::2020-03-24.15:39:19::SCWPlatform::Trying to open the hw design at C:/Users/Pedro/Documents/UA/CR/Labs/Lab4/CountDownTimerSoftware/workspace/mb_design_wrapper/hw/mb_design_wrapper.xsa
TRACE::2020-03-24.15:39:19::SCWPlatform::DSA given C:/Users/Pedro/Documents/UA/CR/Labs/Lab4/CountDownTimerSoftware/workspace/mb_design_wrapper/hw/mb_design_wrapper.xsa
TRACE::2020-03-24.15:39:19::SCWPlatform::DSA absoulate path C:/Users/Pedro/Documents/UA/CR/Labs/Lab4/CountDownTimerSoftware/workspace/mb_design_wrapper/hw/mb_design_wrapper.xsa
TRACE::2020-03-24.15:39:19::SCWPlatform::DSA directory C:/Users/Pedro/Documents/UA/CR/Labs/Lab4/CountDownTimerSoftware/workspace/mb_design_wrapper/hw
TRACE::2020-03-24.15:39:19::SCWPlatform:: Platform Path C:/Users/Pedro/Documents/UA/CR/Labs/Lab4/CountDownTimerSoftware/workspace/mb_design_wrapper/hw/mb_design_wrapper.xsa
TRACE::2020-03-24.15:39:19::SCWPlatform:: Unique name xilinx:nexys4::0.0
TRACE::2020-03-24.15:39:19::SCWPlatform::Trying to set the existing hwdb with name mb_design_wrapper_0
TRACE::2020-03-24.15:39:19::SCWPlatform::Opened existing hwdb mb_design_wrapper_0
TRACE::2020-03-24.15:39:19::SCWPlatform::Found the Hw Db part of the input DSA
TRACE::2020-03-24.15:39:19::SCWMssOS::Checking the sw design at  C:/Users/Pedro/Documents/UA/CR/Labs/Lab4/CountDownTimerSoftware/workspace/mb_design_wrapper/microblaze_0/standalone_domain/bsp/system.mss
TRACE::2020-03-24.15:39:19::SCWMssOS::DEBUG:  swdes dump  C:/Users/Pedro/Documents/UA/CR/Labs/Lab4/CountDownTimerSoftware/workspace/mb_design_wrapper/microblaze_0/standalone_domain/bsp/system.mss|system||

TRACE::2020-03-24.15:39:19::SCWMssOS::Sw design exists and opened at  C:/Users/Pedro/Documents/UA/CR/Labs/Lab4/CountDownTimerSoftware/workspace/mb_design_wrapper/microblaze_0/standalone_domain/bsp/system.mss
TRACE::2020-03-24.15:39:19::SCWPlatform::Trying to open the hw design at C:/Users/Pedro/Documents/UA/CR/Labs/Lab4/CountDownTimerSoftware/workspace/mb_design_wrapper/hw/mb_design_wrapper.xsa
TRACE::2020-03-24.15:39:19::SCWPlatform::DSA given C:/Users/Pedro/Documents/UA/CR/Labs/Lab4/CountDownTimerSoftware/workspace/mb_design_wrapper/hw/mb_design_wrapper.xsa
TRACE::2020-03-24.15:39:19::SCWPlatform::DSA absoulate path C:/Users/Pedro/Documents/UA/CR/Labs/Lab4/CountDownTimerSoftware/workspace/mb_design_wrapper/hw/mb_design_wrapper.xsa
TRACE::2020-03-24.15:39:19::SCWPlatform::DSA directory C:/Users/Pedro/Documents/UA/CR/Labs/Lab4/CountDownTimerSoftware/workspace/mb_design_wrapper/hw
TRACE::2020-03-24.15:39:19::SCWPlatform:: Platform Path C:/Users/Pedro/Documents/UA/CR/Labs/Lab4/CountDownTimerSoftware/workspace/mb_design_wrapper/hw/mb_design_wrapper.xsa
TRACE::2020-03-24.15:39:19::SCWPlatform:: Unique name xilinx:nexys4::0.0
TRACE::2020-03-24.15:39:19::SCWPlatform::Trying to set the existing hwdb with name mb_design_wrapper_0
TRACE::2020-03-24.15:39:19::SCWPlatform::Opened existing hwdb mb_design_wrapper_0
TRACE::2020-03-24.15:39:19::SCWPlatform::Found the Hw Db part of the input DSA
TRACE::2020-03-24.15:39:19::SCWMssOS::Checking the sw design at  C:/Users/Pedro/Documents/UA/CR/Labs/Lab4/CountDownTimerSoftware/workspace/mb_design_wrapper/microblaze_0/standalone_domain/bsp/system.mss
TRACE::2020-03-24.15:39:19::SCWMssOS::DEBUG:  swdes dump  C:/Users/Pedro/Documents/UA/CR/Labs/Lab4/CountDownTimerSoftware/workspace/mb_design_wrapper/microblaze_0/standalone_domain/bsp/system.mss|system||

TRACE::2020-03-24.15:39:19::SCWMssOS::Sw design exists and opened at  C:/Users/Pedro/Documents/UA/CR/Labs/Lab4/CountDownTimerSoftware/workspace/mb_design_wrapper/microblaze_0/standalone_domain/bsp/system.mss
TRACE::2020-03-24.15:39:19::SCWPlatform::Trying to open the hw design at C:/Users/Pedro/Documents/UA/CR/Labs/Lab4/CountDownTimerSoftware/workspace/mb_design_wrapper/hw/mb_design_wrapper.xsa
TRACE::2020-03-24.15:39:19::SCWPlatform::DSA given C:/Users/Pedro/Documents/UA/CR/Labs/Lab4/CountDownTimerSoftware/workspace/mb_design_wrapper/hw/mb_design_wrapper.xsa
TRACE::2020-03-24.15:39:19::SCWPlatform::DSA absoulate path C:/Users/Pedro/Documents/UA/CR/Labs/Lab4/CountDownTimerSoftware/workspace/mb_design_wrapper/hw/mb_design_wrapper.xsa
TRACE::2020-03-24.15:39:19::SCWPlatform::DSA directory C:/Users/Pedro/Documents/UA/CR/Labs/Lab4/CountDownTimerSoftware/workspace/mb_design_wrapper/hw
TRACE::2020-03-24.15:39:19::SCWPlatform:: Platform Path C:/Users/Pedro/Documents/UA/CR/Labs/Lab4/CountDownTimerSoftware/workspace/mb_design_wrapper/hw/mb_design_wrapper.xsa
TRACE::2020-03-24.15:39:19::SCWPlatform:: Unique name xilinx:nexys4::0.0
TRACE::2020-03-24.15:39:19::SCWPlatform::Trying to set the existing hwdb with name mb_design_wrapper_0
TRACE::2020-03-24.15:39:19::SCWPlatform::Opened existing hwdb mb_design_wrapper_0
TRACE::2020-03-24.15:39:19::SCWPlatform::Found the Hw Db part of the input DSA
TRACE::2020-03-24.15:39:19::SCWMssOS::Checking the sw design at  C:/Users/Pedro/Documents/UA/CR/Labs/Lab4/CountDownTimerSoftware/workspace/mb_design_wrapper/microblaze_0/standalone_domain/bsp/system.mss
TRACE::2020-03-24.15:39:19::SCWMssOS::DEBUG:  swdes dump  C:/Users/Pedro/Documents/UA/CR/Labs/Lab4/CountDownTimerSoftware/workspace/mb_design_wrapper/microblaze_0/standalone_domain/bsp/system.mss|system||

TRACE::2020-03-24.15:39:19::SCWMssOS::Sw design exists and opened at  C:/Users/Pedro/Documents/UA/CR/Labs/Lab4/CountDownTimerSoftware/workspace/mb_design_wrapper/microblaze_0/standalone_domain/bsp/system.mss
TRACE::2020-03-24.15:39:19::SCWWriter::formatted JSON is {
	"platformName":	"mb_design_wrapper",
	"sprVersion":	"2.0",
	"mode":	"gui",
	"dsaType":	"Fixed",
	"platformDesc":	"mb_design_wrapper",
	"platHandOff":	"C:/Users/Pedro/Dropbox/UA/CR/Labs/Lab4/CountDownTimerSoftware/mb_design_wrapper.xsa",
	"platIntHandOff":	"<platformDir>/hw/mb_design_wrapper.xsa",
	"deviceType":	"FPGA",
	"platIsPrebuiltAutogen":	"false",
	"platIsNoBootBsp":	"false",
	"hasFsblMakeHasChanges":	"false",
	"hasPmufwMakeHasChanges":	"false",
	"platPreBuiltFlag":	false,
	"platformSamplesDir":	"",
	"platActiveSys":	"mb_design_wrapper",
	"systems":	[{
			"systemName":	"mb_design_wrapper",
			"systemDesc":	"mb_design_wrapper",
			"sysIsBootAutoGen":	"true",
			"systemDispName":	"mb_design_wrapper",
			"sysActiveDom":	"standalone_domain",
			"sysDefaultDom":	"standalone_domain",
			"domains":	[{
					"domainName":	"standalone_domain",
					"domainDispName":	"standalone on microblaze_0",
					"domainDesc":	"standalone_domain",
					"processors":	"microblaze_0",
					"os":	"standalone",
					"sdxOs":	"standalone",
					"debugEnable":	"False",
					"domRuntimes":	["cpp"],
					"swRepo":	"",
					"mssOsVer":	"7.1",
					"mssFile":	"",
					"md5Digest":	"1b97338188f161b9b05951aa1cb91d1e",
					"compatibleApp":	"hello_world",
					"domType":	"mssDomain",
					"arch":	"32-bit",
					"appSettings":	{
						"appCompilerFlags":	"",
						"appLinkerFlags":	""
					},
					"addedLibs":	[],
					"libOptions":	{
						"libsContainingOptions":	[]
					},
					"prebuiltLibs":	{
						"prebuiltIncPath":	[],
						"prebuiltLibPath":	[]
					},
					"isolation":	{
					}
				}]
		}]
}
TRACE::2020-03-24.15:39:19::SCWPlatform::Trying to open the hw design at C:/Users/Pedro/Documents/UA/CR/Labs/Lab4/CountDownTimerSoftware/workspace/mb_design_wrapper/hw/mb_design_wrapper.xsa
TRACE::2020-03-24.15:39:19::SCWPlatform::DSA given C:/Users/Pedro/Documents/UA/CR/Labs/Lab4/CountDownTimerSoftware/workspace/mb_design_wrapper/hw/mb_design_wrapper.xsa
TRACE::2020-03-24.15:39:19::SCWPlatform::DSA absoulate path C:/Users/Pedro/Documents/UA/CR/Labs/Lab4/CountDownTimerSoftware/workspace/mb_design_wrapper/hw/mb_design_wrapper.xsa
TRACE::2020-03-24.15:39:19::SCWPlatform::DSA directory C:/Users/Pedro/Documents/UA/CR/Labs/Lab4/CountDownTimerSoftware/workspace/mb_design_wrapper/hw
TRACE::2020-03-24.15:39:19::SCWPlatform:: Platform Path C:/Users/Pedro/Documents/UA/CR/Labs/Lab4/CountDownTimerSoftware/workspace/mb_design_wrapper/hw/mb_design_wrapper.xsa
TRACE::2020-03-24.15:39:19::SCWPlatform:: Unique name xilinx:nexys4::0.0
TRACE::2020-03-24.15:39:19::SCWPlatform::Trying to set the existing hwdb with name mb_design_wrapper_0
TRACE::2020-03-24.15:39:19::SCWPlatform::Opened existing hwdb mb_design_wrapper_0
TRACE::2020-03-24.15:39:19::SCWPlatform::Found the Hw Db part of the input DSA
TRACE::2020-03-24.15:39:19::SCWMssOS::Checking the sw design at  C:/Users/Pedro/Documents/UA/CR/Labs/Lab4/CountDownTimerSoftware/workspace/mb_design_wrapper/microblaze_0/standalone_domain/bsp/system.mss
TRACE::2020-03-24.15:39:19::SCWMssOS::DEBUG:  swdes dump  C:/Users/Pedro/Documents/UA/CR/Labs/Lab4/CountDownTimerSoftware/workspace/mb_design_wrapper/microblaze_0/standalone_domain/bsp/system.mss|system||

TRACE::2020-03-24.15:39:19::SCWMssOS::Sw design exists and opened at  C:/Users/Pedro/Documents/UA/CR/Labs/Lab4/CountDownTimerSoftware/workspace/mb_design_wrapper/microblaze_0/standalone_domain/bsp/system.mss
TRACE::2020-03-24.15:39:19::SCWPlatform::Trying to open the hw design at C:/Users/Pedro/Documents/UA/CR/Labs/Lab4/CountDownTimerSoftware/workspace/mb_design_wrapper/hw/mb_design_wrapper.xsa
TRACE::2020-03-24.15:39:19::SCWPlatform::DSA given C:/Users/Pedro/Documents/UA/CR/Labs/Lab4/CountDownTimerSoftware/workspace/mb_design_wrapper/hw/mb_design_wrapper.xsa
TRACE::2020-03-24.15:39:19::SCWPlatform::DSA absoulate path C:/Users/Pedro/Documents/UA/CR/Labs/Lab4/CountDownTimerSoftware/workspace/mb_design_wrapper/hw/mb_design_wrapper.xsa
TRACE::2020-03-24.15:39:19::SCWPlatform::DSA directory C:/Users/Pedro/Documents/UA/CR/Labs/Lab4/CountDownTimerSoftware/workspace/mb_design_wrapper/hw
TRACE::2020-03-24.15:39:19::SCWPlatform:: Platform Path C:/Users/Pedro/Documents/UA/CR/Labs/Lab4/CountDownTimerSoftware/workspace/mb_design_wrapper/hw/mb_design_wrapper.xsa
TRACE::2020-03-24.15:39:19::SCWPlatform:: Unique name xilinx:nexys4::0.0
TRACE::2020-03-24.15:39:19::SCWPlatform::Trying to set the existing hwdb with name mb_design_wrapper_0
TRACE::2020-03-24.15:39:19::SCWPlatform::Opened existing hwdb mb_design_wrapper_0
TRACE::2020-03-24.15:39:19::SCWPlatform::Found the Hw Db part of the input DSA
TRACE::2020-03-24.15:39:19::SCWMssOS::Checking the sw design at  C:/Users/Pedro/Documents/UA/CR/Labs/Lab4/CountDownTimerSoftware/workspace/mb_design_wrapper/microblaze_0/standalone_domain/bsp/system.mss
TRACE::2020-03-24.15:39:19::SCWMssOS::DEBUG:  swdes dump  C:/Users/Pedro/Documents/UA/CR/Labs/Lab4/CountDownTimerSoftware/workspace/mb_design_wrapper/microblaze_0/standalone_domain/bsp/system.mss|system||

TRACE::2020-03-24.15:39:20::SCWMssOS::Sw design exists and opened at  C:/Users/Pedro/Documents/UA/CR/Labs/Lab4/CountDownTimerSoftware/workspace/mb_design_wrapper/microblaze_0/standalone_domain/bsp/system.mss
TRACE::2020-03-24.15:39:20::SCWPlatform::Trying to open the hw design at C:/Users/Pedro/Documents/UA/CR/Labs/Lab4/CountDownTimerSoftware/workspace/mb_design_wrapper/hw/mb_design_wrapper.xsa
TRACE::2020-03-24.15:39:20::SCWPlatform::DSA given C:/Users/Pedro/Documents/UA/CR/Labs/Lab4/CountDownTimerSoftware/workspace/mb_design_wrapper/hw/mb_design_wrapper.xsa
TRACE::2020-03-24.15:39:20::SCWPlatform::DSA absoulate path C:/Users/Pedro/Documents/UA/CR/Labs/Lab4/CountDownTimerSoftware/workspace/mb_design_wrapper/hw/mb_design_wrapper.xsa
TRACE::2020-03-24.15:39:20::SCWPlatform::DSA directory C:/Users/Pedro/Documents/UA/CR/Labs/Lab4/CountDownTimerSoftware/workspace/mb_design_wrapper/hw
TRACE::2020-03-24.15:39:20::SCWPlatform:: Platform Path C:/Users/Pedro/Documents/UA/CR/Labs/Lab4/CountDownTimerSoftware/workspace/mb_design_wrapper/hw/mb_design_wrapper.xsa
TRACE::2020-03-24.15:39:20::SCWPlatform:: Unique name xilinx:nexys4::0.0
TRACE::2020-03-24.15:39:20::SCWPlatform::Trying to set the existing hwdb with name mb_design_wrapper_0
TRACE::2020-03-24.15:39:20::SCWPlatform::Opened existing hwdb mb_design_wrapper_0
TRACE::2020-03-24.15:39:20::SCWPlatform::Found the Hw Db part of the input DSA
TRACE::2020-03-24.15:39:20::SCWMssOS::Checking the sw design at  C:/Users/Pedro/Documents/UA/CR/Labs/Lab4/CountDownTimerSoftware/workspace/mb_design_wrapper/microblaze_0/standalone_domain/bsp/system.mss
TRACE::2020-03-24.15:39:20::SCWMssOS::DEBUG:  swdes dump  C:/Users/Pedro/Documents/UA/CR/Labs/Lab4/CountDownTimerSoftware/workspace/mb_design_wrapper/microblaze_0/standalone_domain/bsp/system.mss|system||

TRACE::2020-03-24.15:39:20::SCWMssOS::Sw design exists and opened at  C:/Users/Pedro/Documents/UA/CR/Labs/Lab4/CountDownTimerSoftware/workspace/mb_design_wrapper/microblaze_0/standalone_domain/bsp/system.mss
TRACE::2020-03-24.15:39:20::SCWPlatform::Trying to open the hw design at C:/Users/Pedro/Documents/UA/CR/Labs/Lab4/CountDownTimerSoftware/workspace/mb_design_wrapper/hw/mb_design_wrapper.xsa
TRACE::2020-03-24.15:39:20::SCWPlatform::DSA given C:/Users/Pedro/Documents/UA/CR/Labs/Lab4/CountDownTimerSoftware/workspace/mb_design_wrapper/hw/mb_design_wrapper.xsa
TRACE::2020-03-24.15:39:20::SCWPlatform::DSA absoulate path C:/Users/Pedro/Documents/UA/CR/Labs/Lab4/CountDownTimerSoftware/workspace/mb_design_wrapper/hw/mb_design_wrapper.xsa
TRACE::2020-03-24.15:39:20::SCWPlatform::DSA directory C:/Users/Pedro/Documents/UA/CR/Labs/Lab4/CountDownTimerSoftware/workspace/mb_design_wrapper/hw
TRACE::2020-03-24.15:39:20::SCWPlatform:: Platform Path C:/Users/Pedro/Documents/UA/CR/Labs/Lab4/CountDownTimerSoftware/workspace/mb_design_wrapper/hw/mb_design_wrapper.xsa
TRACE::2020-03-24.15:39:20::SCWPlatform:: Unique name xilinx:nexys4::0.0
TRACE::2020-03-24.15:39:20::SCWPlatform::Trying to set the existing hwdb with name mb_design_wrapper_0
TRACE::2020-03-24.15:39:20::SCWPlatform::Opened existing hwdb mb_design_wrapper_0
TRACE::2020-03-24.15:39:20::SCWPlatform::Found the Hw Db part of the input DSA
TRACE::2020-03-24.15:39:20::SCWMssOS::Checking the sw design at  C:/Users/Pedro/Documents/UA/CR/Labs/Lab4/CountDownTimerSoftware/workspace/mb_design_wrapper/microblaze_0/standalone_domain/bsp/system.mss
TRACE::2020-03-24.15:39:20::SCWMssOS::DEBUG:  swdes dump  C:/Users/Pedro/Documents/UA/CR/Labs/Lab4/CountDownTimerSoftware/workspace/mb_design_wrapper/microblaze_0/standalone_domain/bsp/system.mss|system||

TRACE::2020-03-24.15:39:20::SCWMssOS::Sw design exists and opened at  C:/Users/Pedro/Documents/UA/CR/Labs/Lab4/CountDownTimerSoftware/workspace/mb_design_wrapper/microblaze_0/standalone_domain/bsp/system.mss
TRACE::2020-03-24.15:39:20::SCWPlatform::Trying to open the hw design at C:/Users/Pedro/Documents/UA/CR/Labs/Lab4/CountDownTimerSoftware/workspace/mb_design_wrapper/hw/mb_design_wrapper.xsa
TRACE::2020-03-24.15:39:20::SCWPlatform::DSA given C:/Users/Pedro/Documents/UA/CR/Labs/Lab4/CountDownTimerSoftware/workspace/mb_design_wrapper/hw/mb_design_wrapper.xsa
TRACE::2020-03-24.15:39:20::SCWPlatform::DSA absoulate path C:/Users/Pedro/Documents/UA/CR/Labs/Lab4/CountDownTimerSoftware/workspace/mb_design_wrapper/hw/mb_design_wrapper.xsa
TRACE::2020-03-24.15:39:20::SCWPlatform::DSA directory C:/Users/Pedro/Documents/UA/CR/Labs/Lab4/CountDownTimerSoftware/workspace/mb_design_wrapper/hw
TRACE::2020-03-24.15:39:20::SCWPlatform:: Platform Path C:/Users/Pedro/Documents/UA/CR/Labs/Lab4/CountDownTimerSoftware/workspace/mb_design_wrapper/hw/mb_design_wrapper.xsa
TRACE::2020-03-24.15:39:20::SCWPlatform:: Unique name xilinx:nexys4::0.0
TRACE::2020-03-24.15:39:20::SCWPlatform::Trying to set the existing hwdb with name mb_design_wrapper_0
TRACE::2020-03-24.15:39:20::SCWPlatform::Opened existing hwdb mb_design_wrapper_0
TRACE::2020-03-24.15:39:20::SCWPlatform::Found the Hw Db part of the input DSA
TRACE::2020-03-24.15:39:20::SCWMssOS::Checking the sw design at  C:/Users/Pedro/Documents/UA/CR/Labs/Lab4/CountDownTimerSoftware/workspace/mb_design_wrapper/microblaze_0/standalone_domain/bsp/system.mss
TRACE::2020-03-24.15:39:20::SCWMssOS::DEBUG:  swdes dump  C:/Users/Pedro/Documents/UA/CR/Labs/Lab4/CountDownTimerSoftware/workspace/mb_design_wrapper/microblaze_0/standalone_domain/bsp/system.mss|system||

TRACE::2020-03-24.15:39:20::SCWMssOS::Sw design exists and opened at  C:/Users/Pedro/Documents/UA/CR/Labs/Lab4/CountDownTimerSoftware/workspace/mb_design_wrapper/microblaze_0/standalone_domain/bsp/system.mss
TRACE::2020-03-24.15:39:20::SCWWriter::formatted JSON is {
	"platformName":	"mb_design_wrapper",
	"sprVersion":	"2.0",
	"mode":	"gui",
	"dsaType":	"Fixed",
	"platformDesc":	"mb_design_wrapper",
	"platHandOff":	"C:/Users/Pedro/Dropbox/UA/CR/Labs/Lab4/CountDownTimerSoftware/mb_design_wrapper.xsa",
	"platIntHandOff":	"<platformDir>/hw/mb_design_wrapper.xsa",
	"deviceType":	"FPGA",
	"platIsPrebuiltAutogen":	"false",
	"platIsNoBootBsp":	"false",
	"hasFsblMakeHasChanges":	"false",
	"hasPmufwMakeHasChanges":	"false",
	"platPreBuiltFlag":	false,
	"platformSamplesDir":	"",
	"platActiveSys":	"mb_design_wrapper",
	"systems":	[{
			"systemName":	"mb_design_wrapper",
			"systemDesc":	"mb_design_wrapper",
			"sysIsBootAutoGen":	"true",
			"systemDispName":	"mb_design_wrapper",
			"sysActiveDom":	"standalone_domain",
			"sysDefaultDom":	"standalone_domain",
			"domains":	[{
					"domainName":	"standalone_domain",
					"domainDispName":	"standalone on microblaze_0",
					"domainDesc":	"standalone_domain",
					"processors":	"microblaze_0",
					"os":	"standalone",
					"sdxOs":	"standalone",
					"debugEnable":	"False",
					"domRuntimes":	["cpp"],
					"swRepo":	"",
					"mssOsVer":	"7.1",
					"mssFile":	"",
					"md5Digest":	"1b97338188f161b9b05951aa1cb91d1e",
					"compatibleApp":	"hello_world",
					"domType":	"mssDomain",
					"arch":	"32-bit",
					"appSettings":	{
						"appCompilerFlags":	"",
						"appLinkerFlags":	""
					},
					"addedLibs":	[],
					"libOptions":	{
						"libsContainingOptions":	[]
					},
					"prebuiltLibs":	{
						"prebuiltIncPath":	[],
						"prebuiltLibPath":	[]
					},
					"isolation":	{
					}
				}]
		}]
}
LOG::2020-03-24.15:39:20::SCWPlatform::Started generating the artifacts platform mb_design_wrapper
TRACE::2020-03-24.15:39:20::SCWPlatform::Sanity checking of platform is completed
LOG::2020-03-24.15:39:20::SCWPlatform::Started generating the artifacts for system configuration mb_design_wrapper
LOG::2020-03-24.15:39:20::SCWSystem::Started Processing the domain standalone_domain
TRACE::2020-03-24.15:39:20::SCWDomain::Generating domain artifcats
TRACE::2020-03-24.15:39:20::SCWMssOS::Generating standalone artifcats
TRACE::2020-03-24.15:39:20::SCWMssOS:: Copying the user libraries. 
TRACE::2020-03-24.15:39:20::SCWPlatform::Trying to open the hw design at C:/Users/Pedro/Documents/UA/CR/Labs/Lab4/CountDownTimerSoftware/workspace/mb_design_wrapper/hw/mb_design_wrapper.xsa
TRACE::2020-03-24.15:39:20::SCWPlatform::DSA given C:/Users/Pedro/Documents/UA/CR/Labs/Lab4/CountDownTimerSoftware/workspace/mb_design_wrapper/hw/mb_design_wrapper.xsa
TRACE::2020-03-24.15:39:20::SCWPlatform::DSA absoulate path C:/Users/Pedro/Documents/UA/CR/Labs/Lab4/CountDownTimerSoftware/workspace/mb_design_wrapper/hw/mb_design_wrapper.xsa
TRACE::2020-03-24.15:39:20::SCWPlatform::DSA directory C:/Users/Pedro/Documents/UA/CR/Labs/Lab4/CountDownTimerSoftware/workspace/mb_design_wrapper/hw
TRACE::2020-03-24.15:39:20::SCWPlatform:: Platform Path C:/Users/Pedro/Documents/UA/CR/Labs/Lab4/CountDownTimerSoftware/workspace/mb_design_wrapper/hw/mb_design_wrapper.xsa
TRACE::2020-03-24.15:39:20::SCWPlatform:: Unique name xilinx:nexys4::0.0
TRACE::2020-03-24.15:39:20::SCWPlatform::Trying to set the existing hwdb with name mb_design_wrapper_0
TRACE::2020-03-24.15:39:20::SCWPlatform::Opened existing hwdb mb_design_wrapper_0
TRACE::2020-03-24.15:39:20::SCWPlatform::Found the Hw Db part of the input DSA
TRACE::2020-03-24.15:39:20::SCWMssOS::Checking the sw design at  C:/Users/Pedro/Documents/UA/CR/Labs/Lab4/CountDownTimerSoftware/workspace/mb_design_wrapper/microblaze_0/standalone_domain/bsp/system.mss
TRACE::2020-03-24.15:39:20::SCWMssOS::DEBUG:  swdes dump  C:/Users/Pedro/Documents/UA/CR/Labs/Lab4/CountDownTimerSoftware/workspace/mb_design_wrapper/microblaze_0/standalone_domain/bsp/system.mss|system||

TRACE::2020-03-24.15:39:20::SCWMssOS::Sw design exists and opened at  C:/Users/Pedro/Documents/UA/CR/Labs/Lab4/CountDownTimerSoftware/workspace/mb_design_wrapper/microblaze_0/standalone_domain/bsp/system.mss
TRACE::2020-03-24.15:39:20::SCWMssOS::Completed writing the mss file at C:/Users/Pedro/Documents/UA/CR/Labs/Lab4/CountDownTimerSoftware/workspace/mb_design_wrapper/microblaze_0/standalone_domain/bsp
TRACE::2020-03-24.15:39:20::SCWMssOS::Mss edits present, copying mssfile into export location C:/Users/Pedro/Documents/UA/CR/Labs/Lab4/CountDownTimerSoftware/workspace/mb_design_wrapper/microblaze_0/standalone_domain/bsp/system.mss
TRACE::2020-03-24.15:39:20::SCWMssOS::bsp generated is upto date with the mss file. Skipping bsp generation.
TRACE::2020-03-24.15:39:20::SCWMssOS::BSP is already built. skipping the bsp build ... 
TRACE::2020-03-24.15:39:20::SCWDomain::Building the domain as part of full build :  standalone_domain
TRACE::2020-03-24.15:39:20::SCWMssOS::skipping the bsp build ... 
TRACE::2020-03-24.15:39:20::SCWMssOS::Copying to export directory.
TRACE::2020-03-24.15:39:20::SCWMssOS:: Checking if to create the Supporting Applications
TRACE::2020-03-24.15:39:20::SCWMssOS:: No Linux domain exists, trying to generate FSBL 
LOG::2020-03-24.15:39:20::SCWSystem::Completed Processing the domain standalone_domain
LOG::2020-03-24.15:39:20::SCWSystem::Completed Processing the sysconfig mb_design_wrapper
LOG::2020-03-24.15:39:20::SCWPlatform::Completed generating the artifacts for system configuration mb_design_wrapper
TRACE::2020-03-24.15:39:20::SCWPlatform::Started preparing the platform 
TRACE::2020-03-24.15:39:20::SCWSystem::Writing the bif file for system config mb_design_wrapper
TRACE::2020-03-24.15:39:20::SCWSystem::dir created 
TRACE::2020-03-24.15:39:20::SCWSystem::Writing the bif 
TRACE::2020-03-24.15:39:20::SCWPlatform::Started writing the spfm file 
TRACE::2020-03-24.15:39:20::SCWPlatform::Started writing the xpfm file 
TRACE::2020-03-24.15:39:20::SCWPlatform::Completed generating the platform
TRACE::2020-03-24.15:39:20::SCWPlatform::Trying to open the hw design at C:/Users/Pedro/Documents/UA/CR/Labs/Lab4/CountDownTimerSoftware/workspace/mb_design_wrapper/hw/mb_design_wrapper.xsa
TRACE::2020-03-24.15:39:20::SCWPlatform::DSA given C:/Users/Pedro/Documents/UA/CR/Labs/Lab4/CountDownTimerSoftware/workspace/mb_design_wrapper/hw/mb_design_wrapper.xsa
TRACE::2020-03-24.15:39:20::SCWPlatform::DSA absoulate path C:/Users/Pedro/Documents/UA/CR/Labs/Lab4/CountDownTimerSoftware/workspace/mb_design_wrapper/hw/mb_design_wrapper.xsa
TRACE::2020-03-24.15:39:20::SCWPlatform::DSA directory C:/Users/Pedro/Documents/UA/CR/Labs/Lab4/CountDownTimerSoftware/workspace/mb_design_wrapper/hw
TRACE::2020-03-24.15:39:20::SCWPlatform:: Platform Path C:/Users/Pedro/Documents/UA/CR/Labs/Lab4/CountDownTimerSoftware/workspace/mb_design_wrapper/hw/mb_design_wrapper.xsa
TRACE::2020-03-24.15:39:20::SCWPlatform:: Unique name xilinx:nexys4::0.0
TRACE::2020-03-24.15:39:20::SCWPlatform::Trying to set the existing hwdb with name mb_design_wrapper_0
TRACE::2020-03-24.15:39:20::SCWPlatform::Opened existing hwdb mb_design_wrapper_0
TRACE::2020-03-24.15:39:20::SCWPlatform::Found the Hw Db part of the input DSA
TRACE::2020-03-24.15:39:20::SCWMssOS::Checking the sw design at  C:/Users/Pedro/Documents/UA/CR/Labs/Lab4/CountDownTimerSoftware/workspace/mb_design_wrapper/microblaze_0/standalone_domain/bsp/system.mss
TRACE::2020-03-24.15:39:20::SCWMssOS::DEBUG:  swdes dump  C:/Users/Pedro/Documents/UA/CR/Labs/Lab4/CountDownTimerSoftware/workspace/mb_design_wrapper/microblaze_0/standalone_domain/bsp/system.mss|system||

TRACE::2020-03-24.15:39:20::SCWMssOS::Sw design exists and opened at  C:/Users/Pedro/Documents/UA/CR/Labs/Lab4/CountDownTimerSoftware/workspace/mb_design_wrapper/microblaze_0/standalone_domain/bsp/system.mss
TRACE::2020-03-24.15:39:20::SCWPlatform::Trying to open the hw design at C:/Users/Pedro/Documents/UA/CR/Labs/Lab4/CountDownTimerSoftware/workspace/mb_design_wrapper/hw/mb_design_wrapper.xsa
TRACE::2020-03-24.15:39:20::SCWPlatform::DSA given C:/Users/Pedro/Documents/UA/CR/Labs/Lab4/CountDownTimerSoftware/workspace/mb_design_wrapper/hw/mb_design_wrapper.xsa
TRACE::2020-03-24.15:39:20::SCWPlatform::DSA absoulate path C:/Users/Pedro/Documents/UA/CR/Labs/Lab4/CountDownTimerSoftware/workspace/mb_design_wrapper/hw/mb_design_wrapper.xsa
TRACE::2020-03-24.15:39:20::SCWPlatform::DSA directory C:/Users/Pedro/Documents/UA/CR/Labs/Lab4/CountDownTimerSoftware/workspace/mb_design_wrapper/hw
TRACE::2020-03-24.15:39:20::SCWPlatform:: Platform Path C:/Users/Pedro/Documents/UA/CR/Labs/Lab4/CountDownTimerSoftware/workspace/mb_design_wrapper/hw/mb_design_wrapper.xsa
TRACE::2020-03-24.15:39:20::SCWPlatform:: Unique name xilinx:nexys4::0.0
TRACE::2020-03-24.15:39:20::SCWPlatform::Trying to set the existing hwdb with name mb_design_wrapper_0
TRACE::2020-03-24.15:39:20::SCWPlatform::Opened existing hwdb mb_design_wrapper_0
TRACE::2020-03-24.15:39:20::SCWPlatform::Found the Hw Db part of the input DSA
TRACE::2020-03-24.15:39:20::SCWMssOS::Checking the sw design at  C:/Users/Pedro/Documents/UA/CR/Labs/Lab4/CountDownTimerSoftware/workspace/mb_design_wrapper/microblaze_0/standalone_domain/bsp/system.mss
TRACE::2020-03-24.15:39:20::SCWMssOS::DEBUG:  swdes dump  C:/Users/Pedro/Documents/UA/CR/Labs/Lab4/CountDownTimerSoftware/workspace/mb_design_wrapper/microblaze_0/standalone_domain/bsp/system.mss|system||

TRACE::2020-03-24.15:39:20::SCWMssOS::Sw design exists and opened at  C:/Users/Pedro/Documents/UA/CR/Labs/Lab4/CountDownTimerSoftware/workspace/mb_design_wrapper/microblaze_0/standalone_domain/bsp/system.mss
TRACE::2020-03-24.15:39:20::SCWPlatform::Trying to open the hw design at C:/Users/Pedro/Documents/UA/CR/Labs/Lab4/CountDownTimerSoftware/workspace/mb_design_wrapper/hw/mb_design_wrapper.xsa
TRACE::2020-03-24.15:39:20::SCWPlatform::DSA given C:/Users/Pedro/Documents/UA/CR/Labs/Lab4/CountDownTimerSoftware/workspace/mb_design_wrapper/hw/mb_design_wrapper.xsa
TRACE::2020-03-24.15:39:20::SCWPlatform::DSA absoulate path C:/Users/Pedro/Documents/UA/CR/Labs/Lab4/CountDownTimerSoftware/workspace/mb_design_wrapper/hw/mb_design_wrapper.xsa
TRACE::2020-03-24.15:39:20::SCWPlatform::DSA directory C:/Users/Pedro/Documents/UA/CR/Labs/Lab4/CountDownTimerSoftware/workspace/mb_design_wrapper/hw
TRACE::2020-03-24.15:39:20::SCWPlatform:: Platform Path C:/Users/Pedro/Documents/UA/CR/Labs/Lab4/CountDownTimerSoftware/workspace/mb_design_wrapper/hw/mb_design_wrapper.xsa
TRACE::2020-03-24.15:39:20::SCWPlatform:: Unique name xilinx:nexys4::0.0
TRACE::2020-03-24.15:39:20::SCWPlatform::Trying to set the existing hwdb with name mb_design_wrapper_0
TRACE::2020-03-24.15:39:20::SCWPlatform::Opened existing hwdb mb_design_wrapper_0
TRACE::2020-03-24.15:39:20::SCWPlatform::Found the Hw Db part of the input DSA
TRACE::2020-03-24.15:39:20::SCWMssOS::Checking the sw design at  C:/Users/Pedro/Documents/UA/CR/Labs/Lab4/CountDownTimerSoftware/workspace/mb_design_wrapper/microblaze_0/standalone_domain/bsp/system.mss
TRACE::2020-03-24.15:39:20::SCWMssOS::DEBUG:  swdes dump  C:/Users/Pedro/Documents/UA/CR/Labs/Lab4/CountDownTimerSoftware/workspace/mb_design_wrapper/microblaze_0/standalone_domain/bsp/system.mss|system||

TRACE::2020-03-24.15:39:20::SCWMssOS::Sw design exists and opened at  C:/Users/Pedro/Documents/UA/CR/Labs/Lab4/CountDownTimerSoftware/workspace/mb_design_wrapper/microblaze_0/standalone_domain/bsp/system.mss
TRACE::2020-03-24.15:39:20::SCWWriter::formatted JSON is {
	"platformName":	"mb_design_wrapper",
	"sprVersion":	"2.0",
	"mode":	"gui",
	"dsaType":	"Fixed",
	"platformDesc":	"mb_design_wrapper",
	"platHandOff":	"C:/Users/Pedro/Dropbox/UA/CR/Labs/Lab4/CountDownTimerSoftware/mb_design_wrapper.xsa",
	"platIntHandOff":	"<platformDir>/hw/mb_design_wrapper.xsa",
	"deviceType":	"FPGA",
	"platIsPrebuiltAutogen":	"false",
	"platIsNoBootBsp":	"false",
	"hasFsblMakeHasChanges":	"false",
	"hasPmufwMakeHasChanges":	"false",
	"platPreBuiltFlag":	false,
	"platformSamplesDir":	"",
	"platActiveSys":	"mb_design_wrapper",
	"systems":	[{
			"systemName":	"mb_design_wrapper",
			"systemDesc":	"mb_design_wrapper",
			"sysIsBootAutoGen":	"true",
			"systemDispName":	"mb_design_wrapper",
			"sysActiveDom":	"standalone_domain",
			"sysDefaultDom":	"standalone_domain",
			"domains":	[{
					"domainName":	"standalone_domain",
					"domainDispName":	"standalone on microblaze_0",
					"domainDesc":	"standalone_domain",
					"processors":	"microblaze_0",
					"os":	"standalone",
					"sdxOs":	"standalone",
					"debugEnable":	"False",
					"domRuntimes":	["cpp"],
					"swRepo":	"",
					"mssOsVer":	"7.1",
					"mssFile":	"",
					"md5Digest":	"1b97338188f161b9b05951aa1cb91d1e",
					"compatibleApp":	"hello_world",
					"domType":	"mssDomain",
					"arch":	"32-bit",
					"appSettings":	{
						"appCompilerFlags":	"",
						"appLinkerFlags":	""
					},
					"addedLibs":	[],
					"libOptions":	{
						"libsContainingOptions":	[]
					},
					"prebuiltLibs":	{
						"prebuiltIncPath":	[],
						"prebuiltLibPath":	[]
					},
					"isolation":	{
					}
				}]
		}]
}
KEYINFO::2020-03-24.15:39:20::SCWPlatform::updated the xpfm file.
LOG::2020-03-24.15:40:57::SCWPlatform::Started generating the artifacts platform mb_design_wrapper
TRACE::2020-03-24.15:40:57::SCWPlatform::Sanity checking of platform is completed
LOG::2020-03-24.15:40:57::SCWPlatform::Started generating the artifacts for system configuration mb_design_wrapper
LOG::2020-03-24.15:40:57::SCWSystem::Checking the domain standalone_domain
LOG::2020-03-24.15:40:57::SCWSystem::Not a boot domain 
LOG::2020-03-24.15:40:57::SCWSystem::Started Processing the domain standalone_domain
TRACE::2020-03-24.15:40:57::SCWDomain::Generating domain artifcats
TRACE::2020-03-24.15:40:57::SCWMssOS::Generating standalone artifcats
TRACE::2020-03-24.15:40:57::SCWMssOS:: Copying the user libraries. 
TRACE::2020-03-24.15:40:57::SCWPlatform::Trying to open the hw design at C:/Users/Pedro/Documents/UA/CR/Labs/Lab4/CountDownTimerSoftware/workspace/mb_design_wrapper/hw/mb_design_wrapper.xsa
TRACE::2020-03-24.15:40:57::SCWPlatform::DSA given C:/Users/Pedro/Documents/UA/CR/Labs/Lab4/CountDownTimerSoftware/workspace/mb_design_wrapper/hw/mb_design_wrapper.xsa
TRACE::2020-03-24.15:40:57::SCWPlatform::DSA absoulate path C:/Users/Pedro/Documents/UA/CR/Labs/Lab4/CountDownTimerSoftware/workspace/mb_design_wrapper/hw/mb_design_wrapper.xsa
TRACE::2020-03-24.15:40:57::SCWPlatform::DSA directory C:/Users/Pedro/Documents/UA/CR/Labs/Lab4/CountDownTimerSoftware/workspace/mb_design_wrapper/hw
TRACE::2020-03-24.15:40:57::SCWPlatform:: Platform Path C:/Users/Pedro/Documents/UA/CR/Labs/Lab4/CountDownTimerSoftware/workspace/mb_design_wrapper/hw/mb_design_wrapper.xsa
TRACE::2020-03-24.15:40:57::SCWPlatform:: Unique name xilinx:nexys4::0.0
TRACE::2020-03-24.15:40:57::SCWPlatform::Trying to set the existing hwdb with name mb_design_wrapper_0
TRACE::2020-03-24.15:40:57::SCWPlatform::Opened existing hwdb mb_design_wrapper_0
TRACE::2020-03-24.15:40:57::SCWPlatform::Found the Hw Db part of the input DSA
TRACE::2020-03-24.15:40:57::SCWMssOS::Checking the sw design at  C:/Users/Pedro/Documents/UA/CR/Labs/Lab4/CountDownTimerSoftware/workspace/mb_design_wrapper/microblaze_0/standalone_domain/bsp/system.mss
TRACE::2020-03-24.15:40:57::SCWMssOS::DEBUG:  swdes dump  C:/Users/Pedro/Documents/UA/CR/Labs/Lab4/CountDownTimerSoftware/workspace/mb_design_wrapper/microblaze_0/standalone_domain/bsp/system.mss|system||

TRACE::2020-03-24.15:40:57::SCWMssOS::Sw design exists and opened at  C:/Users/Pedro/Documents/UA/CR/Labs/Lab4/CountDownTimerSoftware/workspace/mb_design_wrapper/microblaze_0/standalone_domain/bsp/system.mss
TRACE::2020-03-24.15:40:57::SCWMssOS::Completed writing the mss file at C:/Users/Pedro/Documents/UA/CR/Labs/Lab4/CountDownTimerSoftware/workspace/mb_design_wrapper/microblaze_0/standalone_domain/bsp
TRACE::2020-03-24.15:40:57::SCWMssOS::Mss edits present, copying mssfile into export location C:/Users/Pedro/Documents/UA/CR/Labs/Lab4/CountDownTimerSoftware/workspace/mb_design_wrapper/microblaze_0/standalone_domain/bsp/system.mss
TRACE::2020-03-24.15:40:57::SCWMssOS::bsp generated is upto date with the mss file. Skipping bsp generation.
TRACE::2020-03-24.15:40:57::SCWMssOS::BSP is already built. skipping the bsp build ... 
TRACE::2020-03-24.15:40:57::SCWDomain::Building the domain as part of full build :  standalone_domain
TRACE::2020-03-24.15:40:57::SCWMssOS::doing bsp build ... 
TRACE::2020-03-24.15:40:57::SCWMssOS::System Command Ran  C: & cd  C:/Users/Pedro/Documents/UA/CR/Labs/Lab4/CountDownTimerSoftware/workspace/mb_design_wrapper/microblaze_0/standalone_domain/bsp & make 
TRACE::2020-03-24.15:40:58::SCWMssOS::"Running Make include in microblaze_0/libsrc/bram_v4_3/src"

TRACE::2020-03-24.15:40:58::SCWMssOS::make -C microblaze_0/libsrc/bram_v4_3/src -s include  "SHELL=CMD" "COMPILER=mb-gcc" "ASSEMBLER=mb-as" "ARCHIVER=mb-ar" "COMPILE
TRACE::2020-03-24.15:40:58::SCWMssOS::R_FLAGS=  -O2 -c -mcpu=v11.0 -mlittle-endian -mxl-soft-mul" "EXTRA_COMPILER_FLAGS=-g -ffunction-sections -fdata-sections -Wall 
TRACE::2020-03-24.15:40:58::SCWMssOS::-Wextra"

TRACE::2020-03-24.15:40:58::SCWMssOS::"Running Make include in microblaze_0/libsrc/cpu_v2_10/src"

TRACE::2020-03-24.15:40:58::SCWMssOS::make -C microblaze_0/libsrc/cpu_v2_10/src -s include  "SHELL=CMD" "COMPILER=mb-gcc" "ASSEMBLER=mb-as" "ARCHIVER=mb-ar" "COMPILE
TRACE::2020-03-24.15:40:58::SCWMssOS::R_FLAGS=  -O2 -c -mcpu=v11.0 -mlittle-endian -mxl-soft-mul" "EXTRA_COMPILER_FLAGS=-g -ffunction-sections -fdata-sections -Wall 
TRACE::2020-03-24.15:40:58::SCWMssOS::-Wextra"

TRACE::2020-03-24.15:40:58::SCWMssOS::"Running Make include in microblaze_0/libsrc/gpio_v4_5/src"

TRACE::2020-03-24.15:40:58::SCWMssOS::make -C microblaze_0/libsrc/gpio_v4_5/src -s include  "SHELL=CMD" "COMPILER=mb-gcc" "ASSEMBLER=mb-as" "ARCHIVER=mb-ar" "COMPILE
TRACE::2020-03-24.15:40:58::SCWMssOS::R_FLAGS=  -O2 -c -mcpu=v11.0 -mlittle-endian -mxl-soft-mul" "EXTRA_COMPILER_FLAGS=-g -ffunction-sections -fdata-sections -Wall 
TRACE::2020-03-24.15:40:58::SCWMssOS::-Wextra"

TRACE::2020-03-24.15:40:58::SCWMssOS::"Running Make include in microblaze_0/libsrc/intc_v3_10/src"

TRACE::2020-03-24.15:40:58::SCWMssOS::make -C microblaze_0/libsrc/intc_v3_10/src -s include  "SHELL=CMD" "COMPILER=mb-gcc" "ASSEMBLER=mb-as" "ARCHIVER=mb-ar" "COMPIL
TRACE::2020-03-24.15:40:58::SCWMssOS::ER_FLAGS=  -O2 -c -mcpu=v11.0 -mlittle-endian -mxl-soft-mul" "EXTRA_COMPILER_FLAGS=-g -ffunction-sections -fdata-sections -Wall
TRACE::2020-03-24.15:40:58::SCWMssOS:: -Wextra"

TRACE::2020-03-24.15:40:58::SCWMssOS::"Running Make include in microblaze_0/libsrc/standalone_v7_1/src"

TRACE::2020-03-24.15:40:58::SCWMssOS::make -C microblaze_0/libsrc/standalone_v7_1/src -s include  "SHELL=CMD" "COMPILER=mb-gcc" "ASSEMBLER=mb-as" "ARCHIVER=mb-ar" "C
TRACE::2020-03-24.15:40:58::SCWMssOS::OMPILER_FLAGS=  -O2 -c -mcpu=v11.0 -mlittle-endian -mxl-soft-mul" "EXTRA_COMPILER_FLAGS=-g -ffunction-sections -fdata-sections 
TRACE::2020-03-24.15:40:58::SCWMssOS::-Wall -Wextra"

TRACE::2020-03-24.15:40:59::SCWMssOS::"Running Make include in microblaze_0/libsrc/tmrctr_v4_5/src"

TRACE::2020-03-24.15:40:59::SCWMssOS::make -C microblaze_0/libsrc/tmrctr_v4_5/src -s include  "SHELL=CMD" "COMPILER=mb-gcc" "ASSEMBLER=mb-as" "ARCHIVER=mb-ar" "COMPI
TRACE::2020-03-24.15:40:59::SCWMssOS::LER_FLAGS=  -O2 -c -mcpu=v11.0 -mlittle-endian -mxl-soft-mul" "EXTRA_COMPILER_FLAGS=-g -ffunction-sections -fdata-sections -Wal
TRACE::2020-03-24.15:40:59::SCWMssOS::l -Wextra"

TRACE::2020-03-24.15:40:59::SCWMssOS::"Running Make include in microblaze_0/libsrc/uartlite_v3_3/src"

TRACE::2020-03-24.15:40:59::SCWMssOS::make -C microblaze_0/libsrc/uartlite_v3_3/src -s include  "SHELL=CMD" "COMPILER=mb-gcc" "ASSEMBLER=mb-as" "ARCHIVER=mb-ar" "COM
TRACE::2020-03-24.15:40:59::SCWMssOS::PILER_FLAGS=  -O2 -c -mcpu=v11.0 -mlittle-endian -mxl-soft-mul" "EXTRA_COMPILER_FLAGS=-g -ffunction-sections -fdata-sections -W
TRACE::2020-03-24.15:40:59::SCWMssOS::all -Wextra"

TRACE::2020-03-24.15:40:59::SCWMssOS::"Running Make libs in microblaze_0/libsrc/bram_v4_3/src"

TRACE::2020-03-24.15:40:59::SCWMssOS::make -C microblaze_0/libsrc/bram_v4_3/src -s libs  "SHELL=CMD" "COMPILER=mb-gcc" "ASSEMBLER=mb-as" "ARCHIVER=mb-ar" "COMPILER_F
TRACE::2020-03-24.15:40:59::SCWMssOS::LAGS=  -O2 -c -mcpu=v11.0 -mlittle-endian -mxl-soft-mul" "EXTRA_COMPILER_FLAGS=-g -ffunction-sections -fdata-sections -Wall -We
TRACE::2020-03-24.15:40:59::SCWMssOS::xtra"

TRACE::2020-03-24.15:40:59::SCWMssOS::"Compiling bram"

TRACE::2020-03-24.15:41:00::SCWMssOS::"Running Make libs in microblaze_0/libsrc/cpu_v2_10/src"

TRACE::2020-03-24.15:41:00::SCWMssOS::make -C microblaze_0/libsrc/cpu_v2_10/src -s libs  "SHELL=CMD" "COMPILER=mb-gcc" "ASSEMBLER=mb-as" "ARCHIVER=mb-ar" "COMPILER_F
TRACE::2020-03-24.15:41:00::SCWMssOS::LAGS=  -O2 -c -mcpu=v11.0 -mlittle-endian -mxl-soft-mul" "EXTRA_COMPILER_FLAGS=-g -ffunction-sections -fdata-sections -Wall -We
TRACE::2020-03-24.15:41:00::SCWMssOS::xtra"

TRACE::2020-03-24.15:41:01::SCWMssOS::"Compiling cpu"

TRACE::2020-03-24.15:41:01::SCWMssOS::"Running Make libs in microblaze_0/libsrc/gpio_v4_5/src"

TRACE::2020-03-24.15:41:01::SCWMssOS::make -C microblaze_0/libsrc/gpio_v4_5/src -s libs  "SHELL=CMD" "COMPILER=mb-gcc" "ASSEMBLER=mb-as" "ARCHIVER=mb-ar" "COMPILER_F
TRACE::2020-03-24.15:41:01::SCWMssOS::LAGS=  -O2 -c -mcpu=v11.0 -mlittle-endian -mxl-soft-mul" "EXTRA_COMPILER_FLAGS=-g -ffunction-sections -fdata-sections -Wall -We
TRACE::2020-03-24.15:41:01::SCWMssOS::xtra"

TRACE::2020-03-24.15:41:01::SCWMssOS::"Compiling gpio"

TRACE::2020-03-24.15:41:02::SCWMssOS::"Running Make libs in microblaze_0/libsrc/intc_v3_10/src"

TRACE::2020-03-24.15:41:02::SCWMssOS::make -C microblaze_0/libsrc/intc_v3_10/src -s libs  "SHELL=CMD" "COMPILER=mb-gcc" "ASSEMBLER=mb-as" "ARCHIVER=mb-ar" "COMPILER_
TRACE::2020-03-24.15:41:02::SCWMssOS::FLAGS=  -O2 -c -mcpu=v11.0 -mlittle-endian -mxl-soft-mul" "EXTRA_COMPILER_FLAGS=-g -ffunction-sections -fdata-sections -Wall -W
TRACE::2020-03-24.15:41:02::SCWMssOS::extra"

TRACE::2020-03-24.15:41:02::SCWMssOS::"Compiling intc"

TRACE::2020-03-24.15:41:03::SCWMssOS::"Running Make libs in microblaze_0/libsrc/standalone_v7_1/src"

TRACE::2020-03-24.15:41:03::SCWMssOS::make -C microblaze_0/libsrc/standalone_v7_1/src -s libs  "SHELL=CMD" "COMPILER=mb-gcc" "ASSEMBLER=mb-as" "ARCHIVER=mb-ar" "COMP
TRACE::2020-03-24.15:41:03::SCWMssOS::ILER_FLAGS=  -O2 -c -mcpu=v11.0 -mlittle-endian -mxl-soft-mul" "EXTRA_COMPILER_FLAGS=-g -ffunction-sections -fdata-sections -Wa
TRACE::2020-03-24.15:41:03::SCWMssOS::ll -Wextra"

TRACE::2020-03-24.15:41:03::SCWMssOS::"Compiling standalone";

TRACE::2020-03-24.15:41:07::SCWMssOS::"Running Make libs in microblaze_0/libsrc/tmrctr_v4_5/src"

TRACE::2020-03-24.15:41:07::SCWMssOS::make -C microblaze_0/libsrc/tmrctr_v4_5/src -s libs  "SHELL=CMD" "COMPILER=mb-gcc" "ASSEMBLER=mb-as" "ARCHIVER=mb-ar" "COMPILER
TRACE::2020-03-24.15:41:07::SCWMssOS::_FLAGS=  -O2 -c -mcpu=v11.0 -mlittle-endian -mxl-soft-mul" "EXTRA_COMPILER_FLAGS=-g -ffunction-sections -fdata-sections -Wall -
TRACE::2020-03-24.15:41:07::SCWMssOS::Wextra"

TRACE::2020-03-24.15:41:07::SCWMssOS::"Compiling tmrctr"

TRACE::2020-03-24.15:41:08::SCWMssOS::"Running Make libs in microblaze_0/libsrc/uartlite_v3_3/src"

TRACE::2020-03-24.15:41:08::SCWMssOS::make -C microblaze_0/libsrc/uartlite_v3_3/src -s libs  "SHELL=CMD" "COMPILER=mb-gcc" "ASSEMBLER=mb-as" "ARCHIVER=mb-ar" "COMPIL
TRACE::2020-03-24.15:41:08::SCWMssOS::ER_FLAGS=  -O2 -c -mcpu=v11.0 -mlittle-endian -mxl-soft-mul" "EXTRA_COMPILER_FLAGS=-g -ffunction-sections -fdata-sections -Wall
TRACE::2020-03-24.15:41:08::SCWMssOS:: -Wextra"

TRACE::2020-03-24.15:41:09::SCWMssOS::"Compiling uartlite"

TRACE::2020-03-24.15:41:09::SCWMssOS::'Finished building libraries'

TRACE::2020-03-24.15:41:10::SCWMssOS::Copying to export directory.
TRACE::2020-03-24.15:41:10::SCWMssOS:: Checking if to create the Supporting Applications
TRACE::2020-03-24.15:41:10::SCWMssOS:: No Linux domain exists, trying to generate FSBL 
LOG::2020-03-24.15:41:10::SCWSystem::Completed Processing the domain standalone_domain
LOG::2020-03-24.15:41:10::SCWSystem::Completed Processing the sysconfig mb_design_wrapper
LOG::2020-03-24.15:41:10::SCWPlatform::Completed generating the artifacts for system configuration mb_design_wrapper
TRACE::2020-03-24.15:41:10::SCWPlatform::Started preparing the platform 
TRACE::2020-03-24.15:41:10::SCWSystem::Writing the bif file for system config mb_design_wrapper
TRACE::2020-03-24.15:41:10::SCWSystem::dir created 
TRACE::2020-03-24.15:41:10::SCWSystem::Writing the bif 
TRACE::2020-03-24.15:41:10::SCWPlatform::Started writing the spfm file 
TRACE::2020-03-24.15:41:10::SCWPlatform::Started writing the xpfm file 
TRACE::2020-03-24.15:41:10::SCWPlatform::Completed generating the platform
TRACE::2020-03-24.15:41:10::SCWPlatform::Trying to open the hw design at C:/Users/Pedro/Documents/UA/CR/Labs/Lab4/CountDownTimerSoftware/workspace/mb_design_wrapper/hw/mb_design_wrapper.xsa
TRACE::2020-03-24.15:41:10::SCWPlatform::DSA given C:/Users/Pedro/Documents/UA/CR/Labs/Lab4/CountDownTimerSoftware/workspace/mb_design_wrapper/hw/mb_design_wrapper.xsa
TRACE::2020-03-24.15:41:10::SCWPlatform::DSA absoulate path C:/Users/Pedro/Documents/UA/CR/Labs/Lab4/CountDownTimerSoftware/workspace/mb_design_wrapper/hw/mb_design_wrapper.xsa
TRACE::2020-03-24.15:41:10::SCWPlatform::DSA directory C:/Users/Pedro/Documents/UA/CR/Labs/Lab4/CountDownTimerSoftware/workspace/mb_design_wrapper/hw
TRACE::2020-03-24.15:41:10::SCWPlatform:: Platform Path C:/Users/Pedro/Documents/UA/CR/Labs/Lab4/CountDownTimerSoftware/workspace/mb_design_wrapper/hw/mb_design_wrapper.xsa
TRACE::2020-03-24.15:41:10::SCWPlatform:: Unique name xilinx:nexys4::0.0
TRACE::2020-03-24.15:41:10::SCWPlatform::Trying to set the existing hwdb with name mb_design_wrapper_0
TRACE::2020-03-24.15:41:10::SCWPlatform::Opened existing hwdb mb_design_wrapper_0
TRACE::2020-03-24.15:41:10::SCWPlatform::Found the Hw Db part of the input DSA
TRACE::2020-03-24.15:41:10::SCWMssOS::Checking the sw design at  C:/Users/Pedro/Documents/UA/CR/Labs/Lab4/CountDownTimerSoftware/workspace/mb_design_wrapper/microblaze_0/standalone_domain/bsp/system.mss
TRACE::2020-03-24.15:41:10::SCWMssOS::DEBUG:  swdes dump  C:/Users/Pedro/Documents/UA/CR/Labs/Lab4/CountDownTimerSoftware/workspace/mb_design_wrapper/microblaze_0/standalone_domain/bsp/system.mss|system||

TRACE::2020-03-24.15:41:10::SCWMssOS::Sw design exists and opened at  C:/Users/Pedro/Documents/UA/CR/Labs/Lab4/CountDownTimerSoftware/workspace/mb_design_wrapper/microblaze_0/standalone_domain/bsp/system.mss
TRACE::2020-03-24.15:41:10::SCWPlatform::Trying to open the hw design at C:/Users/Pedro/Documents/UA/CR/Labs/Lab4/CountDownTimerSoftware/workspace/mb_design_wrapper/hw/mb_design_wrapper.xsa
TRACE::2020-03-24.15:41:10::SCWPlatform::DSA given C:/Users/Pedro/Documents/UA/CR/Labs/Lab4/CountDownTimerSoftware/workspace/mb_design_wrapper/hw/mb_design_wrapper.xsa
TRACE::2020-03-24.15:41:10::SCWPlatform::DSA absoulate path C:/Users/Pedro/Documents/UA/CR/Labs/Lab4/CountDownTimerSoftware/workspace/mb_design_wrapper/hw/mb_design_wrapper.xsa
TRACE::2020-03-24.15:41:10::SCWPlatform::DSA directory C:/Users/Pedro/Documents/UA/CR/Labs/Lab4/CountDownTimerSoftware/workspace/mb_design_wrapper/hw
TRACE::2020-03-24.15:41:10::SCWPlatform:: Platform Path C:/Users/Pedro/Documents/UA/CR/Labs/Lab4/CountDownTimerSoftware/workspace/mb_design_wrapper/hw/mb_design_wrapper.xsa
TRACE::2020-03-24.15:41:10::SCWPlatform:: Unique name xilinx:nexys4::0.0
TRACE::2020-03-24.15:41:10::SCWPlatform::Trying to set the existing hwdb with name mb_design_wrapper_0
TRACE::2020-03-24.15:41:10::SCWPlatform::Opened existing hwdb mb_design_wrapper_0
TRACE::2020-03-24.15:41:10::SCWPlatform::Found the Hw Db part of the input DSA
TRACE::2020-03-24.15:41:10::SCWMssOS::Checking the sw design at  C:/Users/Pedro/Documents/UA/CR/Labs/Lab4/CountDownTimerSoftware/workspace/mb_design_wrapper/microblaze_0/standalone_domain/bsp/system.mss
TRACE::2020-03-24.15:41:10::SCWMssOS::DEBUG:  swdes dump  C:/Users/Pedro/Documents/UA/CR/Labs/Lab4/CountDownTimerSoftware/workspace/mb_design_wrapper/microblaze_0/standalone_domain/bsp/system.mss|system||

TRACE::2020-03-24.15:41:10::SCWMssOS::Sw design exists and opened at  C:/Users/Pedro/Documents/UA/CR/Labs/Lab4/CountDownTimerSoftware/workspace/mb_design_wrapper/microblaze_0/standalone_domain/bsp/system.mss
TRACE::2020-03-24.15:41:10::SCWPlatform::Trying to open the hw design at C:/Users/Pedro/Documents/UA/CR/Labs/Lab4/CountDownTimerSoftware/workspace/mb_design_wrapper/hw/mb_design_wrapper.xsa
TRACE::2020-03-24.15:41:10::SCWPlatform::DSA given C:/Users/Pedro/Documents/UA/CR/Labs/Lab4/CountDownTimerSoftware/workspace/mb_design_wrapper/hw/mb_design_wrapper.xsa
TRACE::2020-03-24.15:41:10::SCWPlatform::DSA absoulate path C:/Users/Pedro/Documents/UA/CR/Labs/Lab4/CountDownTimerSoftware/workspace/mb_design_wrapper/hw/mb_design_wrapper.xsa
TRACE::2020-03-24.15:41:10::SCWPlatform::DSA directory C:/Users/Pedro/Documents/UA/CR/Labs/Lab4/CountDownTimerSoftware/workspace/mb_design_wrapper/hw
TRACE::2020-03-24.15:41:10::SCWPlatform:: Platform Path C:/Users/Pedro/Documents/UA/CR/Labs/Lab4/CountDownTimerSoftware/workspace/mb_design_wrapper/hw/mb_design_wrapper.xsa
TRACE::2020-03-24.15:41:10::SCWPlatform:: Unique name xilinx:nexys4::0.0
TRACE::2020-03-24.15:41:10::SCWPlatform::Trying to set the existing hwdb with name mb_design_wrapper_0
TRACE::2020-03-24.15:41:10::SCWPlatform::Opened existing hwdb mb_design_wrapper_0
TRACE::2020-03-24.15:41:10::SCWPlatform::Found the Hw Db part of the input DSA
TRACE::2020-03-24.15:41:10::SCWMssOS::Checking the sw design at  C:/Users/Pedro/Documents/UA/CR/Labs/Lab4/CountDownTimerSoftware/workspace/mb_design_wrapper/microblaze_0/standalone_domain/bsp/system.mss
TRACE::2020-03-24.15:41:10::SCWMssOS::DEBUG:  swdes dump  C:/Users/Pedro/Documents/UA/CR/Labs/Lab4/CountDownTimerSoftware/workspace/mb_design_wrapper/microblaze_0/standalone_domain/bsp/system.mss|system||

TRACE::2020-03-24.15:41:10::SCWMssOS::Sw design exists and opened at  C:/Users/Pedro/Documents/UA/CR/Labs/Lab4/CountDownTimerSoftware/workspace/mb_design_wrapper/microblaze_0/standalone_domain/bsp/system.mss
TRACE::2020-03-24.15:41:10::SCWWriter::formatted JSON is {
	"platformName":	"mb_design_wrapper",
	"sprVersion":	"2.0",
	"mode":	"gui",
	"dsaType":	"Fixed",
	"platformDesc":	"mb_design_wrapper",
	"platHandOff":	"C:/Users/Pedro/Dropbox/UA/CR/Labs/Lab4/CountDownTimerSoftware/mb_design_wrapper.xsa",
	"platIntHandOff":	"<platformDir>/hw/mb_design_wrapper.xsa",
	"deviceType":	"FPGA",
	"platIsPrebuiltAutogen":	"false",
	"platIsNoBootBsp":	"false",
	"hasFsblMakeHasChanges":	"false",
	"hasPmufwMakeHasChanges":	"false",
	"platPreBuiltFlag":	false,
	"platformSamplesDir":	"",
	"platActiveSys":	"mb_design_wrapper",
	"systems":	[{
			"systemName":	"mb_design_wrapper",
			"systemDesc":	"mb_design_wrapper",
			"sysIsBootAutoGen":	"true",
			"systemDispName":	"mb_design_wrapper",
			"sysActiveDom":	"standalone_domain",
			"sysDefaultDom":	"standalone_domain",
			"domains":	[{
					"domainName":	"standalone_domain",
					"domainDispName":	"standalone on microblaze_0",
					"domainDesc":	"standalone_domain",
					"processors":	"microblaze_0",
					"os":	"standalone",
					"sdxOs":	"standalone",
					"debugEnable":	"False",
					"domRuntimes":	["cpp"],
					"swRepo":	"",
					"mssOsVer":	"7.1",
					"mssFile":	"",
					"md5Digest":	"1b97338188f161b9b05951aa1cb91d1e",
					"compatibleApp":	"hello_world",
					"domType":	"mssDomain",
					"arch":	"32-bit",
					"appSettings":	{
						"appCompilerFlags":	"",
						"appLinkerFlags":	""
					},
					"addedLibs":	[],
					"libOptions":	{
						"libsContainingOptions":	[]
					},
					"prebuiltLibs":	{
						"prebuiltIncPath":	[],
						"prebuiltLibPath":	[]
					},
					"isolation":	{
					}
				}]
		}]
}
KEYINFO::2020-03-24.15:41:10::SCWPlatform::updated the xpfm file.
TRACE::2020-03-24.15:41:10::SCWPlatform::Trying to open the hw design at C:/Users/Pedro/Documents/UA/CR/Labs/Lab4/CountDownTimerSoftware/workspace/mb_design_wrapper/hw/mb_design_wrapper.xsa
TRACE::2020-03-24.15:41:10::SCWPlatform::DSA given C:/Users/Pedro/Documents/UA/CR/Labs/Lab4/CountDownTimerSoftware/workspace/mb_design_wrapper/hw/mb_design_wrapper.xsa
TRACE::2020-03-24.15:41:10::SCWPlatform::DSA absoulate path C:/Users/Pedro/Documents/UA/CR/Labs/Lab4/CountDownTimerSoftware/workspace/mb_design_wrapper/hw/mb_design_wrapper.xsa
TRACE::2020-03-24.15:41:10::SCWPlatform::DSA directory C:/Users/Pedro/Documents/UA/CR/Labs/Lab4/CountDownTimerSoftware/workspace/mb_design_wrapper/hw
TRACE::2020-03-24.15:41:10::SCWPlatform:: Platform Path C:/Users/Pedro/Documents/UA/CR/Labs/Lab4/CountDownTimerSoftware/workspace/mb_design_wrapper/hw/mb_design_wrapper.xsa
TRACE::2020-03-24.15:41:10::SCWPlatform:: Unique name xilinx:nexys4::0.0
TRACE::2020-03-24.15:41:10::SCWPlatform::Trying to set the existing hwdb with name mb_design_wrapper_0
TRACE::2020-03-24.15:41:10::SCWPlatform::Opened existing hwdb mb_design_wrapper_0
TRACE::2020-03-24.15:41:10::SCWPlatform::Found the Hw Db part of the input DSA
TRACE::2020-03-24.15:41:10::SCWMssOS::Checking the sw design at  C:/Users/Pedro/Documents/UA/CR/Labs/Lab4/CountDownTimerSoftware/workspace/mb_design_wrapper/microblaze_0/standalone_domain/bsp/system.mss
TRACE::2020-03-24.15:41:10::SCWMssOS::DEBUG:  swdes dump  C:/Users/Pedro/Documents/UA/CR/Labs/Lab4/CountDownTimerSoftware/workspace/mb_design_wrapper/microblaze_0/standalone_domain/bsp/system.mss|system||

TRACE::2020-03-24.15:41:10::SCWMssOS::Sw design exists and opened at  C:/Users/Pedro/Documents/UA/CR/Labs/Lab4/CountDownTimerSoftware/workspace/mb_design_wrapper/microblaze_0/standalone_domain/bsp/system.mss
